[0.054s] DEBUG:colcon:Command line arguments: ['/usr/bin/colcon', 'build']
[0.054s] DEBUG:colcon:Parsed command line arguments: Namespace(log_base=None, log_level=None, verb_name='build', build_base='build', install_base='install', merge_install=False, symlink_install=False, test_result_base=None, continue_on_error=False, executor='parallel', parallel_workers=20, event_handlers=None, ignore_user_meta=False, metas=['./colcon.meta'], base_paths=['.'], packages_ignore=None, packages_ignore_regex=None, paths=None, packages_up_to=None, packages_up_to_regex=None, packages_above=None, packages_above_and_dependencies=None, packages_above_depth=None, packages_select_by_dep=None, packages_skip_by_dep=None, packages_skip_up_to=None, packages_select_build_failed=False, packages_skip_build_finished=False, packages_select_test_failures=False, packages_skip_test_passed=False, packages_select=None, packages_skip=None, packages_select_regex=None, packages_skip_regex=None, packages_start=None, packages_end=None, allow_overriding=[], cmake_args=None, cmake_target=None, cmake_target_skip_unavailable=False, cmake_clean_cache=False, cmake_clean_first=False, cmake_force_configure=False, ament_cmake_args=None, catkin_cmake_args=None, catkin_skip_building_tests=False, mixin_files=None, mixin=None, verb_parser=<colcon_mixin.mixin.mixin_argument.MixinArgumentDecorator object at 0x74448ada2830>, verb_extension=<colcon_core.verb.build.BuildVerb object at 0x74448afec250>, main=<bound method BuildVerb.main of <colcon_core.verb.build.BuildVerb object at 0x74448afec250>>, mixin_verb=('build',))
[0.137s] Level 1:colcon.colcon_core.package_discovery:discover_packages(colcon_meta) check parameters
[0.137s] Level 1:colcon.colcon_core.package_discovery:discover_packages(recursive) check parameters
[0.137s] Level 1:colcon.colcon_core.package_discovery:discover_packages(ignore) check parameters
[0.137s] Level 1:colcon.colcon_core.package_discovery:discover_packages(path) check parameters
[0.137s] Level 1:colcon.colcon_core.package_discovery:discover_packages(colcon_meta) discover
[0.137s] Level 1:colcon.colcon_core.package_discovery:discover_packages(recursive) discover
[0.137s] INFO:colcon.colcon_core.package_discovery:Crawling recursively for packages in '/home/mikolaj@acfr.usyd.edu.au/ros2_ws'
[0.137s] Level 1:colcon.colcon_core.package_identification:_identify(.) by extensions ['ignore', 'ignore_ament_install']
[0.137s] Level 1:colcon.colcon_core.package_identification:_identify(.) by extension 'ignore'
[0.137s] Level 1:colcon.colcon_core.package_identification:_identify(.) by extension 'ignore_ament_install'
[0.138s] Level 1:colcon.colcon_core.package_identification:_identify(.) by extensions ['colcon_pkg']
[0.138s] Level 1:colcon.colcon_core.package_identification:_identify(.) by extension 'colcon_pkg'
[0.138s] Level 1:colcon.colcon_core.package_identification:_identify(.) by extensions ['colcon_meta']
[0.138s] Level 1:colcon.colcon_core.package_identification:_identify(.) by extension 'colcon_meta'
[0.138s] Level 1:colcon.colcon_core.package_identification:_identify(.) by extensions ['ros']
[0.138s] Level 1:colcon.colcon_core.package_identification:_identify(.) by extension 'ros'
[0.143s] Level 1:colcon.colcon_core.package_identification:_identify(.) by extensions ['cmake', 'python']
[0.143s] Level 1:colcon.colcon_core.package_identification:_identify(.) by extension 'cmake'
[0.143s] Level 1:colcon.colcon_core.package_identification:_identify(.) by extension 'python'
[0.144s] Level 1:colcon.colcon_core.package_identification:_identify(.) by extensions ['python_setup_py']
[0.144s] Level 1:colcon.colcon_core.package_identification:_identify(.) by extension 'python_setup_py'
[0.144s] Level 1:colcon.colcon_core.package_identification:_identify(build) by extensions ['ignore', 'ignore_ament_install']
[0.144s] Level 1:colcon.colcon_core.package_identification:_identify(build) by extension 'ignore'
[0.144s] Level 1:colcon.colcon_core.package_identification:_identify(build) ignored
[0.144s] Level 1:colcon.colcon_core.package_identification:_identify(install) by extensions ['ignore', 'ignore_ament_install']
[0.144s] Level 1:colcon.colcon_core.package_identification:_identify(install) by extension 'ignore'
[0.144s] Level 1:colcon.colcon_core.package_identification:_identify(install) ignored
[0.144s] Level 1:colcon.colcon_core.package_identification:_identify(log) by extensions ['ignore', 'ignore_ament_install']
[0.144s] Level 1:colcon.colcon_core.package_identification:_identify(log) by extension 'ignore'
[0.144s] Level 1:colcon.colcon_core.package_identification:_identify(log) ignored
[0.144s] Level 1:colcon.colcon_core.package_identification:_identify(src) by extensions ['ignore', 'ignore_ament_install']
[0.144s] Level 1:colcon.colcon_core.package_identification:_identify(src) by extension 'ignore'
[0.144s] Level 1:colcon.colcon_core.package_identification:_identify(src) by extension 'ignore_ament_install'
[0.144s] Level 1:colcon.colcon_core.package_identification:_identify(src) by extensions ['colcon_pkg']
[0.144s] Level 1:colcon.colcon_core.package_identification:_identify(src) by extension 'colcon_pkg'
[0.144s] Level 1:colcon.colcon_core.package_identification:_identify(src) by extensions ['colcon_meta']
[0.144s] Level 1:colcon.colcon_core.package_identification:_identify(src) by extension 'colcon_meta'
[0.144s] Level 1:colcon.colcon_core.package_identification:_identify(src) by extensions ['ros']
[0.144s] Level 1:colcon.colcon_core.package_identification:_identify(src) by extension 'ros'
[0.144s] Level 1:colcon.colcon_core.package_identification:_identify(src) by extensions ['cmake', 'python']
[0.144s] Level 1:colcon.colcon_core.package_identification:_identify(src) by extension 'cmake'
[0.144s] Level 1:colcon.colcon_core.package_identification:_identify(src) by extension 'python'
[0.144s] Level 1:colcon.colcon_core.package_identification:_identify(src) by extensions ['python_setup_py']
[0.144s] Level 1:colcon.colcon_core.package_identification:_identify(src) by extension 'python_setup_py'
[0.144s] Level 1:colcon.colcon_core.package_identification:_identify(src/dyno_control) by extensions ['ignore', 'ignore_ament_install']
[0.144s] Level 1:colcon.colcon_core.package_identification:_identify(src/dyno_control) by extension 'ignore'
[0.144s] Level 1:colcon.colcon_core.package_identification:_identify(src/dyno_control) by extension 'ignore_ament_install'
[0.144s] Level 1:colcon.colcon_core.package_identification:_identify(src/dyno_control) by extensions ['colcon_pkg']
[0.144s] Level 1:colcon.colcon_core.package_identification:_identify(src/dyno_control) by extension 'colcon_pkg'
[0.144s] Level 1:colcon.colcon_core.package_identification:_identify(src/dyno_control) by extensions ['colcon_meta']
[0.144s] Level 1:colcon.colcon_core.package_identification:_identify(src/dyno_control) by extension 'colcon_meta'
[0.144s] Level 1:colcon.colcon_core.package_identification:_identify(src/dyno_control) by extensions ['ros']
[0.144s] Level 1:colcon.colcon_core.package_identification:_identify(src/dyno_control) by extension 'ros'
[0.146s] DEBUG:colcon.colcon_core.package_identification:Package 'src/dyno_control' with type 'ros.ament_cmake' and name 'dyno_control'
[0.146s] Level 1:colcon.colcon_core.package_identification:_identify(src/my_turtlebot3_bringup) by extensions ['ignore', 'ignore_ament_install']
[0.146s] Level 1:colcon.colcon_core.package_identification:_identify(src/my_turtlebot3_bringup) by extension 'ignore'
[0.146s] Level 1:colcon.colcon_core.package_identification:_identify(src/my_turtlebot3_bringup) by extension 'ignore_ament_install'
[0.146s] Level 1:colcon.colcon_core.package_identification:_identify(src/my_turtlebot3_bringup) by extensions ['colcon_pkg']
[0.146s] Level 1:colcon.colcon_core.package_identification:_identify(src/my_turtlebot3_bringup) by extension 'colcon_pkg'
[0.146s] Level 1:colcon.colcon_core.package_identification:_identify(src/my_turtlebot3_bringup) by extensions ['colcon_meta']
[0.146s] Level 1:colcon.colcon_core.package_identification:_identify(src/my_turtlebot3_bringup) by extension 'colcon_meta'
[0.146s] Level 1:colcon.colcon_core.package_identification:_identify(src/my_turtlebot3_bringup) by extensions ['ros']
[0.146s] Level 1:colcon.colcon_core.package_identification:_identify(src/my_turtlebot3_bringup) by extension 'ros'
[0.146s] DEBUG:colcon.colcon_core.package_identification:Package 'src/my_turtlebot3_bringup' with type 'ros.ament_cmake' and name 'my_turtlebot3_bringup'
[0.146s] Level 1:colcon.colcon_core.package_identification:_identify(src/my_turtlebot3_description) by extensions ['ignore', 'ignore_ament_install']
[0.146s] Level 1:colcon.colcon_core.package_identification:_identify(src/my_turtlebot3_description) by extension 'ignore'
[0.146s] Level 1:colcon.colcon_core.package_identification:_identify(src/my_turtlebot3_description) by extension 'ignore_ament_install'
[0.146s] Level 1:colcon.colcon_core.package_identification:_identify(src/my_turtlebot3_description) by extensions ['colcon_pkg']
[0.146s] Level 1:colcon.colcon_core.package_identification:_identify(src/my_turtlebot3_description) by extension 'colcon_pkg'
[0.146s] Level 1:colcon.colcon_core.package_identification:_identify(src/my_turtlebot3_description) by extensions ['colcon_meta']
[0.146s] Level 1:colcon.colcon_core.package_identification:_identify(src/my_turtlebot3_description) by extension 'colcon_meta'
[0.146s] Level 1:colcon.colcon_core.package_identification:_identify(src/my_turtlebot3_description) by extensions ['ros']
[0.146s] Level 1:colcon.colcon_core.package_identification:_identify(src/my_turtlebot3_description) by extension 'ros'
[0.147s] DEBUG:colcon.colcon_core.package_identification:Package 'src/my_turtlebot3_description' with type 'ros.ament_cmake' and name 'my_turtlebot3_description'
[0.147s] Level 1:colcon.colcon_core.package_discovery:discover_packages(recursive) using defaults
[0.147s] Level 1:colcon.colcon_core.package_discovery:discover_packages(ignore) discover
[0.147s] Level 1:colcon.colcon_core.package_discovery:discover_packages(ignore) using defaults
[0.147s] Level 1:colcon.colcon_core.package_discovery:discover_packages(path) discover
[0.147s] Level 1:colcon.colcon_core.package_discovery:discover_packages(path) using defaults
[0.162s] Level 1:colcon.colcon_core.package_discovery:discover_packages(prefix_path) check parameters
[0.162s] Level 1:colcon.colcon_core.package_discovery:discover_packages(prefix_path) discover
[0.163s] DEBUG:colcon.colcon_installed_package_information.package_discovery:Found 4 installed packages in /home/mikolaj@acfr.usyd.edu.au/ros2_ws/install
[0.163s] DEBUG:colcon.colcon_installed_package_information.package_discovery:Found 5 installed packages in /home/mikolaj@acfr.usyd.edu.au/tut_ros2_ws/install
[0.164s] DEBUG:colcon.colcon_installed_package_information.package_discovery:Found 418 installed packages in /opt/ros/humble
[0.165s] Level 1:colcon.colcon_core.package_discovery:discover_packages(prefix_path) using defaults
[0.189s] Level 5:colcon.colcon_core.verb:set package 'dyno_control' build argument 'cmake_args' from command line to 'None'
[0.189s] Level 5:colcon.colcon_core.verb:set package 'dyno_control' build argument 'cmake_target' from command line to 'None'
[0.189s] Level 5:colcon.colcon_core.verb:set package 'dyno_control' build argument 'cmake_target_skip_unavailable' from command line to 'False'
[0.189s] Level 5:colcon.colcon_core.verb:set package 'dyno_control' build argument 'cmake_clean_cache' from command line to 'False'
[0.189s] Level 5:colcon.colcon_core.verb:set package 'dyno_control' build argument 'cmake_clean_first' from command line to 'False'
[0.189s] Level 5:colcon.colcon_core.verb:set package 'dyno_control' build argument 'cmake_force_configure' from command line to 'False'
[0.189s] Level 5:colcon.colcon_core.verb:set package 'dyno_control' build argument 'ament_cmake_args' from command line to 'None'
[0.189s] Level 5:colcon.colcon_core.verb:set package 'dyno_control' build argument 'catkin_cmake_args' from command line to 'None'
[0.189s] Level 5:colcon.colcon_core.verb:set package 'dyno_control' build argument 'catkin_skip_building_tests' from command line to 'False'
[0.189s] DEBUG:colcon.colcon_core.verb:Building package 'dyno_control' with the following arguments: {'ament_cmake_args': None, 'build_base': '/home/mikolaj@acfr.usyd.edu.au/ros2_ws/build/dyno_control', 'catkin_cmake_args': None, 'catkin_skip_building_tests': False, 'cmake_args': None, 'cmake_clean_cache': False, 'cmake_clean_first': False, 'cmake_force_configure': False, 'cmake_target': None, 'cmake_target_skip_unavailable': False, 'install_base': '/home/mikolaj@acfr.usyd.edu.au/ros2_ws/install/dyno_control', 'merge_install': False, 'path': '/home/mikolaj@acfr.usyd.edu.au/ros2_ws/src/dyno_control', 'symlink_install': False, 'test_result_base': None}
[0.189s] Level 5:colcon.colcon_core.verb:set package 'my_turtlebot3_bringup' build argument 'cmake_args' from command line to 'None'
[0.189s] Level 5:colcon.colcon_core.verb:set package 'my_turtlebot3_bringup' build argument 'cmake_target' from command line to 'None'
[0.189s] Level 5:colcon.colcon_core.verb:set package 'my_turtlebot3_bringup' build argument 'cmake_target_skip_unavailable' from command line to 'False'
[0.189s] Level 5:colcon.colcon_core.verb:set package 'my_turtlebot3_bringup' build argument 'cmake_clean_cache' from command line to 'False'
[0.189s] Level 5:colcon.colcon_core.verb:set package 'my_turtlebot3_bringup' build argument 'cmake_clean_first' from command line to 'False'
[0.189s] Level 5:colcon.colcon_core.verb:set package 'my_turtlebot3_bringup' build argument 'cmake_force_configure' from command line to 'False'
[0.189s] Level 5:colcon.colcon_core.verb:set package 'my_turtlebot3_bringup' build argument 'ament_cmake_args' from command line to 'None'
[0.189s] Level 5:colcon.colcon_core.verb:set package 'my_turtlebot3_bringup' build argument 'catkin_cmake_args' from command line to 'None'
[0.189s] Level 5:colcon.colcon_core.verb:set package 'my_turtlebot3_bringup' build argument 'catkin_skip_building_tests' from command line to 'False'
[0.189s] DEBUG:colcon.colcon_core.verb:Building package 'my_turtlebot3_bringup' with the following arguments: {'ament_cmake_args': None, 'build_base': '/home/mikolaj@acfr.usyd.edu.au/ros2_ws/build/my_turtlebot3_bringup', 'catkin_cmake_args': None, 'catkin_skip_building_tests': False, 'cmake_args': None, 'cmake_clean_cache': False, 'cmake_clean_first': False, 'cmake_force_configure': False, 'cmake_target': None, 'cmake_target_skip_unavailable': False, 'install_base': '/home/mikolaj@acfr.usyd.edu.au/ros2_ws/install/my_turtlebot3_bringup', 'merge_install': False, 'path': '/home/mikolaj@acfr.usyd.edu.au/ros2_ws/src/my_turtlebot3_bringup', 'symlink_install': False, 'test_result_base': None}
[0.189s] Level 5:colcon.colcon_core.verb:set package 'my_turtlebot3_description' build argument 'cmake_args' from command line to 'None'
[0.189s] Level 5:colcon.colcon_core.verb:set package 'my_turtlebot3_description' build argument 'cmake_target' from command line to 'None'
[0.189s] Level 5:colcon.colcon_core.verb:set package 'my_turtlebot3_description' build argument 'cmake_target_skip_unavailable' from command line to 'False'
[0.189s] Level 5:colcon.colcon_core.verb:set package 'my_turtlebot3_description' build argument 'cmake_clean_cache' from command line to 'False'
[0.189s] Level 5:colcon.colcon_core.verb:set package 'my_turtlebot3_description' build argument 'cmake_clean_first' from command line to 'False'
[0.189s] Level 5:colcon.colcon_core.verb:set package 'my_turtlebot3_description' build argument 'cmake_force_configure' from command line to 'False'
[0.189s] Level 5:colcon.colcon_core.verb:set package 'my_turtlebot3_description' build argument 'ament_cmake_args' from command line to 'None'
[0.189s] Level 5:colcon.colcon_core.verb:set package 'my_turtlebot3_description' build argument 'catkin_cmake_args' from command line to 'None'
[0.189s] Level 5:colcon.colcon_core.verb:set package 'my_turtlebot3_description' build argument 'catkin_skip_building_tests' from command line to 'False'
[0.189s] DEBUG:colcon.colcon_core.verb:Building package 'my_turtlebot3_description' with the following arguments: {'ament_cmake_args': None, 'build_base': '/home/mikolaj@acfr.usyd.edu.au/ros2_ws/build/my_turtlebot3_description', 'catkin_cmake_args': None, 'catkin_skip_building_tests': False, 'cmake_args': None, 'cmake_clean_cache': False, 'cmake_clean_first': False, 'cmake_force_configure': False, 'cmake_target': None, 'cmake_target_skip_unavailable': False, 'install_base': '/home/mikolaj@acfr.usyd.edu.au/ros2_ws/install/my_turtlebot3_description', 'merge_install': False, 'path': '/home/mikolaj@acfr.usyd.edu.au/ros2_ws/src/my_turtlebot3_description', 'symlink_install': False, 'test_result_base': None}
[0.190s] INFO:colcon.colcon_core.executor:Executing jobs using 'parallel' executor
[0.190s] DEBUG:colcon.colcon_parallel_executor.executor.parallel:run_until_complete
[0.190s] INFO:colcon.colcon_ros.task.ament_cmake.build:Building ROS package in '/home/mikolaj@acfr.usyd.edu.au/ros2_ws/src/dyno_control' with build type 'ament_cmake'
[0.191s] INFO:colcon.colcon_cmake.task.cmake.build:Building CMake package in '/home/mikolaj@acfr.usyd.edu.au/ros2_ws/src/dyno_control'
[0.191s] INFO:colcon.colcon_core.plugin_system:Skipping extension 'colcon_core.shell.bat': Not used on non-Windows systems
[0.191s] INFO:colcon.colcon_core.shell:Skip shell extension 'powershell' for command environment: Not usable outside of PowerShell
[0.191s] DEBUG:colcon.colcon_core.shell:Skip shell extension 'dsv' for command environment
[0.194s] INFO:colcon.colcon_ros.task.ament_cmake.build:Building ROS package in '/home/mikolaj@acfr.usyd.edu.au/ros2_ws/src/my_turtlebot3_bringup' with build type 'ament_cmake'
[0.194s] INFO:colcon.colcon_cmake.task.cmake.build:Building CMake package in '/home/mikolaj@acfr.usyd.edu.au/ros2_ws/src/my_turtlebot3_bringup'
[0.194s] INFO:colcon.colcon_core.shell:Skip shell extension 'powershell' for command environment: Not usable outside of PowerShell
[0.194s] DEBUG:colcon.colcon_core.shell:Skip shell extension 'dsv' for command environment
[0.196s] INFO:colcon.colcon_ros.task.ament_cmake.build:Building ROS package in '/home/mikolaj@acfr.usyd.edu.au/ros2_ws/src/my_turtlebot3_description' with build type 'ament_cmake'
[0.196s] INFO:colcon.colcon_cmake.task.cmake.build:Building CMake package in '/home/mikolaj@acfr.usyd.edu.au/ros2_ws/src/my_turtlebot3_description'
[0.196s] INFO:colcon.colcon_core.shell:Skip shell extension 'powershell' for command environment: Not usable outside of PowerShell
[0.196s] DEBUG:colcon.colcon_core.shell:Skip shell extension 'dsv' for command environment
[0.201s] DEBUG:colcon.colcon_core.event_handler.log_command:Invoking command in '/home/mikolaj@acfr.usyd.edu.au/ros2_ws/build/dyno_control': CMAKE_PREFIX_PATH=/home/mikolaj@acfr.usyd.edu.au/ros2_ws/install/my_turtlebot3_bringup:/opt/ros/humble:/home/mikolaj@acfr.usyd.edu.au/ros2_ws/install/turtlebot3_description:/home/mikolaj@acfr.usyd.edu.au/ros2_ws/install/my_turtlebot3_description:/home/mikolaj@acfr.usyd.edu.au/ros2_ws/install/dyno_control:/home/mikolaj@acfr.usyd.edu.au/tut_ros2_ws/install/my_robot_description:/home/mikolaj@acfr.usyd.edu.au/tut_ros2_ws/install/my_robot_bringup:/home/mikolaj@acfr.usyd.edu.au/tut_ros2_ws/install/my_py_pkg:/home/mikolaj@acfr.usyd.edu.au/tut_ros2_ws/install/my_robot_interfaces:/home/mikolaj@acfr.usyd.edu.au/tut_ros2_ws/install/my_cpp_pkg /usr/bin/cmake --build /home/mikolaj@acfr.usyd.edu.au/ros2_ws/build/dyno_control -- -j20 -l20
[0.202s] DEBUG:colcon.colcon_core.event_handler.log_command:Invoking command in '/home/mikolaj@acfr.usyd.edu.au/ros2_ws/build/my_turtlebot3_bringup': CMAKE_PREFIX_PATH=/home/mikolaj@acfr.usyd.edu.au/ros2_ws/install/my_turtlebot3_bringup:/opt/ros/humble:/home/mikolaj@acfr.usyd.edu.au/ros2_ws/install/turtlebot3_description:/home/mikolaj@acfr.usyd.edu.au/ros2_ws/install/my_turtlebot3_description:/home/mikolaj@acfr.usyd.edu.au/ros2_ws/install/dyno_control:/home/mikolaj@acfr.usyd.edu.au/tut_ros2_ws/install/my_robot_description:/home/mikolaj@acfr.usyd.edu.au/tut_ros2_ws/install/my_robot_bringup:/home/mikolaj@acfr.usyd.edu.au/tut_ros2_ws/install/my_py_pkg:/home/mikolaj@acfr.usyd.edu.au/tut_ros2_ws/install/my_robot_interfaces:/home/mikolaj@acfr.usyd.edu.au/tut_ros2_ws/install/my_cpp_pkg /usr/bin/cmake --build /home/mikolaj@acfr.usyd.edu.au/ros2_ws/build/my_turtlebot3_bringup -- -j20 -l20
[0.206s] DEBUG:colcon.colcon_core.event_handler.log_command:Invoking command in '/home/mikolaj@acfr.usyd.edu.au/ros2_ws/build/my_turtlebot3_description': CMAKE_PREFIX_PATH=/home/mikolaj@acfr.usyd.edu.au/ros2_ws/install/my_turtlebot3_bringup:/opt/ros/humble:/home/mikolaj@acfr.usyd.edu.au/ros2_ws/install/turtlebot3_description:/home/mikolaj@acfr.usyd.edu.au/ros2_ws/install/my_turtlebot3_description:/home/mikolaj@acfr.usyd.edu.au/ros2_ws/install/dyno_control:/home/mikolaj@acfr.usyd.edu.au/tut_ros2_ws/install/my_robot_description:/home/mikolaj@acfr.usyd.edu.au/tut_ros2_ws/install/my_robot_bringup:/home/mikolaj@acfr.usyd.edu.au/tut_ros2_ws/install/my_py_pkg:/home/mikolaj@acfr.usyd.edu.au/tut_ros2_ws/install/my_robot_interfaces:/home/mikolaj@acfr.usyd.edu.au/tut_ros2_ws/install/my_cpp_pkg /usr/bin/cmake --build /home/mikolaj@acfr.usyd.edu.au/ros2_ws/build/my_turtlebot3_description -- -j20 -l20
[0.224s] DEBUG:colcon.colcon_core.event_handler.log_command:Invoked command in '/home/mikolaj@acfr.usyd.edu.au/ros2_ws/build/my_turtlebot3_bringup' returned '0': CMAKE_PREFIX_PATH=/home/mikolaj@acfr.usyd.edu.au/ros2_ws/install/my_turtlebot3_bringup:/opt/ros/humble:/home/mikolaj@acfr.usyd.edu.au/ros2_ws/install/turtlebot3_description:/home/mikolaj@acfr.usyd.edu.au/ros2_ws/install/my_turtlebot3_description:/home/mikolaj@acfr.usyd.edu.au/ros2_ws/install/dyno_control:/home/mikolaj@acfr.usyd.edu.au/tut_ros2_ws/install/my_robot_description:/home/mikolaj@acfr.usyd.edu.au/tut_ros2_ws/install/my_robot_bringup:/home/mikolaj@acfr.usyd.edu.au/tut_ros2_ws/install/my_py_pkg:/home/mikolaj@acfr.usyd.edu.au/tut_ros2_ws/install/my_robot_interfaces:/home/mikolaj@acfr.usyd.edu.au/tut_ros2_ws/install/my_cpp_pkg /usr/bin/cmake --build /home/mikolaj@acfr.usyd.edu.au/ros2_ws/build/my_turtlebot3_bringup -- -j20 -l20
[0.226s] DEBUG:colcon.colcon_core.event_handler.log_command:Invoked command in '/home/mikolaj@acfr.usyd.edu.au/ros2_ws/build/my_turtlebot3_description' returned '0': CMAKE_PREFIX_PATH=/home/mikolaj@acfr.usyd.edu.au/ros2_ws/install/my_turtlebot3_bringup:/opt/ros/humble:/home/mikolaj@acfr.usyd.edu.au/ros2_ws/install/turtlebot3_description:/home/mikolaj@acfr.usyd.edu.au/ros2_ws/install/my_turtlebot3_description:/home/mikolaj@acfr.usyd.edu.au/ros2_ws/install/dyno_control:/home/mikolaj@acfr.usyd.edu.au/tut_ros2_ws/install/my_robot_description:/home/mikolaj@acfr.usyd.edu.au/tut_ros2_ws/install/my_robot_bringup:/home/mikolaj@acfr.usyd.edu.au/tut_ros2_ws/install/my_py_pkg:/home/mikolaj@acfr.usyd.edu.au/tut_ros2_ws/install/my_robot_interfaces:/home/mikolaj@acfr.usyd.edu.au/tut_ros2_ws/install/my_cpp_pkg /usr/bin/cmake --build /home/mikolaj@acfr.usyd.edu.au/ros2_ws/build/my_turtlebot3_description -- -j20 -l20
[0.243s] DEBUG:colcon.colcon_core.event_handler.log_command:Invoking command in '/home/mikolaj@acfr.usyd.edu.au/ros2_ws/build/my_turtlebot3_bringup': CMAKE_PREFIX_PATH=/home/mikolaj@acfr.usyd.edu.au/ros2_ws/install/my_turtlebot3_bringup:/opt/ros/humble:/home/mikolaj@acfr.usyd.edu.au/ros2_ws/install/turtlebot3_description:/home/mikolaj@acfr.usyd.edu.au/ros2_ws/install/my_turtlebot3_description:/home/mikolaj@acfr.usyd.edu.au/ros2_ws/install/dyno_control:/home/mikolaj@acfr.usyd.edu.au/tut_ros2_ws/install/my_robot_description:/home/mikolaj@acfr.usyd.edu.au/tut_ros2_ws/install/my_robot_bringup:/home/mikolaj@acfr.usyd.edu.au/tut_ros2_ws/install/my_py_pkg:/home/mikolaj@acfr.usyd.edu.au/tut_ros2_ws/install/my_robot_interfaces:/home/mikolaj@acfr.usyd.edu.au/tut_ros2_ws/install/my_cpp_pkg /usr/bin/cmake --install /home/mikolaj@acfr.usyd.edu.au/ros2_ws/build/my_turtlebot3_bringup
[0.245s] DEBUG:colcon.colcon_core.event_handler.log_command:Invoking command in '/home/mikolaj@acfr.usyd.edu.au/ros2_ws/build/my_turtlebot3_description': CMAKE_PREFIX_PATH=/home/mikolaj@acfr.usyd.edu.au/ros2_ws/install/my_turtlebot3_bringup:/opt/ros/humble:/home/mikolaj@acfr.usyd.edu.au/ros2_ws/install/turtlebot3_description:/home/mikolaj@acfr.usyd.edu.au/ros2_ws/install/my_turtlebot3_description:/home/mikolaj@acfr.usyd.edu.au/ros2_ws/install/dyno_control:/home/mikolaj@acfr.usyd.edu.au/tut_ros2_ws/install/my_robot_description:/home/mikolaj@acfr.usyd.edu.au/tut_ros2_ws/install/my_robot_bringup:/home/mikolaj@acfr.usyd.edu.au/tut_ros2_ws/install/my_py_pkg:/home/mikolaj@acfr.usyd.edu.au/tut_ros2_ws/install/my_robot_interfaces:/home/mikolaj@acfr.usyd.edu.au/tut_ros2_ws/install/my_cpp_pkg /usr/bin/cmake --install /home/mikolaj@acfr.usyd.edu.au/ros2_ws/build/my_turtlebot3_description
[0.249s] Level 1:colcon.colcon_core.environment:create_environment_scripts_only(my_turtlebot3_bringup)
[0.250s] DEBUG:colcon.colcon_core.event_handler.log_command:Invoked command in '/home/mikolaj@acfr.usyd.edu.au/ros2_ws/build/my_turtlebot3_bringup' returned '0': CMAKE_PREFIX_PATH=/home/mikolaj@acfr.usyd.edu.au/ros2_ws/install/my_turtlebot3_bringup:/opt/ros/humble:/home/mikolaj@acfr.usyd.edu.au/ros2_ws/install/turtlebot3_description:/home/mikolaj@acfr.usyd.edu.au/ros2_ws/install/my_turtlebot3_description:/home/mikolaj@acfr.usyd.edu.au/ros2_ws/install/dyno_control:/home/mikolaj@acfr.usyd.edu.au/tut_ros2_ws/install/my_robot_description:/home/mikolaj@acfr.usyd.edu.au/tut_ros2_ws/install/my_robot_bringup:/home/mikolaj@acfr.usyd.edu.au/tut_ros2_ws/install/my_py_pkg:/home/mikolaj@acfr.usyd.edu.au/tut_ros2_ws/install/my_robot_interfaces:/home/mikolaj@acfr.usyd.edu.au/tut_ros2_ws/install/my_cpp_pkg /usr/bin/cmake --install /home/mikolaj@acfr.usyd.edu.au/ros2_ws/build/my_turtlebot3_bringup
[0.251s] Level 1:colcon.colcon_core.environment:checking '/home/mikolaj@acfr.usyd.edu.au/ros2_ws/install/my_turtlebot3_bringup' for CMake module files
[0.251s] Level 1:colcon.colcon_core.environment:checking '/home/mikolaj@acfr.usyd.edu.au/ros2_ws/install/my_turtlebot3_bringup' for CMake config files
[0.251s] Level 1:colcon.colcon_core.shell:create_environment_hook('my_turtlebot3_bringup', 'cmake_prefix_path')
[0.251s] INFO:colcon.colcon_core.shell:Creating environment hook '/home/mikolaj@acfr.usyd.edu.au/ros2_ws/install/my_turtlebot3_bringup/share/my_turtlebot3_bringup/hook/cmake_prefix_path.ps1'
[0.252s] INFO:colcon.colcon_core.shell:Creating environment descriptor '/home/mikolaj@acfr.usyd.edu.au/ros2_ws/install/my_turtlebot3_bringup/share/my_turtlebot3_bringup/hook/cmake_prefix_path.dsv'
[0.252s] INFO:colcon.colcon_core.shell:Creating environment hook '/home/mikolaj@acfr.usyd.edu.au/ros2_ws/install/my_turtlebot3_bringup/share/my_turtlebot3_bringup/hook/cmake_prefix_path.sh'
[0.252s] Level 1:colcon.colcon_core.environment:checking '/home/mikolaj@acfr.usyd.edu.au/ros2_ws/install/my_turtlebot3_bringup/bin'
[0.252s] Level 1:colcon.colcon_core.environment:checking '/home/mikolaj@acfr.usyd.edu.au/ros2_ws/install/my_turtlebot3_bringup/lib/pkgconfig/my_turtlebot3_bringup.pc'
[0.253s] Level 1:colcon.colcon_core.environment:checking '/home/mikolaj@acfr.usyd.edu.au/ros2_ws/install/my_turtlebot3_bringup/lib/python3.10/site-packages'
[0.253s] Level 1:colcon.colcon_core.environment:checking '/home/mikolaj@acfr.usyd.edu.au/ros2_ws/install/my_turtlebot3_bringup/bin'
[0.253s] INFO:colcon.colcon_core.shell:Creating package script '/home/mikolaj@acfr.usyd.edu.au/ros2_ws/install/my_turtlebot3_bringup/share/my_turtlebot3_bringup/package.ps1'
[0.253s] INFO:colcon.colcon_core.shell:Creating package descriptor '/home/mikolaj@acfr.usyd.edu.au/ros2_ws/install/my_turtlebot3_bringup/share/my_turtlebot3_bringup/package.dsv'
[0.253s] INFO:colcon.colcon_core.shell:Creating package script '/home/mikolaj@acfr.usyd.edu.au/ros2_ws/install/my_turtlebot3_bringup/share/my_turtlebot3_bringup/package.sh'
[0.254s] INFO:colcon.colcon_core.shell:Creating package script '/home/mikolaj@acfr.usyd.edu.au/ros2_ws/install/my_turtlebot3_bringup/share/my_turtlebot3_bringup/package.bash'
[0.254s] INFO:colcon.colcon_core.shell:Creating package script '/home/mikolaj@acfr.usyd.edu.au/ros2_ws/install/my_turtlebot3_bringup/share/my_turtlebot3_bringup/package.zsh'
[0.254s] Level 1:colcon.colcon_core.environment:create_file_with_runtime_dependencies(/home/mikolaj@acfr.usyd.edu.au/ros2_ws/install/my_turtlebot3_bringup/share/colcon-core/packages/my_turtlebot3_bringup)
[0.255s] Level 1:colcon.colcon_core.environment:create_environment_scripts_only(my_turtlebot3_description)
[0.255s] Level 1:colcon.colcon_core.environment:checking '/home/mikolaj@acfr.usyd.edu.au/ros2_ws/install/my_turtlebot3_description' for CMake module files
[0.255s] DEBUG:colcon.colcon_core.event_handler.log_command:Invoked command in '/home/mikolaj@acfr.usyd.edu.au/ros2_ws/build/my_turtlebot3_description' returned '0': CMAKE_PREFIX_PATH=/home/mikolaj@acfr.usyd.edu.au/ros2_ws/install/my_turtlebot3_bringup:/opt/ros/humble:/home/mikolaj@acfr.usyd.edu.au/ros2_ws/install/turtlebot3_description:/home/mikolaj@acfr.usyd.edu.au/ros2_ws/install/my_turtlebot3_description:/home/mikolaj@acfr.usyd.edu.au/ros2_ws/install/dyno_control:/home/mikolaj@acfr.usyd.edu.au/tut_ros2_ws/install/my_robot_description:/home/mikolaj@acfr.usyd.edu.au/tut_ros2_ws/install/my_robot_bringup:/home/mikolaj@acfr.usyd.edu.au/tut_ros2_ws/install/my_py_pkg:/home/mikolaj@acfr.usyd.edu.au/tut_ros2_ws/install/my_robot_interfaces:/home/mikolaj@acfr.usyd.edu.au/tut_ros2_ws/install/my_cpp_pkg /usr/bin/cmake --install /home/mikolaj@acfr.usyd.edu.au/ros2_ws/build/my_turtlebot3_description
[0.256s] Level 1:colcon.colcon_core.environment:checking '/home/mikolaj@acfr.usyd.edu.au/ros2_ws/install/my_turtlebot3_description' for CMake config files
[0.256s] Level 1:colcon.colcon_core.shell:create_environment_hook('my_turtlebot3_description', 'cmake_prefix_path')
[0.256s] INFO:colcon.colcon_core.shell:Creating environment hook '/home/mikolaj@acfr.usyd.edu.au/ros2_ws/install/my_turtlebot3_description/share/my_turtlebot3_description/hook/cmake_prefix_path.ps1'
[0.256s] INFO:colcon.colcon_core.shell:Creating environment descriptor '/home/mikolaj@acfr.usyd.edu.au/ros2_ws/install/my_turtlebot3_description/share/my_turtlebot3_description/hook/cmake_prefix_path.dsv'
[0.256s] INFO:colcon.colcon_core.shell:Creating environment hook '/home/mikolaj@acfr.usyd.edu.au/ros2_ws/install/my_turtlebot3_description/share/my_turtlebot3_description/hook/cmake_prefix_path.sh'
[0.256s] Level 1:colcon.colcon_core.environment:checking '/home/mikolaj@acfr.usyd.edu.au/ros2_ws/install/my_turtlebot3_description/bin'
[0.256s] Level 1:colcon.colcon_core.environment:checking '/home/mikolaj@acfr.usyd.edu.au/ros2_ws/install/my_turtlebot3_description/lib/pkgconfig/my_turtlebot3_description.pc'
[0.257s] Level 1:colcon.colcon_core.environment:checking '/home/mikolaj@acfr.usyd.edu.au/ros2_ws/install/my_turtlebot3_description/lib/python3.10/site-packages'
[0.257s] Level 1:colcon.colcon_core.environment:checking '/home/mikolaj@acfr.usyd.edu.au/ros2_ws/install/my_turtlebot3_description/bin'
[0.257s] INFO:colcon.colcon_core.shell:Creating package script '/home/mikolaj@acfr.usyd.edu.au/ros2_ws/install/my_turtlebot3_description/share/my_turtlebot3_description/package.ps1'
[0.257s] INFO:colcon.colcon_core.shell:Creating package descriptor '/home/mikolaj@acfr.usyd.edu.au/ros2_ws/install/my_turtlebot3_description/share/my_turtlebot3_description/package.dsv'
[0.257s] INFO:colcon.colcon_core.shell:Creating package script '/home/mikolaj@acfr.usyd.edu.au/ros2_ws/install/my_turtlebot3_description/share/my_turtlebot3_description/package.sh'
[0.257s] INFO:colcon.colcon_core.shell:Creating package script '/home/mikolaj@acfr.usyd.edu.au/ros2_ws/install/my_turtlebot3_description/share/my_turtlebot3_description/package.bash'
[0.257s] INFO:colcon.colcon_core.shell:Creating package script '/home/mikolaj@acfr.usyd.edu.au/ros2_ws/install/my_turtlebot3_description/share/my_turtlebot3_description/package.zsh'
[0.258s] Level 1:colcon.colcon_core.environment:create_file_with_runtime_dependencies(/home/mikolaj@acfr.usyd.edu.au/ros2_ws/install/my_turtlebot3_description/share/colcon-core/packages/my_turtlebot3_description)
[0.268s] Level 1:colcon.colcon_core.environment:create_environment_scripts_only(my_turtlebot3_bringup)
[0.268s] Level 1:colcon.colcon_core.environment:checking '/home/mikolaj@acfr.usyd.edu.au/ros2_ws/install/my_turtlebot3_bringup' for CMake module files
[0.268s] Level 1:colcon.colcon_core.environment:checking '/home/mikolaj@acfr.usyd.edu.au/ros2_ws/install/my_turtlebot3_bringup' for CMake config files
[0.268s] Level 1:colcon.colcon_core.shell:create_environment_hook('my_turtlebot3_bringup', 'cmake_prefix_path')
[0.268s] INFO:colcon.colcon_core.shell:Creating environment hook '/home/mikolaj@acfr.usyd.edu.au/ros2_ws/install/my_turtlebot3_bringup/share/my_turtlebot3_bringup/hook/cmake_prefix_path.ps1'
[0.268s] INFO:colcon.colcon_core.shell:Creating environment descriptor '/home/mikolaj@acfr.usyd.edu.au/ros2_ws/install/my_turtlebot3_bringup/share/my_turtlebot3_bringup/hook/cmake_prefix_path.dsv'
[0.269s] INFO:colcon.colcon_core.shell:Creating environment hook '/home/mikolaj@acfr.usyd.edu.au/ros2_ws/install/my_turtlebot3_bringup/share/my_turtlebot3_bringup/hook/cmake_prefix_path.sh'
[0.269s] Level 1:colcon.colcon_core.environment:checking '/home/mikolaj@acfr.usyd.edu.au/ros2_ws/install/my_turtlebot3_bringup/bin'
[0.269s] Level 1:colcon.colcon_core.environment:checking '/home/mikolaj@acfr.usyd.edu.au/ros2_ws/install/my_turtlebot3_bringup/lib/pkgconfig/my_turtlebot3_bringup.pc'
[0.269s] Level 1:colcon.colcon_core.environment:checking '/home/mikolaj@acfr.usyd.edu.au/ros2_ws/install/my_turtlebot3_bringup/lib/python3.10/site-packages'
[0.269s] Level 1:colcon.colcon_core.environment:checking '/home/mikolaj@acfr.usyd.edu.au/ros2_ws/install/my_turtlebot3_bringup/bin'
[0.269s] INFO:colcon.colcon_core.shell:Creating package script '/home/mikolaj@acfr.usyd.edu.au/ros2_ws/install/my_turtlebot3_bringup/share/my_turtlebot3_bringup/package.ps1'
[0.270s] INFO:colcon.colcon_core.shell:Creating package descriptor '/home/mikolaj@acfr.usyd.edu.au/ros2_ws/install/my_turtlebot3_bringup/share/my_turtlebot3_bringup/package.dsv'
[0.270s] INFO:colcon.colcon_core.shell:Creating package script '/home/mikolaj@acfr.usyd.edu.au/ros2_ws/install/my_turtlebot3_bringup/share/my_turtlebot3_bringup/package.sh'
[0.270s] INFO:colcon.colcon_core.shell:Creating package script '/home/mikolaj@acfr.usyd.edu.au/ros2_ws/install/my_turtlebot3_bringup/share/my_turtlebot3_bringup/package.bash'
[0.270s] INFO:colcon.colcon_core.shell:Creating package script '/home/mikolaj@acfr.usyd.edu.au/ros2_ws/install/my_turtlebot3_bringup/share/my_turtlebot3_bringup/package.zsh'
[0.270s] Level 1:colcon.colcon_core.environment:create_file_with_runtime_dependencies(/home/mikolaj@acfr.usyd.edu.au/ros2_ws/install/my_turtlebot3_bringup/share/colcon-core/packages/my_turtlebot3_bringup)
[0.271s] Level 1:colcon.colcon_core.environment:create_environment_scripts_only(my_turtlebot3_description)
[0.271s] Level 1:colcon.colcon_core.environment:checking '/home/mikolaj@acfr.usyd.edu.au/ros2_ws/install/my_turtlebot3_description' for CMake module files
[0.272s] Level 1:colcon.colcon_core.environment:checking '/home/mikolaj@acfr.usyd.edu.au/ros2_ws/install/my_turtlebot3_description' for CMake config files
[0.272s] Level 1:colcon.colcon_core.shell:create_environment_hook('my_turtlebot3_description', 'cmake_prefix_path')
[0.272s] INFO:colcon.colcon_core.shell:Creating environment hook '/home/mikolaj@acfr.usyd.edu.au/ros2_ws/install/my_turtlebot3_description/share/my_turtlebot3_description/hook/cmake_prefix_path.ps1'
[0.272s] INFO:colcon.colcon_core.shell:Creating environment descriptor '/home/mikolaj@acfr.usyd.edu.au/ros2_ws/install/my_turtlebot3_description/share/my_turtlebot3_description/hook/cmake_prefix_path.dsv'
[0.272s] INFO:colcon.colcon_core.shell:Creating environment hook '/home/mikolaj@acfr.usyd.edu.au/ros2_ws/install/my_turtlebot3_description/share/my_turtlebot3_description/hook/cmake_prefix_path.sh'
[0.272s] Level 1:colcon.colcon_core.environment:checking '/home/mikolaj@acfr.usyd.edu.au/ros2_ws/install/my_turtlebot3_description/bin'
[0.272s] Level 1:colcon.colcon_core.environment:checking '/home/mikolaj@acfr.usyd.edu.au/ros2_ws/install/my_turtlebot3_description/lib/pkgconfig/my_turtlebot3_description.pc'
[0.273s] Level 1:colcon.colcon_core.environment:checking '/home/mikolaj@acfr.usyd.edu.au/ros2_ws/install/my_turtlebot3_description/lib/python3.10/site-packages'
[0.273s] Level 1:colcon.colcon_core.environment:checking '/home/mikolaj@acfr.usyd.edu.au/ros2_ws/install/my_turtlebot3_description/bin'
[0.273s] INFO:colcon.colcon_core.shell:Creating package script '/home/mikolaj@acfr.usyd.edu.au/ros2_ws/install/my_turtlebot3_description/share/my_turtlebot3_description/package.ps1'
[0.273s] INFO:colcon.colcon_core.shell:Creating package descriptor '/home/mikolaj@acfr.usyd.edu.au/ros2_ws/install/my_turtlebot3_description/share/my_turtlebot3_description/package.dsv'
[0.273s] INFO:colcon.colcon_core.shell:Creating package script '/home/mikolaj@acfr.usyd.edu.au/ros2_ws/install/my_turtlebot3_description/share/my_turtlebot3_description/package.sh'
[0.273s] INFO:colcon.colcon_core.shell:Creating package script '/home/mikolaj@acfr.usyd.edu.au/ros2_ws/install/my_turtlebot3_description/share/my_turtlebot3_description/package.bash'
[0.274s] INFO:colcon.colcon_core.shell:Creating package script '/home/mikolaj@acfr.usyd.edu.au/ros2_ws/install/my_turtlebot3_description/share/my_turtlebot3_description/package.zsh'
[0.274s] Level 1:colcon.colcon_core.environment:create_file_with_runtime_dependencies(/home/mikolaj@acfr.usyd.edu.au/ros2_ws/install/my_turtlebot3_description/share/colcon-core/packages/my_turtlebot3_description)
[0.383s] DEBUG:colcon.colcon_core.event_handler.log_command:Invoked command in '/home/mikolaj@acfr.usyd.edu.au/ros2_ws/build/dyno_control' returned '0': CMAKE_PREFIX_PATH=/home/mikolaj@acfr.usyd.edu.au/ros2_ws/install/my_turtlebot3_bringup:/opt/ros/humble:/home/mikolaj@acfr.usyd.edu.au/ros2_ws/install/turtlebot3_description:/home/mikolaj@acfr.usyd.edu.au/ros2_ws/install/my_turtlebot3_description:/home/mikolaj@acfr.usyd.edu.au/ros2_ws/install/dyno_control:/home/mikolaj@acfr.usyd.edu.au/tut_ros2_ws/install/my_robot_description:/home/mikolaj@acfr.usyd.edu.au/tut_ros2_ws/install/my_robot_bringup:/home/mikolaj@acfr.usyd.edu.au/tut_ros2_ws/install/my_py_pkg:/home/mikolaj@acfr.usyd.edu.au/tut_ros2_ws/install/my_robot_interfaces:/home/mikolaj@acfr.usyd.edu.au/tut_ros2_ws/install/my_cpp_pkg /usr/bin/cmake --build /home/mikolaj@acfr.usyd.edu.au/ros2_ws/build/dyno_control -- -j20 -l20
[0.405s] DEBUG:colcon.colcon_core.event_handler.log_command:Invoking command in '/home/mikolaj@acfr.usyd.edu.au/ros2_ws/build/dyno_control': CMAKE_PREFIX_PATH=/home/mikolaj@acfr.usyd.edu.au/ros2_ws/install/my_turtlebot3_bringup:/opt/ros/humble:/home/mikolaj@acfr.usyd.edu.au/ros2_ws/install/turtlebot3_description:/home/mikolaj@acfr.usyd.edu.au/ros2_ws/install/my_turtlebot3_description:/home/mikolaj@acfr.usyd.edu.au/ros2_ws/install/dyno_control:/home/mikolaj@acfr.usyd.edu.au/tut_ros2_ws/install/my_robot_description:/home/mikolaj@acfr.usyd.edu.au/tut_ros2_ws/install/my_robot_bringup:/home/mikolaj@acfr.usyd.edu.au/tut_ros2_ws/install/my_py_pkg:/home/mikolaj@acfr.usyd.edu.au/tut_ros2_ws/install/my_robot_interfaces:/home/mikolaj@acfr.usyd.edu.au/tut_ros2_ws/install/my_cpp_pkg /usr/bin/cmake --install /home/mikolaj@acfr.usyd.edu.au/ros2_ws/build/dyno_control
[0.454s] Level 1:colcon.colcon_core.environment:create_environment_scripts_only(dyno_control)
[0.454s] Level 1:colcon.colcon_core.environment:checking '/home/mikolaj@acfr.usyd.edu.au/ros2_ws/install/dyno_control' for CMake module files
[0.455s] DEBUG:colcon.colcon_core.event_handler.log_command:Invoked command in '/home/mikolaj@acfr.usyd.edu.au/ros2_ws/build/dyno_control' returned '0': CMAKE_PREFIX_PATH=/home/mikolaj@acfr.usyd.edu.au/ros2_ws/install/my_turtlebot3_bringup:/opt/ros/humble:/home/mikolaj@acfr.usyd.edu.au/ros2_ws/install/turtlebot3_description:/home/mikolaj@acfr.usyd.edu.au/ros2_ws/install/my_turtlebot3_description:/home/mikolaj@acfr.usyd.edu.au/ros2_ws/install/dyno_control:/home/mikolaj@acfr.usyd.edu.au/tut_ros2_ws/install/my_robot_description:/home/mikolaj@acfr.usyd.edu.au/tut_ros2_ws/install/my_robot_bringup:/home/mikolaj@acfr.usyd.edu.au/tut_ros2_ws/install/my_py_pkg:/home/mikolaj@acfr.usyd.edu.au/tut_ros2_ws/install/my_robot_interfaces:/home/mikolaj@acfr.usyd.edu.au/tut_ros2_ws/install/my_cpp_pkg /usr/bin/cmake --install /home/mikolaj@acfr.usyd.edu.au/ros2_ws/build/dyno_control
[0.455s] Level 1:colcon.colcon_core.environment:checking '/home/mikolaj@acfr.usyd.edu.au/ros2_ws/install/dyno_control' for CMake config files
[0.455s] Level 1:colcon.colcon_core.shell:create_environment_hook('dyno_control', 'cmake_prefix_path')
[0.455s] INFO:colcon.colcon_core.shell:Creating environment hook '/home/mikolaj@acfr.usyd.edu.au/ros2_ws/install/dyno_control/share/dyno_control/hook/cmake_prefix_path.ps1'
[0.456s] INFO:colcon.colcon_core.shell:Creating environment descriptor '/home/mikolaj@acfr.usyd.edu.au/ros2_ws/install/dyno_control/share/dyno_control/hook/cmake_prefix_path.dsv'
[0.456s] INFO:colcon.colcon_core.shell:Creating environment hook '/home/mikolaj@acfr.usyd.edu.au/ros2_ws/install/dyno_control/share/dyno_control/hook/cmake_prefix_path.sh'
[0.456s] Level 1:colcon.colcon_core.environment:checking '/home/mikolaj@acfr.usyd.edu.au/ros2_ws/install/dyno_control/lib'
[0.456s] Level 1:colcon.colcon_core.environment:checking '/home/mikolaj@acfr.usyd.edu.au/ros2_ws/install/dyno_control/bin'
[0.456s] Level 1:colcon.colcon_core.environment:checking '/home/mikolaj@acfr.usyd.edu.au/ros2_ws/install/dyno_control/lib/pkgconfig/dyno_control.pc'
[0.456s] Level 1:colcon.colcon_core.environment:checking '/home/mikolaj@acfr.usyd.edu.au/ros2_ws/install/dyno_control/lib/python3.10/site-packages'
[0.456s] Level 1:colcon.colcon_core.environment:checking '/home/mikolaj@acfr.usyd.edu.au/ros2_ws/install/dyno_control/bin'
[0.456s] INFO:colcon.colcon_core.shell:Creating package script '/home/mikolaj@acfr.usyd.edu.au/ros2_ws/install/dyno_control/share/dyno_control/package.ps1'
[0.457s] INFO:colcon.colcon_core.shell:Creating package descriptor '/home/mikolaj@acfr.usyd.edu.au/ros2_ws/install/dyno_control/share/dyno_control/package.dsv'
[0.457s] INFO:colcon.colcon_core.shell:Creating package script '/home/mikolaj@acfr.usyd.edu.au/ros2_ws/install/dyno_control/share/dyno_control/package.sh'
[0.457s] INFO:colcon.colcon_core.shell:Creating package script '/home/mikolaj@acfr.usyd.edu.au/ros2_ws/install/dyno_control/share/dyno_control/package.bash'
[0.457s] INFO:colcon.colcon_core.shell:Creating package script '/home/mikolaj@acfr.usyd.edu.au/ros2_ws/install/dyno_control/share/dyno_control/package.zsh'
[0.457s] Level 1:colcon.colcon_core.environment:create_file_with_runtime_dependencies(/home/mikolaj@acfr.usyd.edu.au/ros2_ws/install/dyno_control/share/colcon-core/packages/dyno_control)
[0.478s] Level 1:colcon.colcon_core.environment:create_environment_scripts_only(dyno_control)
[0.479s] Level 1:colcon.colcon_core.environment:checking '/home/mikolaj@acfr.usyd.edu.au/ros2_ws/install/dyno_control' for CMake module files
[0.479s] Level 1:colcon.colcon_core.environment:checking '/home/mikolaj@acfr.usyd.edu.au/ros2_ws/install/dyno_control' for CMake config files
[0.480s] Level 1:colcon.colcon_core.shell:create_environment_hook('dyno_control', 'cmake_prefix_path')
[0.480s] INFO:colcon.colcon_core.shell:Creating environment hook '/home/mikolaj@acfr.usyd.edu.au/ros2_ws/install/dyno_control/share/dyno_control/hook/cmake_prefix_path.ps1'
[0.481s] INFO:colcon.colcon_core.shell:Creating environment descriptor '/home/mikolaj@acfr.usyd.edu.au/ros2_ws/install/dyno_control/share/dyno_control/hook/cmake_prefix_path.dsv'
[0.481s] INFO:colcon.colcon_core.shell:Creating environment hook '/home/mikolaj@acfr.usyd.edu.au/ros2_ws/install/dyno_control/share/dyno_control/hook/cmake_prefix_path.sh'
[0.481s] Level 1:colcon.colcon_core.environment:checking '/home/mikolaj@acfr.usyd.edu.au/ros2_ws/install/dyno_control/lib'
[0.481s] Level 1:colcon.colcon_core.environment:checking '/home/mikolaj@acfr.usyd.edu.au/ros2_ws/install/dyno_control/bin'
[0.481s] Level 1:colcon.colcon_core.environment:checking '/home/mikolaj@acfr.usyd.edu.au/ros2_ws/install/dyno_control/lib/pkgconfig/dyno_control.pc'
[0.482s] Level 1:colcon.colcon_core.environment:checking '/home/mikolaj@acfr.usyd.edu.au/ros2_ws/install/dyno_control/lib/python3.10/site-packages'
[0.482s] Level 1:colcon.colcon_core.environment:checking '/home/mikolaj@acfr.usyd.edu.au/ros2_ws/install/dyno_control/bin'
[0.482s] INFO:colcon.colcon_core.shell:Creating package script '/home/mikolaj@acfr.usyd.edu.au/ros2_ws/install/dyno_control/share/dyno_control/package.ps1'
[0.483s] INFO:colcon.colcon_core.shell:Creating package descriptor '/home/mikolaj@acfr.usyd.edu.au/ros2_ws/install/dyno_control/share/dyno_control/package.dsv'
[0.483s] INFO:colcon.colcon_core.shell:Creating package script '/home/mikolaj@acfr.usyd.edu.au/ros2_ws/install/dyno_control/share/dyno_control/package.sh'
[0.483s] INFO:colcon.colcon_core.shell:Creating package script '/home/mikolaj@acfr.usyd.edu.au/ros2_ws/install/dyno_control/share/dyno_control/package.bash'
[0.484s] INFO:colcon.colcon_core.shell:Creating package script '/home/mikolaj@acfr.usyd.edu.au/ros2_ws/install/dyno_control/share/dyno_control/package.zsh'
[0.484s] Level 1:colcon.colcon_core.environment:create_file_with_runtime_dependencies(/home/mikolaj@acfr.usyd.edu.au/ros2_ws/install/dyno_control/share/colcon-core/packages/dyno_control)
[0.484s] DEBUG:colcon.colcon_parallel_executor.executor.parallel:closing loop
[0.485s] DEBUG:colcon.colcon_parallel_executor.executor.parallel:loop closed
[0.485s] DEBUG:colcon.colcon_parallel_executor.executor.parallel:run_until_complete finished with '0'
[0.485s] DEBUG:colcon.colcon_core.event_reactor:joining thread
[0.490s] INFO:colcon.colcon_core.plugin_system:Skipping extension 'colcon_notification.desktop_notification.terminal_notifier': Not used on non-Darwin systems
[0.490s] INFO:colcon.colcon_core.plugin_system:Skipping extension 'colcon_notification.desktop_notification.win32': Not used on non-Windows systems
[0.490s] INFO:colcon.colcon_notification.desktop_notification:Sending desktop notification using 'notify2'
[0.499s] DEBUG:colcon.colcon_core.event_reactor:joined thread
[0.499s] INFO:colcon.colcon_core.shell:Creating prefix script '/home/mikolaj@acfr.usyd.edu.au/ros2_ws/install/local_setup.ps1'
[0.500s] INFO:colcon.colcon_core.shell:Creating prefix util module '/home/mikolaj@acfr.usyd.edu.au/ros2_ws/install/_local_setup_util_ps1.py'
[0.501s] INFO:colcon.colcon_core.shell:Creating prefix chain script '/home/mikolaj@acfr.usyd.edu.au/ros2_ws/install/setup.ps1'
[0.501s] INFO:colcon.colcon_core.shell:Creating prefix script '/home/mikolaj@acfr.usyd.edu.au/ros2_ws/install/local_setup.sh'
[0.502s] INFO:colcon.colcon_core.shell:Creating prefix util module '/home/mikolaj@acfr.usyd.edu.au/ros2_ws/install/_local_setup_util_sh.py'
[0.502s] INFO:colcon.colcon_core.shell:Creating prefix chain script '/home/mikolaj@acfr.usyd.edu.au/ros2_ws/install/setup.sh'
[0.503s] INFO:colcon.colcon_core.shell:Creating prefix script '/home/mikolaj@acfr.usyd.edu.au/ros2_ws/install/local_setup.bash'
[0.503s] INFO:colcon.colcon_core.shell:Creating prefix chain script '/home/mikolaj@acfr.usyd.edu.au/ros2_ws/install/setup.bash'
[0.504s] INFO:colcon.colcon_core.shell:Creating prefix script '/home/mikolaj@acfr.usyd.edu.au/ros2_ws/install/local_setup.zsh'
[0.504s] INFO:colcon.colcon_core.shell:Creating prefix chain script '/home/mikolaj@acfr.usyd.edu.au/ros2_ws/install/setup.zsh'
