[0.008s] Invoking command in '/home/mikolaj@acfr.usyd.edu.au/ros2_ws/build/my_interfaces': CMAKE_PREFIX_PATH=/opt/ros/humble:${CMAKE_PREFIX_PATH} /usr/bin/cmake --build /home/mikolaj@acfr.usyd.edu.au/ros2_ws/build/my_interfaces -- -j20 -l20
[0.035s] [  1%] Built target my_interfaces__cpp
[0.035s] [ 12%] Built target my_interfaces__rosidl_generator_c
[0.045s] [ 12%] Built target ament_cmake_python_copy_my_interfaces
[0.054s] [ 23%] Built target my_interfaces__rosidl_typesupport_introspection_c
[0.054s] [ 34%] Built target my_interfaces__rosidl_typesupport_c
[0.054s] [ 47%] Built target my_interfaces__rosidl_typesupport_cpp
[0.054s] [ 56%] Built target my_interfaces__rosidl_typesupport_introspection_cpp
[0.054s] [ 67%] Built target my_interfaces__rosidl_typesupport_fastrtps_c
[0.055s] [ 78%] Built target my_interfaces__rosidl_typesupport_fastrtps_cpp
[0.066s] [ 78%] Built target my_interfaces
[0.077s] [ 80%] Built target my_interfaces__py
[0.090s] [ 89%] Built target my_interfaces__rosidl_generator_py
[0.103s] [100%] Built target my_interfaces__rosidl_typesupport_c__pyext
[0.103s] [100%] Built target my_interfaces__rosidl_typesupport_fastrtps_c__pyext
[0.103s] [100%] Built target my_interfaces__rosidl_typesupport_introspection_c__pyext
[0.180s] running egg_info
[0.180s] writing my_interfaces.egg-info/PKG-INFO
[0.180s] writing dependency_links to my_interfaces.egg-info/dependency_links.txt
[0.180s] writing top-level names to my_interfaces.egg-info/top_level.txt
[0.181s] reading manifest file 'my_interfaces.egg-info/SOURCES.txt'
[0.182s] writing manifest file 'my_interfaces.egg-info/SOURCES.txt'
[0.196s] [100%] Built target ament_cmake_python_build_my_interfaces_egg
[0.203s] Invoked command in '/home/mikolaj@acfr.usyd.edu.au/ros2_ws/build/my_interfaces' returned '0': CMAKE_PREFIX_PATH=/opt/ros/humble:${CMAKE_PREFIX_PATH} /usr/bin/cmake --build /home/mikolaj@acfr.usyd.edu.au/ros2_ws/build/my_interfaces -- -j20 -l20
[0.389s] Invoking command in '/home/mikolaj@acfr.usyd.edu.au/ros2_ws/build/my_interfaces': CMAKE_PREFIX_PATH=/opt/ros/humble:${CMAKE_PREFIX_PATH} /usr/bin/cmake --install /home/mikolaj@acfr.usyd.edu.au/ros2_ws/build/my_interfaces
[0.395s] -- Install configuration: ""
[0.395s] -- Up-to-date: /home/mikolaj@acfr.usyd.edu.au/ros2_ws/install/my_interfaces/share/ament_index/resource_index/rosidl_interfaces/my_interfaces
[0.395s] -- Up-to-date: /home/mikolaj@acfr.usyd.edu.au/ros2_ws/install/my_interfaces/include/my_interfaces/my_interfaces
[0.395s] -- Up-to-date: /home/mikolaj@acfr.usyd.edu.au/ros2_ws/install/my_interfaces/include/my_interfaces/my_interfaces/msg
[0.396s] -- Up-to-date: /home/mikolaj@acfr.usyd.edu.au/ros2_ws/install/my_interfaces/include/my_interfaces/my_interfaces/msg/ldr_landmarks_msg3_d.h
[0.396s] -- Up-to-date: /home/mikolaj@acfr.usyd.edu.au/ros2_ws/install/my_interfaces/include/my_interfaces/my_interfaces/msg/ldr_landmark_msg3_d.h
[0.396s] -- Up-to-date: /home/mikolaj@acfr.usyd.edu.au/ros2_ws/install/my_interfaces/include/my_interfaces/my_interfaces/msg/rosidl_generator_c__visibility_control.h
[0.396s] -- Up-to-date: /home/mikolaj@acfr.usyd.edu.au/ros2_ws/install/my_interfaces/include/my_interfaces/my_interfaces/msg/landmark_msg.h
[0.396s] -- Up-to-date: /home/mikolaj@acfr.usyd.edu.au/ros2_ws/install/my_interfaces/include/my_interfaces/my_interfaces/msg/ldr_landmarks_msg2_d.h
[0.396s] -- Up-to-date: /home/mikolaj@acfr.usyd.edu.au/ros2_ws/install/my_interfaces/include/my_interfaces/my_interfaces/msg/detail
[0.396s] -- Up-to-date: /home/mikolaj@acfr.usyd.edu.au/ros2_ws/install/my_interfaces/include/my_interfaces/my_interfaces/msg/detail/ldr_landmarks_msg2_d__functions.c
[0.396s] -- Up-to-date: /home/mikolaj@acfr.usyd.edu.au/ros2_ws/install/my_interfaces/include/my_interfaces/my_interfaces/msg/detail/ldr_landmark_msg3_d__struct.h
[0.396s] -- Up-to-date: /home/mikolaj@acfr.usyd.edu.au/ros2_ws/install/my_interfaces/include/my_interfaces/my_interfaces/msg/detail/ldr_landmark_msg3_d__functions.c
[0.396s] -- Up-to-date: /home/mikolaj@acfr.usyd.edu.au/ros2_ws/install/my_interfaces/include/my_interfaces/my_interfaces/msg/detail/ldr_landmarks_msg3_d__struct.h
[0.396s] -- Up-to-date: /home/mikolaj@acfr.usyd.edu.au/ros2_ws/install/my_interfaces/include/my_interfaces/my_interfaces/msg/detail/ldr_landmark_msg3_d__functions.h
[0.396s] -- Up-to-date: /home/mikolaj@acfr.usyd.edu.au/ros2_ws/install/my_interfaces/include/my_interfaces/my_interfaces/msg/detail/ldr_landmarks_msg2_d__type_support.h
[0.396s] -- Up-to-date: /home/mikolaj@acfr.usyd.edu.au/ros2_ws/install/my_interfaces/include/my_interfaces/my_interfaces/msg/detail/landmarks_msg__functions.h
[0.397s] -- Up-to-date: /home/mikolaj@acfr.usyd.edu.au/ros2_ws/install/my_interfaces/include/my_interfaces/my_interfaces/msg/detail/ldr_landmark_msg2_d__functions.c
[0.397s] -- Up-to-date: /home/mikolaj@acfr.usyd.edu.au/ros2_ws/install/my_interfaces/include/my_interfaces/my_interfaces/msg/detail/landmarks_msg__functions.c
[0.397s] -- Up-to-date: /home/mikolaj@acfr.usyd.edu.au/ros2_ws/install/my_interfaces/include/my_interfaces/my_interfaces/msg/detail/landmarks_msg__struct.h
[0.397s] -- Up-to-date: /home/mikolaj@acfr.usyd.edu.au/ros2_ws/install/my_interfaces/include/my_interfaces/my_interfaces/msg/detail/ldr_landmarks_msg2_d__functions.h
[0.397s] -- Up-to-date: /home/mikolaj@acfr.usyd.edu.au/ros2_ws/install/my_interfaces/include/my_interfaces/my_interfaces/msg/detail/landmark_msg__functions.c
[0.397s] -- Up-to-date: /home/mikolaj@acfr.usyd.edu.au/ros2_ws/install/my_interfaces/include/my_interfaces/my_interfaces/msg/detail/landmark_msg__struct.h
[0.397s] -- Up-to-date: /home/mikolaj@acfr.usyd.edu.au/ros2_ws/install/my_interfaces/include/my_interfaces/my_interfaces/msg/detail/ldr_landmarks_msg3_d__functions.h
[0.397s] -- Up-to-date: /home/mikolaj@acfr.usyd.edu.au/ros2_ws/install/my_interfaces/include/my_interfaces/my_interfaces/msg/detail/ldr_landmark_msg2_d__struct.h
[0.397s] -- Up-to-date: /home/mikolaj@acfr.usyd.edu.au/ros2_ws/install/my_interfaces/include/my_interfaces/my_interfaces/msg/detail/ldr_landmark_msg2_d__functions.h
[0.397s] -- Up-to-date: /home/mikolaj@acfr.usyd.edu.au/ros2_ws/install/my_interfaces/include/my_interfaces/my_interfaces/msg/detail/ldr_landmarks_msg3_d__functions.c
[0.397s] -- Up-to-date: /home/mikolaj@acfr.usyd.edu.au/ros2_ws/install/my_interfaces/include/my_interfaces/my_interfaces/msg/detail/ldr_landmarks_msg3_d__type_support.h
[0.397s] -- Up-to-date: /home/mikolaj@acfr.usyd.edu.au/ros2_ws/install/my_interfaces/include/my_interfaces/my_interfaces/msg/detail/ldr_landmarks_msg2_d__struct.h
[0.398s] -- Up-to-date: /home/mikolaj@acfr.usyd.edu.au/ros2_ws/install/my_interfaces/include/my_interfaces/my_interfaces/msg/detail/ldr_landmark_msg3_d__type_support.h
[0.398s] -- Up-to-date: /home/mikolaj@acfr.usyd.edu.au/ros2_ws/install/my_interfaces/include/my_interfaces/my_interfaces/msg/detail/landmarks_msg__type_support.h
[0.398s] -- Up-to-date: /home/mikolaj@acfr.usyd.edu.au/ros2_ws/install/my_interfaces/include/my_interfaces/my_interfaces/msg/detail/landmark_msg__type_support.h
[0.398s] -- Up-to-date: /home/mikolaj@acfr.usyd.edu.au/ros2_ws/install/my_interfaces/include/my_interfaces/my_interfaces/msg/detail/ldr_landmark_msg2_d__type_support.h
[0.398s] -- Up-to-date: /home/mikolaj@acfr.usyd.edu.au/ros2_ws/install/my_interfaces/include/my_interfaces/my_interfaces/msg/detail/landmark_msg__functions.h
[0.398s] -- Up-to-date: /home/mikolaj@acfr.usyd.edu.au/ros2_ws/install/my_interfaces/include/my_interfaces/my_interfaces/msg/ldr_landmark_msg2_d.h
[0.398s] -- Up-to-date: /home/mikolaj@acfr.usyd.edu.au/ros2_ws/install/my_interfaces/include/my_interfaces/my_interfaces/msg/landmarks_msg.h
[0.398s] -- Up-to-date: /home/mikolaj@acfr.usyd.edu.au/ros2_ws/install/my_interfaces/share/my_interfaces/environment/library_path.sh
[0.398s] -- Up-to-date: /home/mikolaj@acfr.usyd.edu.au/ros2_ws/install/my_interfaces/share/my_interfaces/environment/library_path.dsv
[0.398s] -- Up-to-date: /home/mikolaj@acfr.usyd.edu.au/ros2_ws/install/my_interfaces/lib/libmy_interfaces__rosidl_generator_c.so
[0.398s] -- Up-to-date: /home/mikolaj@acfr.usyd.edu.au/ros2_ws/install/my_interfaces/include/my_interfaces/my_interfaces
[0.398s] -- Up-to-date: /home/mikolaj@acfr.usyd.edu.au/ros2_ws/install/my_interfaces/include/my_interfaces/my_interfaces/msg
[0.398s] -- Up-to-date: /home/mikolaj@acfr.usyd.edu.au/ros2_ws/install/my_interfaces/include/my_interfaces/my_interfaces/msg/rosidl_typesupport_fastrtps_c__visibility_control.h
[0.399s] -- Up-to-date: /home/mikolaj@acfr.usyd.edu.au/ros2_ws/install/my_interfaces/include/my_interfaces/my_interfaces/msg/detail
[0.399s] -- Up-to-date: /home/mikolaj@acfr.usyd.edu.au/ros2_ws/install/my_interfaces/include/my_interfaces/my_interfaces/msg/detail/ldr_landmark_msg2_d__rosidl_typesupport_fastrtps_c.h
[0.399s] -- Up-to-date: /home/mikolaj@acfr.usyd.edu.au/ros2_ws/install/my_interfaces/include/my_interfaces/my_interfaces/msg/detail/ldr_landmark_msg3_d__rosidl_typesupport_fastrtps_c.h
[0.399s] -- Up-to-date: /home/mikolaj@acfr.usyd.edu.au/ros2_ws/install/my_interfaces/include/my_interfaces/my_interfaces/msg/detail/landmarks_msg__rosidl_typesupport_fastrtps_c.h
[0.399s] -- Up-to-date: /home/mikolaj@acfr.usyd.edu.au/ros2_ws/install/my_interfaces/include/my_interfaces/my_interfaces/msg/detail/landmark_msg__rosidl_typesupport_fastrtps_c.h
[0.399s] -- Up-to-date: /home/mikolaj@acfr.usyd.edu.au/ros2_ws/install/my_interfaces/include/my_interfaces/my_interfaces/msg/detail/ldr_landmarks_msg3_d__rosidl_typesupport_fastrtps_c.h
[0.399s] -- Up-to-date: /home/mikolaj@acfr.usyd.edu.au/ros2_ws/install/my_interfaces/include/my_interfaces/my_interfaces/msg/detail/ldr_landmarks_msg2_d__rosidl_typesupport_fastrtps_c.h
[0.399s] -- Up-to-date: /home/mikolaj@acfr.usyd.edu.au/ros2_ws/install/my_interfaces/lib/libmy_interfaces__rosidl_typesupport_fastrtps_c.so
[0.399s] -- Up-to-date: /home/mikolaj@acfr.usyd.edu.au/ros2_ws/install/my_interfaces/include/my_interfaces/my_interfaces
[0.399s] -- Up-to-date: /home/mikolaj@acfr.usyd.edu.au/ros2_ws/install/my_interfaces/include/my_interfaces/my_interfaces/msg
[0.399s] -- Up-to-date: /home/mikolaj@acfr.usyd.edu.au/ros2_ws/install/my_interfaces/include/my_interfaces/my_interfaces/msg/detail
[0.399s] -- Up-to-date: /home/mikolaj@acfr.usyd.edu.au/ros2_ws/install/my_interfaces/include/my_interfaces/my_interfaces/msg/detail/landmarks_msg__type_support.c
[0.399s] -- Up-to-date: /home/mikolaj@acfr.usyd.edu.au/ros2_ws/install/my_interfaces/include/my_interfaces/my_interfaces/msg/detail/ldr_landmarks_msg2_d__type_support.c
[0.399s] -- Up-to-date: /home/mikolaj@acfr.usyd.edu.au/ros2_ws/install/my_interfaces/include/my_interfaces/my_interfaces/msg/detail/ldr_landmarks_msg2_d__rosidl_typesupport_introspection_c.h
[0.399s] -- Up-to-date: /home/mikolaj@acfr.usyd.edu.au/ros2_ws/install/my_interfaces/include/my_interfaces/my_interfaces/msg/detail/ldr_landmark_msg2_d__rosidl_typesupport_introspection_c.h
[0.400s] -- Up-to-date: /home/mikolaj@acfr.usyd.edu.au/ros2_ws/install/my_interfaces/include/my_interfaces/my_interfaces/msg/detail/ldr_landmark_msg2_d__type_support.c
[0.400s] -- Up-to-date: /home/mikolaj@acfr.usyd.edu.au/ros2_ws/install/my_interfaces/include/my_interfaces/my_interfaces/msg/detail/ldr_landmarks_msg3_d__rosidl_typesupport_introspection_c.h
[0.400s] -- Up-to-date: /home/mikolaj@acfr.usyd.edu.au/ros2_ws/install/my_interfaces/include/my_interfaces/my_interfaces/msg/detail/ldr_landmark_msg3_d__type_support.c
[0.400s] -- Up-to-date: /home/mikolaj@acfr.usyd.edu.au/ros2_ws/install/my_interfaces/include/my_interfaces/my_interfaces/msg/detail/ldr_landmark_msg3_d__rosidl_typesupport_introspection_c.h
[0.400s] -- Up-to-date: /home/mikolaj@acfr.usyd.edu.au/ros2_ws/install/my_interfaces/include/my_interfaces/my_interfaces/msg/detail/landmark_msg__rosidl_typesupport_introspection_c.h
[0.400s] -- Up-to-date: /home/mikolaj@acfr.usyd.edu.au/ros2_ws/install/my_interfaces/include/my_interfaces/my_interfaces/msg/detail/landmark_msg__type_support.c
[0.400s] -- Up-to-date: /home/mikolaj@acfr.usyd.edu.au/ros2_ws/install/my_interfaces/include/my_interfaces/my_interfaces/msg/detail/ldr_landmarks_msg3_d__type_support.c
[0.400s] -- Up-to-date: /home/mikolaj@acfr.usyd.edu.au/ros2_ws/install/my_interfaces/include/my_interfaces/my_interfaces/msg/detail/landmarks_msg__rosidl_typesupport_introspection_c.h
[0.400s] -- Up-to-date: /home/mikolaj@acfr.usyd.edu.au/ros2_ws/install/my_interfaces/include/my_interfaces/my_interfaces/msg/rosidl_typesupport_introspection_c__visibility_control.h
[0.400s] -- Up-to-date: /home/mikolaj@acfr.usyd.edu.au/ros2_ws/install/my_interfaces/lib/libmy_interfaces__rosidl_typesupport_introspection_c.so
[0.400s] -- Up-to-date: /home/mikolaj@acfr.usyd.edu.au/ros2_ws/install/my_interfaces/lib/libmy_interfaces__rosidl_typesupport_c.so
[0.400s] -- Up-to-date: /home/mikolaj@acfr.usyd.edu.au/ros2_ws/install/my_interfaces/include/my_interfaces/my_interfaces
[0.400s] -- Up-to-date: /home/mikolaj@acfr.usyd.edu.au/ros2_ws/install/my_interfaces/include/my_interfaces/my_interfaces/msg
[0.400s] -- Up-to-date: /home/mikolaj@acfr.usyd.edu.au/ros2_ws/install/my_interfaces/include/my_interfaces/my_interfaces/msg/landmarks_msg.hpp
[0.401s] -- Up-to-date: /home/mikolaj@acfr.usyd.edu.au/ros2_ws/install/my_interfaces/include/my_interfaces/my_interfaces/msg/ldr_landmarks_msg3_d.hpp
[0.401s] -- Up-to-date: /home/mikolaj@acfr.usyd.edu.au/ros2_ws/install/my_interfaces/include/my_interfaces/my_interfaces/msg/ldr_landmark_msg2_d.hpp
[0.401s] -- Up-to-date: /home/mikolaj@acfr.usyd.edu.au/ros2_ws/install/my_interfaces/include/my_interfaces/my_interfaces/msg/ldr_landmark_msg3_d.hpp
[0.401s] -- Up-to-date: /home/mikolaj@acfr.usyd.edu.au/ros2_ws/install/my_interfaces/include/my_interfaces/my_interfaces/msg/detail
[0.401s] -- Up-to-date: /home/mikolaj@acfr.usyd.edu.au/ros2_ws/install/my_interfaces/include/my_interfaces/my_interfaces/msg/detail/ldr_landmark_msg2_d__traits.hpp
[0.401s] -- Up-to-date: /home/mikolaj@acfr.usyd.edu.au/ros2_ws/install/my_interfaces/include/my_interfaces/my_interfaces/msg/detail/ldr_landmarks_msg3_d__builder.hpp
[0.401s] -- Up-to-date: /home/mikolaj@acfr.usyd.edu.au/ros2_ws/install/my_interfaces/include/my_interfaces/my_interfaces/msg/detail/ldr_landmarks_msg3_d__struct.hpp
[0.401s] -- Up-to-date: /home/mikolaj@acfr.usyd.edu.au/ros2_ws/install/my_interfaces/include/my_interfaces/my_interfaces/msg/detail/ldr_landmark_msg3_d__builder.hpp
[0.401s] -- Up-to-date: /home/mikolaj@acfr.usyd.edu.au/ros2_ws/install/my_interfaces/include/my_interfaces/my_interfaces/msg/detail/landmarks_msg__builder.hpp
[0.401s] -- Up-to-date: /home/mikolaj@acfr.usyd.edu.au/ros2_ws/install/my_interfaces/include/my_interfaces/my_interfaces/msg/detail/landmark_msg__builder.hpp
[0.401s] -- Up-to-date: /home/mikolaj@acfr.usyd.edu.au/ros2_ws/install/my_interfaces/include/my_interfaces/my_interfaces/msg/detail/ldr_landmarks_msg3_d__traits.hpp
[0.401s] -- Up-to-date: /home/mikolaj@acfr.usyd.edu.au/ros2_ws/install/my_interfaces/include/my_interfaces/my_interfaces/msg/detail/landmarks_msg__traits.hpp
[0.401s] -- Up-to-date: /home/mikolaj@acfr.usyd.edu.au/ros2_ws/install/my_interfaces/include/my_interfaces/my_interfaces/msg/detail/ldr_landmarks_msg2_d__builder.hpp
[0.401s] -- Up-to-date: /home/mikolaj@acfr.usyd.edu.au/ros2_ws/install/my_interfaces/include/my_interfaces/my_interfaces/msg/detail/ldr_landmark_msg2_d__struct.hpp
[0.401s] -- Up-to-date: /home/mikolaj@acfr.usyd.edu.au/ros2_ws/install/my_interfaces/include/my_interfaces/my_interfaces/msg/detail/landmark_msg__struct.hpp
[0.401s] -- Up-to-date: /home/mikolaj@acfr.usyd.edu.au/ros2_ws/install/my_interfaces/include/my_interfaces/my_interfaces/msg/detail/ldr_landmark_msg3_d__struct.hpp
[0.402s] -- Up-to-date: /home/mikolaj@acfr.usyd.edu.au/ros2_ws/install/my_interfaces/include/my_interfaces/my_interfaces/msg/detail/landmark_msg__traits.hpp
[0.402s] -- Up-to-date: /home/mikolaj@acfr.usyd.edu.au/ros2_ws/install/my_interfaces/include/my_interfaces/my_interfaces/msg/detail/ldr_landmarks_msg2_d__struct.hpp
[0.402s] -- Up-to-date: /home/mikolaj@acfr.usyd.edu.au/ros2_ws/install/my_interfaces/include/my_interfaces/my_interfaces/msg/detail/ldr_landmarks_msg2_d__traits.hpp
[0.402s] -- Up-to-date: /home/mikolaj@acfr.usyd.edu.au/ros2_ws/install/my_interfaces/include/my_interfaces/my_interfaces/msg/detail/ldr_landmark_msg2_d__builder.hpp
[0.402s] -- Up-to-date: /home/mikolaj@acfr.usyd.edu.au/ros2_ws/install/my_interfaces/include/my_interfaces/my_interfaces/msg/detail/ldr_landmark_msg3_d__traits.hpp
[0.402s] -- Up-to-date: /home/mikolaj@acfr.usyd.edu.au/ros2_ws/install/my_interfaces/include/my_interfaces/my_interfaces/msg/detail/landmarks_msg__struct.hpp
[0.402s] -- Up-to-date: /home/mikolaj@acfr.usyd.edu.au/ros2_ws/install/my_interfaces/include/my_interfaces/my_interfaces/msg/ldr_landmarks_msg2_d.hpp
[0.402s] -- Up-to-date: /home/mikolaj@acfr.usyd.edu.au/ros2_ws/install/my_interfaces/include/my_interfaces/my_interfaces/msg/landmark_msg.hpp
[0.402s] -- Up-to-date: /home/mikolaj@acfr.usyd.edu.au/ros2_ws/install/my_interfaces/include/my_interfaces/my_interfaces
[0.402s] -- Up-to-date: /home/mikolaj@acfr.usyd.edu.au/ros2_ws/install/my_interfaces/include/my_interfaces/my_interfaces/msg
[0.402s] -- Up-to-date: /home/mikolaj@acfr.usyd.edu.au/ros2_ws/install/my_interfaces/include/my_interfaces/my_interfaces/msg/detail
[0.402s] -- Up-to-date: /home/mikolaj@acfr.usyd.edu.au/ros2_ws/install/my_interfaces/include/my_interfaces/my_interfaces/msg/detail/ldr_landmark_msg3_d__rosidl_typesupport_fastrtps_cpp.hpp
[0.402s] -- Up-to-date: /home/mikolaj@acfr.usyd.edu.au/ros2_ws/install/my_interfaces/include/my_interfaces/my_interfaces/msg/detail/landmark_msg__rosidl_typesupport_fastrtps_cpp.hpp
[0.402s] -- Up-to-date: /home/mikolaj@acfr.usyd.edu.au/ros2_ws/install/my_interfaces/include/my_interfaces/my_interfaces/msg/detail/ldr_landmark_msg2_d__rosidl_typesupport_fastrtps_cpp.hpp
[0.402s] -- Up-to-date: /home/mikolaj@acfr.usyd.edu.au/ros2_ws/install/my_interfaces/include/my_interfaces/my_interfaces/msg/detail/dds_fastrtps
[0.403s] -- Up-to-date: /home/mikolaj@acfr.usyd.edu.au/ros2_ws/install/my_interfaces/include/my_interfaces/my_interfaces/msg/detail/ldr_landmarks_msg2_d__rosidl_typesupport_fastrtps_cpp.hpp
[0.403s] -- Up-to-date: /home/mikolaj@acfr.usyd.edu.au/ros2_ws/install/my_interfaces/include/my_interfaces/my_interfaces/msg/detail/ldr_landmarks_msg3_d__rosidl_typesupport_fastrtps_cpp.hpp
[0.403s] -- Up-to-date: /home/mikolaj@acfr.usyd.edu.au/ros2_ws/install/my_interfaces/include/my_interfaces/my_interfaces/msg/detail/landmarks_msg__rosidl_typesupport_fastrtps_cpp.hpp
[0.403s] -- Up-to-date: /home/mikolaj@acfr.usyd.edu.au/ros2_ws/install/my_interfaces/include/my_interfaces/my_interfaces/msg/rosidl_typesupport_fastrtps_cpp__visibility_control.h
[0.403s] -- Up-to-date: /home/mikolaj@acfr.usyd.edu.au/ros2_ws/install/my_interfaces/lib/libmy_interfaces__rosidl_typesupport_fastrtps_cpp.so
[0.403s] -- Up-to-date: /home/mikolaj@acfr.usyd.edu.au/ros2_ws/install/my_interfaces/include/my_interfaces/my_interfaces
[0.403s] -- Up-to-date: /home/mikolaj@acfr.usyd.edu.au/ros2_ws/install/my_interfaces/include/my_interfaces/my_interfaces/msg
[0.403s] -- Up-to-date: /home/mikolaj@acfr.usyd.edu.au/ros2_ws/install/my_interfaces/include/my_interfaces/my_interfaces/msg/detail
[0.403s] -- Up-to-date: /home/mikolaj@acfr.usyd.edu.au/ros2_ws/install/my_interfaces/include/my_interfaces/my_interfaces/msg/detail/landmark_msg__rosidl_typesupport_introspection_cpp.hpp
[0.403s] -- Up-to-date: /home/mikolaj@acfr.usyd.edu.au/ros2_ws/install/my_interfaces/include/my_interfaces/my_interfaces/msg/detail/landmarks_msg__rosidl_typesupport_introspection_cpp.hpp
[0.403s] -- Up-to-date: /home/mikolaj@acfr.usyd.edu.au/ros2_ws/install/my_interfaces/include/my_interfaces/my_interfaces/msg/detail/landmarks_msg__type_support.cpp
[0.403s] -- Up-to-date: /home/mikolaj@acfr.usyd.edu.au/ros2_ws/install/my_interfaces/include/my_interfaces/my_interfaces/msg/detail/landmark_msg__type_support.cpp
[0.403s] -- Up-to-date: /home/mikolaj@acfr.usyd.edu.au/ros2_ws/install/my_interfaces/include/my_interfaces/my_interfaces/msg/detail/ldr_landmarks_msg2_d__type_support.cpp
[0.403s] -- Up-to-date: /home/mikolaj@acfr.usyd.edu.au/ros2_ws/install/my_interfaces/include/my_interfaces/my_interfaces/msg/detail/ldr_landmark_msg3_d__type_support.cpp
[0.403s] -- Up-to-date: /home/mikolaj@acfr.usyd.edu.au/ros2_ws/install/my_interfaces/include/my_interfaces/my_interfaces/msg/detail/ldr_landmarks_msg2_d__rosidl_typesupport_introspection_cpp.hpp
[0.403s] -- Up-to-date: /home/mikolaj@acfr.usyd.edu.au/ros2_ws/install/my_interfaces/include/my_interfaces/my_interfaces/msg/detail/ldr_landmark_msg2_d__rosidl_typesupport_introspection_cpp.hpp
[0.404s] -- Up-to-date: /home/mikolaj@acfr.usyd.edu.au/ros2_ws/install/my_interfaces/include/my_interfaces/my_interfaces/msg/detail/ldr_landmark_msg3_d__rosidl_typesupport_introspection_cpp.hpp
[0.404s] -- Up-to-date: /home/mikolaj@acfr.usyd.edu.au/ros2_ws/install/my_interfaces/include/my_interfaces/my_interfaces/msg/detail/ldr_landmark_msg2_d__type_support.cpp
[0.404s] -- Up-to-date: /home/mikolaj@acfr.usyd.edu.au/ros2_ws/install/my_interfaces/include/my_interfaces/my_interfaces/msg/detail/ldr_landmarks_msg3_d__rosidl_typesupport_introspection_cpp.hpp
[0.404s] -- Up-to-date: /home/mikolaj@acfr.usyd.edu.au/ros2_ws/install/my_interfaces/include/my_interfaces/my_interfaces/msg/detail/ldr_landmarks_msg3_d__type_support.cpp
[0.404s] -- Up-to-date: /home/mikolaj@acfr.usyd.edu.au/ros2_ws/install/my_interfaces/lib/libmy_interfaces__rosidl_typesupport_introspection_cpp.so
[0.404s] -- Up-to-date: /home/mikolaj@acfr.usyd.edu.au/ros2_ws/install/my_interfaces/lib/libmy_interfaces__rosidl_typesupport_cpp.so
[0.404s] -- Up-to-date: /home/mikolaj@acfr.usyd.edu.au/ros2_ws/install/my_interfaces/share/my_interfaces/environment/pythonpath.sh
[0.404s] -- Up-to-date: /home/mikolaj@acfr.usyd.edu.au/ros2_ws/install/my_interfaces/share/my_interfaces/environment/pythonpath.dsv
[0.404s] -- Up-to-date: /home/mikolaj@acfr.usyd.edu.au/ros2_ws/install/my_interfaces/local/lib/python3.10/dist-packages/my_interfaces-0.0.0-py3.10.egg-info
[0.404s] -- Installing: /home/mikolaj@acfr.usyd.edu.au/ros2_ws/install/my_interfaces/local/lib/python3.10/dist-packages/my_interfaces-0.0.0-py3.10.egg-info/SOURCES.txt
[0.404s] -- Installing: /home/mikolaj@acfr.usyd.edu.au/ros2_ws/install/my_interfaces/local/lib/python3.10/dist-packages/my_interfaces-0.0.0-py3.10.egg-info/dependency_links.txt
[0.404s] -- Installing: /home/mikolaj@acfr.usyd.edu.au/ros2_ws/install/my_interfaces/local/lib/python3.10/dist-packages/my_interfaces-0.0.0-py3.10.egg-info/PKG-INFO
[0.404s] -- Installing: /home/mikolaj@acfr.usyd.edu.au/ros2_ws/install/my_interfaces/local/lib/python3.10/dist-packages/my_interfaces-0.0.0-py3.10.egg-info/top_level.txt
[0.404s] -- Up-to-date: /home/mikolaj@acfr.usyd.edu.au/ros2_ws/install/my_interfaces/local/lib/python3.10/dist-packages/my_interfaces
[0.404s] -- Up-to-date: /home/mikolaj@acfr.usyd.edu.au/ros2_ws/install/my_interfaces/local/lib/python3.10/dist-packages/my_interfaces/my_interfaces_s__rosidl_typesupport_fastrtps_c.cpython-310-x86_64-linux-gnu.so
[0.404s] -- Up-to-date: /home/mikolaj@acfr.usyd.edu.au/ros2_ws/install/my_interfaces/local/lib/python3.10/dist-packages/my_interfaces/__init__.py
[0.404s] -- Up-to-date: /home/mikolaj@acfr.usyd.edu.au/ros2_ws/install/my_interfaces/local/lib/python3.10/dist-packages/my_interfaces/my_interfaces_s__rosidl_typesupport_introspection_c.cpython-310-x86_64-linux-gnu.so
[0.404s] -- Up-to-date: /home/mikolaj@acfr.usyd.edu.au/ros2_ws/install/my_interfaces/local/lib/python3.10/dist-packages/my_interfaces/_my_interfaces_s.ep.rosidl_typesupport_introspection_c.c
[0.404s] -- Up-to-date: /home/mikolaj@acfr.usyd.edu.au/ros2_ws/install/my_interfaces/local/lib/python3.10/dist-packages/my_interfaces/msg
[0.404s] -- Up-to-date: /home/mikolaj@acfr.usyd.edu.au/ros2_ws/install/my_interfaces/local/lib/python3.10/dist-packages/my_interfaces/msg/_ldr_landmark_msg2_d_s.c
[0.404s] -- Up-to-date: /home/mikolaj@acfr.usyd.edu.au/ros2_ws/install/my_interfaces/local/lib/python3.10/dist-packages/my_interfaces/msg/_landmarks_msg.py
[0.404s] -- Up-to-date: /home/mikolaj@acfr.usyd.edu.au/ros2_ws/install/my_interfaces/local/lib/python3.10/dist-packages/my_interfaces/msg/_ldr_landmark_msg2_d.py
[0.404s] -- Up-to-date: /home/mikolaj@acfr.usyd.edu.au/ros2_ws/install/my_interfaces/local/lib/python3.10/dist-packages/my_interfaces/msg/_ldr_landmarks_msg3_d.py
[0.405s] -- Up-to-date: /home/mikolaj@acfr.usyd.edu.au/ros2_ws/install/my_interfaces/local/lib/python3.10/dist-packages/my_interfaces/msg/__init__.py
[0.405s] -- Up-to-date: /home/mikolaj@acfr.usyd.edu.au/ros2_ws/install/my_interfaces/local/lib/python3.10/dist-packages/my_interfaces/msg/_landmark_msg.py
[0.405s] -- Up-to-date: /home/mikolaj@acfr.usyd.edu.au/ros2_ws/install/my_interfaces/local/lib/python3.10/dist-packages/my_interfaces/msg/_ldr_landmark_msg3_d.py
[0.405s] -- Up-to-date: /home/mikolaj@acfr.usyd.edu.au/ros2_ws/install/my_interfaces/local/lib/python3.10/dist-packages/my_interfaces/msg/_ldr_landmark_msg3_d_s.c
[0.405s] -- Up-to-date: /home/mikolaj@acfr.usyd.edu.au/ros2_ws/install/my_interfaces/local/lib/python3.10/dist-packages/my_interfaces/msg/_landmarks_msg_s.c
[0.405s] -- Up-to-date: /home/mikolaj@acfr.usyd.edu.au/ros2_ws/install/my_interfaces/local/lib/python3.10/dist-packages/my_interfaces/msg/_ldr_landmarks_msg2_d.py
[0.405s] -- Up-to-date: /home/mikolaj@acfr.usyd.edu.au/ros2_ws/install/my_interfaces/local/lib/python3.10/dist-packages/my_interfaces/msg/_ldr_landmarks_msg2_d_s.c
[0.405s] -- Up-to-date: /home/mikolaj@acfr.usyd.edu.au/ros2_ws/install/my_interfaces/local/lib/python3.10/dist-packages/my_interfaces/msg/_ldr_landmarks_msg3_d_s.c
[0.405s] -- Up-to-date: /home/mikolaj@acfr.usyd.edu.au/ros2_ws/install/my_interfaces/local/lib/python3.10/dist-packages/my_interfaces/msg/_landmark_msg_s.c
[0.405s] -- Up-to-date: /home/mikolaj@acfr.usyd.edu.au/ros2_ws/install/my_interfaces/local/lib/python3.10/dist-packages/my_interfaces/my_interfaces_s__rosidl_typesupport_c.cpython-310-x86_64-linux-gnu.so
[0.405s] -- Up-to-date: /home/mikolaj@acfr.usyd.edu.au/ros2_ws/install/my_interfaces/local/lib/python3.10/dist-packages/my_interfaces/_my_interfaces_s.ep.rosidl_typesupport_fastrtps_c.c
[0.405s] -- Up-to-date: /home/mikolaj@acfr.usyd.edu.au/ros2_ws/install/my_interfaces/local/lib/python3.10/dist-packages/my_interfaces/libmy_interfaces__rosidl_generator_py.so
[0.405s] -- Up-to-date: /home/mikolaj@acfr.usyd.edu.au/ros2_ws/install/my_interfaces/local/lib/python3.10/dist-packages/my_interfaces/_my_interfaces_s.ep.rosidl_typesupport_c.c
[0.417s] Listing '/home/mikolaj@acfr.usyd.edu.au/ros2_ws/install/my_interfaces/local/lib/python3.10/dist-packages/my_interfaces'...
[0.417s] Listing '/home/mikolaj@acfr.usyd.edu.au/ros2_ws/install/my_interfaces/local/lib/python3.10/dist-packages/my_interfaces/msg'...
[0.419s] -- Up-to-date: /home/mikolaj@acfr.usyd.edu.au/ros2_ws/install/my_interfaces/local/lib/python3.10/dist-packages/my_interfaces/my_interfaces_s__rosidl_typesupport_fastrtps_c.cpython-310-x86_64-linux-gnu.so
[0.419s] -- Up-to-date: /home/mikolaj@acfr.usyd.edu.au/ros2_ws/install/my_interfaces/local/lib/python3.10/dist-packages/my_interfaces/my_interfaces_s__rosidl_typesupport_introspection_c.cpython-310-x86_64-linux-gnu.so
[0.419s] -- Up-to-date: /home/mikolaj@acfr.usyd.edu.au/ros2_ws/install/my_interfaces/local/lib/python3.10/dist-packages/my_interfaces/my_interfaces_s__rosidl_typesupport_c.cpython-310-x86_64-linux-gnu.so
[0.419s] -- Up-to-date: /home/mikolaj@acfr.usyd.edu.au/ros2_ws/install/my_interfaces/lib/libmy_interfaces__rosidl_generator_py.so
[0.420s] -- Up-to-date: /home/mikolaj@acfr.usyd.edu.au/ros2_ws/install/my_interfaces/share/my_interfaces/msg/LdrLandmarkMsg2D.idl
[0.420s] -- Up-to-date: /home/mikolaj@acfr.usyd.edu.au/ros2_ws/install/my_interfaces/share/my_interfaces/msg/LdrLandmarkMsg3D.idl
[0.420s] -- Up-to-date: /home/mikolaj@acfr.usyd.edu.au/ros2_ws/install/my_interfaces/share/my_interfaces/msg/LdrLandmarksMsg2D.idl
[0.420s] -- Up-to-date: /home/mikolaj@acfr.usyd.edu.au/ros2_ws/install/my_interfaces/share/my_interfaces/msg/LdrLandmarksMsg3D.idl
[0.420s] -- Up-to-date: /home/mikolaj@acfr.usyd.edu.au/ros2_ws/install/my_interfaces/share/my_interfaces/msg/LdrLandmarkMsg2D.msg
[0.420s] -- Up-to-date: /home/mikolaj@acfr.usyd.edu.au/ros2_ws/install/my_interfaces/share/my_interfaces/msg/LdrLandmarkMsg3D.msg
[0.420s] -- Up-to-date: /home/mikolaj@acfr.usyd.edu.au/ros2_ws/install/my_interfaces/share/my_interfaces/msg/LdrLandmarksMsg2D.msg
[0.420s] -- Up-to-date: /home/mikolaj@acfr.usyd.edu.au/ros2_ws/install/my_interfaces/share/my_interfaces/msg/LdrLandmarksMsg3D.msg
[0.420s] -- Up-to-date: /home/mikolaj@acfr.usyd.edu.au/ros2_ws/install/my_interfaces/share/ament_index/resource_index/package_run_dependencies/my_interfaces
[0.420s] -- Up-to-date: /home/mikolaj@acfr.usyd.edu.au/ros2_ws/install/my_interfaces/share/ament_index/resource_index/parent_prefix_path/my_interfaces
[0.420s] -- Up-to-date: /home/mikolaj@acfr.usyd.edu.au/ros2_ws/install/my_interfaces/share/my_interfaces/environment/ament_prefix_path.sh
[0.420s] -- Up-to-date: /home/mikolaj@acfr.usyd.edu.au/ros2_ws/install/my_interfaces/share/my_interfaces/environment/ament_prefix_path.dsv
[0.420s] -- Up-to-date: /home/mikolaj@acfr.usyd.edu.au/ros2_ws/install/my_interfaces/share/my_interfaces/environment/path.sh
[0.420s] -- Up-to-date: /home/mikolaj@acfr.usyd.edu.au/ros2_ws/install/my_interfaces/share/my_interfaces/environment/path.dsv
[0.420s] -- Up-to-date: /home/mikolaj@acfr.usyd.edu.au/ros2_ws/install/my_interfaces/share/my_interfaces/local_setup.bash
[0.420s] -- Up-to-date: /home/mikolaj@acfr.usyd.edu.au/ros2_ws/install/my_interfaces/share/my_interfaces/local_setup.sh
[0.420s] -- Up-to-date: /home/mikolaj@acfr.usyd.edu.au/ros2_ws/install/my_interfaces/share/my_interfaces/local_setup.zsh
[0.420s] -- Up-to-date: /home/mikolaj@acfr.usyd.edu.au/ros2_ws/install/my_interfaces/share/my_interfaces/local_setup.dsv
[0.420s] -- Installing: /home/mikolaj@acfr.usyd.edu.au/ros2_ws/install/my_interfaces/share/my_interfaces/package.dsv
[0.420s] -- Up-to-date: /home/mikolaj@acfr.usyd.edu.au/ros2_ws/install/my_interfaces/share/ament_index/resource_index/packages/my_interfaces
[0.420s] -- Up-to-date: /home/mikolaj@acfr.usyd.edu.au/ros2_ws/install/my_interfaces/share/my_interfaces/cmake/export_my_interfaces__rosidl_generator_cExport.cmake
[0.420s] -- Up-to-date: /home/mikolaj@acfr.usyd.edu.au/ros2_ws/install/my_interfaces/share/my_interfaces/cmake/export_my_interfaces__rosidl_generator_cExport-noconfig.cmake
[0.420s] -- Up-to-date: /home/mikolaj@acfr.usyd.edu.au/ros2_ws/install/my_interfaces/share/my_interfaces/cmake/export_my_interfaces__rosidl_typesupport_fastrtps_cExport.cmake
[0.420s] -- Up-to-date: /home/mikolaj@acfr.usyd.edu.au/ros2_ws/install/my_interfaces/share/my_interfaces/cmake/export_my_interfaces__rosidl_typesupport_fastrtps_cExport-noconfig.cmake
[0.420s] -- Up-to-date: /home/mikolaj@acfr.usyd.edu.au/ros2_ws/install/my_interfaces/share/my_interfaces/cmake/my_interfaces__rosidl_typesupport_introspection_cExport.cmake
[0.420s] -- Up-to-date: /home/mikolaj@acfr.usyd.edu.au/ros2_ws/install/my_interfaces/share/my_interfaces/cmake/my_interfaces__rosidl_typesupport_introspection_cExport-noconfig.cmake
[0.420s] -- Up-to-date: /home/mikolaj@acfr.usyd.edu.au/ros2_ws/install/my_interfaces/share/my_interfaces/cmake/my_interfaces__rosidl_typesupport_cExport.cmake
[0.420s] -- Up-to-date: /home/mikolaj@acfr.usyd.edu.au/ros2_ws/install/my_interfaces/share/my_interfaces/cmake/my_interfaces__rosidl_typesupport_cExport-noconfig.cmake
[0.420s] -- Up-to-date: /home/mikolaj@acfr.usyd.edu.au/ros2_ws/install/my_interfaces/share/my_interfaces/cmake/export_my_interfaces__rosidl_generator_cppExport.cmake
[0.420s] -- Up-to-date: /home/mikolaj@acfr.usyd.edu.au/ros2_ws/install/my_interfaces/share/my_interfaces/cmake/export_my_interfaces__rosidl_typesupport_fastrtps_cppExport.cmake
[0.421s] -- Up-to-date: /home/mikolaj@acfr.usyd.edu.au/ros2_ws/install/my_interfaces/share/my_interfaces/cmake/export_my_interfaces__rosidl_typesupport_fastrtps_cppExport-noconfig.cmake
[0.421s] -- Up-to-date: /home/mikolaj@acfr.usyd.edu.au/ros2_ws/install/my_interfaces/share/my_interfaces/cmake/my_interfaces__rosidl_typesupport_introspection_cppExport.cmake
[0.421s] -- Up-to-date: /home/mikolaj@acfr.usyd.edu.au/ros2_ws/install/my_interfaces/share/my_interfaces/cmake/my_interfaces__rosidl_typesupport_introspection_cppExport-noconfig.cmake
[0.421s] -- Up-to-date: /home/mikolaj@acfr.usyd.edu.au/ros2_ws/install/my_interfaces/share/my_interfaces/cmake/my_interfaces__rosidl_typesupport_cppExport.cmake
[0.421s] -- Up-to-date: /home/mikolaj@acfr.usyd.edu.au/ros2_ws/install/my_interfaces/share/my_interfaces/cmake/my_interfaces__rosidl_typesupport_cppExport-noconfig.cmake
[0.421s] -- Up-to-date: /home/mikolaj@acfr.usyd.edu.au/ros2_ws/install/my_interfaces/share/my_interfaces/cmake/export_my_interfaces__rosidl_generator_pyExport.cmake
[0.421s] -- Up-to-date: /home/mikolaj@acfr.usyd.edu.au/ros2_ws/install/my_interfaces/share/my_interfaces/cmake/export_my_interfaces__rosidl_generator_pyExport-noconfig.cmake
[0.421s] -- Up-to-date: /home/mikolaj@acfr.usyd.edu.au/ros2_ws/install/my_interfaces/share/my_interfaces/cmake/rosidl_cmake-extras.cmake
[0.421s] -- Up-to-date: /home/mikolaj@acfr.usyd.edu.au/ros2_ws/install/my_interfaces/share/my_interfaces/cmake/ament_cmake_export_include_directories-extras.cmake
[0.421s] -- Up-to-date: /home/mikolaj@acfr.usyd.edu.au/ros2_ws/install/my_interfaces/share/my_interfaces/cmake/ament_cmake_export_libraries-extras.cmake
[0.421s] -- Up-to-date: /home/mikolaj@acfr.usyd.edu.au/ros2_ws/install/my_interfaces/share/my_interfaces/cmake/ament_cmake_export_targets-extras.cmake
[0.421s] -- Up-to-date: /home/mikolaj@acfr.usyd.edu.au/ros2_ws/install/my_interfaces/share/my_interfaces/cmake/rosidl_cmake_export_typesupport_targets-extras.cmake
[0.421s] -- Up-to-date: /home/mikolaj@acfr.usyd.edu.au/ros2_ws/install/my_interfaces/share/my_interfaces/cmake/ament_cmake_export_dependencies-extras.cmake
[0.421s] -- Up-to-date: /home/mikolaj@acfr.usyd.edu.au/ros2_ws/install/my_interfaces/share/my_interfaces/cmake/rosidl_cmake_export_typesupport_libraries-extras.cmake
[0.421s] -- Up-to-date: /home/mikolaj@acfr.usyd.edu.au/ros2_ws/install/my_interfaces/share/my_interfaces/cmake/my_interfacesConfig.cmake
[0.421s] -- Up-to-date: /home/mikolaj@acfr.usyd.edu.au/ros2_ws/install/my_interfaces/share/my_interfaces/cmake/my_interfacesConfig-version.cmake
[0.421s] -- Up-to-date: /home/mikolaj@acfr.usyd.edu.au/ros2_ws/install/my_interfaces/share/my_interfaces/package.xml
[0.422s] Invoked command in '/home/mikolaj@acfr.usyd.edu.au/ros2_ws/build/my_interfaces' returned '0': CMAKE_PREFIX_PATH=/opt/ros/humble:${CMAKE_PREFIX_PATH} /usr/bin/cmake --install /home/mikolaj@acfr.usyd.edu.au/ros2_ws/build/my_interfaces
