-- Found ament_cmake: 1.3.9 (/opt/ros/humble/share/ament_cmake/cmake)
-- Found rosidl_default_generators: 1.2.0 (/opt/ros/humble/share/rosidl_default_generators/cmake)
-- Using all available rosidl_typesupport_c: rosidl_typesupport_fastrtps_c;rosidl_typesupport_introspection_c
-- Found rosidl_adapter: 3.1.5 (/opt/ros/humble/share/rosidl_adapter/cmake)
-- Using all available rosidl_typesupport_cpp: rosidl_typesupport_fastrtps_cpp;rosidl_typesupport_introspection_cpp
-- Found ament_cmake_ros: 0.10.0 (/opt/ros/humble/share/ament_cmake_ros/cmake)
-- Using all available rosidl_typesupport_c: rosidl_typesupport_fastrtps_c;rosidl_typesupport_introspection_c
-- Using all available rosidl_typesupport_cpp: rosidl_typesupport_fastrtps_cpp;rosidl_typesupport_introspection_cpp
-- Found python_cmake_module: 0.10.0 (/opt/ros/humble/share/python_cmake_module/cmake)
-- Using PYTHON_EXECUTABLE: /usr/bin/python3
-- Using PYTHON_INCLUDE_DIRS: /usr/include/python3.10
-- Using PYTHON_LIBRARIES: /usr/lib/x86_64-linux-gnu/libpython3.10.so
-- Configuring done
-- Generating done
-- Build files have been written to: /home/mikolaj@acfr.usyd.edu.au/ros2_ws/build/my_interfaces
[  1%] [34m[1mGenerating C code for ROS interfaces[0m
[  3%] [34m[1mGenerating C++ code for ROS interfaces[0m
[  3%] Built target ament_cmake_python_copy_my_interfaces
running egg_info
writing my_interfaces.egg-info/PKG-INFO
writing dependency_links to my_interfaces.egg-info/dependency_links.txt
writing top-level names to my_interfaces.egg-info/top_level.txt
reading manifest file 'my_interfaces.egg-info/SOURCES.txt'
writing manifest file 'my_interfaces.egg-info/SOURCES.txt'
[  3%] Built target ament_cmake_python_build_my_interfaces_egg
[  3%] Built target my_interfaces__cpp
[  9%] [34m[1mGenerating C++ type support for eProsima Fast-RTPS[0m
[  9%] [34m[1mGenerating C++ introspection for ROS interfaces[0m
[  9%] [34m[1mGenerating C++ type support dispatch for ROS interfaces[0m
[ 14%] [32mBuilding C object CMakeFiles/my_interfaces__rosidl_generator_c.dir/rosidl_generator_c/my_interfaces/msg/detail/ldr_landmark_msg2_d__functions.c.o[0m
[ 14%] [32mBuilding C object CMakeFiles/my_interfaces__rosidl_generator_c.dir/rosidl_generator_c/my_interfaces/msg/detail/ldr_landmarks_msg2_d__functions.c.o[0m
[ 14%] [32mBuilding C object CMakeFiles/my_interfaces__rosidl_generator_c.dir/rosidl_generator_c/my_interfaces/msg/detail/ldr_landmark_msg3_d__functions.c.o[0m
[ 16%] [32mBuilding C object CMakeFiles/my_interfaces__rosidl_generator_c.dir/rosidl_generator_c/my_interfaces/msg/detail/ldr_landmarks_msg3_d__functions.c.o[0m
[ 18%] [32m[1mLinking C shared library libmy_interfaces__rosidl_generator_c.so[0m
[ 18%] Built target my_interfaces__rosidl_generator_c
[ 23%] [34m[1mGenerating C introspection for ROS interfaces[0m
[ 23%] [34m[1mGenerating C type support dispatch for ROS interfaces[0m
[ 23%] [34m[1mGenerating C type support for eProsima Fast-RTPS[0m
[ 25%] [32mBuilding CXX object CMakeFiles/my_interfaces__rosidl_typesupport_cpp.dir/rosidl_typesupport_cpp/my_interfaces/msg/ldr_landmark_msg2_d__type_support.cpp.o[0m
[ 27%] [32mBuilding CXX object CMakeFiles/my_interfaces__rosidl_typesupport_cpp.dir/rosidl_typesupport_cpp/my_interfaces/msg/ldr_landmarks_msg3_d__type_support.cpp.o[0m
[ 29%] [32mBuilding CXX object CMakeFiles/my_interfaces__rosidl_typesupport_cpp.dir/rosidl_typesupport_cpp/my_interfaces/msg/ldr_landmarks_msg2_d__type_support.cpp.o[0m
[ 30%] [32mBuilding CXX object CMakeFiles/my_interfaces__rosidl_typesupport_cpp.dir/rosidl_typesupport_cpp/my_interfaces/msg/ldr_landmark_msg3_d__type_support.cpp.o[0m
[ 32%] [32mBuilding CXX object CMakeFiles/my_interfaces__rosidl_typesupport_introspection_cpp.dir/rosidl_typesupport_introspection_cpp/my_interfaces/msg/detail/ldr_landmark_msg2_d__type_support.cpp.o[0m
[ 34%] [32mBuilding CXX object CMakeFiles/my_interfaces__rosidl_typesupport_introspection_cpp.dir/rosidl_typesupport_introspection_cpp/my_interfaces/msg/detail/ldr_landmark_msg3_d__type_support.cpp.o[0m
[ 38%] [32mBuilding CXX object CMakeFiles/my_interfaces__rosidl_typesupport_introspection_cpp.dir/rosidl_typesupport_introspection_cpp/my_interfaces/msg/detail/ldr_landmarks_msg2_d__type_support.cpp.o[0m
[ 38%] [32mBuilding CXX object CMakeFiles/my_interfaces__rosidl_typesupport_introspection_cpp.dir/rosidl_typesupport_introspection_cpp/my_interfaces/msg/detail/ldr_landmarks_msg3_d__type_support.cpp.o[0m
[ 45%] [32mBuilding CXX object CMakeFiles/my_interfaces__rosidl_typesupport_fastrtps_cpp.dir/rosidl_typesupport_fastrtps_cpp/my_interfaces/msg/detail/dds_fastrtps/ldr_landmarks_msg3_d__type_support.cpp.o[0m
[ 45%] [32mBuilding CXX object CMakeFiles/my_interfaces__rosidl_typesupport_fastrtps_cpp.dir/rosidl_typesupport_fastrtps_cpp/my_interfaces/msg/detail/dds_fastrtps/ldr_landmarks_msg2_d__type_support.cpp.o[0m
[ 45%] [32mBuilding CXX object CMakeFiles/my_interfaces__rosidl_typesupport_fastrtps_cpp.dir/rosidl_typesupport_fastrtps_cpp/my_interfaces/msg/detail/dds_fastrtps/ldr_landmark_msg3_d__type_support.cpp.o[0m
[ 45%] [32mBuilding CXX object CMakeFiles/my_interfaces__rosidl_typesupport_fastrtps_cpp.dir/rosidl_typesupport_fastrtps_cpp/my_interfaces/msg/detail/dds_fastrtps/ldr_landmark_msg2_d__type_support.cpp.o[0m
[ 47%] [32mBuilding CXX object CMakeFiles/my_interfaces__rosidl_typesupport_c.dir/rosidl_typesupport_c/my_interfaces/msg/ldr_landmark_msg2_d__type_support.cpp.o[0m
[ 49%] [32mBuilding CXX object CMakeFiles/my_interfaces__rosidl_typesupport_c.dir/rosidl_typesupport_c/my_interfaces/msg/ldr_landmark_msg3_d__type_support.cpp.o[0m
[ 50%] [32mBuilding CXX object CMakeFiles/my_interfaces__rosidl_typesupport_c.dir/rosidl_typesupport_c/my_interfaces/msg/ldr_landmarks_msg2_d__type_support.cpp.o[0m
[ 52%] [32mBuilding CXX object CMakeFiles/my_interfaces__rosidl_typesupport_c.dir/rosidl_typesupport_c/my_interfaces/msg/ldr_landmarks_msg3_d__type_support.cpp.o[0m
[ 54%] [32mBuilding C object CMakeFiles/my_interfaces__rosidl_typesupport_introspection_c.dir/rosidl_typesupport_introspection_c/my_interfaces/msg/detail/ldr_landmark_msg2_d__type_support.c.o[0m
[ 56%] [32mBuilding C object CMakeFiles/my_interfaces__rosidl_typesupport_introspection_c.dir/rosidl_typesupport_introspection_c/my_interfaces/msg/detail/ldr_landmark_msg3_d__type_support.c.o[0m
[ 58%] [32mBuilding C object CMakeFiles/my_interfaces__rosidl_typesupport_introspection_c.dir/rosidl_typesupport_introspection_c/my_interfaces/msg/detail/ldr_landmarks_msg2_d__type_support.c.o[0m
[ 60%] [32mBuilding C object CMakeFiles/my_interfaces__rosidl_typesupport_introspection_c.dir/rosidl_typesupport_introspection_c/my_interfaces/msg/detail/ldr_landmarks_msg3_d__type_support.c.o[0m
[ 61%] [32m[1mLinking CXX shared library libmy_interfaces__rosidl_typesupport_c.so[0m
[ 63%] [32mBuilding CXX object CMakeFiles/my_interfaces__rosidl_typesupport_fastrtps_c.dir/rosidl_typesupport_fastrtps_c/my_interfaces/msg/detail/ldr_landmark_msg3_d__type_support_c.cpp.o[0m
[ 65%] [32mBuilding CXX object CMakeFiles/my_interfaces__rosidl_typesupport_fastrtps_c.dir/rosidl_typesupport_fastrtps_c/my_interfaces/msg/detail/ldr_landmark_msg2_d__type_support_c.cpp.o[0m
[ 67%] [32mBuilding CXX object CMakeFiles/my_interfaces__rosidl_typesupport_fastrtps_c.dir/rosidl_typesupport_fastrtps_c/my_interfaces/msg/detail/ldr_landmarks_msg2_d__type_support_c.cpp.o[0m
[ 69%] [32mBuilding CXX object CMakeFiles/my_interfaces__rosidl_typesupport_fastrtps_c.dir/rosidl_typesupport_fastrtps_c/my_interfaces/msg/detail/ldr_landmarks_msg3_d__type_support_c.cpp.o[0m
[ 69%] Built target my_interfaces__rosidl_typesupport_c
[ 70%] [32m[1mLinking C shared library libmy_interfaces__rosidl_typesupport_introspection_c.so[0m
[ 70%] Built target my_interfaces__rosidl_typesupport_introspection_c
[ 72%] [32m[1mLinking CXX shared library libmy_interfaces__rosidl_typesupport_cpp.so[0m
[ 72%] Built target my_interfaces__rosidl_typesupport_cpp
[ 74%] [32m[1mLinking CXX shared library libmy_interfaces__rosidl_typesupport_introspection_cpp.so[0m
[ 74%] Built target my_interfaces__rosidl_typesupport_introspection_cpp
[ 76%] [32m[1mLinking CXX shared library libmy_interfaces__rosidl_typesupport_fastrtps_cpp.so[0m
[ 78%] [32m[1mLinking CXX shared library libmy_interfaces__rosidl_typesupport_fastrtps_c.so[0m
[ 78%] Built target my_interfaces__rosidl_typesupport_fastrtps_cpp
[ 78%] Built target my_interfaces__rosidl_typesupport_fastrtps_c
[ 78%] Built target my_interfaces
[ 80%] [34m[1mGenerating Python code for ROS interfaces[0m
[ 80%] Built target my_interfaces__py
[ 81%] [32mBuilding C object CMakeFiles/my_interfaces__rosidl_generator_py.dir/rosidl_generator_py/my_interfaces/msg/_ldr_landmark_msg2_d_s.c.o[0m
[ 83%] [32mBuilding C object CMakeFiles/my_interfaces__rosidl_generator_py.dir/rosidl_generator_py/my_interfaces/msg/_ldr_landmark_msg3_d_s.c.o[0m
[ 85%] [32mBuilding C object CMakeFiles/my_interfaces__rosidl_generator_py.dir/rosidl_generator_py/my_interfaces/msg/_ldr_landmarks_msg2_d_s.c.o[0m
[ 87%] [32mBuilding C object CMakeFiles/my_interfaces__rosidl_generator_py.dir/rosidl_generator_py/my_interfaces/msg/_ldr_landmarks_msg3_d_s.c.o[0m
[ 89%] [32m[1mLinking C shared library rosidl_generator_py/my_interfaces/libmy_interfaces__rosidl_generator_py.so[0m
[ 89%] Built target my_interfaces__rosidl_generator_py
[35m[1mConsolidate compiler generated dependencies of target my_interfaces__rosidl_typesupport_fastrtps_c__pyext[0m
[35m[1mConsolidate compiler generated dependencies of target my_interfaces__rosidl_typesupport_introspection_c__pyext[0m
[35m[1mConsolidate compiler generated dependencies of target my_interfaces__rosidl_typesupport_c__pyext[0m
[ 92%] [32mBuilding C object CMakeFiles/my_interfaces__rosidl_typesupport_introspection_c__pyext.dir/rosidl_generator_py/my_interfaces/_my_interfaces_s.ep.rosidl_typesupport_introspection_c.c.o[0m
[ 92%] [32mBuilding C object CMakeFiles/my_interfaces__rosidl_typesupport_fastrtps_c__pyext.dir/rosidl_generator_py/my_interfaces/_my_interfaces_s.ep.rosidl_typesupport_fastrtps_c.c.o[0m
[ 94%] [32mBuilding C object CMakeFiles/my_interfaces__rosidl_typesupport_c__pyext.dir/rosidl_generator_py/my_interfaces/_my_interfaces_s.ep.rosidl_typesupport_c.c.o[0m
[ 98%] [32m[1mLinking C shared library rosidl_generator_py/my_interfaces/my_interfaces_s__rosidl_typesupport_introspection_c.cpython-310-x86_64-linux-gnu.so[0m
[ 98%] [32m[1mLinking C shared library rosidl_generator_py/my_interfaces/my_interfaces_s__rosidl_typesupport_c.cpython-310-x86_64-linux-gnu.so[0m
[100%] [32m[1mLinking C shared library rosidl_generator_py/my_interfaces/my_interfaces_s__rosidl_typesupport_fastrtps_c.cpython-310-x86_64-linux-gnu.so[0m
[100%] Built target my_interfaces__rosidl_typesupport_introspection_c__pyext
[100%] Built target my_interfaces__rosidl_typesupport_c__pyext
[100%] Built target my_interfaces__rosidl_typesupport_fastrtps_c__pyext
-- Install configuration: ""
-- Installing: /home/mikolaj@acfr.usyd.edu.au/ros2_ws/install/my_interfaces/share/ament_index/resource_index/rosidl_interfaces/my_interfaces
-- Up-to-date: /home/mikolaj@acfr.usyd.edu.au/ros2_ws/install/my_interfaces/include/my_interfaces/my_interfaces
-- Up-to-date: /home/mikolaj@acfr.usyd.edu.au/ros2_ws/install/my_interfaces/include/my_interfaces/my_interfaces/msg
-- Installing: /home/mikolaj@acfr.usyd.edu.au/ros2_ws/install/my_interfaces/include/my_interfaces/my_interfaces/msg/ldr_landmarks_msg3_d.h
-- Installing: /home/mikolaj@acfr.usyd.edu.au/ros2_ws/install/my_interfaces/include/my_interfaces/my_interfaces/msg/ldr_landmark_msg3_d.h
-- Up-to-date: /home/mikolaj@acfr.usyd.edu.au/ros2_ws/install/my_interfaces/include/my_interfaces/my_interfaces/msg/rosidl_generator_c__visibility_control.h
-- Up-to-date: /home/mikolaj@acfr.usyd.edu.au/ros2_ws/install/my_interfaces/include/my_interfaces/my_interfaces/msg/landmark_msg.h
-- Installing: /home/mikolaj@acfr.usyd.edu.au/ros2_ws/install/my_interfaces/include/my_interfaces/my_interfaces/msg/ldr_landmarks_msg2_d.h
-- Up-to-date: /home/mikolaj@acfr.usyd.edu.au/ros2_ws/install/my_interfaces/include/my_interfaces/my_interfaces/msg/detail
-- Installing: /home/mikolaj@acfr.usyd.edu.au/ros2_ws/install/my_interfaces/include/my_interfaces/my_interfaces/msg/detail/ldr_landmarks_msg2_d__functions.c
-- Installing: /home/mikolaj@acfr.usyd.edu.au/ros2_ws/install/my_interfaces/include/my_interfaces/my_interfaces/msg/detail/ldr_landmark_msg3_d__struct.h
-- Installing: /home/mikolaj@acfr.usyd.edu.au/ros2_ws/install/my_interfaces/include/my_interfaces/my_interfaces/msg/detail/ldr_landmark_msg3_d__functions.c
-- Installing: /home/mikolaj@acfr.usyd.edu.au/ros2_ws/install/my_interfaces/include/my_interfaces/my_interfaces/msg/detail/ldr_landmarks_msg3_d__struct.h
-- Installing: /home/mikolaj@acfr.usyd.edu.au/ros2_ws/install/my_interfaces/include/my_interfaces/my_interfaces/msg/detail/ldr_landmark_msg3_d__functions.h
-- Installing: /home/mikolaj@acfr.usyd.edu.au/ros2_ws/install/my_interfaces/include/my_interfaces/my_interfaces/msg/detail/ldr_landmarks_msg2_d__type_support.h
-- Up-to-date: /home/mikolaj@acfr.usyd.edu.au/ros2_ws/install/my_interfaces/include/my_interfaces/my_interfaces/msg/detail/landmarks_msg__functions.h
-- Installing: /home/mikolaj@acfr.usyd.edu.au/ros2_ws/install/my_interfaces/include/my_interfaces/my_interfaces/msg/detail/ldr_landmark_msg2_d__functions.c
-- Up-to-date: /home/mikolaj@acfr.usyd.edu.au/ros2_ws/install/my_interfaces/include/my_interfaces/my_interfaces/msg/detail/landmarks_msg__functions.c
-- Up-to-date: /home/mikolaj@acfr.usyd.edu.au/ros2_ws/install/my_interfaces/include/my_interfaces/my_interfaces/msg/detail/landmarks_msg__struct.h
-- Installing: /home/mikolaj@acfr.usyd.edu.au/ros2_ws/install/my_interfaces/include/my_interfaces/my_interfaces/msg/detail/ldr_landmarks_msg2_d__functions.h
-- Up-to-date: /home/mikolaj@acfr.usyd.edu.au/ros2_ws/install/my_interfaces/include/my_interfaces/my_interfaces/msg/detail/landmark_msg__functions.c
-- Up-to-date: /home/mikolaj@acfr.usyd.edu.au/ros2_ws/install/my_interfaces/include/my_interfaces/my_interfaces/msg/detail/landmark_msg__struct.h
-- Installing: /home/mikolaj@acfr.usyd.edu.au/ros2_ws/install/my_interfaces/include/my_interfaces/my_interfaces/msg/detail/ldr_landmarks_msg3_d__functions.h
-- Installing: /home/mikolaj@acfr.usyd.edu.au/ros2_ws/install/my_interfaces/include/my_interfaces/my_interfaces/msg/detail/ldr_landmark_msg2_d__struct.h
-- Installing: /home/mikolaj@acfr.usyd.edu.au/ros2_ws/install/my_interfaces/include/my_interfaces/my_interfaces/msg/detail/ldr_landmark_msg2_d__functions.h
-- Installing: /home/mikolaj@acfr.usyd.edu.au/ros2_ws/install/my_interfaces/include/my_interfaces/my_interfaces/msg/detail/ldr_landmarks_msg3_d__functions.c
-- Installing: /home/mikolaj@acfr.usyd.edu.au/ros2_ws/install/my_interfaces/include/my_interfaces/my_interfaces/msg/detail/ldr_landmarks_msg3_d__type_support.h
-- Installing: /home/mikolaj@acfr.usyd.edu.au/ros2_ws/install/my_interfaces/include/my_interfaces/my_interfaces/msg/detail/ldr_landmarks_msg2_d__struct.h
-- Installing: /home/mikolaj@acfr.usyd.edu.au/ros2_ws/install/my_interfaces/include/my_interfaces/my_interfaces/msg/detail/ldr_landmark_msg3_d__type_support.h
-- Up-to-date: /home/mikolaj@acfr.usyd.edu.au/ros2_ws/install/my_interfaces/include/my_interfaces/my_interfaces/msg/detail/landmarks_msg__type_support.h
-- Up-to-date: /home/mikolaj@acfr.usyd.edu.au/ros2_ws/install/my_interfaces/include/my_interfaces/my_interfaces/msg/detail/landmark_msg__type_support.h
-- Installing: /home/mikolaj@acfr.usyd.edu.au/ros2_ws/install/my_interfaces/include/my_interfaces/my_interfaces/msg/detail/ldr_landmark_msg2_d__type_support.h
-- Up-to-date: /home/mikolaj@acfr.usyd.edu.au/ros2_ws/install/my_interfaces/include/my_interfaces/my_interfaces/msg/detail/landmark_msg__functions.h
-- Installing: /home/mikolaj@acfr.usyd.edu.au/ros2_ws/install/my_interfaces/include/my_interfaces/my_interfaces/msg/ldr_landmark_msg2_d.h
-- Up-to-date: /home/mikolaj@acfr.usyd.edu.au/ros2_ws/install/my_interfaces/include/my_interfaces/my_interfaces/msg/landmarks_msg.h
-- Up-to-date: /home/mikolaj@acfr.usyd.edu.au/ros2_ws/install/my_interfaces/share/my_interfaces/environment/library_path.sh
-- Installing: /home/mikolaj@acfr.usyd.edu.au/ros2_ws/install/my_interfaces/share/my_interfaces/environment/library_path.dsv
-- Installing: /home/mikolaj@acfr.usyd.edu.au/ros2_ws/install/my_interfaces/lib/libmy_interfaces__rosidl_generator_c.so
-- Set runtime path of "/home/mikolaj@acfr.usyd.edu.au/ros2_ws/install/my_interfaces/lib/libmy_interfaces__rosidl_generator_c.so" to ""
-- Up-to-date: /home/mikolaj@acfr.usyd.edu.au/ros2_ws/install/my_interfaces/include/my_interfaces/my_interfaces
-- Up-to-date: /home/mikolaj@acfr.usyd.edu.au/ros2_ws/install/my_interfaces/include/my_interfaces/my_interfaces/msg
-- Up-to-date: /home/mikolaj@acfr.usyd.edu.au/ros2_ws/install/my_interfaces/include/my_interfaces/my_interfaces/msg/rosidl_typesupport_fastrtps_c__visibility_control.h
-- Up-to-date: /home/mikolaj@acfr.usyd.edu.au/ros2_ws/install/my_interfaces/include/my_interfaces/my_interfaces/msg/detail
-- Installing: /home/mikolaj@acfr.usyd.edu.au/ros2_ws/install/my_interfaces/include/my_interfaces/my_interfaces/msg/detail/ldr_landmark_msg2_d__rosidl_typesupport_fastrtps_c.h
-- Installing: /home/mikolaj@acfr.usyd.edu.au/ros2_ws/install/my_interfaces/include/my_interfaces/my_interfaces/msg/detail/ldr_landmark_msg3_d__rosidl_typesupport_fastrtps_c.h
-- Up-to-date: /home/mikolaj@acfr.usyd.edu.au/ros2_ws/install/my_interfaces/include/my_interfaces/my_interfaces/msg/detail/landmarks_msg__rosidl_typesupport_fastrtps_c.h
-- Up-to-date: /home/mikolaj@acfr.usyd.edu.au/ros2_ws/install/my_interfaces/include/my_interfaces/my_interfaces/msg/detail/landmark_msg__rosidl_typesupport_fastrtps_c.h
-- Installing: /home/mikolaj@acfr.usyd.edu.au/ros2_ws/install/my_interfaces/include/my_interfaces/my_interfaces/msg/detail/ldr_landmarks_msg3_d__rosidl_typesupport_fastrtps_c.h
-- Installing: /home/mikolaj@acfr.usyd.edu.au/ros2_ws/install/my_interfaces/include/my_interfaces/my_interfaces/msg/detail/ldr_landmarks_msg2_d__rosidl_typesupport_fastrtps_c.h
-- Installing: /home/mikolaj@acfr.usyd.edu.au/ros2_ws/install/my_interfaces/lib/libmy_interfaces__rosidl_typesupport_fastrtps_c.so
-- Set runtime path of "/home/mikolaj@acfr.usyd.edu.au/ros2_ws/install/my_interfaces/lib/libmy_interfaces__rosidl_typesupport_fastrtps_c.so" to ""
-- Up-to-date: /home/mikolaj@acfr.usyd.edu.au/ros2_ws/install/my_interfaces/include/my_interfaces/my_interfaces
-- Up-to-date: /home/mikolaj@acfr.usyd.edu.au/ros2_ws/install/my_interfaces/include/my_interfaces/my_interfaces/msg
-- Up-to-date: /home/mikolaj@acfr.usyd.edu.au/ros2_ws/install/my_interfaces/include/my_interfaces/my_interfaces/msg/detail
-- Up-to-date: /home/mikolaj@acfr.usyd.edu.au/ros2_ws/install/my_interfaces/include/my_interfaces/my_interfaces/msg/detail/landmarks_msg__type_support.c
-- Installing: /home/mikolaj@acfr.usyd.edu.au/ros2_ws/install/my_interfaces/include/my_interfaces/my_interfaces/msg/detail/ldr_landmarks_msg2_d__type_support.c
-- Installing: /home/mikolaj@acfr.usyd.edu.au/ros2_ws/install/my_interfaces/include/my_interfaces/my_interfaces/msg/detail/ldr_landmarks_msg2_d__rosidl_typesupport_introspection_c.h
-- Installing: /home/mikolaj@acfr.usyd.edu.au/ros2_ws/install/my_interfaces/include/my_interfaces/my_interfaces/msg/detail/ldr_landmark_msg2_d__rosidl_typesupport_introspection_c.h
-- Installing: /home/mikolaj@acfr.usyd.edu.au/ros2_ws/install/my_interfaces/include/my_interfaces/my_interfaces/msg/detail/ldr_landmark_msg2_d__type_support.c
-- Installing: /home/mikolaj@acfr.usyd.edu.au/ros2_ws/install/my_interfaces/include/my_interfaces/my_interfaces/msg/detail/ldr_landmarks_msg3_d__rosidl_typesupport_introspection_c.h
-- Installing: /home/mikolaj@acfr.usyd.edu.au/ros2_ws/install/my_interfaces/include/my_interfaces/my_interfaces/msg/detail/ldr_landmark_msg3_d__type_support.c
-- Installing: /home/mikolaj@acfr.usyd.edu.au/ros2_ws/install/my_interfaces/include/my_interfaces/my_interfaces/msg/detail/ldr_landmark_msg3_d__rosidl_typesupport_introspection_c.h
-- Up-to-date: /home/mikolaj@acfr.usyd.edu.au/ros2_ws/install/my_interfaces/include/my_interfaces/my_interfaces/msg/detail/landmark_msg__rosidl_typesupport_introspection_c.h
-- Up-to-date: /home/mikolaj@acfr.usyd.edu.au/ros2_ws/install/my_interfaces/include/my_interfaces/my_interfaces/msg/detail/landmark_msg__type_support.c
-- Installing: /home/mikolaj@acfr.usyd.edu.au/ros2_ws/install/my_interfaces/include/my_interfaces/my_interfaces/msg/detail/ldr_landmarks_msg3_d__type_support.c
-- Up-to-date: /home/mikolaj@acfr.usyd.edu.au/ros2_ws/install/my_interfaces/include/my_interfaces/my_interfaces/msg/detail/landmarks_msg__rosidl_typesupport_introspection_c.h
-- Up-to-date: /home/mikolaj@acfr.usyd.edu.au/ros2_ws/install/my_interfaces/include/my_interfaces/my_interfaces/msg/rosidl_typesupport_introspection_c__visibility_control.h
-- Installing: /home/mikolaj@acfr.usyd.edu.au/ros2_ws/install/my_interfaces/lib/libmy_interfaces__rosidl_typesupport_introspection_c.so
-- Set runtime path of "/home/mikolaj@acfr.usyd.edu.au/ros2_ws/install/my_interfaces/lib/libmy_interfaces__rosidl_typesupport_introspection_c.so" to ""
-- Installing: /home/mikolaj@acfr.usyd.edu.au/ros2_ws/install/my_interfaces/lib/libmy_interfaces__rosidl_typesupport_c.so
-- Set runtime path of "/home/mikolaj@acfr.usyd.edu.au/ros2_ws/install/my_interfaces/lib/libmy_interfaces__rosidl_typesupport_c.so" to ""
-- Up-to-date: /home/mikolaj@acfr.usyd.edu.au/ros2_ws/install/my_interfaces/include/my_interfaces/my_interfaces
-- Up-to-date: /home/mikolaj@acfr.usyd.edu.au/ros2_ws/install/my_interfaces/include/my_interfaces/my_interfaces/msg
-- Up-to-date: /home/mikolaj@acfr.usyd.edu.au/ros2_ws/install/my_interfaces/include/my_interfaces/my_interfaces/msg/landmarks_msg.hpp
-- Installing: /home/mikolaj@acfr.usyd.edu.au/ros2_ws/install/my_interfaces/include/my_interfaces/my_interfaces/msg/ldr_landmarks_msg3_d.hpp
-- Installing: /home/mikolaj@acfr.usyd.edu.au/ros2_ws/install/my_interfaces/include/my_interfaces/my_interfaces/msg/ldr_landmark_msg2_d.hpp
-- Installing: /home/mikolaj@acfr.usyd.edu.au/ros2_ws/install/my_interfaces/include/my_interfaces/my_interfaces/msg/ldr_landmark_msg3_d.hpp
-- Up-to-date: /home/mikolaj@acfr.usyd.edu.au/ros2_ws/install/my_interfaces/include/my_interfaces/my_interfaces/msg/detail
-- Installing: /home/mikolaj@acfr.usyd.edu.au/ros2_ws/install/my_interfaces/include/my_interfaces/my_interfaces/msg/detail/ldr_landmark_msg2_d__traits.hpp
-- Installing: /home/mikolaj@acfr.usyd.edu.au/ros2_ws/install/my_interfaces/include/my_interfaces/my_interfaces/msg/detail/ldr_landmarks_msg3_d__builder.hpp
-- Installing: /home/mikolaj@acfr.usyd.edu.au/ros2_ws/install/my_interfaces/include/my_interfaces/my_interfaces/msg/detail/ldr_landmarks_msg3_d__struct.hpp
-- Installing: /home/mikolaj@acfr.usyd.edu.au/ros2_ws/install/my_interfaces/include/my_interfaces/my_interfaces/msg/detail/ldr_landmark_msg3_d__builder.hpp
-- Up-to-date: /home/mikolaj@acfr.usyd.edu.au/ros2_ws/install/my_interfaces/include/my_interfaces/my_interfaces/msg/detail/landmarks_msg__builder.hpp
-- Up-to-date: /home/mikolaj@acfr.usyd.edu.au/ros2_ws/install/my_interfaces/include/my_interfaces/my_interfaces/msg/detail/landmark_msg__builder.hpp
-- Installing: /home/mikolaj@acfr.usyd.edu.au/ros2_ws/install/my_interfaces/include/my_interfaces/my_interfaces/msg/detail/ldr_landmarks_msg3_d__traits.hpp
-- Up-to-date: /home/mikolaj@acfr.usyd.edu.au/ros2_ws/install/my_interfaces/include/my_interfaces/my_interfaces/msg/detail/landmarks_msg__traits.hpp
-- Installing: /home/mikolaj@acfr.usyd.edu.au/ros2_ws/install/my_interfaces/include/my_interfaces/my_interfaces/msg/detail/ldr_landmarks_msg2_d__builder.hpp
-- Installing: /home/mikolaj@acfr.usyd.edu.au/ros2_ws/install/my_interfaces/include/my_interfaces/my_interfaces/msg/detail/ldr_landmark_msg2_d__struct.hpp
-- Up-to-date: /home/mikolaj@acfr.usyd.edu.au/ros2_ws/install/my_interfaces/include/my_interfaces/my_interfaces/msg/detail/landmark_msg__struct.hpp
-- Installing: /home/mikolaj@acfr.usyd.edu.au/ros2_ws/install/my_interfaces/include/my_interfaces/my_interfaces/msg/detail/ldr_landmark_msg3_d__struct.hpp
-- Up-to-date: /home/mikolaj@acfr.usyd.edu.au/ros2_ws/install/my_interfaces/include/my_interfaces/my_interfaces/msg/detail/landmark_msg__traits.hpp
-- Installing: /home/mikolaj@acfr.usyd.edu.au/ros2_ws/install/my_interfaces/include/my_interfaces/my_interfaces/msg/detail/ldr_landmarks_msg2_d__struct.hpp
-- Installing: /home/mikolaj@acfr.usyd.edu.au/ros2_ws/install/my_interfaces/include/my_interfaces/my_interfaces/msg/detail/ldr_landmarks_msg2_d__traits.hpp
-- Installing: /home/mikolaj@acfr.usyd.edu.au/ros2_ws/install/my_interfaces/include/my_interfaces/my_interfaces/msg/detail/ldr_landmark_msg2_d__builder.hpp
-- Installing: /home/mikolaj@acfr.usyd.edu.au/ros2_ws/install/my_interfaces/include/my_interfaces/my_interfaces/msg/detail/ldr_landmark_msg3_d__traits.hpp
-- Up-to-date: /home/mikolaj@acfr.usyd.edu.au/ros2_ws/install/my_interfaces/include/my_interfaces/my_interfaces/msg/detail/landmarks_msg__struct.hpp
-- Installing: /home/mikolaj@acfr.usyd.edu.au/ros2_ws/install/my_interfaces/include/my_interfaces/my_interfaces/msg/ldr_landmarks_msg2_d.hpp
-- Up-to-date: /home/mikolaj@acfr.usyd.edu.au/ros2_ws/install/my_interfaces/include/my_interfaces/my_interfaces/msg/landmark_msg.hpp
-- Up-to-date: /home/mikolaj@acfr.usyd.edu.au/ros2_ws/install/my_interfaces/include/my_interfaces/my_interfaces
-- Up-to-date: /home/mikolaj@acfr.usyd.edu.au/ros2_ws/install/my_interfaces/include/my_interfaces/my_interfaces/msg
-- Up-to-date: /home/mikolaj@acfr.usyd.edu.au/ros2_ws/install/my_interfaces/include/my_interfaces/my_interfaces/msg/detail
-- Installing: /home/mikolaj@acfr.usyd.edu.au/ros2_ws/install/my_interfaces/include/my_interfaces/my_interfaces/msg/detail/ldr_landmark_msg3_d__rosidl_typesupport_fastrtps_cpp.hpp
-- Up-to-date: /home/mikolaj@acfr.usyd.edu.au/ros2_ws/install/my_interfaces/include/my_interfaces/my_interfaces/msg/detail/landmark_msg__rosidl_typesupport_fastrtps_cpp.hpp
-- Installing: /home/mikolaj@acfr.usyd.edu.au/ros2_ws/install/my_interfaces/include/my_interfaces/my_interfaces/msg/detail/ldr_landmark_msg2_d__rosidl_typesupport_fastrtps_cpp.hpp
-- Up-to-date: /home/mikolaj@acfr.usyd.edu.au/ros2_ws/install/my_interfaces/include/my_interfaces/my_interfaces/msg/detail/dds_fastrtps
-- Installing: /home/mikolaj@acfr.usyd.edu.au/ros2_ws/install/my_interfaces/include/my_interfaces/my_interfaces/msg/detail/ldr_landmarks_msg2_d__rosidl_typesupport_fastrtps_cpp.hpp
-- Installing: /home/mikolaj@acfr.usyd.edu.au/ros2_ws/install/my_interfaces/include/my_interfaces/my_interfaces/msg/detail/ldr_landmarks_msg3_d__rosidl_typesupport_fastrtps_cpp.hpp
-- Up-to-date: /home/mikolaj@acfr.usyd.edu.au/ros2_ws/install/my_interfaces/include/my_interfaces/my_interfaces/msg/detail/landmarks_msg__rosidl_typesupport_fastrtps_cpp.hpp
-- Up-to-date: /home/mikolaj@acfr.usyd.edu.au/ros2_ws/install/my_interfaces/include/my_interfaces/my_interfaces/msg/rosidl_typesupport_fastrtps_cpp__visibility_control.h
-- Installing: /home/mikolaj@acfr.usyd.edu.au/ros2_ws/install/my_interfaces/lib/libmy_interfaces__rosidl_typesupport_fastrtps_cpp.so
-- Set runtime path of "/home/mikolaj@acfr.usyd.edu.au/ros2_ws/install/my_interfaces/lib/libmy_interfaces__rosidl_typesupport_fastrtps_cpp.so" to ""
-- Up-to-date: /home/mikolaj@acfr.usyd.edu.au/ros2_ws/install/my_interfaces/include/my_interfaces/my_interfaces
-- Up-to-date: /home/mikolaj@acfr.usyd.edu.au/ros2_ws/install/my_interfaces/include/my_interfaces/my_interfaces/msg
-- Up-to-date: /home/mikolaj@acfr.usyd.edu.au/ros2_ws/install/my_interfaces/include/my_interfaces/my_interfaces/msg/detail
-- Up-to-date: /home/mikolaj@acfr.usyd.edu.au/ros2_ws/install/my_interfaces/include/my_interfaces/my_interfaces/msg/detail/landmark_msg__rosidl_typesupport_introspection_cpp.hpp
-- Up-to-date: /home/mikolaj@acfr.usyd.edu.au/ros2_ws/install/my_interfaces/include/my_interfaces/my_interfaces/msg/detail/landmarks_msg__rosidl_typesupport_introspection_cpp.hpp
-- Up-to-date: /home/mikolaj@acfr.usyd.edu.au/ros2_ws/install/my_interfaces/include/my_interfaces/my_interfaces/msg/detail/landmarks_msg__type_support.cpp
-- Up-to-date: /home/mikolaj@acfr.usyd.edu.au/ros2_ws/install/my_interfaces/include/my_interfaces/my_interfaces/msg/detail/landmark_msg__type_support.cpp
-- Installing: /home/mikolaj@acfr.usyd.edu.au/ros2_ws/install/my_interfaces/include/my_interfaces/my_interfaces/msg/detail/ldr_landmarks_msg2_d__type_support.cpp
-- Installing: /home/mikolaj@acfr.usyd.edu.au/ros2_ws/install/my_interfaces/include/my_interfaces/my_interfaces/msg/detail/ldr_landmark_msg3_d__type_support.cpp
-- Installing: /home/mikolaj@acfr.usyd.edu.au/ros2_ws/install/my_interfaces/include/my_interfaces/my_interfaces/msg/detail/ldr_landmarks_msg2_d__rosidl_typesupport_introspection_cpp.hpp
-- Installing: /home/mikolaj@acfr.usyd.edu.au/ros2_ws/install/my_interfaces/include/my_interfaces/my_interfaces/msg/detail/ldr_landmark_msg2_d__rosidl_typesupport_introspection_cpp.hpp
-- Installing: /home/mikolaj@acfr.usyd.edu.au/ros2_ws/install/my_interfaces/include/my_interfaces/my_interfaces/msg/detail/ldr_landmark_msg3_d__rosidl_typesupport_introspection_cpp.hpp
-- Installing: /home/mikolaj@acfr.usyd.edu.au/ros2_ws/install/my_interfaces/include/my_interfaces/my_interfaces/msg/detail/ldr_landmark_msg2_d__type_support.cpp
-- Installing: /home/mikolaj@acfr.usyd.edu.au/ros2_ws/install/my_interfaces/include/my_interfaces/my_interfaces/msg/detail/ldr_landmarks_msg3_d__rosidl_typesupport_introspection_cpp.hpp
-- Installing: /home/mikolaj@acfr.usyd.edu.au/ros2_ws/install/my_interfaces/include/my_interfaces/my_interfaces/msg/detail/ldr_landmarks_msg3_d__type_support.cpp
-- Installing: /home/mikolaj@acfr.usyd.edu.au/ros2_ws/install/my_interfaces/lib/libmy_interfaces__rosidl_typesupport_introspection_cpp.so
-- Set runtime path of "/home/mikolaj@acfr.usyd.edu.au/ros2_ws/install/my_interfaces/lib/libmy_interfaces__rosidl_typesupport_introspection_cpp.so" to ""
-- Installing: /home/mikolaj@acfr.usyd.edu.au/ros2_ws/install/my_interfaces/lib/libmy_interfaces__rosidl_typesupport_cpp.so
-- Set runtime path of "/home/mikolaj@acfr.usyd.edu.au/ros2_ws/install/my_interfaces/lib/libmy_interfaces__rosidl_typesupport_cpp.so" to ""
-- Up-to-date: /home/mikolaj@acfr.usyd.edu.au/ros2_ws/install/my_interfaces/share/my_interfaces/environment/pythonpath.sh
-- Installing: /home/mikolaj@acfr.usyd.edu.au/ros2_ws/install/my_interfaces/share/my_interfaces/environment/pythonpath.dsv
-- Up-to-date: /home/mikolaj@acfr.usyd.edu.au/ros2_ws/install/my_interfaces/local/lib/python3.10/dist-packages/my_interfaces-0.0.0-py3.10.egg-info
-- Installing: /home/mikolaj@acfr.usyd.edu.au/ros2_ws/install/my_interfaces/local/lib/python3.10/dist-packages/my_interfaces-0.0.0-py3.10.egg-info/SOURCES.txt
-- Installing: /home/mikolaj@acfr.usyd.edu.au/ros2_ws/install/my_interfaces/local/lib/python3.10/dist-packages/my_interfaces-0.0.0-py3.10.egg-info/dependency_links.txt
-- Installing: /home/mikolaj@acfr.usyd.edu.au/ros2_ws/install/my_interfaces/local/lib/python3.10/dist-packages/my_interfaces-0.0.0-py3.10.egg-info/PKG-INFO
-- Installing: /home/mikolaj@acfr.usyd.edu.au/ros2_ws/install/my_interfaces/local/lib/python3.10/dist-packages/my_interfaces-0.0.0-py3.10.egg-info/top_level.txt
-- Up-to-date: /home/mikolaj@acfr.usyd.edu.au/ros2_ws/install/my_interfaces/local/lib/python3.10/dist-packages/my_interfaces
-- Installing: /home/mikolaj@acfr.usyd.edu.au/ros2_ws/install/my_interfaces/local/lib/python3.10/dist-packages/my_interfaces/my_interfaces_s__rosidl_typesupport_fastrtps_c.cpython-310-x86_64-linux-gnu.so
-- Installing: /home/mikolaj@acfr.usyd.edu.au/ros2_ws/install/my_interfaces/local/lib/python3.10/dist-packages/my_interfaces/__init__.py
-- Installing: /home/mikolaj@acfr.usyd.edu.au/ros2_ws/install/my_interfaces/local/lib/python3.10/dist-packages/my_interfaces/my_interfaces_s__rosidl_typesupport_introspection_c.cpython-310-x86_64-linux-gnu.so
-- Installing: /home/mikolaj@acfr.usyd.edu.au/ros2_ws/install/my_interfaces/local/lib/python3.10/dist-packages/my_interfaces/_my_interfaces_s.ep.rosidl_typesupport_introspection_c.c
-- Up-to-date: /home/mikolaj@acfr.usyd.edu.au/ros2_ws/install/my_interfaces/local/lib/python3.10/dist-packages/my_interfaces/msg
-- Installing: /home/mikolaj@acfr.usyd.edu.au/ros2_ws/install/my_interfaces/local/lib/python3.10/dist-packages/my_interfaces/msg/_ldr_landmark_msg2_d_s.c
-- Up-to-date: /home/mikolaj@acfr.usyd.edu.au/ros2_ws/install/my_interfaces/local/lib/python3.10/dist-packages/my_interfaces/msg/_landmarks_msg.py
-- Installing: /home/mikolaj@acfr.usyd.edu.au/ros2_ws/install/my_interfaces/local/lib/python3.10/dist-packages/my_interfaces/msg/_ldr_landmark_msg2_d.py
-- Installing: /home/mikolaj@acfr.usyd.edu.au/ros2_ws/install/my_interfaces/local/lib/python3.10/dist-packages/my_interfaces/msg/_ldr_landmarks_msg3_d.py
-- Installing: /home/mikolaj@acfr.usyd.edu.au/ros2_ws/install/my_interfaces/local/lib/python3.10/dist-packages/my_interfaces/msg/__init__.py
-- Up-to-date: /home/mikolaj@acfr.usyd.edu.au/ros2_ws/install/my_interfaces/local/lib/python3.10/dist-packages/my_interfaces/msg/_landmark_msg.py
-- Installing: /home/mikolaj@acfr.usyd.edu.au/ros2_ws/install/my_interfaces/local/lib/python3.10/dist-packages/my_interfaces/msg/_ldr_landmark_msg3_d.py
-- Installing: /home/mikolaj@acfr.usyd.edu.au/ros2_ws/install/my_interfaces/local/lib/python3.10/dist-packages/my_interfaces/msg/_ldr_landmark_msg3_d_s.c
-- Up-to-date: /home/mikolaj@acfr.usyd.edu.au/ros2_ws/install/my_interfaces/local/lib/python3.10/dist-packages/my_interfaces/msg/_landmarks_msg_s.c
-- Installing: /home/mikolaj@acfr.usyd.edu.au/ros2_ws/install/my_interfaces/local/lib/python3.10/dist-packages/my_interfaces/msg/_ldr_landmarks_msg2_d.py
-- Installing: /home/mikolaj@acfr.usyd.edu.au/ros2_ws/install/my_interfaces/local/lib/python3.10/dist-packages/my_interfaces/msg/_ldr_landmarks_msg2_d_s.c
-- Installing: /home/mikolaj@acfr.usyd.edu.au/ros2_ws/install/my_interfaces/local/lib/python3.10/dist-packages/my_interfaces/msg/_ldr_landmarks_msg3_d_s.c
-- Up-to-date: /home/mikolaj@acfr.usyd.edu.au/ros2_ws/install/my_interfaces/local/lib/python3.10/dist-packages/my_interfaces/msg/_landmark_msg_s.c
-- Installing: /home/mikolaj@acfr.usyd.edu.au/ros2_ws/install/my_interfaces/local/lib/python3.10/dist-packages/my_interfaces/my_interfaces_s__rosidl_typesupport_c.cpython-310-x86_64-linux-gnu.so
-- Installing: /home/mikolaj@acfr.usyd.edu.au/ros2_ws/install/my_interfaces/local/lib/python3.10/dist-packages/my_interfaces/_my_interfaces_s.ep.rosidl_typesupport_fastrtps_c.c
-- Installing: /home/mikolaj@acfr.usyd.edu.au/ros2_ws/install/my_interfaces/local/lib/python3.10/dist-packages/my_interfaces/libmy_interfaces__rosidl_generator_py.so
-- Installing: /home/mikolaj@acfr.usyd.edu.au/ros2_ws/install/my_interfaces/local/lib/python3.10/dist-packages/my_interfaces/_my_interfaces_s.ep.rosidl_typesupport_c.c
Listing '/home/mikolaj@acfr.usyd.edu.au/ros2_ws/install/my_interfaces/local/lib/python3.10/dist-packages/my_interfaces'...
Compiling '/home/mikolaj@acfr.usyd.edu.au/ros2_ws/install/my_interfaces/local/lib/python3.10/dist-packages/my_interfaces/__init__.py'...
Listing '/home/mikolaj@acfr.usyd.edu.au/ros2_ws/install/my_interfaces/local/lib/python3.10/dist-packages/my_interfaces/msg'...
Compiling '/home/mikolaj@acfr.usyd.edu.au/ros2_ws/install/my_interfaces/local/lib/python3.10/dist-packages/my_interfaces/msg/__init__.py'...
Compiling '/home/mikolaj@acfr.usyd.edu.au/ros2_ws/install/my_interfaces/local/lib/python3.10/dist-packages/my_interfaces/msg/_ldr_landmark_msg2_d.py'...
Compiling '/home/mikolaj@acfr.usyd.edu.au/ros2_ws/install/my_interfaces/local/lib/python3.10/dist-packages/my_interfaces/msg/_ldr_landmark_msg3_d.py'...
Compiling '/home/mikolaj@acfr.usyd.edu.au/ros2_ws/install/my_interfaces/local/lib/python3.10/dist-packages/my_interfaces/msg/_ldr_landmarks_msg2_d.py'...
Compiling '/home/mikolaj@acfr.usyd.edu.au/ros2_ws/install/my_interfaces/local/lib/python3.10/dist-packages/my_interfaces/msg/_ldr_landmarks_msg3_d.py'...
-- Installing: /home/mikolaj@acfr.usyd.edu.au/ros2_ws/install/my_interfaces/local/lib/python3.10/dist-packages/my_interfaces/my_interfaces_s__rosidl_typesupport_fastrtps_c.cpython-310-x86_64-linux-gnu.so
-- Set runtime path of "/home/mikolaj@acfr.usyd.edu.au/ros2_ws/install/my_interfaces/local/lib/python3.10/dist-packages/my_interfaces/my_interfaces_s__rosidl_typesupport_fastrtps_c.cpython-310-x86_64-linux-gnu.so" to ""
-- Installing: /home/mikolaj@acfr.usyd.edu.au/ros2_ws/install/my_interfaces/local/lib/python3.10/dist-packages/my_interfaces/my_interfaces_s__rosidl_typesupport_introspection_c.cpython-310-x86_64-linux-gnu.so
-- Set runtime path of "/home/mikolaj@acfr.usyd.edu.au/ros2_ws/install/my_interfaces/local/lib/python3.10/dist-packages/my_interfaces/my_interfaces_s__rosidl_typesupport_introspection_c.cpython-310-x86_64-linux-gnu.so" to ""
-- Installing: /home/mikolaj@acfr.usyd.edu.au/ros2_ws/install/my_interfaces/local/lib/python3.10/dist-packages/my_interfaces/my_interfaces_s__rosidl_typesupport_c.cpython-310-x86_64-linux-gnu.so
-- Set runtime path of "/home/mikolaj@acfr.usyd.edu.au/ros2_ws/install/my_interfaces/local/lib/python3.10/dist-packages/my_interfaces/my_interfaces_s__rosidl_typesupport_c.cpython-310-x86_64-linux-gnu.so" to ""
-- Installing: /home/mikolaj@acfr.usyd.edu.au/ros2_ws/install/my_interfaces/lib/libmy_interfaces__rosidl_generator_py.so
-- Set runtime path of "/home/mikolaj@acfr.usyd.edu.au/ros2_ws/install/my_interfaces/lib/libmy_interfaces__rosidl_generator_py.so" to ""
-- Installing: /home/mikolaj@acfr.usyd.edu.au/ros2_ws/install/my_interfaces/share/my_interfaces/msg/LdrLandmarkMsg2D.idl
-- Installing: /home/mikolaj@acfr.usyd.edu.au/ros2_ws/install/my_interfaces/share/my_interfaces/msg/LdrLandmarkMsg3D.idl
-- Installing: /home/mikolaj@acfr.usyd.edu.au/ros2_ws/install/my_interfaces/share/my_interfaces/msg/LdrLandmarksMsg2D.idl
-- Installing: /home/mikolaj@acfr.usyd.edu.au/ros2_ws/install/my_interfaces/share/my_interfaces/msg/LdrLandmarksMsg3D.idl
-- Installing: /home/mikolaj@acfr.usyd.edu.au/ros2_ws/install/my_interfaces/share/my_interfaces/msg/LdrLandmarkMsg2D.msg
-- Installing: /home/mikolaj@acfr.usyd.edu.au/ros2_ws/install/my_interfaces/share/my_interfaces/msg/LdrLandmarkMsg3D.msg
-- Installing: /home/mikolaj@acfr.usyd.edu.au/ros2_ws/install/my_interfaces/share/my_interfaces/msg/LdrLandmarksMsg2D.msg
-- Installing: /home/mikolaj@acfr.usyd.edu.au/ros2_ws/install/my_interfaces/share/my_interfaces/msg/LdrLandmarksMsg3D.msg
-- Up-to-date: /home/mikolaj@acfr.usyd.edu.au/ros2_ws/install/my_interfaces/share/ament_index/resource_index/package_run_dependencies/my_interfaces
-- Installing: /home/mikolaj@acfr.usyd.edu.au/ros2_ws/install/my_interfaces/share/ament_index/resource_index/parent_prefix_path/my_interfaces
-- Up-to-date: /home/mikolaj@acfr.usyd.edu.au/ros2_ws/install/my_interfaces/share/my_interfaces/environment/ament_prefix_path.sh
-- Installing: /home/mikolaj@acfr.usyd.edu.au/ros2_ws/install/my_interfaces/share/my_interfaces/environment/ament_prefix_path.dsv
-- Up-to-date: /home/mikolaj@acfr.usyd.edu.au/ros2_ws/install/my_interfaces/share/my_interfaces/environment/path.sh
-- Installing: /home/mikolaj@acfr.usyd.edu.au/ros2_ws/install/my_interfaces/share/my_interfaces/environment/path.dsv
-- Up-to-date: /home/mikolaj@acfr.usyd.edu.au/ros2_ws/install/my_interfaces/share/my_interfaces/local_setup.bash
-- Up-to-date: /home/mikolaj@acfr.usyd.edu.au/ros2_ws/install/my_interfaces/share/my_interfaces/local_setup.sh
-- Up-to-date: /home/mikolaj@acfr.usyd.edu.au/ros2_ws/install/my_interfaces/share/my_interfaces/local_setup.zsh
-- Installing: /home/mikolaj@acfr.usyd.edu.au/ros2_ws/install/my_interfaces/share/my_interfaces/local_setup.dsv
-- Installing: /home/mikolaj@acfr.usyd.edu.au/ros2_ws/install/my_interfaces/share/my_interfaces/package.dsv
-- Up-to-date: /home/mikolaj@acfr.usyd.edu.au/ros2_ws/install/my_interfaces/share/ament_index/resource_index/packages/my_interfaces
-- Up-to-date: /home/mikolaj@acfr.usyd.edu.au/ros2_ws/install/my_interfaces/share/my_interfaces/cmake/export_my_interfaces__rosidl_generator_cExport.cmake
-- Up-to-date: /home/mikolaj@acfr.usyd.edu.au/ros2_ws/install/my_interfaces/share/my_interfaces/cmake/export_my_interfaces__rosidl_generator_cExport-noconfig.cmake
-- Up-to-date: /home/mikolaj@acfr.usyd.edu.au/ros2_ws/install/my_interfaces/share/my_interfaces/cmake/export_my_interfaces__rosidl_typesupport_fastrtps_cExport.cmake
-- Up-to-date: /home/mikolaj@acfr.usyd.edu.au/ros2_ws/install/my_interfaces/share/my_interfaces/cmake/export_my_interfaces__rosidl_typesupport_fastrtps_cExport-noconfig.cmake
-- Up-to-date: /home/mikolaj@acfr.usyd.edu.au/ros2_ws/install/my_interfaces/share/my_interfaces/cmake/my_interfaces__rosidl_typesupport_introspection_cExport.cmake
-- Up-to-date: /home/mikolaj@acfr.usyd.edu.au/ros2_ws/install/my_interfaces/share/my_interfaces/cmake/my_interfaces__rosidl_typesupport_introspection_cExport-noconfig.cmake
-- Up-to-date: /home/mikolaj@acfr.usyd.edu.au/ros2_ws/install/my_interfaces/share/my_interfaces/cmake/my_interfaces__rosidl_typesupport_cExport.cmake
-- Up-to-date: /home/mikolaj@acfr.usyd.edu.au/ros2_ws/install/my_interfaces/share/my_interfaces/cmake/my_interfaces__rosidl_typesupport_cExport-noconfig.cmake
-- Up-to-date: /home/mikolaj@acfr.usyd.edu.au/ros2_ws/install/my_interfaces/share/my_interfaces/cmake/export_my_interfaces__rosidl_generator_cppExport.cmake
-- Up-to-date: /home/mikolaj@acfr.usyd.edu.au/ros2_ws/install/my_interfaces/share/my_interfaces/cmake/export_my_interfaces__rosidl_typesupport_fastrtps_cppExport.cmake
-- Up-to-date: /home/mikolaj@acfr.usyd.edu.au/ros2_ws/install/my_interfaces/share/my_interfaces/cmake/export_my_interfaces__rosidl_typesupport_fastrtps_cppExport-noconfig.cmake
-- Up-to-date: /home/mikolaj@acfr.usyd.edu.au/ros2_ws/install/my_interfaces/share/my_interfaces/cmake/my_interfaces__rosidl_typesupport_introspection_cppExport.cmake
-- Up-to-date: /home/mikolaj@acfr.usyd.edu.au/ros2_ws/install/my_interfaces/share/my_interfaces/cmake/my_interfaces__rosidl_typesupport_introspection_cppExport-noconfig.cmake
-- Up-to-date: /home/mikolaj@acfr.usyd.edu.au/ros2_ws/install/my_interfaces/share/my_interfaces/cmake/my_interfaces__rosidl_typesupport_cppExport.cmake
-- Up-to-date: /home/mikolaj@acfr.usyd.edu.au/ros2_ws/install/my_interfaces/share/my_interfaces/cmake/my_interfaces__rosidl_typesupport_cppExport-noconfig.cmake
-- Up-to-date: /home/mikolaj@acfr.usyd.edu.au/ros2_ws/install/my_interfaces/share/my_interfaces/cmake/export_my_interfaces__rosidl_generator_pyExport.cmake
-- Up-to-date: /home/mikolaj@acfr.usyd.edu.au/ros2_ws/install/my_interfaces/share/my_interfaces/cmake/export_my_interfaces__rosidl_generator_pyExport-noconfig.cmake
-- Installing: /home/mikolaj@acfr.usyd.edu.au/ros2_ws/install/my_interfaces/share/my_interfaces/cmake/rosidl_cmake-extras.cmake
-- Up-to-date: /home/mikolaj@acfr.usyd.edu.au/ros2_ws/install/my_interfaces/share/my_interfaces/cmake/ament_cmake_export_include_directories-extras.cmake
-- Up-to-date: /home/mikolaj@acfr.usyd.edu.au/ros2_ws/install/my_interfaces/share/my_interfaces/cmake/ament_cmake_export_libraries-extras.cmake
-- Up-to-date: /home/mikolaj@acfr.usyd.edu.au/ros2_ws/install/my_interfaces/share/my_interfaces/cmake/ament_cmake_export_targets-extras.cmake
-- Up-to-date: /home/mikolaj@acfr.usyd.edu.au/ros2_ws/install/my_interfaces/share/my_interfaces/cmake/rosidl_cmake_export_typesupport_targets-extras.cmake
-- Up-to-date: /home/mikolaj@acfr.usyd.edu.au/ros2_ws/install/my_interfaces/share/my_interfaces/cmake/ament_cmake_export_dependencies-extras.cmake
-- Up-to-date: /home/mikolaj@acfr.usyd.edu.au/ros2_ws/install/my_interfaces/share/my_interfaces/cmake/rosidl_cmake_export_typesupport_libraries-extras.cmake
-- Up-to-date: /home/mikolaj@acfr.usyd.edu.au/ros2_ws/install/my_interfaces/share/my_interfaces/cmake/my_interfacesConfig.cmake
-- Up-to-date: /home/mikolaj@acfr.usyd.edu.au/ros2_ws/install/my_interfaces/share/my_interfaces/cmake/my_interfacesConfig-version.cmake
-- Up-to-date: /home/mikolaj@acfr.usyd.edu.au/ros2_ws/install/my_interfaces/share/my_interfaces/package.xml
