[0.008s] Invoking command in '/home/mikolaj@acfr.usyd.edu.au/ros2_ws/build/my_interfaces': CMAKE_PREFIX_PATH=/opt/ros/humble:${CMAKE_PREFIX_PATH} /usr/bin/cmake --build /home/mikolaj@acfr.usyd.edu.au/ros2_ws/build/my_interfaces -- -j20 -l20
[0.021s] -- Found ament_cmake: 1.3.9 (/opt/ros/humble/share/ament_cmake/cmake)
[0.095s] -- Found rosidl_default_generators: 1.2.0 (/opt/ros/humble/share/rosidl_default_generators/cmake)
[0.097s] -- Using all available rosidl_typesupport_c: rosidl_typesupport_fastrtps_c;rosidl_typesupport_introspection_c
[0.098s] -- Found rosidl_adapter: 3.1.5 (/opt/ros/humble/share/rosidl_adapter/cmake)
[0.116s] -- Using all available rosidl_typesupport_cpp: rosidl_typesupport_fastrtps_cpp;rosidl_typesupport_introspection_cpp
[0.271s] -- Found ament_cmake_ros: 0.10.0 (/opt/ros/humble/share/ament_cmake_ros/cmake)
[0.403s] -- Using all available rosidl_typesupport_c: rosidl_typesupport_fastrtps_c;rosidl_typesupport_introspection_c
[0.568s] -- Using all available rosidl_typesupport_cpp: rosidl_typesupport_fastrtps_cpp;rosidl_typesupport_introspection_cpp
[0.586s] -- Found python_cmake_module: 0.10.0 (/opt/ros/humble/share/python_cmake_module/cmake)
[0.605s] -- Using PYTHON_EXECUTABLE: /usr/bin/python3
[0.605s] -- Using PYTHON_INCLUDE_DIRS: /usr/include/python3.10
[0.605s] -- Using PYTHON_LIBRARIES: /usr/lib/x86_64-linux-gnu/libpython3.10.so
[0.624s] -- Configuring done
[0.641s] -- Generating done
[0.642s] -- Build files have been written to: /home/mikolaj@acfr.usyd.edu.au/ros2_ws/build/my_interfaces
[0.657s] [  1%] [34m[1mGenerating C code for ROS interfaces[0m
[0.662s] [  3%] [34m[1mGenerating C++ code for ROS interfaces[0m
[0.667s] [  3%] Built target ament_cmake_python_copy_my_interfaces
[0.797s] running egg_info
[0.798s] writing my_interfaces.egg-info/PKG-INFO
[0.798s] writing dependency_links to my_interfaces.egg-info/dependency_links.txt
[0.798s] writing top-level names to my_interfaces.egg-info/top_level.txt
[0.800s] reading manifest file 'my_interfaces.egg-info/SOURCES.txt'
[0.800s] writing manifest file 'my_interfaces.egg-info/SOURCES.txt'
[0.817s] [  3%] Built target ament_cmake_python_build_my_interfaces_egg
[0.848s] [  3%] Built target my_interfaces__cpp
[0.853s] [  9%] [34m[1mGenerating C++ type support for eProsima Fast-RTPS[0m
[0.853s] [  9%] [34m[1mGenerating C++ introspection for ROS interfaces[0m
[0.853s] [  9%] [34m[1mGenerating C++ type support dispatch for ROS interfaces[0m
[0.860s] [ 14%] [32mBuilding C object CMakeFiles/my_interfaces__rosidl_generator_c.dir/rosidl_generator_c/my_interfaces/msg/detail/ldr_landmark_msg2_d__functions.c.o[0m
[0.861s] [ 14%] [32mBuilding C object CMakeFiles/my_interfaces__rosidl_generator_c.dir/rosidl_generator_c/my_interfaces/msg/detail/ldr_landmarks_msg2_d__functions.c.o[0m
[0.861s] [ 14%] [32mBuilding C object CMakeFiles/my_interfaces__rosidl_generator_c.dir/rosidl_generator_c/my_interfaces/msg/detail/ldr_landmark_msg3_d__functions.c.o[0m
[0.861s] [ 16%] [32mBuilding C object CMakeFiles/my_interfaces__rosidl_generator_c.dir/rosidl_generator_c/my_interfaces/msg/detail/ldr_landmarks_msg3_d__functions.c.o[0m
[0.904s] [ 18%] [32m[1mLinking C shared library libmy_interfaces__rosidl_generator_c.so[0m
[0.931s] [ 18%] Built target my_interfaces__rosidl_generator_c
[0.937s] [ 23%] [34m[1mGenerating C introspection for ROS interfaces[0m
[0.937s] [ 23%] [34m[1mGenerating C type support dispatch for ROS interfaces[0m
[0.937s] [ 23%] [34m[1mGenerating C type support for eProsima Fast-RTPS[0m
[1.013s] [ 25%] [32mBuilding CXX object CMakeFiles/my_interfaces__rosidl_typesupport_cpp.dir/rosidl_typesupport_cpp/my_interfaces/msg/ldr_landmark_msg2_d__type_support.cpp.o[0m
[1.013s] [ 27%] [32mBuilding CXX object CMakeFiles/my_interfaces__rosidl_typesupport_cpp.dir/rosidl_typesupport_cpp/my_interfaces/msg/ldr_landmarks_msg3_d__type_support.cpp.o[0m
[1.013s] [ 29%] [32mBuilding CXX object CMakeFiles/my_interfaces__rosidl_typesupport_cpp.dir/rosidl_typesupport_cpp/my_interfaces/msg/ldr_landmarks_msg2_d__type_support.cpp.o[0m
[1.014s] [ 30%] [32mBuilding CXX object CMakeFiles/my_interfaces__rosidl_typesupport_cpp.dir/rosidl_typesupport_cpp/my_interfaces/msg/ldr_landmark_msg3_d__type_support.cpp.o[0m
[1.023s] [ 32%] [32mBuilding CXX object CMakeFiles/my_interfaces__rosidl_typesupport_introspection_cpp.dir/rosidl_typesupport_introspection_cpp/my_interfaces/msg/detail/ldr_landmark_msg2_d__type_support.cpp.o[0m
[1.025s] [ 34%] [32mBuilding CXX object CMakeFiles/my_interfaces__rosidl_typesupport_introspection_cpp.dir/rosidl_typesupport_introspection_cpp/my_interfaces/msg/detail/ldr_landmark_msg3_d__type_support.cpp.o[0m
[1.026s] [ 38%] [32mBuilding CXX object CMakeFiles/my_interfaces__rosidl_typesupport_introspection_cpp.dir/rosidl_typesupport_introspection_cpp/my_interfaces/msg/detail/ldr_landmarks_msg2_d__type_support.cpp.o[0m
[1.026s] [ 38%] [32mBuilding CXX object CMakeFiles/my_interfaces__rosidl_typesupport_introspection_cpp.dir/rosidl_typesupport_introspection_cpp/my_interfaces/msg/detail/ldr_landmarks_msg3_d__type_support.cpp.o[0m
[1.052s] [ 45%] [32mBuilding CXX object CMakeFiles/my_interfaces__rosidl_typesupport_fastrtps_cpp.dir/rosidl_typesupport_fastrtps_cpp/my_interfaces/msg/detail/dds_fastrtps/ldr_landmarks_msg3_d__type_support.cpp.o[0m
[1.052s] [ 45%] [32mBuilding CXX object CMakeFiles/my_interfaces__rosidl_typesupport_fastrtps_cpp.dir/rosidl_typesupport_fastrtps_cpp/my_interfaces/msg/detail/dds_fastrtps/ldr_landmarks_msg2_d__type_support.cpp.o[0m
[1.052s] [ 45%] [32mBuilding CXX object CMakeFiles/my_interfaces__rosidl_typesupport_fastrtps_cpp.dir/rosidl_typesupport_fastrtps_cpp/my_interfaces/msg/detail/dds_fastrtps/ldr_landmark_msg3_d__type_support.cpp.o[0m
[1.052s] [ 45%] [32mBuilding CXX object CMakeFiles/my_interfaces__rosidl_typesupport_fastrtps_cpp.dir/rosidl_typesupport_fastrtps_cpp/my_interfaces/msg/detail/dds_fastrtps/ldr_landmark_msg2_d__type_support.cpp.o[0m
[1.128s] [ 47%] [32mBuilding CXX object CMakeFiles/my_interfaces__rosidl_typesupport_c.dir/rosidl_typesupport_c/my_interfaces/msg/ldr_landmark_msg2_d__type_support.cpp.o[0m
[1.130s] [ 49%] [32mBuilding CXX object CMakeFiles/my_interfaces__rosidl_typesupport_c.dir/rosidl_typesupport_c/my_interfaces/msg/ldr_landmark_msg3_d__type_support.cpp.o[0m
[1.137s] [ 50%] [32mBuilding CXX object CMakeFiles/my_interfaces__rosidl_typesupport_c.dir/rosidl_typesupport_c/my_interfaces/msg/ldr_landmarks_msg2_d__type_support.cpp.o[0m
[1.138s] [ 52%] [32mBuilding CXX object CMakeFiles/my_interfaces__rosidl_typesupport_c.dir/rosidl_typesupport_c/my_interfaces/msg/ldr_landmarks_msg3_d__type_support.cpp.o[0m
[1.155s] [ 54%] [32mBuilding C object CMakeFiles/my_interfaces__rosidl_typesupport_introspection_c.dir/rosidl_typesupport_introspection_c/my_interfaces/msg/detail/ldr_landmark_msg2_d__type_support.c.o[0m
[1.157s] [ 56%] [32mBuilding C object CMakeFiles/my_interfaces__rosidl_typesupport_introspection_c.dir/rosidl_typesupport_introspection_c/my_interfaces/msg/detail/ldr_landmark_msg3_d__type_support.c.o[0m
[1.162s] [ 58%] [32mBuilding C object CMakeFiles/my_interfaces__rosidl_typesupport_introspection_c.dir/rosidl_typesupport_introspection_c/my_interfaces/msg/detail/ldr_landmarks_msg2_d__type_support.c.o[0m
[1.164s] [ 60%] [32mBuilding C object CMakeFiles/my_interfaces__rosidl_typesupport_introspection_c.dir/rosidl_typesupport_introspection_c/my_interfaces/msg/detail/ldr_landmarks_msg3_d__type_support.c.o[0m
[1.165s] [ 61%] [32m[1mLinking CXX shared library libmy_interfaces__rosidl_typesupport_c.so[0m
[1.198s] [ 63%] [32mBuilding CXX object CMakeFiles/my_interfaces__rosidl_typesupport_fastrtps_c.dir/rosidl_typesupport_fastrtps_c/my_interfaces/msg/detail/ldr_landmark_msg3_d__type_support_c.cpp.o[0m
[1.199s] [ 65%] [32mBuilding CXX object CMakeFiles/my_interfaces__rosidl_typesupport_fastrtps_c.dir/rosidl_typesupport_fastrtps_c/my_interfaces/msg/detail/ldr_landmark_msg2_d__type_support_c.cpp.o[0m
[1.199s] [ 67%] [32mBuilding CXX object CMakeFiles/my_interfaces__rosidl_typesupport_fastrtps_c.dir/rosidl_typesupport_fastrtps_c/my_interfaces/msg/detail/ldr_landmarks_msg2_d__type_support_c.cpp.o[0m
[1.200s] [ 69%] [32mBuilding CXX object CMakeFiles/my_interfaces__rosidl_typesupport_fastrtps_c.dir/rosidl_typesupport_fastrtps_c/my_interfaces/msg/detail/ldr_landmarks_msg3_d__type_support_c.cpp.o[0m
[1.205s] [ 69%] Built target my_interfaces__rosidl_typesupport_c
[1.206s] [ 70%] [32m[1mLinking C shared library libmy_interfaces__rosidl_typesupport_introspection_c.so[0m
[1.237s] [ 70%] Built target my_interfaces__rosidl_typesupport_introspection_c
[1.290s] [ 72%] [32m[1mLinking CXX shared library libmy_interfaces__rosidl_typesupport_cpp.so[0m
[1.319s] [ 72%] Built target my_interfaces__rosidl_typesupport_cpp
[1.363s] [ 74%] [32m[1mLinking CXX shared library libmy_interfaces__rosidl_typesupport_introspection_cpp.so[0m
[1.409s] [ 74%] Built target my_interfaces__rosidl_typesupport_introspection_cpp
[1.429s] [ 76%] [32m[1mLinking CXX shared library libmy_interfaces__rosidl_typesupport_fastrtps_cpp.so[0m
[1.440s] [ 78%] [32m[1mLinking CXX shared library libmy_interfaces__rosidl_typesupport_fastrtps_c.so[0m
[1.471s] [ 78%] Built target my_interfaces__rosidl_typesupport_fastrtps_cpp
[1.482s] [ 78%] Built target my_interfaces__rosidl_typesupport_fastrtps_c
[1.492s] [ 78%] Built target my_interfaces
[1.504s] [ 80%] [34m[1mGenerating Python code for ROS interfaces[0m
[1.764s] [ 80%] Built target my_interfaces__py
[1.775s] [ 81%] [32mBuilding C object CMakeFiles/my_interfaces__rosidl_generator_py.dir/rosidl_generator_py/my_interfaces/msg/_ldr_landmark_msg2_d_s.c.o[0m
[1.775s] [ 83%] [32mBuilding C object CMakeFiles/my_interfaces__rosidl_generator_py.dir/rosidl_generator_py/my_interfaces/msg/_ldr_landmark_msg3_d_s.c.o[0m
[1.775s] [ 85%] [32mBuilding C object CMakeFiles/my_interfaces__rosidl_generator_py.dir/rosidl_generator_py/my_interfaces/msg/_ldr_landmarks_msg2_d_s.c.o[0m
[1.776s] [ 87%] [32mBuilding C object CMakeFiles/my_interfaces__rosidl_generator_py.dir/rosidl_generator_py/my_interfaces/msg/_ldr_landmarks_msg3_d_s.c.o[0m
[1.841s] [ 89%] [32m[1mLinking C shared library rosidl_generator_py/my_interfaces/libmy_interfaces__rosidl_generator_py.so[0m
[1.863s] [ 89%] Built target my_interfaces__rosidl_generator_py
[1.869s] [35m[1mConsolidate compiler generated dependencies of target my_interfaces__rosidl_typesupport_fastrtps_c__pyext[0m
[1.869s] [35m[1mConsolidate compiler generated dependencies of target my_interfaces__rosidl_typesupport_introspection_c__pyext[0m
[1.870s] [35m[1mConsolidate compiler generated dependencies of target my_interfaces__rosidl_typesupport_c__pyext[0m
[1.877s] [ 92%] [32mBuilding C object CMakeFiles/my_interfaces__rosidl_typesupport_introspection_c__pyext.dir/rosidl_generator_py/my_interfaces/_my_interfaces_s.ep.rosidl_typesupport_introspection_c.c.o[0m
[1.877s] [ 92%] [32mBuilding C object CMakeFiles/my_interfaces__rosidl_typesupport_fastrtps_c__pyext.dir/rosidl_generator_py/my_interfaces/_my_interfaces_s.ep.rosidl_typesupport_fastrtps_c.c.o[0m
[1.877s] [ 94%] [32mBuilding C object CMakeFiles/my_interfaces__rosidl_typesupport_c__pyext.dir/rosidl_generator_py/my_interfaces/_my_interfaces_s.ep.rosidl_typesupport_c.c.o[0m
[1.928s] [ 98%] [32m[1mLinking C shared library rosidl_generator_py/my_interfaces/my_interfaces_s__rosidl_typesupport_introspection_c.cpython-310-x86_64-linux-gnu.so[0m
[1.928s] [ 98%] [32m[1mLinking C shared library rosidl_generator_py/my_interfaces/my_interfaces_s__rosidl_typesupport_c.cpython-310-x86_64-linux-gnu.so[0m
[1.929s] [100%] [32m[1mLinking C shared library rosidl_generator_py/my_interfaces/my_interfaces_s__rosidl_typesupport_fastrtps_c.cpython-310-x86_64-linux-gnu.so[0m
[1.947s] [100%] Built target my_interfaces__rosidl_typesupport_introspection_c__pyext
[1.947s] [100%] Built target my_interfaces__rosidl_typesupport_c__pyext
[1.948s] [100%] Built target my_interfaces__rosidl_typesupport_fastrtps_c__pyext
[1.954s] Invoked command in '/home/mikolaj@acfr.usyd.edu.au/ros2_ws/build/my_interfaces' returned '0': CMAKE_PREFIX_PATH=/opt/ros/humble:${CMAKE_PREFIX_PATH} /usr/bin/cmake --build /home/mikolaj@acfr.usyd.edu.au/ros2_ws/build/my_interfaces -- -j20 -l20
[2.016s] Invoking command in '/home/mikolaj@acfr.usyd.edu.au/ros2_ws/build/my_interfaces': CMAKE_PREFIX_PATH=/opt/ros/humble:${CMAKE_PREFIX_PATH} /usr/bin/cmake --install /home/mikolaj@acfr.usyd.edu.au/ros2_ws/build/my_interfaces
[2.022s] -- Install configuration: ""
[2.022s] -- Installing: /home/mikolaj@acfr.usyd.edu.au/ros2_ws/install/my_interfaces/share/ament_index/resource_index/rosidl_interfaces/my_interfaces
[2.022s] -- Up-to-date: /home/mikolaj@acfr.usyd.edu.au/ros2_ws/install/my_interfaces/include/my_interfaces/my_interfaces
[2.022s] -- Up-to-date: /home/mikolaj@acfr.usyd.edu.au/ros2_ws/install/my_interfaces/include/my_interfaces/my_interfaces/msg
[2.022s] -- Installing: /home/mikolaj@acfr.usyd.edu.au/ros2_ws/install/my_interfaces/include/my_interfaces/my_interfaces/msg/ldr_landmarks_msg3_d.h
[2.022s] -- Installing: /home/mikolaj@acfr.usyd.edu.au/ros2_ws/install/my_interfaces/include/my_interfaces/my_interfaces/msg/ldr_landmark_msg3_d.h
[2.022s] -- Up-to-date: /home/mikolaj@acfr.usyd.edu.au/ros2_ws/install/my_interfaces/include/my_interfaces/my_interfaces/msg/rosidl_generator_c__visibility_control.h
[2.022s] -- Up-to-date: /home/mikolaj@acfr.usyd.edu.au/ros2_ws/install/my_interfaces/include/my_interfaces/my_interfaces/msg/landmark_msg.h
[2.022s] -- Installing: /home/mikolaj@acfr.usyd.edu.au/ros2_ws/install/my_interfaces/include/my_interfaces/my_interfaces/msg/ldr_landmarks_msg2_d.h
[2.022s] -- Up-to-date: /home/mikolaj@acfr.usyd.edu.au/ros2_ws/install/my_interfaces/include/my_interfaces/my_interfaces/msg/detail
[2.022s] -- Installing: /home/mikolaj@acfr.usyd.edu.au/ros2_ws/install/my_interfaces/include/my_interfaces/my_interfaces/msg/detail/ldr_landmarks_msg2_d__functions.c
[2.022s] -- Installing: /home/mikolaj@acfr.usyd.edu.au/ros2_ws/install/my_interfaces/include/my_interfaces/my_interfaces/msg/detail/ldr_landmark_msg3_d__struct.h
[2.022s] -- Installing: /home/mikolaj@acfr.usyd.edu.au/ros2_ws/install/my_interfaces/include/my_interfaces/my_interfaces/msg/detail/ldr_landmark_msg3_d__functions.c
[2.022s] -- Installing: /home/mikolaj@acfr.usyd.edu.au/ros2_ws/install/my_interfaces/include/my_interfaces/my_interfaces/msg/detail/ldr_landmarks_msg3_d__struct.h
[2.022s] -- Installing: /home/mikolaj@acfr.usyd.edu.au/ros2_ws/install/my_interfaces/include/my_interfaces/my_interfaces/msg/detail/ldr_landmark_msg3_d__functions.h
[2.022s] -- Installing: /home/mikolaj@acfr.usyd.edu.au/ros2_ws/install/my_interfaces/include/my_interfaces/my_interfaces/msg/detail/ldr_landmarks_msg2_d__type_support.h
[2.022s] -- Up-to-date: /home/mikolaj@acfr.usyd.edu.au/ros2_ws/install/my_interfaces/include/my_interfaces/my_interfaces/msg/detail/landmarks_msg__functions.h
[2.022s] -- Installing: /home/mikolaj@acfr.usyd.edu.au/ros2_ws/install/my_interfaces/include/my_interfaces/my_interfaces/msg/detail/ldr_landmark_msg2_d__functions.c
[2.023s] -- Up-to-date: /home/mikolaj@acfr.usyd.edu.au/ros2_ws/install/my_interfaces/include/my_interfaces/my_interfaces/msg/detail/landmarks_msg__functions.c
[2.023s] -- Up-to-date: /home/mikolaj@acfr.usyd.edu.au/ros2_ws/install/my_interfaces/include/my_interfaces/my_interfaces/msg/detail/landmarks_msg__struct.h
[2.023s] -- Installing: /home/mikolaj@acfr.usyd.edu.au/ros2_ws/install/my_interfaces/include/my_interfaces/my_interfaces/msg/detail/ldr_landmarks_msg2_d__functions.h
[2.023s] -- Up-to-date: /home/mikolaj@acfr.usyd.edu.au/ros2_ws/install/my_interfaces/include/my_interfaces/my_interfaces/msg/detail/landmark_msg__functions.c
[2.023s] -- Up-to-date: /home/mikolaj@acfr.usyd.edu.au/ros2_ws/install/my_interfaces/include/my_interfaces/my_interfaces/msg/detail/landmark_msg__struct.h
[2.023s] -- Installing: /home/mikolaj@acfr.usyd.edu.au/ros2_ws/install/my_interfaces/include/my_interfaces/my_interfaces/msg/detail/ldr_landmarks_msg3_d__functions.h
[2.023s] -- Installing: /home/mikolaj@acfr.usyd.edu.au/ros2_ws/install/my_interfaces/include/my_interfaces/my_interfaces/msg/detail/ldr_landmark_msg2_d__struct.h
[2.023s] -- Installing: /home/mikolaj@acfr.usyd.edu.au/ros2_ws/install/my_interfaces/include/my_interfaces/my_interfaces/msg/detail/ldr_landmark_msg2_d__functions.h
[2.023s] -- Installing: /home/mikolaj@acfr.usyd.edu.au/ros2_ws/install/my_interfaces/include/my_interfaces/my_interfaces/msg/detail/ldr_landmarks_msg3_d__functions.c
[2.023s] -- Installing: /home/mikolaj@acfr.usyd.edu.au/ros2_ws/install/my_interfaces/include/my_interfaces/my_interfaces/msg/detail/ldr_landmarks_msg3_d__type_support.h
[2.023s] -- Installing: /home/mikolaj@acfr.usyd.edu.au/ros2_ws/install/my_interfaces/include/my_interfaces/my_interfaces/msg/detail/ldr_landmarks_msg2_d__struct.h
[2.023s] -- Installing: /home/mikolaj@acfr.usyd.edu.au/ros2_ws/install/my_interfaces/include/my_interfaces/my_interfaces/msg/detail/ldr_landmark_msg3_d__type_support.h
[2.023s] -- Up-to-date: /home/mikolaj@acfr.usyd.edu.au/ros2_ws/install/my_interfaces/include/my_interfaces/my_interfaces/msg/detail/landmarks_msg__type_support.h
[2.023s] -- Up-to-date: /home/mikolaj@acfr.usyd.edu.au/ros2_ws/install/my_interfaces/include/my_interfaces/my_interfaces/msg/detail/landmark_msg__type_support.h
[2.023s] -- Installing: /home/mikolaj@acfr.usyd.edu.au/ros2_ws/install/my_interfaces/include/my_interfaces/my_interfaces/msg/detail/ldr_landmark_msg2_d__type_support.h
[2.023s] -- Up-to-date: /home/mikolaj@acfr.usyd.edu.au/ros2_ws/install/my_interfaces/include/my_interfaces/my_interfaces/msg/detail/landmark_msg__functions.h
[2.023s] -- Installing: /home/mikolaj@acfr.usyd.edu.au/ros2_ws/install/my_interfaces/include/my_interfaces/my_interfaces/msg/ldr_landmark_msg2_d.h
[2.023s] -- Up-to-date: /home/mikolaj@acfr.usyd.edu.au/ros2_ws/install/my_interfaces/include/my_interfaces/my_interfaces/msg/landmarks_msg.h
[2.023s] -- Up-to-date: /home/mikolaj@acfr.usyd.edu.au/ros2_ws/install/my_interfaces/share/my_interfaces/environment/library_path.sh
[2.023s] -- Installing: /home/mikolaj@acfr.usyd.edu.au/ros2_ws/install/my_interfaces/share/my_interfaces/environment/library_path.dsv
[2.023s] -- Installing: /home/mikolaj@acfr.usyd.edu.au/ros2_ws/install/my_interfaces/lib/libmy_interfaces__rosidl_generator_c.so
[2.023s] -- Set runtime path of "/home/mikolaj@acfr.usyd.edu.au/ros2_ws/install/my_interfaces/lib/libmy_interfaces__rosidl_generator_c.so" to ""
[2.023s] -- Up-to-date: /home/mikolaj@acfr.usyd.edu.au/ros2_ws/install/my_interfaces/include/my_interfaces/my_interfaces
[2.023s] -- Up-to-date: /home/mikolaj@acfr.usyd.edu.au/ros2_ws/install/my_interfaces/include/my_interfaces/my_interfaces/msg
[2.023s] -- Up-to-date: /home/mikolaj@acfr.usyd.edu.au/ros2_ws/install/my_interfaces/include/my_interfaces/my_interfaces/msg/rosidl_typesupport_fastrtps_c__visibility_control.h
[2.023s] -- Up-to-date: /home/mikolaj@acfr.usyd.edu.au/ros2_ws/install/my_interfaces/include/my_interfaces/my_interfaces/msg/detail
[2.023s] -- Installing: /home/mikolaj@acfr.usyd.edu.au/ros2_ws/install/my_interfaces/include/my_interfaces/my_interfaces/msg/detail/ldr_landmark_msg2_d__rosidl_typesupport_fastrtps_c.h
[2.023s] -- Installing: /home/mikolaj@acfr.usyd.edu.au/ros2_ws/install/my_interfaces/include/my_interfaces/my_interfaces/msg/detail/ldr_landmark_msg3_d__rosidl_typesupport_fastrtps_c.h
[2.024s] -- Up-to-date: /home/mikolaj@acfr.usyd.edu.au/ros2_ws/install/my_interfaces/include/my_interfaces/my_interfaces/msg/detail/landmarks_msg__rosidl_typesupport_fastrtps_c.h
[2.024s] -- Up-to-date: /home/mikolaj@acfr.usyd.edu.au/ros2_ws/install/my_interfaces/include/my_interfaces/my_interfaces/msg/detail/landmark_msg__rosidl_typesupport_fastrtps_c.h
[2.024s] -- Installing: /home/mikolaj@acfr.usyd.edu.au/ros2_ws/install/my_interfaces/include/my_interfaces/my_interfaces/msg/detail/ldr_landmarks_msg3_d__rosidl_typesupport_fastrtps_c.h
[2.024s] -- Installing: /home/mikolaj@acfr.usyd.edu.au/ros2_ws/install/my_interfaces/include/my_interfaces/my_interfaces/msg/detail/ldr_landmarks_msg2_d__rosidl_typesupport_fastrtps_c.h
[2.024s] -- Installing: /home/mikolaj@acfr.usyd.edu.au/ros2_ws/install/my_interfaces/lib/libmy_interfaces__rosidl_typesupport_fastrtps_c.so
[2.024s] -- Set runtime path of "/home/mikolaj@acfr.usyd.edu.au/ros2_ws/install/my_interfaces/lib/libmy_interfaces__rosidl_typesupport_fastrtps_c.so" to ""
[2.024s] -- Up-to-date: /home/mikolaj@acfr.usyd.edu.au/ros2_ws/install/my_interfaces/include/my_interfaces/my_interfaces
[2.024s] -- Up-to-date: /home/mikolaj@acfr.usyd.edu.au/ros2_ws/install/my_interfaces/include/my_interfaces/my_interfaces/msg
[2.024s] -- Up-to-date: /home/mikolaj@acfr.usyd.edu.au/ros2_ws/install/my_interfaces/include/my_interfaces/my_interfaces/msg/detail
[2.024s] -- Up-to-date: /home/mikolaj@acfr.usyd.edu.au/ros2_ws/install/my_interfaces/include/my_interfaces/my_interfaces/msg/detail/landmarks_msg__type_support.c
[2.024s] -- Installing: /home/mikolaj@acfr.usyd.edu.au/ros2_ws/install/my_interfaces/include/my_interfaces/my_interfaces/msg/detail/ldr_landmarks_msg2_d__type_support.c
[2.024s] -- Installing: /home/mikolaj@acfr.usyd.edu.au/ros2_ws/install/my_interfaces/include/my_interfaces/my_interfaces/msg/detail/ldr_landmarks_msg2_d__rosidl_typesupport_introspection_c.h
[2.024s] -- Installing: /home/mikolaj@acfr.usyd.edu.au/ros2_ws/install/my_interfaces/include/my_interfaces/my_interfaces/msg/detail/ldr_landmark_msg2_d__rosidl_typesupport_introspection_c.h
[2.024s] -- Installing: /home/mikolaj@acfr.usyd.edu.au/ros2_ws/install/my_interfaces/include/my_interfaces/my_interfaces/msg/detail/ldr_landmark_msg2_d__type_support.c
[2.024s] -- Installing: /home/mikolaj@acfr.usyd.edu.au/ros2_ws/install/my_interfaces/include/my_interfaces/my_interfaces/msg/detail/ldr_landmarks_msg3_d__rosidl_typesupport_introspection_c.h
[2.024s] -- Installing: /home/mikolaj@acfr.usyd.edu.au/ros2_ws/install/my_interfaces/include/my_interfaces/my_interfaces/msg/detail/ldr_landmark_msg3_d__type_support.c
[2.024s] -- Installing: /home/mikolaj@acfr.usyd.edu.au/ros2_ws/install/my_interfaces/include/my_interfaces/my_interfaces/msg/detail/ldr_landmark_msg3_d__rosidl_typesupport_introspection_c.h
[2.024s] -- Up-to-date: /home/mikolaj@acfr.usyd.edu.au/ros2_ws/install/my_interfaces/include/my_interfaces/my_interfaces/msg/detail/landmark_msg__rosidl_typesupport_introspection_c.h
[2.024s] -- Up-to-date: /home/mikolaj@acfr.usyd.edu.au/ros2_ws/install/my_interfaces/include/my_interfaces/my_interfaces/msg/detail/landmark_msg__type_support.c
[2.024s] -- Installing: /home/mikolaj@acfr.usyd.edu.au/ros2_ws/install/my_interfaces/include/my_interfaces/my_interfaces/msg/detail/ldr_landmarks_msg3_d__type_support.c
[2.024s] -- Up-to-date: /home/mikolaj@acfr.usyd.edu.au/ros2_ws/install/my_interfaces/include/my_interfaces/my_interfaces/msg/detail/landmarks_msg__rosidl_typesupport_introspection_c.h
[2.024s] -- Up-to-date: /home/mikolaj@acfr.usyd.edu.au/ros2_ws/install/my_interfaces/include/my_interfaces/my_interfaces/msg/rosidl_typesupport_introspection_c__visibility_control.h
[2.024s] -- Installing: /home/mikolaj@acfr.usyd.edu.au/ros2_ws/install/my_interfaces/lib/libmy_interfaces__rosidl_typesupport_introspection_c.so
[2.024s] -- Set runtime path of "/home/mikolaj@acfr.usyd.edu.au/ros2_ws/install/my_interfaces/lib/libmy_interfaces__rosidl_typesupport_introspection_c.so" to ""
[2.024s] -- Installing: /home/mikolaj@acfr.usyd.edu.au/ros2_ws/install/my_interfaces/lib/libmy_interfaces__rosidl_typesupport_c.so
[2.025s] -- Set runtime path of "/home/mikolaj@acfr.usyd.edu.au/ros2_ws/install/my_interfaces/lib/libmy_interfaces__rosidl_typesupport_c.so" to ""
[2.025s] -- Up-to-date: /home/mikolaj@acfr.usyd.edu.au/ros2_ws/install/my_interfaces/include/my_interfaces/my_interfaces
[2.025s] -- Up-to-date: /home/mikolaj@acfr.usyd.edu.au/ros2_ws/install/my_interfaces/include/my_interfaces/my_interfaces/msg
[2.025s] -- Up-to-date: /home/mikolaj@acfr.usyd.edu.au/ros2_ws/install/my_interfaces/include/my_interfaces/my_interfaces/msg/landmarks_msg.hpp
[2.025s] -- Installing: /home/mikolaj@acfr.usyd.edu.au/ros2_ws/install/my_interfaces/include/my_interfaces/my_interfaces/msg/ldr_landmarks_msg3_d.hpp
[2.025s] -- Installing: /home/mikolaj@acfr.usyd.edu.au/ros2_ws/install/my_interfaces/include/my_interfaces/my_interfaces/msg/ldr_landmark_msg2_d.hpp
[2.025s] -- Installing: /home/mikolaj@acfr.usyd.edu.au/ros2_ws/install/my_interfaces/include/my_interfaces/my_interfaces/msg/ldr_landmark_msg3_d.hpp
[2.025s] -- Up-to-date: /home/mikolaj@acfr.usyd.edu.au/ros2_ws/install/my_interfaces/include/my_interfaces/my_interfaces/msg/detail
[2.025s] -- Installing: /home/mikolaj@acfr.usyd.edu.au/ros2_ws/install/my_interfaces/include/my_interfaces/my_interfaces/msg/detail/ldr_landmark_msg2_d__traits.hpp
[2.025s] -- Installing: /home/mikolaj@acfr.usyd.edu.au/ros2_ws/install/my_interfaces/include/my_interfaces/my_interfaces/msg/detail/ldr_landmarks_msg3_d__builder.hpp
[2.025s] -- Installing: /home/mikolaj@acfr.usyd.edu.au/ros2_ws/install/my_interfaces/include/my_interfaces/my_interfaces/msg/detail/ldr_landmarks_msg3_d__struct.hpp
[2.025s] -- Installing: /home/mikolaj@acfr.usyd.edu.au/ros2_ws/install/my_interfaces/include/my_interfaces/my_interfaces/msg/detail/ldr_landmark_msg3_d__builder.hpp
[2.025s] -- Up-to-date: /home/mikolaj@acfr.usyd.edu.au/ros2_ws/install/my_interfaces/include/my_interfaces/my_interfaces/msg/detail/landmarks_msg__builder.hpp
[2.025s] -- Up-to-date: /home/mikolaj@acfr.usyd.edu.au/ros2_ws/install/my_interfaces/include/my_interfaces/my_interfaces/msg/detail/landmark_msg__builder.hpp
[2.025s] -- Installing: /home/mikolaj@acfr.usyd.edu.au/ros2_ws/install/my_interfaces/include/my_interfaces/my_interfaces/msg/detail/ldr_landmarks_msg3_d__traits.hpp
[2.025s] -- Up-to-date: /home/mikolaj@acfr.usyd.edu.au/ros2_ws/install/my_interfaces/include/my_interfaces/my_interfaces/msg/detail/landmarks_msg__traits.hpp
[2.025s] -- Installing: /home/mikolaj@acfr.usyd.edu.au/ros2_ws/install/my_interfaces/include/my_interfaces/my_interfaces/msg/detail/ldr_landmarks_msg2_d__builder.hpp
[2.025s] -- Installing: /home/mikolaj@acfr.usyd.edu.au/ros2_ws/install/my_interfaces/include/my_interfaces/my_interfaces/msg/detail/ldr_landmark_msg2_d__struct.hpp
[2.025s] -- Up-to-date: /home/mikolaj@acfr.usyd.edu.au/ros2_ws/install/my_interfaces/include/my_interfaces/my_interfaces/msg/detail/landmark_msg__struct.hpp
[2.025s] -- Installing: /home/mikolaj@acfr.usyd.edu.au/ros2_ws/install/my_interfaces/include/my_interfaces/my_interfaces/msg/detail/ldr_landmark_msg3_d__struct.hpp
[2.025s] -- Up-to-date: /home/mikolaj@acfr.usyd.edu.au/ros2_ws/install/my_interfaces/include/my_interfaces/my_interfaces/msg/detail/landmark_msg__traits.hpp
[2.025s] -- Installing: /home/mikolaj@acfr.usyd.edu.au/ros2_ws/install/my_interfaces/include/my_interfaces/my_interfaces/msg/detail/ldr_landmarks_msg2_d__struct.hpp
[2.025s] -- Installing: /home/mikolaj@acfr.usyd.edu.au/ros2_ws/install/my_interfaces/include/my_interfaces/my_interfaces/msg/detail/ldr_landmarks_msg2_d__traits.hpp
[2.025s] -- Installing: /home/mikolaj@acfr.usyd.edu.au/ros2_ws/install/my_interfaces/include/my_interfaces/my_interfaces/msg/detail/ldr_landmark_msg2_d__builder.hpp
[2.025s] -- Installing: /home/mikolaj@acfr.usyd.edu.au/ros2_ws/install/my_interfaces/include/my_interfaces/my_interfaces/msg/detail/ldr_landmark_msg3_d__traits.hpp
[2.025s] -- Up-to-date: /home/mikolaj@acfr.usyd.edu.au/ros2_ws/install/my_interfaces/include/my_interfaces/my_interfaces/msg/detail/landmarks_msg__struct.hpp
[2.025s] -- Installing: /home/mikolaj@acfr.usyd.edu.au/ros2_ws/install/my_interfaces/include/my_interfaces/my_interfaces/msg/ldr_landmarks_msg2_d.hpp
[2.025s] -- Up-to-date: /home/mikolaj@acfr.usyd.edu.au/ros2_ws/install/my_interfaces/include/my_interfaces/my_interfaces/msg/landmark_msg.hpp
[2.025s] -- Up-to-date: /home/mikolaj@acfr.usyd.edu.au/ros2_ws/install/my_interfaces/include/my_interfaces/my_interfaces
[2.026s] -- Up-to-date: /home/mikolaj@acfr.usyd.edu.au/ros2_ws/install/my_interfaces/include/my_interfaces/my_interfaces/msg
[2.026s] -- Up-to-date: /home/mikolaj@acfr.usyd.edu.au/ros2_ws/install/my_interfaces/include/my_interfaces/my_interfaces/msg/detail
[2.026s] -- Installing: /home/mikolaj@acfr.usyd.edu.au/ros2_ws/install/my_interfaces/include/my_interfaces/my_interfaces/msg/detail/ldr_landmark_msg3_d__rosidl_typesupport_fastrtps_cpp.hpp
[2.026s] -- Up-to-date: /home/mikolaj@acfr.usyd.edu.au/ros2_ws/install/my_interfaces/include/my_interfaces/my_interfaces/msg/detail/landmark_msg__rosidl_typesupport_fastrtps_cpp.hpp
[2.026s] -- Installing: /home/mikolaj@acfr.usyd.edu.au/ros2_ws/install/my_interfaces/include/my_interfaces/my_interfaces/msg/detail/ldr_landmark_msg2_d__rosidl_typesupport_fastrtps_cpp.hpp
[2.026s] -- Up-to-date: /home/mikolaj@acfr.usyd.edu.au/ros2_ws/install/my_interfaces/include/my_interfaces/my_interfaces/msg/detail/dds_fastrtps
[2.026s] -- Installing: /home/mikolaj@acfr.usyd.edu.au/ros2_ws/install/my_interfaces/include/my_interfaces/my_interfaces/msg/detail/ldr_landmarks_msg2_d__rosidl_typesupport_fastrtps_cpp.hpp
[2.026s] -- Installing: /home/mikolaj@acfr.usyd.edu.au/ros2_ws/install/my_interfaces/include/my_interfaces/my_interfaces/msg/detail/ldr_landmarks_msg3_d__rosidl_typesupport_fastrtps_cpp.hpp
[2.026s] -- Up-to-date: /home/mikolaj@acfr.usyd.edu.au/ros2_ws/install/my_interfaces/include/my_interfaces/my_interfaces/msg/detail/landmarks_msg__rosidl_typesupport_fastrtps_cpp.hpp
[2.026s] -- Up-to-date: /home/mikolaj@acfr.usyd.edu.au/ros2_ws/install/my_interfaces/include/my_interfaces/my_interfaces/msg/rosidl_typesupport_fastrtps_cpp__visibility_control.h
[2.026s] -- Installing: /home/mikolaj@acfr.usyd.edu.au/ros2_ws/install/my_interfaces/lib/libmy_interfaces__rosidl_typesupport_fastrtps_cpp.so
[2.026s] -- Set runtime path of "/home/mikolaj@acfr.usyd.edu.au/ros2_ws/install/my_interfaces/lib/libmy_interfaces__rosidl_typesupport_fastrtps_cpp.so" to ""
[2.026s] -- Up-to-date: /home/mikolaj@acfr.usyd.edu.au/ros2_ws/install/my_interfaces/include/my_interfaces/my_interfaces
[2.026s] -- Up-to-date: /home/mikolaj@acfr.usyd.edu.au/ros2_ws/install/my_interfaces/include/my_interfaces/my_interfaces/msg
[2.026s] -- Up-to-date: /home/mikolaj@acfr.usyd.edu.au/ros2_ws/install/my_interfaces/include/my_interfaces/my_interfaces/msg/detail
[2.026s] -- Up-to-date: /home/mikolaj@acfr.usyd.edu.au/ros2_ws/install/my_interfaces/include/my_interfaces/my_interfaces/msg/detail/landmark_msg__rosidl_typesupport_introspection_cpp.hpp
[2.026s] -- Up-to-date: /home/mikolaj@acfr.usyd.edu.au/ros2_ws/install/my_interfaces/include/my_interfaces/my_interfaces/msg/detail/landmarks_msg__rosidl_typesupport_introspection_cpp.hpp
[2.026s] -- Up-to-date: /home/mikolaj@acfr.usyd.edu.au/ros2_ws/install/my_interfaces/include/my_interfaces/my_interfaces/msg/detail/landmarks_msg__type_support.cpp
[2.026s] -- Up-to-date: /home/mikolaj@acfr.usyd.edu.au/ros2_ws/install/my_interfaces/include/my_interfaces/my_interfaces/msg/detail/landmark_msg__type_support.cpp
[2.026s] -- Installing: /home/mikolaj@acfr.usyd.edu.au/ros2_ws/install/my_interfaces/include/my_interfaces/my_interfaces/msg/detail/ldr_landmarks_msg2_d__type_support.cpp
[2.026s] -- Installing: /home/mikolaj@acfr.usyd.edu.au/ros2_ws/install/my_interfaces/include/my_interfaces/my_interfaces/msg/detail/ldr_landmark_msg3_d__type_support.cpp
[2.026s] -- Installing: /home/mikolaj@acfr.usyd.edu.au/ros2_ws/install/my_interfaces/include/my_interfaces/my_interfaces/msg/detail/ldr_landmarks_msg2_d__rosidl_typesupport_introspection_cpp.hpp
[2.026s] -- Installing: /home/mikolaj@acfr.usyd.edu.au/ros2_ws/install/my_interfaces/include/my_interfaces/my_interfaces/msg/detail/ldr_landmark_msg2_d__rosidl_typesupport_introspection_cpp.hpp
[2.027s] -- Installing: /home/mikolaj@acfr.usyd.edu.au/ros2_ws/install/my_interfaces/include/my_interfaces/my_interfaces/msg/detail/ldr_landmark_msg3_d__rosidl_typesupport_introspection_cpp.hpp
[2.027s] -- Installing: /home/mikolaj@acfr.usyd.edu.au/ros2_ws/install/my_interfaces/include/my_interfaces/my_interfaces/msg/detail/ldr_landmark_msg2_d__type_support.cpp
[2.027s] -- Installing: /home/mikolaj@acfr.usyd.edu.au/ros2_ws/install/my_interfaces/include/my_interfaces/my_interfaces/msg/detail/ldr_landmarks_msg3_d__rosidl_typesupport_introspection_cpp.hpp
[2.027s] -- Installing: /home/mikolaj@acfr.usyd.edu.au/ros2_ws/install/my_interfaces/include/my_interfaces/my_interfaces/msg/detail/ldr_landmarks_msg3_d__type_support.cpp
[2.027s] -- Installing: /home/mikolaj@acfr.usyd.edu.au/ros2_ws/install/my_interfaces/lib/libmy_interfaces__rosidl_typesupport_introspection_cpp.so
[2.027s] -- Set runtime path of "/home/mikolaj@acfr.usyd.edu.au/ros2_ws/install/my_interfaces/lib/libmy_interfaces__rosidl_typesupport_introspection_cpp.so" to ""
[2.027s] -- Installing: /home/mikolaj@acfr.usyd.edu.au/ros2_ws/install/my_interfaces/lib/libmy_interfaces__rosidl_typesupport_cpp.so
[2.027s] -- Set runtime path of "/home/mikolaj@acfr.usyd.edu.au/ros2_ws/install/my_interfaces/lib/libmy_interfaces__rosidl_typesupport_cpp.so" to ""
[2.027s] -- Up-to-date: /home/mikolaj@acfr.usyd.edu.au/ros2_ws/install/my_interfaces/share/my_interfaces/environment/pythonpath.sh
[2.027s] -- Installing: /home/mikolaj@acfr.usyd.edu.au/ros2_ws/install/my_interfaces/share/my_interfaces/environment/pythonpath.dsv
[2.027s] -- Up-to-date: /home/mikolaj@acfr.usyd.edu.au/ros2_ws/install/my_interfaces/local/lib/python3.10/dist-packages/my_interfaces-0.0.0-py3.10.egg-info
[2.027s] -- Installing: /home/mikolaj@acfr.usyd.edu.au/ros2_ws/install/my_interfaces/local/lib/python3.10/dist-packages/my_interfaces-0.0.0-py3.10.egg-info/SOURCES.txt
[2.027s] -- Installing: /home/mikolaj@acfr.usyd.edu.au/ros2_ws/install/my_interfaces/local/lib/python3.10/dist-packages/my_interfaces-0.0.0-py3.10.egg-info/dependency_links.txt
[2.027s] -- Installing: /home/mikolaj@acfr.usyd.edu.au/ros2_ws/install/my_interfaces/local/lib/python3.10/dist-packages/my_interfaces-0.0.0-py3.10.egg-info/PKG-INFO
[2.027s] -- Installing: /home/mikolaj@acfr.usyd.edu.au/ros2_ws/install/my_interfaces/local/lib/python3.10/dist-packages/my_interfaces-0.0.0-py3.10.egg-info/top_level.txt
[2.027s] -- Up-to-date: /home/mikolaj@acfr.usyd.edu.au/ros2_ws/install/my_interfaces/local/lib/python3.10/dist-packages/my_interfaces
[2.027s] -- Installing: /home/mikolaj@acfr.usyd.edu.au/ros2_ws/install/my_interfaces/local/lib/python3.10/dist-packages/my_interfaces/my_interfaces_s__rosidl_typesupport_fastrtps_c.cpython-310-x86_64-linux-gnu.so
[2.027s] -- Installing: /home/mikolaj@acfr.usyd.edu.au/ros2_ws/install/my_interfaces/local/lib/python3.10/dist-packages/my_interfaces/__init__.py
[2.027s] -- Installing: /home/mikolaj@acfr.usyd.edu.au/ros2_ws/install/my_interfaces/local/lib/python3.10/dist-packages/my_interfaces/my_interfaces_s__rosidl_typesupport_introspection_c.cpython-310-x86_64-linux-gnu.so
[2.027s] -- Installing: /home/mikolaj@acfr.usyd.edu.au/ros2_ws/install/my_interfaces/local/lib/python3.10/dist-packages/my_interfaces/_my_interfaces_s.ep.rosidl_typesupport_introspection_c.c
[2.027s] -- Up-to-date: /home/mikolaj@acfr.usyd.edu.au/ros2_ws/install/my_interfaces/local/lib/python3.10/dist-packages/my_interfaces/msg
[2.028s] -- Installing: /home/mikolaj@acfr.usyd.edu.au/ros2_ws/install/my_interfaces/local/lib/python3.10/dist-packages/my_interfaces/msg/_ldr_landmark_msg2_d_s.c
[2.028s] -- Up-to-date: /home/mikolaj@acfr.usyd.edu.au/ros2_ws/install/my_interfaces/local/lib/python3.10/dist-packages/my_interfaces/msg/_landmarks_msg.py
[2.028s] -- Installing: /home/mikolaj@acfr.usyd.edu.au/ros2_ws/install/my_interfaces/local/lib/python3.10/dist-packages/my_interfaces/msg/_ldr_landmark_msg2_d.py
[2.028s] -- Installing: /home/mikolaj@acfr.usyd.edu.au/ros2_ws/install/my_interfaces/local/lib/python3.10/dist-packages/my_interfaces/msg/_ldr_landmarks_msg3_d.py
[2.028s] -- Installing: /home/mikolaj@acfr.usyd.edu.au/ros2_ws/install/my_interfaces/local/lib/python3.10/dist-packages/my_interfaces/msg/__init__.py
[2.028s] -- Up-to-date: /home/mikolaj@acfr.usyd.edu.au/ros2_ws/install/my_interfaces/local/lib/python3.10/dist-packages/my_interfaces/msg/_landmark_msg.py
[2.028s] -- Installing: /home/mikolaj@acfr.usyd.edu.au/ros2_ws/install/my_interfaces/local/lib/python3.10/dist-packages/my_interfaces/msg/_ldr_landmark_msg3_d.py
[2.028s] -- Installing: /home/mikolaj@acfr.usyd.edu.au/ros2_ws/install/my_interfaces/local/lib/python3.10/dist-packages/my_interfaces/msg/_ldr_landmark_msg3_d_s.c
[2.028s] -- Up-to-date: /home/mikolaj@acfr.usyd.edu.au/ros2_ws/install/my_interfaces/local/lib/python3.10/dist-packages/my_interfaces/msg/_landmarks_msg_s.c
[2.028s] -- Installing: /home/mikolaj@acfr.usyd.edu.au/ros2_ws/install/my_interfaces/local/lib/python3.10/dist-packages/my_interfaces/msg/_ldr_landmarks_msg2_d.py
[2.028s] -- Installing: /home/mikolaj@acfr.usyd.edu.au/ros2_ws/install/my_interfaces/local/lib/python3.10/dist-packages/my_interfaces/msg/_ldr_landmarks_msg2_d_s.c
[2.028s] -- Installing: /home/mikolaj@acfr.usyd.edu.au/ros2_ws/install/my_interfaces/local/lib/python3.10/dist-packages/my_interfaces/msg/_ldr_landmarks_msg3_d_s.c
[2.028s] -- Up-to-date: /home/mikolaj@acfr.usyd.edu.au/ros2_ws/install/my_interfaces/local/lib/python3.10/dist-packages/my_interfaces/msg/_landmark_msg_s.c
[2.028s] -- Installing: /home/mikolaj@acfr.usyd.edu.au/ros2_ws/install/my_interfaces/local/lib/python3.10/dist-packages/my_interfaces/my_interfaces_s__rosidl_typesupport_c.cpython-310-x86_64-linux-gnu.so
[2.028s] -- Installing: /home/mikolaj@acfr.usyd.edu.au/ros2_ws/install/my_interfaces/local/lib/python3.10/dist-packages/my_interfaces/_my_interfaces_s.ep.rosidl_typesupport_fastrtps_c.c
[2.028s] -- Installing: /home/mikolaj@acfr.usyd.edu.au/ros2_ws/install/my_interfaces/local/lib/python3.10/dist-packages/my_interfaces/libmy_interfaces__rosidl_generator_py.so
[2.028s] -- Installing: /home/mikolaj@acfr.usyd.edu.au/ros2_ws/install/my_interfaces/local/lib/python3.10/dist-packages/my_interfaces/_my_interfaces_s.ep.rosidl_typesupport_c.c
[2.051s] Listing '/home/mikolaj@acfr.usyd.edu.au/ros2_ws/install/my_interfaces/local/lib/python3.10/dist-packages/my_interfaces'...
[2.051s] Compiling '/home/mikolaj@acfr.usyd.edu.au/ros2_ws/install/my_interfaces/local/lib/python3.10/dist-packages/my_interfaces/__init__.py'...
[2.051s] Listing '/home/mikolaj@acfr.usyd.edu.au/ros2_ws/install/my_interfaces/local/lib/python3.10/dist-packages/my_interfaces/msg'...
[2.051s] Compiling '/home/mikolaj@acfr.usyd.edu.au/ros2_ws/install/my_interfaces/local/lib/python3.10/dist-packages/my_interfaces/msg/__init__.py'...
[2.051s] Compiling '/home/mikolaj@acfr.usyd.edu.au/ros2_ws/install/my_interfaces/local/lib/python3.10/dist-packages/my_interfaces/msg/_ldr_landmark_msg2_d.py'...
[2.051s] Compiling '/home/mikolaj@acfr.usyd.edu.au/ros2_ws/install/my_interfaces/local/lib/python3.10/dist-packages/my_interfaces/msg/_ldr_landmark_msg3_d.py'...
[2.051s] Compiling '/home/mikolaj@acfr.usyd.edu.au/ros2_ws/install/my_interfaces/local/lib/python3.10/dist-packages/my_interfaces/msg/_ldr_landmarks_msg2_d.py'...
[2.051s] Compiling '/home/mikolaj@acfr.usyd.edu.au/ros2_ws/install/my_interfaces/local/lib/python3.10/dist-packages/my_interfaces/msg/_ldr_landmarks_msg3_d.py'...
[2.054s] -- Installing: /home/mikolaj@acfr.usyd.edu.au/ros2_ws/install/my_interfaces/local/lib/python3.10/dist-packages/my_interfaces/my_interfaces_s__rosidl_typesupport_fastrtps_c.cpython-310-x86_64-linux-gnu.so
[2.054s] -- Set runtime path of "/home/mikolaj@acfr.usyd.edu.au/ros2_ws/install/my_interfaces/local/lib/python3.10/dist-packages/my_interfaces/my_interfaces_s__rosidl_typesupport_fastrtps_c.cpython-310-x86_64-linux-gnu.so" to ""
[2.054s] -- Installing: /home/mikolaj@acfr.usyd.edu.au/ros2_ws/install/my_interfaces/local/lib/python3.10/dist-packages/my_interfaces/my_interfaces_s__rosidl_typesupport_introspection_c.cpython-310-x86_64-linux-gnu.so
[2.054s] -- Set runtime path of "/home/mikolaj@acfr.usyd.edu.au/ros2_ws/install/my_interfaces/local/lib/python3.10/dist-packages/my_interfaces/my_interfaces_s__rosidl_typesupport_introspection_c.cpython-310-x86_64-linux-gnu.so" to ""
[2.054s] -- Installing: /home/mikolaj@acfr.usyd.edu.au/ros2_ws/install/my_interfaces/local/lib/python3.10/dist-packages/my_interfaces/my_interfaces_s__rosidl_typesupport_c.cpython-310-x86_64-linux-gnu.so
[2.054s] -- Set runtime path of "/home/mikolaj@acfr.usyd.edu.au/ros2_ws/install/my_interfaces/local/lib/python3.10/dist-packages/my_interfaces/my_interfaces_s__rosidl_typesupport_c.cpython-310-x86_64-linux-gnu.so" to ""
[2.054s] -- Installing: /home/mikolaj@acfr.usyd.edu.au/ros2_ws/install/my_interfaces/lib/libmy_interfaces__rosidl_generator_py.so
[2.055s] -- Set runtime path of "/home/mikolaj@acfr.usyd.edu.au/ros2_ws/install/my_interfaces/lib/libmy_interfaces__rosidl_generator_py.so" to ""
[2.055s] -- Installing: /home/mikolaj@acfr.usyd.edu.au/ros2_ws/install/my_interfaces/share/my_interfaces/msg/LdrLandmarkMsg2D.idl
[2.055s] -- Installing: /home/mikolaj@acfr.usyd.edu.au/ros2_ws/install/my_interfaces/share/my_interfaces/msg/LdrLandmarkMsg3D.idl
[2.055s] -- Installing: /home/mikolaj@acfr.usyd.edu.au/ros2_ws/install/my_interfaces/share/my_interfaces/msg/LdrLandmarksMsg2D.idl
[2.055s] -- Installing: /home/mikolaj@acfr.usyd.edu.au/ros2_ws/install/my_interfaces/share/my_interfaces/msg/LdrLandmarksMsg3D.idl
[2.055s] -- Installing: /home/mikolaj@acfr.usyd.edu.au/ros2_ws/install/my_interfaces/share/my_interfaces/msg/LdrLandmarkMsg2D.msg
[2.055s] -- Installing: /home/mikolaj@acfr.usyd.edu.au/ros2_ws/install/my_interfaces/share/my_interfaces/msg/LdrLandmarkMsg3D.msg
[2.055s] -- Installing: /home/mikolaj@acfr.usyd.edu.au/ros2_ws/install/my_interfaces/share/my_interfaces/msg/LdrLandmarksMsg2D.msg
[2.055s] -- Installing: /home/mikolaj@acfr.usyd.edu.au/ros2_ws/install/my_interfaces/share/my_interfaces/msg/LdrLandmarksMsg3D.msg
[2.055s] -- Up-to-date: /home/mikolaj@acfr.usyd.edu.au/ros2_ws/install/my_interfaces/share/ament_index/resource_index/package_run_dependencies/my_interfaces
[2.055s] -- Installing: /home/mikolaj@acfr.usyd.edu.au/ros2_ws/install/my_interfaces/share/ament_index/resource_index/parent_prefix_path/my_interfaces
[2.055s] -- Up-to-date: /home/mikolaj@acfr.usyd.edu.au/ros2_ws/install/my_interfaces/share/my_interfaces/environment/ament_prefix_path.sh
[2.055s] -- Installing: /home/mikolaj@acfr.usyd.edu.au/ros2_ws/install/my_interfaces/share/my_interfaces/environment/ament_prefix_path.dsv
[2.055s] -- Up-to-date: /home/mikolaj@acfr.usyd.edu.au/ros2_ws/install/my_interfaces/share/my_interfaces/environment/path.sh
[2.055s] -- Installing: /home/mikolaj@acfr.usyd.edu.au/ros2_ws/install/my_interfaces/share/my_interfaces/environment/path.dsv
[2.055s] -- Up-to-date: /home/mikolaj@acfr.usyd.edu.au/ros2_ws/install/my_interfaces/share/my_interfaces/local_setup.bash
[2.055s] -- Up-to-date: /home/mikolaj@acfr.usyd.edu.au/ros2_ws/install/my_interfaces/share/my_interfaces/local_setup.sh
[2.055s] -- Up-to-date: /home/mikolaj@acfr.usyd.edu.au/ros2_ws/install/my_interfaces/share/my_interfaces/local_setup.zsh
[2.055s] -- Installing: /home/mikolaj@acfr.usyd.edu.au/ros2_ws/install/my_interfaces/share/my_interfaces/local_setup.dsv
[2.055s] -- Installing: /home/mikolaj@acfr.usyd.edu.au/ros2_ws/install/my_interfaces/share/my_interfaces/package.dsv
[2.055s] -- Up-to-date: /home/mikolaj@acfr.usyd.edu.au/ros2_ws/install/my_interfaces/share/ament_index/resource_index/packages/my_interfaces
[2.055s] -- Up-to-date: /home/mikolaj@acfr.usyd.edu.au/ros2_ws/install/my_interfaces/share/my_interfaces/cmake/export_my_interfaces__rosidl_generator_cExport.cmake
[2.056s] -- Up-to-date: /home/mikolaj@acfr.usyd.edu.au/ros2_ws/install/my_interfaces/share/my_interfaces/cmake/export_my_interfaces__rosidl_generator_cExport-noconfig.cmake
[2.056s] -- Up-to-date: /home/mikolaj@acfr.usyd.edu.au/ros2_ws/install/my_interfaces/share/my_interfaces/cmake/export_my_interfaces__rosidl_typesupport_fastrtps_cExport.cmake
[2.056s] -- Up-to-date: /home/mikolaj@acfr.usyd.edu.au/ros2_ws/install/my_interfaces/share/my_interfaces/cmake/export_my_interfaces__rosidl_typesupport_fastrtps_cExport-noconfig.cmake
[2.056s] -- Up-to-date: /home/mikolaj@acfr.usyd.edu.au/ros2_ws/install/my_interfaces/share/my_interfaces/cmake/my_interfaces__rosidl_typesupport_introspection_cExport.cmake
[2.056s] -- Up-to-date: /home/mikolaj@acfr.usyd.edu.au/ros2_ws/install/my_interfaces/share/my_interfaces/cmake/my_interfaces__rosidl_typesupport_introspection_cExport-noconfig.cmake
[2.056s] -- Up-to-date: /home/mikolaj@acfr.usyd.edu.au/ros2_ws/install/my_interfaces/share/my_interfaces/cmake/my_interfaces__rosidl_typesupport_cExport.cmake
[2.056s] -- Up-to-date: /home/mikolaj@acfr.usyd.edu.au/ros2_ws/install/my_interfaces/share/my_interfaces/cmake/my_interfaces__rosidl_typesupport_cExport-noconfig.cmake
[2.056s] -- Up-to-date: /home/mikolaj@acfr.usyd.edu.au/ros2_ws/install/my_interfaces/share/my_interfaces/cmake/export_my_interfaces__rosidl_generator_cppExport.cmake
[2.056s] -- Up-to-date: /home/mikolaj@acfr.usyd.edu.au/ros2_ws/install/my_interfaces/share/my_interfaces/cmake/export_my_interfaces__rosidl_typesupport_fastrtps_cppExport.cmake
[2.056s] -- Up-to-date: /home/mikolaj@acfr.usyd.edu.au/ros2_ws/install/my_interfaces/share/my_interfaces/cmake/export_my_interfaces__rosidl_typesupport_fastrtps_cppExport-noconfig.cmake
[2.056s] -- Up-to-date: /home/mikolaj@acfr.usyd.edu.au/ros2_ws/install/my_interfaces/share/my_interfaces/cmake/my_interfaces__rosidl_typesupport_introspection_cppExport.cmake
[2.056s] -- Up-to-date: /home/mikolaj@acfr.usyd.edu.au/ros2_ws/install/my_interfaces/share/my_interfaces/cmake/my_interfaces__rosidl_typesupport_introspection_cppExport-noconfig.cmake
[2.056s] -- Up-to-date: /home/mikolaj@acfr.usyd.edu.au/ros2_ws/install/my_interfaces/share/my_interfaces/cmake/my_interfaces__rosidl_typesupport_cppExport.cmake
[2.056s] -- Up-to-date: /home/mikolaj@acfr.usyd.edu.au/ros2_ws/install/my_interfaces/share/my_interfaces/cmake/my_interfaces__rosidl_typesupport_cppExport-noconfig.cmake
[2.056s] -- Up-to-date: /home/mikolaj@acfr.usyd.edu.au/ros2_ws/install/my_interfaces/share/my_interfaces/cmake/export_my_interfaces__rosidl_generator_pyExport.cmake
[2.056s] -- Up-to-date: /home/mikolaj@acfr.usyd.edu.au/ros2_ws/install/my_interfaces/share/my_interfaces/cmake/export_my_interfaces__rosidl_generator_pyExport-noconfig.cmake
[2.056s] -- Installing: /home/mikolaj@acfr.usyd.edu.au/ros2_ws/install/my_interfaces/share/my_interfaces/cmake/rosidl_cmake-extras.cmake
[2.056s] -- Up-to-date: /home/mikolaj@acfr.usyd.edu.au/ros2_ws/install/my_interfaces/share/my_interfaces/cmake/ament_cmake_export_include_directories-extras.cmake
[2.056s] -- Up-to-date: /home/mikolaj@acfr.usyd.edu.au/ros2_ws/install/my_interfaces/share/my_interfaces/cmake/ament_cmake_export_libraries-extras.cmake
[2.056s] -- Up-to-date: /home/mikolaj@acfr.usyd.edu.au/ros2_ws/install/my_interfaces/share/my_interfaces/cmake/ament_cmake_export_targets-extras.cmake
[2.056s] -- Up-to-date: /home/mikolaj@acfr.usyd.edu.au/ros2_ws/install/my_interfaces/share/my_interfaces/cmake/rosidl_cmake_export_typesupport_targets-extras.cmake
[2.056s] -- Up-to-date: /home/mikolaj@acfr.usyd.edu.au/ros2_ws/install/my_interfaces/share/my_interfaces/cmake/ament_cmake_export_dependencies-extras.cmake
[2.056s] -- Up-to-date: /home/mikolaj@acfr.usyd.edu.au/ros2_ws/install/my_interfaces/share/my_interfaces/cmake/rosidl_cmake_export_typesupport_libraries-extras.cmake
[2.056s] -- Up-to-date: /home/mikolaj@acfr.usyd.edu.au/ros2_ws/install/my_interfaces/share/my_interfaces/cmake/my_interfacesConfig.cmake
[2.056s] -- Up-to-date: /home/mikolaj@acfr.usyd.edu.au/ros2_ws/install/my_interfaces/share/my_interfaces/cmake/my_interfacesConfig-version.cmake
[2.056s] -- Up-to-date: /home/mikolaj@acfr.usyd.edu.au/ros2_ws/install/my_interfaces/share/my_interfaces/package.xml
[2.058s] Invoked command in '/home/mikolaj@acfr.usyd.edu.au/ros2_ws/build/my_interfaces' returned '0': CMAKE_PREFIX_PATH=/opt/ros/humble:${CMAKE_PREFIX_PATH} /usr/bin/cmake --install /home/mikolaj@acfr.usyd.edu.au/ros2_ws/build/my_interfaces
