[0.010s] Invoking command in '/home/mikolaj@acfr.usyd.edu.au/ros2_ws/build/dyno_control': CMAKE_PREFIX_PATH=/opt/ros/humble:${CMAKE_PREFIX_PATH} /usr/bin/cmake --build /home/mikolaj@acfr.usyd.edu.au/ros2_ws/build/dyno_control -- -j20 -l20
[0.043s] Built target ament_cmake_python_copy_dyno_control
[0.171s] running egg_info
[0.172s] writing dyno_control.egg-info/PKG-INFO
[0.172s] writing dependency_links to dyno_control.egg-info/dependency_links.txt
[0.172s] writing top-level names to dyno_control.egg-info/top_level.txt
[0.173s] reading manifest file 'dyno_control.egg-info/SOURCES.txt'
[0.173s] writing manifest file 'dyno_control.egg-info/SOURCES.txt'
[0.188s] Built target ament_cmake_python_build_dyno_control_egg
[0.195s] Invoked command in '/home/mikolaj@acfr.usyd.edu.au/ros2_ws/build/dyno_control' returned '0': CMAKE_PREFIX_PATH=/opt/ros/humble:${CMAKE_PREFIX_PATH} /usr/bin/cmake --build /home/mikolaj@acfr.usyd.edu.au/ros2_ws/build/dyno_control -- -j20 -l20
[0.210s] Invoking command in '/home/mikolaj@acfr.usyd.edu.au/ros2_ws/build/dyno_control': CMAKE_PREFIX_PATH=/opt/ros/humble:${CMAKE_PREFIX_PATH} /usr/bin/cmake --install /home/mikolaj@acfr.usyd.edu.au/ros2_ws/build/dyno_control
[0.215s] -- Install configuration: ""
[0.215s] -- Up-to-date: /home/mikolaj@acfr.usyd.edu.au/ros2_ws/install/dyno_control/share/dyno_control/launch
[0.215s] -- Installing: /home/mikolaj@acfr.usyd.edu.au/ros2_ws/install/dyno_control/share/dyno_control/launch/dyno_control.launch.xml
[0.215s] -- Up-to-date: /home/mikolaj@acfr.usyd.edu.au/ros2_ws/install/dyno_control/share/dyno_control/scripts
[0.215s] -- Up-to-date: /home/mikolaj@acfr.usyd.edu.au/ros2_ws/install/dyno_control/share/dyno_control/scripts/pipeline_node.py
[0.215s] [31mCMake Error at cmake_install.cmake:46 (file):
[0.216s]   file INSTALL cannot find
[0.216s]   "/home/mikolaj@acfr.usyd.edu.au/ros2_ws/src/dyno_control/worlds": No such
[0.216s]   file or directory.
[0.216s] 
[0.216s] [0m
[0.216s] Invoked command in '/home/mikolaj@acfr.usyd.edu.au/ros2_ws/build/dyno_control' returned '1': CMAKE_PREFIX_PATH=/opt/ros/humble:${CMAKE_PREFIX_PATH} /usr/bin/cmake --install /home/mikolaj@acfr.usyd.edu.au/ros2_ws/build/dyno_control
