[0.005s] Invoking command in '/home/mikolaj@acfr.usyd.edu.au/ros2_ws/build/dyno_control': CMAKE_PREFIX_PATH=/home/mikolaj@acfr.usyd.edu.au/ros2_ws/install/my_interfaces:/opt/ros/humble:/home/mikolaj@acfr.usyd.edu.au/ros2_ws/install/turtlebot3_description:/home/mikolaj@acfr.usyd.edu.au/ros2_ws/install/my_turtlebot3_bringup:/home/mikolaj@acfr.usyd.edu.au/ros2_ws/install/my_turtlebot3_description:/home/mikolaj@acfr.usyd.edu.au/ros2_ws/install/dyno_control:/home/mikolaj@acfr.usyd.edu.au/tut_ros2_ws/install/my_robot_bringup:/home/mikolaj@acfr.usyd.edu.au/tut_ros2_ws/install/my_py_pkg:/home/mikolaj@acfr.usyd.edu.au/tut_ros2_ws/install/my_robot_interfaces:/home/mikolaj@acfr.usyd.edu.au/tut_ros2_ws/install/my_robot_description:/home/mikolaj@acfr.usyd.edu.au/tut_ros2_ws/install/my_cpp_pkg LD_LIBRARY_PATH=/home/mikolaj@acfr.usyd.edu.au/ros2_ws/install/my_interfaces/lib:/home/mikolaj@acfr.usyd.edu.au/tut_ros2_ws/install/my_robot_interfaces/lib:/usr/lib/x86_64-linux-gnu/gazebo-11/plugins:/opt/ros/humble/opt/rviz_ogre_vendor/lib:/opt/ros/humble/lib/x86_64-linux-gnu:/opt/ros/humble/lib:/usr/share/gazebo/../../lib/x86_64-linux-gnu/gazebo-11/plugins /usr/bin/cmake --build /home/mikolaj@acfr.usyd.edu.au/ros2_ws/build/dyno_control -- -j20 -l20
[0.018s] -- Found ament_cmake: 1.3.9 (/opt/ros/humble/share/ament_cmake/cmake)
[0.090s] -- Found rclpy: 3.3.13 (/opt/ros/humble/share/rclpy/cmake)
[0.090s] -- Found my_interfaces: 0.0.0 (/home/mikolaj@acfr.usyd.edu.au/ros2_ws/install/my_interfaces/share/my_interfaces/cmake)
[0.103s] -- Found rosidl_generator_c: 3.1.5 (/opt/ros/humble/share/rosidl_generator_c/cmake)
[0.105s] -- Found rosidl_adapter: 3.1.5 (/opt/ros/humble/share/rosidl_adapter/cmake)
[0.108s] -- Found rosidl_generator_cpp: 3.1.5 (/opt/ros/humble/share/rosidl_generator_cpp/cmake)
[0.113s] -- Using all available rosidl_typesupport_c: rosidl_typesupport_fastrtps_c;rosidl_typesupport_introspection_c
[0.121s] -- Using all available rosidl_typesupport_cpp: rosidl_typesupport_fastrtps_cpp;rosidl_typesupport_introspection_cpp
[0.198s] -- Configuring done
[0.200s] -- Generating done
[0.200s] -- Build files have been written to: /home/mikolaj@acfr.usyd.edu.au/ros2_ws/build/dyno_control
[0.222s] Built target ament_cmake_python_copy_dyno_control
[0.345s] running egg_info
[0.346s] writing dyno_control.egg-info/PKG-INFO
[0.346s] writing dependency_links to dyno_control.egg-info/dependency_links.txt
[0.346s] writing top-level names to dyno_control.egg-info/top_level.txt
[0.347s] reading manifest file 'dyno_control.egg-info/SOURCES.txt'
[0.347s] writing manifest file 'dyno_control.egg-info/SOURCES.txt'
[0.363s] Built target ament_cmake_python_build_dyno_control_egg
[0.369s] Invoked command in '/home/mikolaj@acfr.usyd.edu.au/ros2_ws/build/dyno_control' returned '0': CMAKE_PREFIX_PATH=/home/mikolaj@acfr.usyd.edu.au/ros2_ws/install/my_interfaces:/opt/ros/humble:/home/mikolaj@acfr.usyd.edu.au/ros2_ws/install/turtlebot3_description:/home/mikolaj@acfr.usyd.edu.au/ros2_ws/install/my_turtlebot3_bringup:/home/mikolaj@acfr.usyd.edu.au/ros2_ws/install/my_turtlebot3_description:/home/mikolaj@acfr.usyd.edu.au/ros2_ws/install/dyno_control:/home/mikolaj@acfr.usyd.edu.au/tut_ros2_ws/install/my_robot_bringup:/home/mikolaj@acfr.usyd.edu.au/tut_ros2_ws/install/my_py_pkg:/home/mikolaj@acfr.usyd.edu.au/tut_ros2_ws/install/my_robot_interfaces:/home/mikolaj@acfr.usyd.edu.au/tut_ros2_ws/install/my_robot_description:/home/mikolaj@acfr.usyd.edu.au/tut_ros2_ws/install/my_cpp_pkg LD_LIBRARY_PATH=/home/mikolaj@acfr.usyd.edu.au/ros2_ws/install/my_interfaces/lib:/home/mikolaj@acfr.usyd.edu.au/tut_ros2_ws/install/my_robot_interfaces/lib:/usr/lib/x86_64-linux-gnu/gazebo-11/plugins:/opt/ros/humble/opt/rviz_ogre_vendor/lib:/opt/ros/humble/lib/x86_64-linux-gnu:/opt/ros/humble/lib:/usr/share/gazebo/../../lib/x86_64-linux-gnu/gazebo-11/plugins /usr/bin/cmake --build /home/mikolaj@acfr.usyd.edu.au/ros2_ws/build/dyno_control -- -j20 -l20
[0.383s] Invoking command in '/home/mikolaj@acfr.usyd.edu.au/ros2_ws/build/dyno_control': CMAKE_PREFIX_PATH=/home/mikolaj@acfr.usyd.edu.au/ros2_ws/install/my_interfaces:/opt/ros/humble:/home/mikolaj@acfr.usyd.edu.au/ros2_ws/install/turtlebot3_description:/home/mikolaj@acfr.usyd.edu.au/ros2_ws/install/my_turtlebot3_bringup:/home/mikolaj@acfr.usyd.edu.au/ros2_ws/install/my_turtlebot3_description:/home/mikolaj@acfr.usyd.edu.au/ros2_ws/install/dyno_control:/home/mikolaj@acfr.usyd.edu.au/tut_ros2_ws/install/my_robot_bringup:/home/mikolaj@acfr.usyd.edu.au/tut_ros2_ws/install/my_py_pkg:/home/mikolaj@acfr.usyd.edu.au/tut_ros2_ws/install/my_robot_interfaces:/home/mikolaj@acfr.usyd.edu.au/tut_ros2_ws/install/my_robot_description:/home/mikolaj@acfr.usyd.edu.au/tut_ros2_ws/install/my_cpp_pkg LD_LIBRARY_PATH=/home/mikolaj@acfr.usyd.edu.au/ros2_ws/install/my_interfaces/lib:/home/mikolaj@acfr.usyd.edu.au/tut_ros2_ws/install/my_robot_interfaces/lib:/usr/lib/x86_64-linux-gnu/gazebo-11/plugins:/opt/ros/humble/opt/rviz_ogre_vendor/lib:/opt/ros/humble/lib/x86_64-linux-gnu:/opt/ros/humble/lib:/usr/share/gazebo/../../lib/x86_64-linux-gnu/gazebo-11/plugins /usr/bin/cmake --install /home/mikolaj@acfr.usyd.edu.au/ros2_ws/build/dyno_control
[0.387s] -- Install configuration: ""
[0.387s] -- Up-to-date: /home/mikolaj@acfr.usyd.edu.au/ros2_ws/install/dyno_control/share/dyno_control/launch
[0.387s] -- Up-to-date: /home/mikolaj@acfr.usyd.edu.au/ros2_ws/install/dyno_control/share/dyno_control/launch/dyno_control.launch.xml
[0.387s] -- Up-to-date: /home/mikolaj@acfr.usyd.edu.au/ros2_ws/install/dyno_control/share/dyno_control/scripts
[0.387s] -- Up-to-date: /home/mikolaj@acfr.usyd.edu.au/ros2_ws/install/dyno_control/share/dyno_control/scripts/gazebo_landmark_tf_broadcaster.py
[0.387s] -- Installing: /home/mikolaj@acfr.usyd.edu.au/ros2_ws/install/dyno_control/share/dyno_control/scripts/gazebo_sensor_simulator.py
[0.387s] -- Up-to-date: /home/mikolaj@acfr.usyd.edu.au/ros2_ws/install/dyno_control/share/dyno_control/scripts/pipeline_node.py
[0.388s] -- Up-to-date: /home/mikolaj@acfr.usyd.edu.au/ros2_ws/install/dyno_control/share/dyno_control/dyno_control
[0.388s] -- Up-to-date: /home/mikolaj@acfr.usyd.edu.au/ros2_ws/install/dyno_control/share/dyno_control/dyno_control/pipeline.py
[0.388s] -- Up-to-date: /home/mikolaj@acfr.usyd.edu.au/ros2_ws/install/dyno_control/share/dyno_control/dyno_control/__init__.py
[0.388s] -- Up-to-date: /home/mikolaj@acfr.usyd.edu.au/ros2_ws/install/dyno_control/share/dyno_control/environment/pythonpath.sh
[0.388s] -- Installing: /home/mikolaj@acfr.usyd.edu.au/ros2_ws/install/dyno_control/share/dyno_control/environment/pythonpath.dsv
[0.388s] -- Up-to-date: /home/mikolaj@acfr.usyd.edu.au/ros2_ws/install/dyno_control/local/lib/python3.10/dist-packages/dyno_control-0.0.1-py3.10.egg-info
[0.388s] -- Installing: /home/mikolaj@acfr.usyd.edu.au/ros2_ws/install/dyno_control/local/lib/python3.10/dist-packages/dyno_control-0.0.1-py3.10.egg-info/SOURCES.txt
[0.388s] -- Installing: /home/mikolaj@acfr.usyd.edu.au/ros2_ws/install/dyno_control/local/lib/python3.10/dist-packages/dyno_control-0.0.1-py3.10.egg-info/dependency_links.txt
[0.388s] -- Installing: /home/mikolaj@acfr.usyd.edu.au/ros2_ws/install/dyno_control/local/lib/python3.10/dist-packages/dyno_control-0.0.1-py3.10.egg-info/PKG-INFO
[0.388s] -- Installing: /home/mikolaj@acfr.usyd.edu.au/ros2_ws/install/dyno_control/local/lib/python3.10/dist-packages/dyno_control-0.0.1-py3.10.egg-info/top_level.txt
[0.388s] -- Up-to-date: /home/mikolaj@acfr.usyd.edu.au/ros2_ws/install/dyno_control/local/lib/python3.10/dist-packages/dyno_control
[0.388s] -- Up-to-date: /home/mikolaj@acfr.usyd.edu.au/ros2_ws/install/dyno_control/local/lib/python3.10/dist-packages/dyno_control/pipeline.py
[0.388s] -- Up-to-date: /home/mikolaj@acfr.usyd.edu.au/ros2_ws/install/dyno_control/local/lib/python3.10/dist-packages/dyno_control/__init__.py
[0.406s] Listing '/home/mikolaj@acfr.usyd.edu.au/ros2_ws/install/dyno_control/local/lib/python3.10/dist-packages/dyno_control'...
[0.408s] -- Up-to-date: /home/mikolaj@acfr.usyd.edu.au/ros2_ws/install/dyno_control/lib/dyno_control/pipeline_node.py
[0.408s] -- Up-to-date: /home/mikolaj@acfr.usyd.edu.au/ros2_ws/install/dyno_control/lib/dyno_control/gazebo_landmark_tf_broadcaster.py
[0.408s] -- Installing: /home/mikolaj@acfr.usyd.edu.au/ros2_ws/install/dyno_control/lib/dyno_control/gazebo_sensor_simulator.py
[0.408s] -- Installing: /home/mikolaj@acfr.usyd.edu.au/ros2_ws/install/dyno_control/share/ament_index/resource_index/package_run_dependencies/dyno_control
[0.408s] -- Up-to-date: /home/mikolaj@acfr.usyd.edu.au/ros2_ws/install/dyno_control/share/ament_index/resource_index/parent_prefix_path/dyno_control
[0.408s] -- Up-to-date: /home/mikolaj@acfr.usyd.edu.au/ros2_ws/install/dyno_control/share/dyno_control/environment/ament_prefix_path.sh
[0.408s] -- Installing: /home/mikolaj@acfr.usyd.edu.au/ros2_ws/install/dyno_control/share/dyno_control/environment/ament_prefix_path.dsv
[0.409s] -- Up-to-date: /home/mikolaj@acfr.usyd.edu.au/ros2_ws/install/dyno_control/share/dyno_control/environment/path.sh
[0.409s] -- Installing: /home/mikolaj@acfr.usyd.edu.au/ros2_ws/install/dyno_control/share/dyno_control/environment/path.dsv
[0.409s] -- Up-to-date: /home/mikolaj@acfr.usyd.edu.au/ros2_ws/install/dyno_control/share/dyno_control/local_setup.bash
[0.409s] -- Up-to-date: /home/mikolaj@acfr.usyd.edu.au/ros2_ws/install/dyno_control/share/dyno_control/local_setup.sh
[0.409s] -- Up-to-date: /home/mikolaj@acfr.usyd.edu.au/ros2_ws/install/dyno_control/share/dyno_control/local_setup.zsh
[0.409s] -- Installing: /home/mikolaj@acfr.usyd.edu.au/ros2_ws/install/dyno_control/share/dyno_control/local_setup.dsv
[0.409s] -- Installing: /home/mikolaj@acfr.usyd.edu.au/ros2_ws/install/dyno_control/share/dyno_control/package.dsv
[0.409s] -- Up-to-date: /home/mikolaj@acfr.usyd.edu.au/ros2_ws/install/dyno_control/share/ament_index/resource_index/packages/dyno_control
[0.409s] -- Up-to-date: /home/mikolaj@acfr.usyd.edu.au/ros2_ws/install/dyno_control/share/dyno_control/cmake/dyno_controlConfig.cmake
[0.409s] -- Up-to-date: /home/mikolaj@acfr.usyd.edu.au/ros2_ws/install/dyno_control/share/dyno_control/cmake/dyno_controlConfig-version.cmake
[0.409s] -- Installing: /home/mikolaj@acfr.usyd.edu.au/ros2_ws/install/dyno_control/share/dyno_control/package.xml
[0.412s] Invoked command in '/home/mikolaj@acfr.usyd.edu.au/ros2_ws/build/dyno_control' returned '0': CMAKE_PREFIX_PATH=/home/mikolaj@acfr.usyd.edu.au/ros2_ws/install/my_interfaces:/opt/ros/humble:/home/mikolaj@acfr.usyd.edu.au/ros2_ws/install/turtlebot3_description:/home/mikolaj@acfr.usyd.edu.au/ros2_ws/install/my_turtlebot3_bringup:/home/mikolaj@acfr.usyd.edu.au/ros2_ws/install/my_turtlebot3_description:/home/mikolaj@acfr.usyd.edu.au/ros2_ws/install/dyno_control:/home/mikolaj@acfr.usyd.edu.au/tut_ros2_ws/install/my_robot_bringup:/home/mikolaj@acfr.usyd.edu.au/tut_ros2_ws/install/my_py_pkg:/home/mikolaj@acfr.usyd.edu.au/tut_ros2_ws/install/my_robot_interfaces:/home/mikolaj@acfr.usyd.edu.au/tut_ros2_ws/install/my_robot_description:/home/mikolaj@acfr.usyd.edu.au/tut_ros2_ws/install/my_cpp_pkg LD_LIBRARY_PATH=/home/mikolaj@acfr.usyd.edu.au/ros2_ws/install/my_interfaces/lib:/home/mikolaj@acfr.usyd.edu.au/tut_ros2_ws/install/my_robot_interfaces/lib:/usr/lib/x86_64-linux-gnu/gazebo-11/plugins:/opt/ros/humble/opt/rviz_ogre_vendor/lib:/opt/ros/humble/lib/x86_64-linux-gnu:/opt/ros/humble/lib:/usr/share/gazebo/../../lib/x86_64-linux-gnu/gazebo-11/plugins /usr/bin/cmake --install /home/mikolaj@acfr.usyd.edu.au/ros2_ws/build/dyno_control
