-- Install configuration: ""
-- Installing: /home/mikolaj@acfr.usyd.edu.au/ros2_ws/install/my_turtlebot3_bringup/share/my_turtlebot3_bringup//launch
-- Installing: /home/mikolaj@acfr.usyd.edu.au/ros2_ws/install/my_turtlebot3_bringup/share/my_turtlebot3_bringup//launch/my_turtlebot3_gazebo.launch.xml
-- Installing: /home/mikolaj@acfr.usyd.edu.au/ros2_ws/install/my_turtlebot3_bringup/share/my_turtlebot3_bringup//worlds
-- Installing: /home/mikolaj@acfr.usyd.edu.au/ros2_ws/install/my_turtlebot3_bringup/share/my_turtlebot3_bringup//worlds/square_world.world
-- Installing: /home/mikolaj@acfr.usyd.edu.au/ros2_ws/install/my_turtlebot3_bringup/share/my_turtlebot3_bringup//rviz
-- Installing: /home/mikolaj@acfr.usyd.edu.au/ros2_ws/install/my_turtlebot3_bringup/share/ament_index/resource_index/package_run_dependencies/my_turtlebot3_bringup
-- Installing: /home/mikolaj@acfr.usyd.edu.au/ros2_ws/install/my_turtlebot3_bringup/share/ament_index/resource_index/parent_prefix_path/my_turtlebot3_bringup
-- Installing: /home/mikolaj@acfr.usyd.edu.au/ros2_ws/install/my_turtlebot3_bringup/share/my_turtlebot3_bringup/environment/ament_prefix_path.sh
-- Installing: /home/mikolaj@acfr.usyd.edu.au/ros2_ws/install/my_turtlebot3_bringup/share/my_turtlebot3_bringup/environment/ament_prefix_path.dsv
-- Installing: /home/mikolaj@acfr.usyd.edu.au/ros2_ws/install/my_turtlebot3_bringup/share/my_turtlebot3_bringup/environment/path.sh
-- Installing: /home/mikolaj@acfr.usyd.edu.au/ros2_ws/install/my_turtlebot3_bringup/share/my_turtlebot3_bringup/environment/path.dsv
-- Installing: /home/mikolaj@acfr.usyd.edu.au/ros2_ws/install/my_turtlebot3_bringup/share/my_turtlebot3_bringup/local_setup.bash
-- Installing: /home/mikolaj@acfr.usyd.edu.au/ros2_ws/install/my_turtlebot3_bringup/share/my_turtlebot3_bringup/local_setup.sh
-- Installing: /home/mikolaj@acfr.usyd.edu.au/ros2_ws/install/my_turtlebot3_bringup/share/my_turtlebot3_bringup/local_setup.zsh
-- Installing: /home/mikolaj@acfr.usyd.edu.au/ros2_ws/install/my_turtlebot3_bringup/share/my_turtlebot3_bringup/local_setup.dsv
-- Installing: /home/mikolaj@acfr.usyd.edu.au/ros2_ws/install/my_turtlebot3_bringup/share/my_turtlebot3_bringup/package.dsv
-- Installing: /home/mikolaj@acfr.usyd.edu.au/ros2_ws/install/my_turtlebot3_bringup/share/ament_index/resource_index/packages/my_turtlebot3_bringup
-- Installing: /home/mikolaj@acfr.usyd.edu.au/ros2_ws/install/my_turtlebot3_bringup/share/my_turtlebot3_bringup/cmake/my_turtlebot3_bringupConfig.cmake
-- Installing: /home/mikolaj@acfr.usyd.edu.au/ros2_ws/install/my_turtlebot3_bringup/share/my_turtlebot3_bringup/cmake/my_turtlebot3_bringupConfig-version.cmake
-- Installing: /home/mikolaj@acfr.usyd.edu.au/ros2_ws/install/my_turtlebot3_bringup/share/my_turtlebot3_bringup/package.xml
