[0.007s] Invoking command in '/home/mikolaj@acfr.usyd.edu.au/ros2_ws/build/my_interfaces': CMAKE_PREFIX_PATH=/opt/ros/humble:${CMAKE_PREFIX_PATH} /usr/bin/cmake /home/mikolaj@acfr.usyd.edu.au/ros2_ws/src/my_interfaces -DCMAKE_INSTALL_PREFIX=/home/mikolaj@acfr.usyd.edu.au/ros2_ws/install/my_interfaces
[0.015s] -- Found ament_cmake: 1.3.9 (/opt/ros/humble/share/ament_cmake/cmake)
[0.086s] -- Found rosidl_default_generators: 1.2.0 (/opt/ros/humble/share/rosidl_default_generators/cmake)
[0.087s] -- Using all available rosidl_typesupport_c: rosidl_typesupport_fastrtps_c;rosidl_typesupport_introspection_c
[0.088s] -- Found rosidl_adapter: 3.1.5 (/opt/ros/humble/share/rosidl_adapter/cmake)
[0.107s] -- Using all available rosidl_typesupport_cpp: rosidl_typesupport_fastrtps_cpp;rosidl_typesupport_introspection_cpp
[0.217s] [31mCMake Error at /opt/ros/humble/share/rosidl_adapter/cmake/rosidl_adapt_interfaces.cmake:59 (message):
[0.217s]   execute_process(/usr/bin/python3 -m rosidl_adapter --package-name
[0.217s]   my_interfaces --arguments-file
[0.217s]   /home/mikolaj@acfr.usyd.edu.au/ros2_ws/build/my_interfaces/rosidl_adapter__arguments__my_interfaces.json
[0.217s]   --output-dir
[0.218s]   /home/mikolaj@acfr.usyd.edu.au/ros2_ws/build/my_interfaces/rosidl_adapter/my_interfaces
[0.218s]   --output-file
[0.218s]   /home/mikolaj@acfr.usyd.edu.au/ros2_ws/build/my_interfaces/rosidl_adapter/my_interfaces.idls)
[0.218s]   returned error code 1:
[0.218s] 
[0.218s]   Error processing 'Landmark_Msg[] landmarks' of
[0.218s]   'my_interfaces/LandmarksMsg': ''Landmark_Msg' is an invalid message name.
[0.218s]   It should have the pattern '^[A-Z][A-Za-z0-9]*$''
[0.218s] 
[0.218s]   Traceback (most recent call last):
[0.218s] 
[0.218s]     File "/usr/lib/python3.10/runpy.py", line 196, in _run_module_as_main
[0.218s]       return _run_code(code, main_globals, None,
[0.218s]     File "/usr/lib/python3.10/runpy.py", line 86, in _run_code
[0.218s]       exec(code, run_globals)
[0.218s]     File "/opt/ros/humble/local/lib/python3.10/dist-packages/rosidl_adapter/__main__.py", line 19, in <module>
[0.218s]       sys.exit(main())
[0.219s]     File "/opt/ros/humble/local/lib/python3.10/dist-packages/rosidl_adapter/main.py", line 53, in main
[0.219s]       abs_idl_file = convert_to_idl(
[0.219s]     File "/opt/ros/humble/local/lib/python3.10/dist-packages/rosidl_adapter/__init__.py", line 19, in convert_to_idl
[0.219s]       return convert_msg_to_idl(
[0.219s]     File "/opt/ros/humble/local/lib/python3.10/dist-packages/rosidl_adapter/msg/__init__.py", line 28, in convert_msg_to_idl
[0.219s]       msg = parse_message_string(package_name, input_file.stem, content)
[0.219s]     File "/opt/ros/humble/local/lib/python3.10/dist-packages/rosidl_adapter/parser.py", line 520, in parse_message_string
[0.219s]       Type(type_string, context_package_name=pkg_name),
[0.219s]     File "/opt/ros/humble/local/lib/python3.10/dist-packages/rosidl_adapter/parser.py", line 277, in __init__
[0.219s]       super(Type, self).__init__(
[0.219s]     File "/opt/ros/humble/local/lib/python3.10/dist-packages/rosidl_adapter/parser.py", line 205, in __init__
[0.219s]       raise InvalidResourceName(
[0.219s] 
[0.219s]   rosidl_adapter.parser.InvalidResourceName: 'Landmark_Msg' is an invalid
[0.219s]   message name.  It should have the pattern '^[A-Z][A-Za-z0-9]*$'
[0.219s] 
[0.219s] Call Stack (most recent call first):
[0.219s]   /opt/ros/humble/share/rosidl_cmake/cmake/rosidl_generate_interfaces.cmake:130 (rosidl_adapt_interfaces)
[0.220s]   CMakeLists.txt:12 (rosidl_generate_interfaces)
[0.220s] 
[0.220s] [0m
[0.220s] -- Configuring incomplete, errors occurred!
[0.220s] See also "/home/mikolaj@acfr.usyd.edu.au/ros2_ws/build/my_interfaces/CMakeFiles/CMakeOutput.log".
[0.222s] Invoked command in '/home/mikolaj@acfr.usyd.edu.au/ros2_ws/build/my_interfaces' returned '1': CMAKE_PREFIX_PATH=/opt/ros/humble:${CMAKE_PREFIX_PATH} /usr/bin/cmake /home/mikolaj@acfr.usyd.edu.au/ros2_ws/src/my_interfaces -DCMAKE_INSTALL_PREFIX=/home/mikolaj@acfr.usyd.edu.au/ros2_ws/install/my_interfaces
