[0.008s] Invoking command in '/home/mikolaj@acfr.usyd.edu.au/ros2_ws/build/my_turtlebot3_description': CMAKE_PREFIX_PATH=/opt/ros/humble:${CMAKE_PREFIX_PATH} /usr/bin/cmake --build /home/mikolaj@acfr.usyd.edu.au/ros2_ws/build/my_turtlebot3_description -- -j20 -l20
[0.028s] Invoked command in '/home/mikolaj@acfr.usyd.edu.au/ros2_ws/build/my_turtlebot3_description' returned '0': CMAKE_PREFIX_PATH=/opt/ros/humble:${CMAKE_PREFIX_PATH} /usr/bin/cmake --build /home/mikolaj@acfr.usyd.edu.au/ros2_ws/build/my_turtlebot3_description -- -j20 -l20
[0.046s] Invoking command in '/home/mikolaj@acfr.usyd.edu.au/ros2_ws/build/my_turtlebot3_description': CMAKE_PREFIX_PATH=/opt/ros/humble:${CMAKE_PREFIX_PATH} /usr/bin/cmake --install /home/mikolaj@acfr.usyd.edu.au/ros2_ws/build/my_turtlebot3_description
[0.050s] -- Install configuration: ""
[0.050s] -- Up-to-date: /home/mikolaj@acfr.usyd.edu.au/ros2_ws/install/my_turtlebot3_description/share/my_turtlebot3_description/rviz
[0.050s] -- Up-to-date: /home/mikolaj@acfr.usyd.edu.au/ros2_ws/install/my_turtlebot3_description/share/my_turtlebot3_description/rviz/my_turtlebot_conf.rviz
[0.051s] -- Up-to-date: /home/mikolaj@acfr.usyd.edu.au/ros2_ws/install/my_turtlebot3_description/share/my_turtlebot3_description/urdf
[0.051s] -- Up-to-date: /home/mikolaj@acfr.usyd.edu.au/ros2_ws/install/my_turtlebot3_description/share/my_turtlebot3_description/urdf/mobile_base_gazebo.xacro
[0.051s] -- Up-to-date: /home/mikolaj@acfr.usyd.edu.au/ros2_ws/install/my_turtlebot3_description/share/my_turtlebot3_description/urdf/common_properties.xacro
[0.051s] -- Up-to-date: /home/mikolaj@acfr.usyd.edu.au/ros2_ws/install/my_turtlebot3_description/share/my_turtlebot3_description/urdf/my_robot.urdf.xacro
[0.051s] -- Up-to-date: /home/mikolaj@acfr.usyd.edu.au/ros2_ws/install/my_turtlebot3_description/share/my_turtlebot3_description/urdf/mobile_base.xacro
[0.051s] -- Up-to-date: /home/mikolaj@acfr.usyd.edu.au/ros2_ws/install/my_turtlebot3_description/share/ament_index/resource_index/package_run_dependencies/my_turtlebot3_description
[0.051s] -- Up-to-date: /home/mikolaj@acfr.usyd.edu.au/ros2_ws/install/my_turtlebot3_description/share/ament_index/resource_index/parent_prefix_path/my_turtlebot3_description
[0.051s] -- Up-to-date: /home/mikolaj@acfr.usyd.edu.au/ros2_ws/install/my_turtlebot3_description/share/my_turtlebot3_description/environment/ament_prefix_path.sh
[0.051s] -- Up-to-date: /home/mikolaj@acfr.usyd.edu.au/ros2_ws/install/my_turtlebot3_description/share/my_turtlebot3_description/environment/ament_prefix_path.dsv
[0.051s] -- Up-to-date: /home/mikolaj@acfr.usyd.edu.au/ros2_ws/install/my_turtlebot3_description/share/my_turtlebot3_description/environment/path.sh
[0.052s] -- Up-to-date: /home/mikolaj@acfr.usyd.edu.au/ros2_ws/install/my_turtlebot3_description/share/my_turtlebot3_description/environment/path.dsv
[0.052s] -- Up-to-date: /home/mikolaj@acfr.usyd.edu.au/ros2_ws/install/my_turtlebot3_description/share/my_turtlebot3_description/local_setup.bash
[0.052s] -- Up-to-date: /home/mikolaj@acfr.usyd.edu.au/ros2_ws/install/my_turtlebot3_description/share/my_turtlebot3_description/local_setup.sh
[0.052s] -- Up-to-date: /home/mikolaj@acfr.usyd.edu.au/ros2_ws/install/my_turtlebot3_description/share/my_turtlebot3_description/local_setup.zsh
[0.053s] -- Up-to-date: /home/mikolaj@acfr.usyd.edu.au/ros2_ws/install/my_turtlebot3_description/share/my_turtlebot3_description/local_setup.dsv
[0.053s] -- Installing: /home/mikolaj@acfr.usyd.edu.au/ros2_ws/install/my_turtlebot3_description/share/my_turtlebot3_description/package.dsv
[0.053s] -- Up-to-date: /home/mikolaj@acfr.usyd.edu.au/ros2_ws/install/my_turtlebot3_description/share/ament_index/resource_index/packages/my_turtlebot3_description
[0.053s] -- Up-to-date: /home/mikolaj@acfr.usyd.edu.au/ros2_ws/install/my_turtlebot3_description/share/my_turtlebot3_description/cmake/my_turtlebot3_descriptionConfig.cmake
[0.053s] -- Up-to-date: /home/mikolaj@acfr.usyd.edu.au/ros2_ws/install/my_turtlebot3_description/share/my_turtlebot3_description/cmake/my_turtlebot3_descriptionConfig-version.cmake
[0.053s] -- Up-to-date: /home/mikolaj@acfr.usyd.edu.au/ros2_ws/install/my_turtlebot3_description/share/my_turtlebot3_description/package.xml
[0.054s] Invoked command in '/home/mikolaj@acfr.usyd.edu.au/ros2_ws/build/my_turtlebot3_description' returned '0': CMAKE_PREFIX_PATH=/opt/ros/humble:${CMAKE_PREFIX_PATH} /usr/bin/cmake --install /home/mikolaj@acfr.usyd.edu.au/ros2_ws/build/my_turtlebot3_description
