[0.009s] Invoking command in '/home/mikolaj@acfr.usyd.edu.au/ros2_ws/build/dyno_control': AMENT_PREFIX_PATH=/home/mikolaj@acfr.usyd.edu.au/ros2_ws/install/my_interfaces:${AMENT_PREFIX_PATH} CMAKE_PREFIX_PATH=/home/mikolaj@acfr.usyd.edu.au/ros2_ws/install/my_interfaces:/opt/ros/humble:${CMAKE_PREFIX_PATH} LD_LIBRARY_PATH=/home/mikolaj@acfr.usyd.edu.au/ros2_ws/install/my_interfaces/lib:/home/mikolaj@acfr.usyd.edu.au/tut_ros2_ws/install/my_robot_interfaces/lib:/usr/lib/x86_64-linux-gnu/gazebo-11/plugins:/opt/ros/humble/opt/rviz_ogre_vendor/lib:/opt/ros/humble/lib/x86_64-linux-gnu:/opt/ros/humble/lib:/usr/share/gazebo/../../lib/x86_64-linux-gnu/gazebo-11/plugins PYTHONPATH=/home/mikolaj@acfr.usyd.edu.au/ros2_ws/install/my_interfaces/local/lib/python3.10/dist-packages:${PYTHONPATH} /usr/bin/cmake --build /home/mikolaj@acfr.usyd.edu.au/ros2_ws/build/dyno_control -- -j20 -l20
[0.032s] -- Found ament_cmake: 1.3.9 (/opt/ros/humble/share/ament_cmake/cmake)
[0.107s] -- Found rclpy: 3.3.13 (/opt/ros/humble/share/rclpy/cmake)
[0.107s] -- Found my_interfaces: 0.0.0 (/home/mikolaj@acfr.usyd.edu.au/ros2_ws/install/my_interfaces/share/my_interfaces/cmake)
[0.121s] -- Found rosidl_generator_c: 3.1.5 (/opt/ros/humble/share/rosidl_generator_c/cmake)
[0.122s] -- Found rosidl_adapter: 3.1.5 (/opt/ros/humble/share/rosidl_adapter/cmake)
[0.125s] -- Found rosidl_generator_cpp: 3.1.5 (/opt/ros/humble/share/rosidl_generator_cpp/cmake)
[0.131s] -- Using all available rosidl_typesupport_c: rosidl_typesupport_fastrtps_c;rosidl_typesupport_introspection_c
[0.139s] -- Using all available rosidl_typesupport_cpp: rosidl_typesupport_fastrtps_cpp;rosidl_typesupport_introspection_cpp
[0.214s] -- Configuring done
[0.215s] -- Generating done
[0.216s] -- Build files have been written to: /home/mikolaj@acfr.usyd.edu.au/ros2_ws/build/dyno_control
[0.237s] Built target ament_cmake_python_copy_dyno_control
[0.371s] running egg_info
[0.372s] writing dyno_control.egg-info/PKG-INFO
[0.372s] writing dependency_links to dyno_control.egg-info/dependency_links.txt
[0.372s] writing top-level names to dyno_control.egg-info/top_level.txt
[0.373s] reading manifest file 'dyno_control.egg-info/SOURCES.txt'
[0.373s] writing manifest file 'dyno_control.egg-info/SOURCES.txt'
[0.387s] Built target ament_cmake_python_build_dyno_control_egg
[0.394s] Invoked command in '/home/mikolaj@acfr.usyd.edu.au/ros2_ws/build/dyno_control' returned '0': AMENT_PREFIX_PATH=/home/mikolaj@acfr.usyd.edu.au/ros2_ws/install/my_interfaces:${AMENT_PREFIX_PATH} CMAKE_PREFIX_PATH=/home/mikolaj@acfr.usyd.edu.au/ros2_ws/install/my_interfaces:/opt/ros/humble:${CMAKE_PREFIX_PATH} LD_LIBRARY_PATH=/home/mikolaj@acfr.usyd.edu.au/ros2_ws/install/my_interfaces/lib:/home/mikolaj@acfr.usyd.edu.au/tut_ros2_ws/install/my_robot_interfaces/lib:/usr/lib/x86_64-linux-gnu/gazebo-11/plugins:/opt/ros/humble/opt/rviz_ogre_vendor/lib:/opt/ros/humble/lib/x86_64-linux-gnu:/opt/ros/humble/lib:/usr/share/gazebo/../../lib/x86_64-linux-gnu/gazebo-11/plugins PYTHONPATH=/home/mikolaj@acfr.usyd.edu.au/ros2_ws/install/my_interfaces/local/lib/python3.10/dist-packages:${PYTHONPATH} /usr/bin/cmake --build /home/mikolaj@acfr.usyd.edu.au/ros2_ws/build/dyno_control -- -j20 -l20
[0.408s] Invoking command in '/home/mikolaj@acfr.usyd.edu.au/ros2_ws/build/dyno_control': AMENT_PREFIX_PATH=/home/mikolaj@acfr.usyd.edu.au/ros2_ws/install/my_interfaces:${AMENT_PREFIX_PATH} CMAKE_PREFIX_PATH=/home/mikolaj@acfr.usyd.edu.au/ros2_ws/install/my_interfaces:/opt/ros/humble:${CMAKE_PREFIX_PATH} LD_LIBRARY_PATH=/home/mikolaj@acfr.usyd.edu.au/ros2_ws/install/my_interfaces/lib:/home/mikolaj@acfr.usyd.edu.au/tut_ros2_ws/install/my_robot_interfaces/lib:/usr/lib/x86_64-linux-gnu/gazebo-11/plugins:/opt/ros/humble/opt/rviz_ogre_vendor/lib:/opt/ros/humble/lib/x86_64-linux-gnu:/opt/ros/humble/lib:/usr/share/gazebo/../../lib/x86_64-linux-gnu/gazebo-11/plugins PYTHONPATH=/home/mikolaj@acfr.usyd.edu.au/ros2_ws/install/my_interfaces/local/lib/python3.10/dist-packages:${PYTHONPATH} /usr/bin/cmake --install /home/mikolaj@acfr.usyd.edu.au/ros2_ws/build/dyno_control
[0.411s] -- Install configuration: ""
[0.411s] -- Up-to-date: /home/mikolaj@acfr.usyd.edu.au/ros2_ws/install/dyno_control/share/dyno_control/launch
[0.411s] -- Up-to-date: /home/mikolaj@acfr.usyd.edu.au/ros2_ws/install/dyno_control/share/dyno_control/launch/dyno_control.launch.xml
[0.411s] -- Up-to-date: /home/mikolaj@acfr.usyd.edu.au/ros2_ws/install/dyno_control/share/dyno_control/scripts
[0.411s] -- Installing: /home/mikolaj@acfr.usyd.edu.au/ros2_ws/install/dyno_control/share/dyno_control/scripts/landmark_publisher_sim.py
[0.411s] -- Up-to-date: /home/mikolaj@acfr.usyd.edu.au/ros2_ws/install/dyno_control/share/dyno_control/scripts/pipeline_node.py
[0.411s] -- Up-to-date: /home/mikolaj@acfr.usyd.edu.au/ros2_ws/install/dyno_control/share/dyno_control/dyno_control
[0.411s] -- Up-to-date: /home/mikolaj@acfr.usyd.edu.au/ros2_ws/install/dyno_control/share/dyno_control/dyno_control/pipeline.py
[0.411s] -- Up-to-date: /home/mikolaj@acfr.usyd.edu.au/ros2_ws/install/dyno_control/share/dyno_control/dyno_control/__init__.py
[0.411s] -- Up-to-date: /home/mikolaj@acfr.usyd.edu.au/ros2_ws/install/dyno_control/share/dyno_control/environment/pythonpath.sh
[0.411s] -- Installing: /home/mikolaj@acfr.usyd.edu.au/ros2_ws/install/dyno_control/share/dyno_control/environment/pythonpath.dsv
[0.411s] -- Up-to-date: /home/mikolaj@acfr.usyd.edu.au/ros2_ws/install/dyno_control/local/lib/python3.10/dist-packages/dyno_control-0.0.1-py3.10.egg-info
[0.411s] -- Installing: /home/mikolaj@acfr.usyd.edu.au/ros2_ws/install/dyno_control/local/lib/python3.10/dist-packages/dyno_control-0.0.1-py3.10.egg-info/SOURCES.txt
[0.411s] -- Installing: /home/mikolaj@acfr.usyd.edu.au/ros2_ws/install/dyno_control/local/lib/python3.10/dist-packages/dyno_control-0.0.1-py3.10.egg-info/dependency_links.txt
[0.411s] -- Installing: /home/mikolaj@acfr.usyd.edu.au/ros2_ws/install/dyno_control/local/lib/python3.10/dist-packages/dyno_control-0.0.1-py3.10.egg-info/PKG-INFO
[0.411s] -- Installing: /home/mikolaj@acfr.usyd.edu.au/ros2_ws/install/dyno_control/local/lib/python3.10/dist-packages/dyno_control-0.0.1-py3.10.egg-info/top_level.txt
[0.412s] -- Up-to-date: /home/mikolaj@acfr.usyd.edu.au/ros2_ws/install/dyno_control/local/lib/python3.10/dist-packages/dyno_control
[0.412s] -- Up-to-date: /home/mikolaj@acfr.usyd.edu.au/ros2_ws/install/dyno_control/local/lib/python3.10/dist-packages/dyno_control/pipeline.py
[0.412s] -- Up-to-date: /home/mikolaj@acfr.usyd.edu.au/ros2_ws/install/dyno_control/local/lib/python3.10/dist-packages/dyno_control/__init__.py
[0.430s] Listing '/home/mikolaj@acfr.usyd.edu.au/ros2_ws/install/dyno_control/local/lib/python3.10/dist-packages/dyno_control'...
[0.433s] -- Up-to-date: /home/mikolaj@acfr.usyd.edu.au/ros2_ws/install/dyno_control/lib/dyno_control/pipeline_node.py
[0.433s] -- Installing: /home/mikolaj@acfr.usyd.edu.au/ros2_ws/install/dyno_control/lib/dyno_control/landmark_publisher_sim.py
[0.433s] -- Installing: /home/mikolaj@acfr.usyd.edu.au/ros2_ws/install/dyno_control/share/ament_index/resource_index/package_run_dependencies/dyno_control
[0.433s] -- Installing: /home/mikolaj@acfr.usyd.edu.au/ros2_ws/install/dyno_control/share/ament_index/resource_index/parent_prefix_path/dyno_control
[0.433s] -- Up-to-date: /home/mikolaj@acfr.usyd.edu.au/ros2_ws/install/dyno_control/share/dyno_control/environment/ament_prefix_path.sh
[0.433s] -- Installing: /home/mikolaj@acfr.usyd.edu.au/ros2_ws/install/dyno_control/share/dyno_control/environment/ament_prefix_path.dsv
[0.433s] -- Up-to-date: /home/mikolaj@acfr.usyd.edu.au/ros2_ws/install/dyno_control/share/dyno_control/environment/path.sh
[0.433s] -- Installing: /home/mikolaj@acfr.usyd.edu.au/ros2_ws/install/dyno_control/share/dyno_control/environment/path.dsv
[0.433s] -- Up-to-date: /home/mikolaj@acfr.usyd.edu.au/ros2_ws/install/dyno_control/share/dyno_control/local_setup.bash
[0.433s] -- Up-to-date: /home/mikolaj@acfr.usyd.edu.au/ros2_ws/install/dyno_control/share/dyno_control/local_setup.sh
[0.433s] -- Up-to-date: /home/mikolaj@acfr.usyd.edu.au/ros2_ws/install/dyno_control/share/dyno_control/local_setup.zsh
[0.434s] -- Installing: /home/mikolaj@acfr.usyd.edu.au/ros2_ws/install/dyno_control/share/dyno_control/local_setup.dsv
[0.434s] -- Installing: /home/mikolaj@acfr.usyd.edu.au/ros2_ws/install/dyno_control/share/dyno_control/package.dsv
[0.434s] -- Up-to-date: /home/mikolaj@acfr.usyd.edu.au/ros2_ws/install/dyno_control/share/ament_index/resource_index/packages/dyno_control
[0.434s] -- Up-to-date: /home/mikolaj@acfr.usyd.edu.au/ros2_ws/install/dyno_control/share/dyno_control/cmake/dyno_controlConfig.cmake
[0.434s] -- Up-to-date: /home/mikolaj@acfr.usyd.edu.au/ros2_ws/install/dyno_control/share/dyno_control/cmake/dyno_controlConfig-version.cmake
[0.434s] -- Installing: /home/mikolaj@acfr.usyd.edu.au/ros2_ws/install/dyno_control/share/dyno_control/package.xml
[0.435s] Invoked command in '/home/mikolaj@acfr.usyd.edu.au/ros2_ws/build/dyno_control' returned '0': AMENT_PREFIX_PATH=/home/mikolaj@acfr.usyd.edu.au/ros2_ws/install/my_interfaces:${AMENT_PREFIX_PATH} CMAKE_PREFIX_PATH=/home/mikolaj@acfr.usyd.edu.au/ros2_ws/install/my_interfaces:/opt/ros/humble:${CMAKE_PREFIX_PATH} LD_LIBRARY_PATH=/home/mikolaj@acfr.usyd.edu.au/ros2_ws/install/my_interfaces/lib:/home/mikolaj@acfr.usyd.edu.au/tut_ros2_ws/install/my_robot_interfaces/lib:/usr/lib/x86_64-linux-gnu/gazebo-11/plugins:/opt/ros/humble/opt/rviz_ogre_vendor/lib:/opt/ros/humble/lib/x86_64-linux-gnu:/opt/ros/humble/lib:/usr/share/gazebo/../../lib/x86_64-linux-gnu/gazebo-11/plugins PYTHONPATH=/home/mikolaj@acfr.usyd.edu.au/ros2_ws/install/my_interfaces/local/lib/python3.10/dist-packages:${PYTHONPATH} /usr/bin/cmake --install /home/mikolaj@acfr.usyd.edu.au/ros2_ws/build/dyno_control
