[0.008s] Invoking command in '/home/mikolaj@acfr.usyd.edu.au/ros2_ws/build/my_turtlebot3_bringup': CMAKE_PREFIX_PATH=/opt/ros/humble:${CMAKE_PREFIX_PATH} /usr/bin/cmake --build /home/mikolaj@acfr.usyd.edu.au/ros2_ws/build/my_turtlebot3_bringup -- -j20 -l20
[0.029s] Invoked command in '/home/mikolaj@acfr.usyd.edu.au/ros2_ws/build/my_turtlebot3_bringup' returned '0': CMAKE_PREFIX_PATH=/opt/ros/humble:${CMAKE_PREFIX_PATH} /usr/bin/cmake --build /home/mikolaj@acfr.usyd.edu.au/ros2_ws/build/my_turtlebot3_bringup -- -j20 -l20
[0.044s] Invoking command in '/home/mikolaj@acfr.usyd.edu.au/ros2_ws/build/my_turtlebot3_bringup': CMAKE_PREFIX_PATH=/opt/ros/humble:${CMAKE_PREFIX_PATH} /usr/bin/cmake --install /home/mikolaj@acfr.usyd.edu.au/ros2_ws/build/my_turtlebot3_bringup
[0.048s] -- Install configuration: ""
[0.049s] -- Up-to-date: /home/mikolaj@acfr.usyd.edu.au/ros2_ws/install/my_turtlebot3_bringup/share/my_turtlebot3_bringup//launch
[0.049s] -- Up-to-date: /home/mikolaj@acfr.usyd.edu.au/ros2_ws/install/my_turtlebot3_bringup/share/my_turtlebot3_bringup//launch/my_turtlebot3_gazebo.launch.xml
[0.049s] -- Up-to-date: /home/mikolaj@acfr.usyd.edu.au/ros2_ws/install/my_turtlebot3_bringup/share/my_turtlebot3_bringup//worlds
[0.049s] -- Up-to-date: /home/mikolaj@acfr.usyd.edu.au/ros2_ws/install/my_turtlebot3_bringup/share/my_turtlebot3_bringup//worlds/square_world.world
[0.049s] -- Up-to-date: /home/mikolaj@acfr.usyd.edu.au/ros2_ws/install/my_turtlebot3_bringup/share/my_turtlebot3_bringup//rviz
[0.049s] -- Up-to-date: /home/mikolaj@acfr.usyd.edu.au/ros2_ws/install/my_turtlebot3_bringup/share/ament_index/resource_index/package_run_dependencies/my_turtlebot3_bringup
[0.049s] -- Up-to-date: /home/mikolaj@acfr.usyd.edu.au/ros2_ws/install/my_turtlebot3_bringup/share/ament_index/resource_index/parent_prefix_path/my_turtlebot3_bringup
[0.049s] -- Up-to-date: /home/mikolaj@acfr.usyd.edu.au/ros2_ws/install/my_turtlebot3_bringup/share/my_turtlebot3_bringup/environment/ament_prefix_path.sh
[0.049s] -- Up-to-date: /home/mikolaj@acfr.usyd.edu.au/ros2_ws/install/my_turtlebot3_bringup/share/my_turtlebot3_bringup/environment/ament_prefix_path.dsv
[0.049s] -- Up-to-date: /home/mikolaj@acfr.usyd.edu.au/ros2_ws/install/my_turtlebot3_bringup/share/my_turtlebot3_bringup/environment/path.sh
[0.049s] -- Up-to-date: /home/mikolaj@acfr.usyd.edu.au/ros2_ws/install/my_turtlebot3_bringup/share/my_turtlebot3_bringup/environment/path.dsv
[0.050s] -- Up-to-date: /home/mikolaj@acfr.usyd.edu.au/ros2_ws/install/my_turtlebot3_bringup/share/my_turtlebot3_bringup/local_setup.bash
[0.050s] -- Up-to-date: /home/mikolaj@acfr.usyd.edu.au/ros2_ws/install/my_turtlebot3_bringup/share/my_turtlebot3_bringup/local_setup.sh
[0.050s] -- Up-to-date: /home/mikolaj@acfr.usyd.edu.au/ros2_ws/install/my_turtlebot3_bringup/share/my_turtlebot3_bringup/local_setup.zsh
[0.051s] -- Up-to-date: /home/mikolaj@acfr.usyd.edu.au/ros2_ws/install/my_turtlebot3_bringup/share/my_turtlebot3_bringup/local_setup.dsv
[0.051s] -- Installing: /home/mikolaj@acfr.usyd.edu.au/ros2_ws/install/my_turtlebot3_bringup/share/my_turtlebot3_bringup/package.dsv
[0.051s] -- Up-to-date: /home/mikolaj@acfr.usyd.edu.au/ros2_ws/install/my_turtlebot3_bringup/share/ament_index/resource_index/packages/my_turtlebot3_bringup
[0.051s] -- Up-to-date: /home/mikolaj@acfr.usyd.edu.au/ros2_ws/install/my_turtlebot3_bringup/share/my_turtlebot3_bringup/cmake/my_turtlebot3_bringupConfig.cmake
[0.051s] -- Up-to-date: /home/mikolaj@acfr.usyd.edu.au/ros2_ws/install/my_turtlebot3_bringup/share/my_turtlebot3_bringup/cmake/my_turtlebot3_bringupConfig-version.cmake
[0.051s] -- Up-to-date: /home/mikolaj@acfr.usyd.edu.au/ros2_ws/install/my_turtlebot3_bringup/share/my_turtlebot3_bringup/package.xml
[0.058s] Invoked command in '/home/mikolaj@acfr.usyd.edu.au/ros2_ws/build/my_turtlebot3_bringup' returned '0': CMAKE_PREFIX_PATH=/opt/ros/humble:${CMAKE_PREFIX_PATH} /usr/bin/cmake --install /home/mikolaj@acfr.usyd.edu.au/ros2_ws/build/my_turtlebot3_bringup
