[0.007s] Invoking command in '/home/mikolaj@acfr.usyd.edu.au/ros2_ws/build/my_interfaces': CMAKE_PREFIX_PATH=/opt/ros/humble:${CMAKE_PREFIX_PATH} /usr/bin/cmake /home/mikolaj@acfr.usyd.edu.au/ros2_ws/src/my_interfaces -DCMAKE_INSTALL_PREFIX=/home/mikolaj@acfr.usyd.edu.au/ros2_ws/install/my_interfaces
[0.015s] -- Found ament_cmake: 1.3.9 (/opt/ros/humble/share/ament_cmake/cmake)
[0.086s] -- Found rosidl_default_generators: 1.2.0 (/opt/ros/humble/share/rosidl_default_generators/cmake)
[0.087s] -- Using all available rosidl_typesupport_c: rosidl_typesupport_fastrtps_c;rosidl_typesupport_introspection_c
[0.089s] -- Found rosidl_adapter: 3.1.5 (/opt/ros/humble/share/rosidl_adapter/cmake)
[0.106s] -- Using all available rosidl_typesupport_cpp: rosidl_typesupport_fastrtps_cpp;rosidl_typesupport_introspection_cpp
[0.262s] -- Found ament_cmake_ros: 0.10.0 (/opt/ros/humble/share/ament_cmake_ros/cmake)
[0.376s] -- Using all available rosidl_typesupport_c: rosidl_typesupport_fastrtps_c;rosidl_typesupport_introspection_c
[0.532s] -- Using all available rosidl_typesupport_cpp: rosidl_typesupport_fastrtps_cpp;rosidl_typesupport_introspection_cpp
[0.548s] -- Found PythonInterp: /usr/bin/python3 (found suitable version "3.10.12", minimum required is "3.6") 
[0.550s] -- Found python_cmake_module: 0.10.0 (/opt/ros/humble/share/python_cmake_module/cmake)
[0.566s] -- Found PythonLibs: /usr/lib/x86_64-linux-gnu/libpython3.10.so (found suitable version "3.10.12", minimum required is "3.5") 
[0.566s] -- Using PYTHON_EXECUTABLE: /usr/bin/python3
[0.566s] -- Using PYTHON_INCLUDE_DIRS: /usr/include/python3.10
[0.566s] -- Using PYTHON_LIBRARIES: /usr/lib/x86_64-linux-gnu/libpython3.10.so
[0.578s] -- Found PythonExtra: .so  
[0.602s] -- Configuring done
[0.615s] -- Generating done
[0.616s] -- Build files have been written to: /home/mikolaj@acfr.usyd.edu.au/ros2_ws/build/my_interfaces
[0.620s] Invoked command in '/home/mikolaj@acfr.usyd.edu.au/ros2_ws/build/my_interfaces' returned '0': CMAKE_PREFIX_PATH=/opt/ros/humble:${CMAKE_PREFIX_PATH} /usr/bin/cmake /home/mikolaj@acfr.usyd.edu.au/ros2_ws/src/my_interfaces -DCMAKE_INSTALL_PREFIX=/home/mikolaj@acfr.usyd.edu.au/ros2_ws/install/my_interfaces
[0.621s] Invoking command in '/home/mikolaj@acfr.usyd.edu.au/ros2_ws/build/my_interfaces': CMAKE_PREFIX_PATH=/opt/ros/humble:${CMAKE_PREFIX_PATH} /usr/bin/cmake --build /home/mikolaj@acfr.usyd.edu.au/ros2_ws/build/my_interfaces -- -j20 -l20
[0.642s] [  2%] [34m[1mGenerating C code for ROS interfaces[0m
[0.648s] [  5%] [34m[1mGenerating C++ code for ROS interfaces[0m
[0.653s] [  5%] Built target ament_cmake_python_copy_my_interfaces
[0.778s] running egg_info
[0.778s] creating my_interfaces.egg-info
[0.778s] writing my_interfaces.egg-info/PKG-INFO
[0.778s] writing dependency_links to my_interfaces.egg-info/dependency_links.txt
[0.778s] writing top-level names to my_interfaces.egg-info/top_level.txt
[0.778s] writing manifest file 'my_interfaces.egg-info/SOURCES.txt'
[0.780s] reading manifest file 'my_interfaces.egg-info/SOURCES.txt'
[0.780s] writing manifest file 'my_interfaces.egg-info/SOURCES.txt'
[0.792s] [  5%] Built target my_interfaces__cpp
[0.798s] [ 12%] [34m[1mGenerating C++ type support dispatch for ROS interfaces[0m
[0.798s] [ 12%] [34m[1mGenerating C++ type support for eProsima Fast-RTPS[0m
[0.798s] [ 12%] [32mBuilding C object CMakeFiles/my_interfaces__rosidl_generator_c.dir/rosidl_generator_c/my_interfaces/msg/detail/landmark_msg__functions.c.o[0m
[0.799s] [ 15%] [34m[1mGenerating C++ introspection for ROS interfaces[0m
[0.800s] [ 17%] [32mBuilding C object CMakeFiles/my_interfaces__rosidl_generator_c.dir/rosidl_generator_c/my_interfaces/msg/detail/landmarks_msg__functions.c.o[0m
[0.802s] [ 17%] Built target ament_cmake_python_build_my_interfaces_egg
[0.835s] [ 20%] [32m[1mLinking C shared library libmy_interfaces__rosidl_generator_c.so[0m
[0.856s] [ 20%] Built target my_interfaces__rosidl_generator_c
[0.862s] [ 28%] [34m[1mGenerating C type support for eProsima Fast-RTPS[0m
[0.862s] [ 28%] [34m[1mGenerating C introspection for ROS interfaces[0m
[0.862s] [ 28%] [34m[1mGenerating C type support dispatch for ROS interfaces[0m
[0.930s] [ 33%] [32mBuilding CXX object CMakeFiles/my_interfaces__rosidl_typesupport_cpp.dir/rosidl_typesupport_cpp/my_interfaces/msg/landmarks_msg__type_support.cpp.o[0m
[0.930s] [ 33%] [32mBuilding CXX object CMakeFiles/my_interfaces__rosidl_typesupport_cpp.dir/rosidl_typesupport_cpp/my_interfaces/msg/landmark_msg__type_support.cpp.o[0m
[0.942s] [ 38%] [32mBuilding CXX object CMakeFiles/my_interfaces__rosidl_typesupport_introspection_cpp.dir/rosidl_typesupport_introspection_cpp/my_interfaces/msg/detail/landmarks_msg__type_support.cpp.o[0m
[0.942s] [ 38%] [32mBuilding CXX object CMakeFiles/my_interfaces__rosidl_typesupport_introspection_cpp.dir/rosidl_typesupport_introspection_cpp/my_interfaces/msg/detail/landmark_msg__type_support.cpp.o[0m
[0.946s] [ 41%] [32mBuilding CXX object CMakeFiles/my_interfaces__rosidl_typesupport_fastrtps_cpp.dir/rosidl_typesupport_fastrtps_cpp/my_interfaces/msg/detail/dds_fastrtps/landmark_msg__type_support.cpp.o[0m
[0.948s] [ 43%] [32mBuilding CXX object CMakeFiles/my_interfaces__rosidl_typesupport_fastrtps_cpp.dir/rosidl_typesupport_fastrtps_cpp/my_interfaces/msg/detail/dds_fastrtps/landmarks_msg__type_support.cpp.o[0m
[0.996s] [ 46%] [32mBuilding CXX object CMakeFiles/my_interfaces__rosidl_typesupport_c.dir/rosidl_typesupport_c/my_interfaces/msg/landmark_msg__type_support.cpp.o[0m
[0.996s] [ 48%] [32mBuilding CXX object CMakeFiles/my_interfaces__rosidl_typesupport_c.dir/rosidl_typesupport_c/my_interfaces/msg/landmarks_msg__type_support.cpp.o[0m
[1.009s] [ 51%] [32mBuilding C object CMakeFiles/my_interfaces__rosidl_typesupport_introspection_c.dir/rosidl_typesupport_introspection_c/my_interfaces/msg/detail/landmark_msg__type_support.c.o[0m
[1.010s] [ 53%] [32mBuilding C object CMakeFiles/my_interfaces__rosidl_typesupport_introspection_c.dir/rosidl_typesupport_introspection_c/my_interfaces/msg/detail/landmarks_msg__type_support.c.o[0m
[1.010s] [ 56%] [32mBuilding CXX object CMakeFiles/my_interfaces__rosidl_typesupport_fastrtps_c.dir/rosidl_typesupport_fastrtps_c/my_interfaces/msg/detail/landmarks_msg__type_support_c.cpp.o[0m
[1.011s] [ 58%] [32mBuilding CXX object CMakeFiles/my_interfaces__rosidl_typesupport_fastrtps_c.dir/rosidl_typesupport_fastrtps_c/my_interfaces/msg/detail/landmark_msg__type_support_c.cpp.o[0m
[1.017s] [ 61%] [32m[1mLinking CXX shared library libmy_interfaces__rosidl_typesupport_c.so[0m
[1.030s] [ 64%] [32m[1mLinking C shared library libmy_interfaces__rosidl_typesupport_introspection_c.so[0m
[1.042s] [ 64%] Built target my_interfaces__rosidl_typesupport_c
[1.048s] [ 64%] Built target my_interfaces__rosidl_typesupport_introspection_c
[1.109s] [ 66%] [32m[1mLinking CXX shared library libmy_interfaces__rosidl_typesupport_cpp.so[0m
[1.134s] [ 66%] Built target my_interfaces__rosidl_typesupport_cpp
[1.167s] [ 69%] [32m[1mLinking CXX shared library libmy_interfaces__rosidl_typesupport_introspection_cpp.so[0m
[1.181s] [ 71%] [32m[1mLinking CXX shared library libmy_interfaces__rosidl_typesupport_fastrtps_c.so[0m
[1.207s] [ 74%] [32m[1mLinking CXX shared library libmy_interfaces__rosidl_typesupport_fastrtps_cpp.so[0m
[1.208s] [ 74%] Built target my_interfaces__rosidl_typesupport_introspection_cpp
[1.224s] [ 74%] Built target my_interfaces__rosidl_typesupport_fastrtps_c
[1.247s] [ 74%] Built target my_interfaces__rosidl_typesupport_fastrtps_cpp
[1.258s] [ 74%] Built target my_interfaces
[1.275s] [ 76%] [34m[1mGenerating Python code for ROS interfaces[0m
[1.462s] [ 76%] Built target my_interfaces__py
[1.472s] [ 79%] [32mBuilding C object CMakeFiles/my_interfaces__rosidl_generator_py.dir/rosidl_generator_py/my_interfaces/msg/_landmark_msg_s.c.o[0m
[1.472s] [ 82%] [32mBuilding C object CMakeFiles/my_interfaces__rosidl_generator_py.dir/rosidl_generator_py/my_interfaces/msg/_landmarks_msg_s.c.o[0m
[1.536s] [ 84%] [32m[1mLinking C shared library rosidl_generator_py/my_interfaces/libmy_interfaces__rosidl_generator_py.so[0m
[1.561s] [ 84%] Built target my_interfaces__rosidl_generator_py
[1.577s] [ 87%] [32mBuilding C object CMakeFiles/my_interfaces__rosidl_typesupport_fastrtps_c__pyext.dir/rosidl_generator_py/my_interfaces/_my_interfaces_s.ep.rosidl_typesupport_fastrtps_c.c.o[0m
[1.577s] [ 89%] [32mBuilding C object CMakeFiles/my_interfaces__rosidl_typesupport_c__pyext.dir/rosidl_generator_py/my_interfaces/_my_interfaces_s.ep.rosidl_typesupport_c.c.o[0m
[1.578s] [ 92%] [32mBuilding C object CMakeFiles/my_interfaces__rosidl_typesupport_introspection_c__pyext.dir/rosidl_generator_py/my_interfaces/_my_interfaces_s.ep.rosidl_typesupport_introspection_c.c.o[0m
[1.626s] [100%] [32m[1mLinking C shared library rosidl_generator_py/my_interfaces/my_interfaces_s__rosidl_typesupport_c.cpython-310-x86_64-linux-gnu.so[0m
[1.626s] [100%] [32m[1mLinking C shared library rosidl_generator_py/my_interfaces/my_interfaces_s__rosidl_typesupport_introspection_c.cpython-310-x86_64-linux-gnu.so[0m
[1.627s] [100%] [32m[1mLinking C shared library rosidl_generator_py/my_interfaces/my_interfaces_s__rosidl_typesupport_fastrtps_c.cpython-310-x86_64-linux-gnu.so[0m
[1.645s] [100%] Built target my_interfaces__rosidl_typesupport_c__pyext
[1.645s] [100%] Built target my_interfaces__rosidl_typesupport_introspection_c__pyext
[1.645s] [100%] Built target my_interfaces__rosidl_typesupport_fastrtps_c__pyext
[1.652s] Invoked command in '/home/mikolaj@acfr.usyd.edu.au/ros2_ws/build/my_interfaces' returned '0': CMAKE_PREFIX_PATH=/opt/ros/humble:${CMAKE_PREFIX_PATH} /usr/bin/cmake --build /home/mikolaj@acfr.usyd.edu.au/ros2_ws/build/my_interfaces -- -j20 -l20
[1.751s] Invoking command in '/home/mikolaj@acfr.usyd.edu.au/ros2_ws/build/my_interfaces': CMAKE_PREFIX_PATH=/opt/ros/humble:${CMAKE_PREFIX_PATH} /usr/bin/cmake --install /home/mikolaj@acfr.usyd.edu.au/ros2_ws/build/my_interfaces
[1.769s] -- Install configuration: ""
[1.769s] -- Installing: /home/mikolaj@acfr.usyd.edu.au/ros2_ws/install/my_interfaces/share/ament_index/resource_index/rosidl_interfaces/my_interfaces
[1.769s] -- Installing: /home/mikolaj@acfr.usyd.edu.au/ros2_ws/install/my_interfaces/include/my_interfaces/my_interfaces
[1.769s] -- Installing: /home/mikolaj@acfr.usyd.edu.au/ros2_ws/install/my_interfaces/include/my_interfaces/my_interfaces/msg
[1.769s] -- Installing: /home/mikolaj@acfr.usyd.edu.au/ros2_ws/install/my_interfaces/include/my_interfaces/my_interfaces/msg/rosidl_generator_c__visibility_control.h
[1.769s] -- Installing: /home/mikolaj@acfr.usyd.edu.au/ros2_ws/install/my_interfaces/include/my_interfaces/my_interfaces/msg/landmark_msg.h
[1.769s] -- Installing: /home/mikolaj@acfr.usyd.edu.au/ros2_ws/install/my_interfaces/include/my_interfaces/my_interfaces/msg/detail
[1.769s] -- Installing: /home/mikolaj@acfr.usyd.edu.au/ros2_ws/install/my_interfaces/include/my_interfaces/my_interfaces/msg/detail/landmarks_msg__functions.h
[1.769s] -- Installing: /home/mikolaj@acfr.usyd.edu.au/ros2_ws/install/my_interfaces/include/my_interfaces/my_interfaces/msg/detail/landmarks_msg__functions.c
[1.770s] -- Installing: /home/mikolaj@acfr.usyd.edu.au/ros2_ws/install/my_interfaces/include/my_interfaces/my_interfaces/msg/detail/landmarks_msg__struct.h
[1.770s] -- Installing: /home/mikolaj@acfr.usyd.edu.au/ros2_ws/install/my_interfaces/include/my_interfaces/my_interfaces/msg/detail/landmark_msg__functions.c
[1.770s] -- Installing: /home/mikolaj@acfr.usyd.edu.au/ros2_ws/install/my_interfaces/include/my_interfaces/my_interfaces/msg/detail/landmark_msg__struct.h
[1.770s] -- Installing: /home/mikolaj@acfr.usyd.edu.au/ros2_ws/install/my_interfaces/include/my_interfaces/my_interfaces/msg/detail/landmarks_msg__type_support.h
[1.770s] -- Installing: /home/mikolaj@acfr.usyd.edu.au/ros2_ws/install/my_interfaces/include/my_interfaces/my_interfaces/msg/detail/landmark_msg__type_support.h
[1.770s] -- Installing: /home/mikolaj@acfr.usyd.edu.au/ros2_ws/install/my_interfaces/include/my_interfaces/my_interfaces/msg/detail/landmark_msg__functions.h
[1.770s] -- Installing: /home/mikolaj@acfr.usyd.edu.au/ros2_ws/install/my_interfaces/include/my_interfaces/my_interfaces/msg/landmarks_msg.h
[1.770s] -- Installing: /home/mikolaj@acfr.usyd.edu.au/ros2_ws/install/my_interfaces/share/my_interfaces/environment/library_path.sh
[1.770s] -- Installing: /home/mikolaj@acfr.usyd.edu.au/ros2_ws/install/my_interfaces/share/my_interfaces/environment/library_path.dsv
[1.770s] -- Installing: /home/mikolaj@acfr.usyd.edu.au/ros2_ws/install/my_interfaces/lib/libmy_interfaces__rosidl_generator_c.so
[1.770s] -- Set runtime path of "/home/mikolaj@acfr.usyd.edu.au/ros2_ws/install/my_interfaces/lib/libmy_interfaces__rosidl_generator_c.so" to ""
[1.770s] -- Up-to-date: /home/mikolaj@acfr.usyd.edu.au/ros2_ws/install/my_interfaces/include/my_interfaces/my_interfaces
[1.770s] -- Up-to-date: /home/mikolaj@acfr.usyd.edu.au/ros2_ws/install/my_interfaces/include/my_interfaces/my_interfaces/msg
[1.771s] -- Installing: /home/mikolaj@acfr.usyd.edu.au/ros2_ws/install/my_interfaces/include/my_interfaces/my_interfaces/msg/rosidl_typesupport_fastrtps_c__visibility_control.h
[1.771s] -- Up-to-date: /home/mikolaj@acfr.usyd.edu.au/ros2_ws/install/my_interfaces/include/my_interfaces/my_interfaces/msg/detail
[1.771s] -- Installing: /home/mikolaj@acfr.usyd.edu.au/ros2_ws/install/my_interfaces/include/my_interfaces/my_interfaces/msg/detail/landmarks_msg__rosidl_typesupport_fastrtps_c.h
[1.771s] -- Installing: /home/mikolaj@acfr.usyd.edu.au/ros2_ws/install/my_interfaces/include/my_interfaces/my_interfaces/msg/detail/landmark_msg__rosidl_typesupport_fastrtps_c.h
[1.771s] -- Installing: /home/mikolaj@acfr.usyd.edu.au/ros2_ws/install/my_interfaces/lib/libmy_interfaces__rosidl_typesupport_fastrtps_c.so
[1.771s] -- Set runtime path of "/home/mikolaj@acfr.usyd.edu.au/ros2_ws/install/my_interfaces/lib/libmy_interfaces__rosidl_typesupport_fastrtps_c.so" to ""
[1.771s] -- Up-to-date: /home/mikolaj@acfr.usyd.edu.au/ros2_ws/install/my_interfaces/include/my_interfaces/my_interfaces
[1.771s] -- Up-to-date: /home/mikolaj@acfr.usyd.edu.au/ros2_ws/install/my_interfaces/include/my_interfaces/my_interfaces/msg
[1.771s] -- Up-to-date: /home/mikolaj@acfr.usyd.edu.au/ros2_ws/install/my_interfaces/include/my_interfaces/my_interfaces/msg/detail
[1.771s] -- Installing: /home/mikolaj@acfr.usyd.edu.au/ros2_ws/install/my_interfaces/include/my_interfaces/my_interfaces/msg/detail/landmarks_msg__type_support.c
[1.771s] -- Installing: /home/mikolaj@acfr.usyd.edu.au/ros2_ws/install/my_interfaces/include/my_interfaces/my_interfaces/msg/detail/landmark_msg__rosidl_typesupport_introspection_c.h
[1.771s] -- Installing: /home/mikolaj@acfr.usyd.edu.au/ros2_ws/install/my_interfaces/include/my_interfaces/my_interfaces/msg/detail/landmark_msg__type_support.c
[1.771s] -- Installing: /home/mikolaj@acfr.usyd.edu.au/ros2_ws/install/my_interfaces/include/my_interfaces/my_interfaces/msg/detail/landmarks_msg__rosidl_typesupport_introspection_c.h
[1.771s] -- Installing: /home/mikolaj@acfr.usyd.edu.au/ros2_ws/install/my_interfaces/include/my_interfaces/my_interfaces/msg/rosidl_typesupport_introspection_c__visibility_control.h
[1.771s] -- Installing: /home/mikolaj@acfr.usyd.edu.au/ros2_ws/install/my_interfaces/lib/libmy_interfaces__rosidl_typesupport_introspection_c.so
[1.771s] -- Set runtime path of "/home/mikolaj@acfr.usyd.edu.au/ros2_ws/install/my_interfaces/lib/libmy_interfaces__rosidl_typesupport_introspection_c.so" to ""
[1.772s] -- Installing: /home/mikolaj@acfr.usyd.edu.au/ros2_ws/install/my_interfaces/lib/libmy_interfaces__rosidl_typesupport_c.so
[1.772s] -- Set runtime path of "/home/mikolaj@acfr.usyd.edu.au/ros2_ws/install/my_interfaces/lib/libmy_interfaces__rosidl_typesupport_c.so" to ""
[1.772s] -- Up-to-date: /home/mikolaj@acfr.usyd.edu.au/ros2_ws/install/my_interfaces/include/my_interfaces/my_interfaces
[1.772s] -- Up-to-date: /home/mikolaj@acfr.usyd.edu.au/ros2_ws/install/my_interfaces/include/my_interfaces/my_interfaces/msg
[1.772s] -- Installing: /home/mikolaj@acfr.usyd.edu.au/ros2_ws/install/my_interfaces/include/my_interfaces/my_interfaces/msg/landmarks_msg.hpp
[1.772s] -- Up-to-date: /home/mikolaj@acfr.usyd.edu.au/ros2_ws/install/my_interfaces/include/my_interfaces/my_interfaces/msg/detail
[1.772s] -- Installing: /home/mikolaj@acfr.usyd.edu.au/ros2_ws/install/my_interfaces/include/my_interfaces/my_interfaces/msg/detail/landmarks_msg__builder.hpp
[1.772s] -- Installing: /home/mikolaj@acfr.usyd.edu.au/ros2_ws/install/my_interfaces/include/my_interfaces/my_interfaces/msg/detail/landmark_msg__builder.hpp
[1.772s] -- Installing: /home/mikolaj@acfr.usyd.edu.au/ros2_ws/install/my_interfaces/include/my_interfaces/my_interfaces/msg/detail/landmarks_msg__traits.hpp
[1.772s] -- Installing: /home/mikolaj@acfr.usyd.edu.au/ros2_ws/install/my_interfaces/include/my_interfaces/my_interfaces/msg/detail/landmark_msg__struct.hpp
[1.772s] -- Installing: /home/mikolaj@acfr.usyd.edu.au/ros2_ws/install/my_interfaces/include/my_interfaces/my_interfaces/msg/detail/landmark_msg__traits.hpp
[1.772s] -- Installing: /home/mikolaj@acfr.usyd.edu.au/ros2_ws/install/my_interfaces/include/my_interfaces/my_interfaces/msg/detail/landmarks_msg__struct.hpp
[1.772s] -- Installing: /home/mikolaj@acfr.usyd.edu.au/ros2_ws/install/my_interfaces/include/my_interfaces/my_interfaces/msg/landmark_msg.hpp
[1.772s] -- Up-to-date: /home/mikolaj@acfr.usyd.edu.au/ros2_ws/install/my_interfaces/include/my_interfaces/my_interfaces
[1.772s] -- Up-to-date: /home/mikolaj@acfr.usyd.edu.au/ros2_ws/install/my_interfaces/include/my_interfaces/my_interfaces/msg
[1.772s] -- Up-to-date: /home/mikolaj@acfr.usyd.edu.au/ros2_ws/install/my_interfaces/include/my_interfaces/my_interfaces/msg/detail
[1.772s] -- Installing: /home/mikolaj@acfr.usyd.edu.au/ros2_ws/install/my_interfaces/include/my_interfaces/my_interfaces/msg/detail/landmark_msg__rosidl_typesupport_fastrtps_cpp.hpp
[1.772s] -- Installing: /home/mikolaj@acfr.usyd.edu.au/ros2_ws/install/my_interfaces/include/my_interfaces/my_interfaces/msg/detail/dds_fastrtps
[1.772s] -- Installing: /home/mikolaj@acfr.usyd.edu.au/ros2_ws/install/my_interfaces/include/my_interfaces/my_interfaces/msg/detail/landmarks_msg__rosidl_typesupport_fastrtps_cpp.hpp
[1.772s] -- Installing: /home/mikolaj@acfr.usyd.edu.au/ros2_ws/install/my_interfaces/include/my_interfaces/my_interfaces/msg/rosidl_typesupport_fastrtps_cpp__visibility_control.h
[1.772s] -- Installing: /home/mikolaj@acfr.usyd.edu.au/ros2_ws/install/my_interfaces/lib/libmy_interfaces__rosidl_typesupport_fastrtps_cpp.so
[1.773s] -- Set runtime path of "/home/mikolaj@acfr.usyd.edu.au/ros2_ws/install/my_interfaces/lib/libmy_interfaces__rosidl_typesupport_fastrtps_cpp.so" to ""
[1.773s] -- Up-to-date: /home/mikolaj@acfr.usyd.edu.au/ros2_ws/install/my_interfaces/include/my_interfaces/my_interfaces
[1.773s] -- Up-to-date: /home/mikolaj@acfr.usyd.edu.au/ros2_ws/install/my_interfaces/include/my_interfaces/my_interfaces/msg
[1.773s] -- Up-to-date: /home/mikolaj@acfr.usyd.edu.au/ros2_ws/install/my_interfaces/include/my_interfaces/my_interfaces/msg/detail
[1.773s] -- Installing: /home/mikolaj@acfr.usyd.edu.au/ros2_ws/install/my_interfaces/include/my_interfaces/my_interfaces/msg/detail/landmark_msg__rosidl_typesupport_introspection_cpp.hpp
[1.773s] -- Installing: /home/mikolaj@acfr.usyd.edu.au/ros2_ws/install/my_interfaces/include/my_interfaces/my_interfaces/msg/detail/landmarks_msg__rosidl_typesupport_introspection_cpp.hpp
[1.773s] -- Installing: /home/mikolaj@acfr.usyd.edu.au/ros2_ws/install/my_interfaces/include/my_interfaces/my_interfaces/msg/detail/landmarks_msg__type_support.cpp
[1.773s] -- Installing: /home/mikolaj@acfr.usyd.edu.au/ros2_ws/install/my_interfaces/include/my_interfaces/my_interfaces/msg/detail/landmark_msg__type_support.cpp
[1.773s] -- Installing: /home/mikolaj@acfr.usyd.edu.au/ros2_ws/install/my_interfaces/lib/libmy_interfaces__rosidl_typesupport_introspection_cpp.so
[1.773s] -- Set runtime path of "/home/mikolaj@acfr.usyd.edu.au/ros2_ws/install/my_interfaces/lib/libmy_interfaces__rosidl_typesupport_introspection_cpp.so" to ""
[1.773s] -- Installing: /home/mikolaj@acfr.usyd.edu.au/ros2_ws/install/my_interfaces/lib/libmy_interfaces__rosidl_typesupport_cpp.so
[1.773s] -- Set runtime path of "/home/mikolaj@acfr.usyd.edu.au/ros2_ws/install/my_interfaces/lib/libmy_interfaces__rosidl_typesupport_cpp.so" to ""
[1.773s] -- Installing: /home/mikolaj@acfr.usyd.edu.au/ros2_ws/install/my_interfaces/share/my_interfaces/environment/pythonpath.sh
[1.773s] -- Installing: /home/mikolaj@acfr.usyd.edu.au/ros2_ws/install/my_interfaces/share/my_interfaces/environment/pythonpath.dsv
[1.773s] -- Installing: /home/mikolaj@acfr.usyd.edu.au/ros2_ws/install/my_interfaces/local/lib/python3.10/dist-packages/my_interfaces-0.0.0-py3.10.egg-info
[1.773s] -- Installing: /home/mikolaj@acfr.usyd.edu.au/ros2_ws/install/my_interfaces/local/lib/python3.10/dist-packages/my_interfaces-0.0.0-py3.10.egg-info/SOURCES.txt
[1.773s] -- Installing: /home/mikolaj@acfr.usyd.edu.au/ros2_ws/install/my_interfaces/local/lib/python3.10/dist-packages/my_interfaces-0.0.0-py3.10.egg-info/dependency_links.txt
[1.773s] -- Installing: /home/mikolaj@acfr.usyd.edu.au/ros2_ws/install/my_interfaces/local/lib/python3.10/dist-packages/my_interfaces-0.0.0-py3.10.egg-info/PKG-INFO
[1.773s] -- Installing: /home/mikolaj@acfr.usyd.edu.au/ros2_ws/install/my_interfaces/local/lib/python3.10/dist-packages/my_interfaces-0.0.0-py3.10.egg-info/top_level.txt
[1.773s] -- Installing: /home/mikolaj@acfr.usyd.edu.au/ros2_ws/install/my_interfaces/local/lib/python3.10/dist-packages/my_interfaces
[1.774s] -- Installing: /home/mikolaj@acfr.usyd.edu.au/ros2_ws/install/my_interfaces/local/lib/python3.10/dist-packages/my_interfaces/my_interfaces_s__rosidl_typesupport_fastrtps_c.cpython-310-x86_64-linux-gnu.so
[1.774s] -- Installing: /home/mikolaj@acfr.usyd.edu.au/ros2_ws/install/my_interfaces/local/lib/python3.10/dist-packages/my_interfaces/__init__.py
[1.774s] -- Installing: /home/mikolaj@acfr.usyd.edu.au/ros2_ws/install/my_interfaces/local/lib/python3.10/dist-packages/my_interfaces/my_interfaces_s__rosidl_typesupport_introspection_c.cpython-310-x86_64-linux-gnu.so
[1.774s] -- Installing: /home/mikolaj@acfr.usyd.edu.au/ros2_ws/install/my_interfaces/local/lib/python3.10/dist-packages/my_interfaces/_my_interfaces_s.ep.rosidl_typesupport_introspection_c.c
[1.774s] -- Installing: /home/mikolaj@acfr.usyd.edu.au/ros2_ws/install/my_interfaces/local/lib/python3.10/dist-packages/my_interfaces/msg
[1.774s] -- Installing: /home/mikolaj@acfr.usyd.edu.au/ros2_ws/install/my_interfaces/local/lib/python3.10/dist-packages/my_interfaces/msg/_landmarks_msg.py
[1.774s] -- Installing: /home/mikolaj@acfr.usyd.edu.au/ros2_ws/install/my_interfaces/local/lib/python3.10/dist-packages/my_interfaces/msg/__init__.py
[1.774s] -- Installing: /home/mikolaj@acfr.usyd.edu.au/ros2_ws/install/my_interfaces/local/lib/python3.10/dist-packages/my_interfaces/msg/_landmark_msg.py
[1.774s] -- Installing: /home/mikolaj@acfr.usyd.edu.au/ros2_ws/install/my_interfaces/local/lib/python3.10/dist-packages/my_interfaces/msg/_landmarks_msg_s.c
[1.774s] -- Installing: /home/mikolaj@acfr.usyd.edu.au/ros2_ws/install/my_interfaces/local/lib/python3.10/dist-packages/my_interfaces/msg/_landmark_msg_s.c
[1.774s] -- Installing: /home/mikolaj@acfr.usyd.edu.au/ros2_ws/install/my_interfaces/local/lib/python3.10/dist-packages/my_interfaces/my_interfaces_s__rosidl_typesupport_c.cpython-310-x86_64-linux-gnu.so
[1.774s] -- Installing: /home/mikolaj@acfr.usyd.edu.au/ros2_ws/install/my_interfaces/local/lib/python3.10/dist-packages/my_interfaces/_my_interfaces_s.ep.rosidl_typesupport_fastrtps_c.c
[1.774s] -- Installing: /home/mikolaj@acfr.usyd.edu.au/ros2_ws/install/my_interfaces/local/lib/python3.10/dist-packages/my_interfaces/libmy_interfaces__rosidl_generator_py.so
[1.774s] -- Installing: /home/mikolaj@acfr.usyd.edu.au/ros2_ws/install/my_interfaces/local/lib/python3.10/dist-packages/my_interfaces/_my_interfaces_s.ep.rosidl_typesupport_c.c
[1.794s] Listing '/home/mikolaj@acfr.usyd.edu.au/ros2_ws/install/my_interfaces/local/lib/python3.10/dist-packages/my_interfaces'...
[1.794s] Compiling '/home/mikolaj@acfr.usyd.edu.au/ros2_ws/install/my_interfaces/local/lib/python3.10/dist-packages/my_interfaces/__init__.py'...
[1.794s] Listing '/home/mikolaj@acfr.usyd.edu.au/ros2_ws/install/my_interfaces/local/lib/python3.10/dist-packages/my_interfaces/msg'...
[1.794s] Compiling '/home/mikolaj@acfr.usyd.edu.au/ros2_ws/install/my_interfaces/local/lib/python3.10/dist-packages/my_interfaces/msg/__init__.py'...
[1.794s] Compiling '/home/mikolaj@acfr.usyd.edu.au/ros2_ws/install/my_interfaces/local/lib/python3.10/dist-packages/my_interfaces/msg/_landmark_msg.py'...
[1.795s] Compiling '/home/mikolaj@acfr.usyd.edu.au/ros2_ws/install/my_interfaces/local/lib/python3.10/dist-packages/my_interfaces/msg/_landmarks_msg.py'...
[1.797s] -- Installing: /home/mikolaj@acfr.usyd.edu.au/ros2_ws/install/my_interfaces/local/lib/python3.10/dist-packages/my_interfaces/my_interfaces_s__rosidl_typesupport_fastrtps_c.cpython-310-x86_64-linux-gnu.so
[1.797s] -- Set runtime path of "/home/mikolaj@acfr.usyd.edu.au/ros2_ws/install/my_interfaces/local/lib/python3.10/dist-packages/my_interfaces/my_interfaces_s__rosidl_typesupport_fastrtps_c.cpython-310-x86_64-linux-gnu.so" to ""
[1.797s] -- Installing: /home/mikolaj@acfr.usyd.edu.au/ros2_ws/install/my_interfaces/local/lib/python3.10/dist-packages/my_interfaces/my_interfaces_s__rosidl_typesupport_introspection_c.cpython-310-x86_64-linux-gnu.so
[1.797s] -- Set runtime path of "/home/mikolaj@acfr.usyd.edu.au/ros2_ws/install/my_interfaces/local/lib/python3.10/dist-packages/my_interfaces/my_interfaces_s__rosidl_typesupport_introspection_c.cpython-310-x86_64-linux-gnu.so" to ""
[1.797s] -- Installing: /home/mikolaj@acfr.usyd.edu.au/ros2_ws/install/my_interfaces/local/lib/python3.10/dist-packages/my_interfaces/my_interfaces_s__rosidl_typesupport_c.cpython-310-x86_64-linux-gnu.so
[1.797s] -- Set runtime path of "/home/mikolaj@acfr.usyd.edu.au/ros2_ws/install/my_interfaces/local/lib/python3.10/dist-packages/my_interfaces/my_interfaces_s__rosidl_typesupport_c.cpython-310-x86_64-linux-gnu.so" to ""
[1.797s] -- Installing: /home/mikolaj@acfr.usyd.edu.au/ros2_ws/install/my_interfaces/lib/libmy_interfaces__rosidl_generator_py.so
[1.797s] -- Set runtime path of "/home/mikolaj@acfr.usyd.edu.au/ros2_ws/install/my_interfaces/lib/libmy_interfaces__rosidl_generator_py.so" to ""
[1.797s] -- Installing: /home/mikolaj@acfr.usyd.edu.au/ros2_ws/install/my_interfaces/share/my_interfaces/msg/LandmarkMsg.idl
[1.798s] -- Installing: /home/mikolaj@acfr.usyd.edu.au/ros2_ws/install/my_interfaces/share/my_interfaces/msg/LandmarksMsg.idl
[1.798s] -- Installing: /home/mikolaj@acfr.usyd.edu.au/ros2_ws/install/my_interfaces/share/my_interfaces/msg/LandmarkMsg.msg
[1.798s] -- Installing: /home/mikolaj@acfr.usyd.edu.au/ros2_ws/install/my_interfaces/share/my_interfaces/msg/LandmarksMsg.msg
[1.798s] -- Installing: /home/mikolaj@acfr.usyd.edu.au/ros2_ws/install/my_interfaces/share/ament_index/resource_index/package_run_dependencies/my_interfaces
[1.798s] -- Installing: /home/mikolaj@acfr.usyd.edu.au/ros2_ws/install/my_interfaces/share/ament_index/resource_index/parent_prefix_path/my_interfaces
[1.798s] -- Installing: /home/mikolaj@acfr.usyd.edu.au/ros2_ws/install/my_interfaces/share/my_interfaces/environment/ament_prefix_path.sh
[1.798s] -- Installing: /home/mikolaj@acfr.usyd.edu.au/ros2_ws/install/my_interfaces/share/my_interfaces/environment/ament_prefix_path.dsv
[1.798s] -- Installing: /home/mikolaj@acfr.usyd.edu.au/ros2_ws/install/my_interfaces/share/my_interfaces/environment/path.sh
[1.798s] -- Installing: /home/mikolaj@acfr.usyd.edu.au/ros2_ws/install/my_interfaces/share/my_interfaces/environment/path.dsv
[1.798s] -- Installing: /home/mikolaj@acfr.usyd.edu.au/ros2_ws/install/my_interfaces/share/my_interfaces/local_setup.bash
[1.798s] -- Installing: /home/mikolaj@acfr.usyd.edu.au/ros2_ws/install/my_interfaces/share/my_interfaces/local_setup.sh
[1.798s] -- Installing: /home/mikolaj@acfr.usyd.edu.au/ros2_ws/install/my_interfaces/share/my_interfaces/local_setup.zsh
[1.798s] -- Installing: /home/mikolaj@acfr.usyd.edu.au/ros2_ws/install/my_interfaces/share/my_interfaces/local_setup.dsv
[1.798s] -- Installing: /home/mikolaj@acfr.usyd.edu.au/ros2_ws/install/my_interfaces/share/my_interfaces/package.dsv
[1.798s] -- Installing: /home/mikolaj@acfr.usyd.edu.au/ros2_ws/install/my_interfaces/share/ament_index/resource_index/packages/my_interfaces
[1.798s] -- Installing: /home/mikolaj@acfr.usyd.edu.au/ros2_ws/install/my_interfaces/share/my_interfaces/cmake/export_my_interfaces__rosidl_generator_cExport.cmake
[1.798s] -- Installing: /home/mikolaj@acfr.usyd.edu.au/ros2_ws/install/my_interfaces/share/my_interfaces/cmake/export_my_interfaces__rosidl_generator_cExport-noconfig.cmake
[1.798s] -- Installing: /home/mikolaj@acfr.usyd.edu.au/ros2_ws/install/my_interfaces/share/my_interfaces/cmake/export_my_interfaces__rosidl_typesupport_fastrtps_cExport.cmake
[1.798s] -- Installing: /home/mikolaj@acfr.usyd.edu.au/ros2_ws/install/my_interfaces/share/my_interfaces/cmake/export_my_interfaces__rosidl_typesupport_fastrtps_cExport-noconfig.cmake
[1.798s] -- Installing: /home/mikolaj@acfr.usyd.edu.au/ros2_ws/install/my_interfaces/share/my_interfaces/cmake/my_interfaces__rosidl_typesupport_introspection_cExport.cmake
[1.798s] -- Installing: /home/mikolaj@acfr.usyd.edu.au/ros2_ws/install/my_interfaces/share/my_interfaces/cmake/my_interfaces__rosidl_typesupport_introspection_cExport-noconfig.cmake
[1.799s] -- Installing: /home/mikolaj@acfr.usyd.edu.au/ros2_ws/install/my_interfaces/share/my_interfaces/cmake/my_interfaces__rosidl_typesupport_cExport.cmake
[1.799s] -- Installing: /home/mikolaj@acfr.usyd.edu.au/ros2_ws/install/my_interfaces/share/my_interfaces/cmake/my_interfaces__rosidl_typesupport_cExport-noconfig.cmake
[1.799s] -- Installing: /home/mikolaj@acfr.usyd.edu.au/ros2_ws/install/my_interfaces/share/my_interfaces/cmake/export_my_interfaces__rosidl_generator_cppExport.cmake
[1.799s] -- Installing: /home/mikolaj@acfr.usyd.edu.au/ros2_ws/install/my_interfaces/share/my_interfaces/cmake/export_my_interfaces__rosidl_typesupport_fastrtps_cppExport.cmake
[1.799s] -- Installing: /home/mikolaj@acfr.usyd.edu.au/ros2_ws/install/my_interfaces/share/my_interfaces/cmake/export_my_interfaces__rosidl_typesupport_fastrtps_cppExport-noconfig.cmake
[1.799s] -- Installing: /home/mikolaj@acfr.usyd.edu.au/ros2_ws/install/my_interfaces/share/my_interfaces/cmake/my_interfaces__rosidl_typesupport_introspection_cppExport.cmake
[1.799s] -- Installing: /home/mikolaj@acfr.usyd.edu.au/ros2_ws/install/my_interfaces/share/my_interfaces/cmake/my_interfaces__rosidl_typesupport_introspection_cppExport-noconfig.cmake
[1.799s] -- Installing: /home/mikolaj@acfr.usyd.edu.au/ros2_ws/install/my_interfaces/share/my_interfaces/cmake/my_interfaces__rosidl_typesupport_cppExport.cmake
[1.799s] -- Installing: /home/mikolaj@acfr.usyd.edu.au/ros2_ws/install/my_interfaces/share/my_interfaces/cmake/my_interfaces__rosidl_typesupport_cppExport-noconfig.cmake
[1.799s] -- Installing: /home/mikolaj@acfr.usyd.edu.au/ros2_ws/install/my_interfaces/share/my_interfaces/cmake/export_my_interfaces__rosidl_generator_pyExport.cmake
[1.799s] -- Installing: /home/mikolaj@acfr.usyd.edu.au/ros2_ws/install/my_interfaces/share/my_interfaces/cmake/export_my_interfaces__rosidl_generator_pyExport-noconfig.cmake
[1.799s] -- Installing: /home/mikolaj@acfr.usyd.edu.au/ros2_ws/install/my_interfaces/share/my_interfaces/cmake/rosidl_cmake-extras.cmake
[1.799s] -- Installing: /home/mikolaj@acfr.usyd.edu.au/ros2_ws/install/my_interfaces/share/my_interfaces/cmake/ament_cmake_export_include_directories-extras.cmake
[1.799s] -- Installing: /home/mikolaj@acfr.usyd.edu.au/ros2_ws/install/my_interfaces/share/my_interfaces/cmake/ament_cmake_export_libraries-extras.cmake
[1.799s] -- Installing: /home/mikolaj@acfr.usyd.edu.au/ros2_ws/install/my_interfaces/share/my_interfaces/cmake/ament_cmake_export_targets-extras.cmake
[1.799s] -- Installing: /home/mikolaj@acfr.usyd.edu.au/ros2_ws/install/my_interfaces/share/my_interfaces/cmake/rosidl_cmake_export_typesupport_targets-extras.cmake
[1.799s] -- Installing: /home/mikolaj@acfr.usyd.edu.au/ros2_ws/install/my_interfaces/share/my_interfaces/cmake/ament_cmake_export_dependencies-extras.cmake
[1.799s] -- Installing: /home/mikolaj@acfr.usyd.edu.au/ros2_ws/install/my_interfaces/share/my_interfaces/cmake/rosidl_cmake_export_typesupport_libraries-extras.cmake
[1.799s] -- Installing: /home/mikolaj@acfr.usyd.edu.au/ros2_ws/install/my_interfaces/share/my_interfaces/cmake/my_interfacesConfig.cmake
[1.799s] -- Installing: /home/mikolaj@acfr.usyd.edu.au/ros2_ws/install/my_interfaces/share/my_interfaces/cmake/my_interfacesConfig-version.cmake
[1.799s] -- Installing: /home/mikolaj@acfr.usyd.edu.au/ros2_ws/install/my_interfaces/share/my_interfaces/package.xml
[1.801s] Invoked command in '/home/mikolaj@acfr.usyd.edu.au/ros2_ws/build/my_interfaces' returned '0': CMAKE_PREFIX_PATH=/opt/ros/humble:${CMAKE_PREFIX_PATH} /usr/bin/cmake --install /home/mikolaj@acfr.usyd.edu.au/ros2_ws/build/my_interfaces
