Built target ament_cmake_python_copy_dyno_control
running egg_info
writing dyno_control.egg-info/PKG-INFO
writing dependency_links to dyno_control.egg-info/dependency_links.txt
writing top-level names to dyno_control.egg-info/top_level.txt
reading manifest file 'dyno_control.egg-info/SOURCES.txt'
writing manifest file 'dyno_control.egg-info/SOURCES.txt'
Built target ament_cmake_python_build_dyno_control_egg
-- Install configuration: ""
-- Up-to-date: /home/mikolaj@acfr.usyd.edu.au/ros2_ws/install/dyno_control/share/dyno_control/launch
-- Up-to-date: /home/mikolaj@acfr.usyd.edu.au/ros2_ws/install/dyno_control/share/dyno_control/launch/dyno_control.launch.xml
-- Up-to-date: /home/mikolaj@acfr.usyd.edu.au/ros2_ws/install/dyno_control/share/dyno_control/scripts
-- Up-to-date: /home/mikolaj@acfr.usyd.edu.au/ros2_ws/install/dyno_control/share/dyno_control/scripts/pipeline_node.py
-- Up-to-date: /home/mikolaj@acfr.usyd.edu.au/ros2_ws/install/dyno_control/share/dyno_control/worlds
-- Up-to-date: /home/mikolaj@acfr.usyd.edu.au/ros2_ws/install/dyno_control/share/dyno_control/worlds/square_world.world
-- Up-to-date: /home/mikolaj@acfr.usyd.edu.au/ros2_ws/install/dyno_control/share/dyno_control/rviz
-- Up-to-date: /home/mikolaj@acfr.usyd.edu.au/ros2_ws/install/dyno_control/share/dyno_control/models
-- Up-to-date: /home/mikolaj@acfr.usyd.edu.au/ros2_ws/install/dyno_control/share/dyno_control/models/urdf
-- Up-to-date: /home/mikolaj@acfr.usyd.edu.au/ros2_ws/install/dyno_control/share/dyno_control/models/urdf/indoor_bot.gazebo
-- Installing: /home/mikolaj@acfr.usyd.edu.au/ros2_ws/install/dyno_control/share/dyno_control/models/urdf/indoor_bot.xacro
-- Up-to-date: /home/mikolaj@acfr.usyd.edu.au/ros2_ws/install/dyno_control/share/dyno_control/models/indoor_bot
-- Up-to-date: /home/mikolaj@acfr.usyd.edu.au/ros2_ws/install/dyno_control/share/dyno_control/models/indoor_bot/model.config
-- Up-to-date: /home/mikolaj@acfr.usyd.edu.au/ros2_ws/install/dyno_control/share/dyno_control/models/indoor_bot/model.sdf
-- Up-to-date: /home/mikolaj@acfr.usyd.edu.au/ros2_ws/install/dyno_control/share/dyno_control/models/hokuyo
-- Up-to-date: /home/mikolaj@acfr.usyd.edu.au/ros2_ws/install/dyno_control/share/dyno_control/models/hokuyo/meshes
-- Up-to-date: /home/mikolaj@acfr.usyd.edu.au/ros2_ws/install/dyno_control/share/dyno_control/models/hokuyo/meshes/hokuyo_convex.stl
-- Up-to-date: /home/mikolaj@acfr.usyd.edu.au/ros2_ws/install/dyno_control/share/dyno_control/models/hokuyo/meshes/hokuyo.dae
-- Up-to-date: /home/mikolaj@acfr.usyd.edu.au/ros2_ws/install/dyno_control/share/dyno_control/models/hokuyo/model.config
-- Up-to-date: /home/mikolaj@acfr.usyd.edu.au/ros2_ws/install/dyno_control/share/dyno_control/models/hokuyo/model-1_2.sdf
-- Up-to-date: /home/mikolaj@acfr.usyd.edu.au/ros2_ws/install/dyno_control/share/dyno_control/models/hokuyo/model.sdf
-- Up-to-date: /home/mikolaj@acfr.usyd.edu.au/ros2_ws/install/dyno_control/share/dyno_control/models/hokuyo/model-1_3.sdf
-- Up-to-date: /home/mikolaj@acfr.usyd.edu.au/ros2_ws/install/dyno_control/share/dyno_control/models/hokuyo/model-1_4.sdf
-- Up-to-date: /home/mikolaj@acfr.usyd.edu.au/ros2_ws/install/dyno_control/share/dyno_control/environment/pythonpath.sh
-- Up-to-date: /home/mikolaj@acfr.usyd.edu.au/ros2_ws/install/dyno_control/share/dyno_control/environment/pythonpath.dsv
-- Up-to-date: /home/mikolaj@acfr.usyd.edu.au/ros2_ws/install/dyno_control/local/lib/python3.10/dist-packages/dyno_control-0.0.1-py3.10.egg-info
-- Installing: /home/mikolaj@acfr.usyd.edu.au/ros2_ws/install/dyno_control/local/lib/python3.10/dist-packages/dyno_control-0.0.1-py3.10.egg-info/SOURCES.txt
-- Installing: /home/mikolaj@acfr.usyd.edu.au/ros2_ws/install/dyno_control/local/lib/python3.10/dist-packages/dyno_control-0.0.1-py3.10.egg-info/dependency_links.txt
-- Installing: /home/mikolaj@acfr.usyd.edu.au/ros2_ws/install/dyno_control/local/lib/python3.10/dist-packages/dyno_control-0.0.1-py3.10.egg-info/PKG-INFO
-- Installing: /home/mikolaj@acfr.usyd.edu.au/ros2_ws/install/dyno_control/local/lib/python3.10/dist-packages/dyno_control-0.0.1-py3.10.egg-info/top_level.txt
-- Up-to-date: /home/mikolaj@acfr.usyd.edu.au/ros2_ws/install/dyno_control/local/lib/python3.10/dist-packages/dyno_control
-- Up-to-date: /home/mikolaj@acfr.usyd.edu.au/ros2_ws/install/dyno_control/local/lib/python3.10/dist-packages/dyno_control/pipeline.py
-- Up-to-date: /home/mikolaj@acfr.usyd.edu.au/ros2_ws/install/dyno_control/local/lib/python3.10/dist-packages/dyno_control/__init__.py
Listing '/home/mikolaj@acfr.usyd.edu.au/ros2_ws/install/dyno_control/local/lib/python3.10/dist-packages/dyno_control'...
-- Up-to-date: /home/mikolaj@acfr.usyd.edu.au/ros2_ws/install/dyno_control/lib/dyno_control/pipeline_node.py
-- Up-to-date: /home/mikolaj@acfr.usyd.edu.au/ros2_ws/install/dyno_control/share/ament_index/resource_index/package_run_dependencies/dyno_control
-- Up-to-date: /home/mikolaj@acfr.usyd.edu.au/ros2_ws/install/dyno_control/share/ament_index/resource_index/parent_prefix_path/dyno_control
-- Up-to-date: /home/mikolaj@acfr.usyd.edu.au/ros2_ws/install/dyno_control/share/dyno_control/environment/ament_prefix_path.sh
-- Up-to-date: /home/mikolaj@acfr.usyd.edu.au/ros2_ws/install/dyno_control/share/dyno_control/environment/ament_prefix_path.dsv
-- Up-to-date: /home/mikolaj@acfr.usyd.edu.au/ros2_ws/install/dyno_control/share/dyno_control/environment/path.sh
-- Up-to-date: /home/mikolaj@acfr.usyd.edu.au/ros2_ws/install/dyno_control/share/dyno_control/environment/path.dsv
-- Up-to-date: /home/mikolaj@acfr.usyd.edu.au/ros2_ws/install/dyno_control/share/dyno_control/local_setup.bash
-- Up-to-date: /home/mikolaj@acfr.usyd.edu.au/ros2_ws/install/dyno_control/share/dyno_control/local_setup.sh
-- Up-to-date: /home/mikolaj@acfr.usyd.edu.au/ros2_ws/install/dyno_control/share/dyno_control/local_setup.zsh
-- Up-to-date: /home/mikolaj@acfr.usyd.edu.au/ros2_ws/install/dyno_control/share/dyno_control/local_setup.dsv
-- Installing: /home/mikolaj@acfr.usyd.edu.au/ros2_ws/install/dyno_control/share/dyno_control/package.dsv
-- Up-to-date: /home/mikolaj@acfr.usyd.edu.au/ros2_ws/install/dyno_control/share/ament_index/resource_index/packages/dyno_control
-- Up-to-date: /home/mikolaj@acfr.usyd.edu.au/ros2_ws/install/dyno_control/share/dyno_control/cmake/dyno_controlConfig.cmake
-- Up-to-date: /home/mikolaj@acfr.usyd.edu.au/ros2_ws/install/dyno_control/share/dyno_control/cmake/dyno_controlConfig-version.cmake
-- Up-to-date: /home/mikolaj@acfr.usyd.edu.au/ros2_ws/install/dyno_control/share/dyno_control/package.xml
