[0.054s] DEBUG:colcon:Command line arguments: ['/usr/bin/colcon', 'build']
[0.054s] DEBUG:colcon:Parsed command line arguments: Namespace(log_base=None, log_level=None, verb_name='build', build_base='build', install_base='install', merge_install=False, symlink_install=False, test_result_base=None, continue_on_error=False, executor='parallel', parallel_workers=20, event_handlers=None, ignore_user_meta=False, metas=['./colcon.meta'], base_paths=['.'], packages_ignore=None, packages_ignore_regex=None, paths=None, packages_up_to=None, packages_up_to_regex=None, packages_above=None, packages_above_and_dependencies=None, packages_above_depth=None, packages_select_by_dep=None, packages_skip_by_dep=None, packages_skip_up_to=None, packages_select_build_failed=False, packages_skip_build_finished=False, packages_select_test_failures=False, packages_skip_test_passed=False, packages_select=None, packages_skip=None, packages_select_regex=None, packages_skip_regex=None, packages_start=None, packages_end=None, allow_overriding=[], cmake_args=None, cmake_target=None, cmake_target_skip_unavailable=False, cmake_clean_cache=False, cmake_clean_first=False, cmake_force_configure=False, ament_cmake_args=None, catkin_cmake_args=None, catkin_skip_building_tests=False, mixin_files=None, mixin=None, verb_parser=<colcon_mixin.mixin.mixin_argument.MixinArgumentDecorator object at 0x786093deeaa0>, verb_extension=<colcon_core.verb.build.BuildVerb object at 0x786093fec4c0>, main=<bound method BuildVerb.main of <colcon_core.verb.build.BuildVerb object at 0x786093fec4c0>>, mixin_verb=('build',))
[0.136s] Level 1:colcon.colcon_core.package_discovery:discover_packages(colcon_meta) check parameters
[0.137s] Level 1:colcon.colcon_core.package_discovery:discover_packages(recursive) check parameters
[0.137s] Level 1:colcon.colcon_core.package_discovery:discover_packages(ignore) check parameters
[0.137s] Level 1:colcon.colcon_core.package_discovery:discover_packages(path) check parameters
[0.137s] Level 1:colcon.colcon_core.package_discovery:discover_packages(colcon_meta) discover
[0.137s] Level 1:colcon.colcon_core.package_discovery:discover_packages(recursive) discover
[0.137s] INFO:colcon.colcon_core.package_discovery:Crawling recursively for packages in '/home/mikolaj@acfr.usyd.edu.au/ros2_ws'
[0.137s] Level 1:colcon.colcon_core.package_identification:_identify(.) by extensions ['ignore', 'ignore_ament_install']
[0.137s] Level 1:colcon.colcon_core.package_identification:_identify(.) by extension 'ignore'
[0.137s] Level 1:colcon.colcon_core.package_identification:_identify(.) by extension 'ignore_ament_install'
[0.137s] Level 1:colcon.colcon_core.package_identification:_identify(.) by extensions ['colcon_pkg']
[0.137s] Level 1:colcon.colcon_core.package_identification:_identify(.) by extension 'colcon_pkg'
[0.137s] Level 1:colcon.colcon_core.package_identification:_identify(.) by extensions ['colcon_meta']
[0.137s] Level 1:colcon.colcon_core.package_identification:_identify(.) by extension 'colcon_meta'
[0.137s] Level 1:colcon.colcon_core.package_identification:_identify(.) by extensions ['ros']
[0.137s] Level 1:colcon.colcon_core.package_identification:_identify(.) by extension 'ros'
[0.143s] Level 1:colcon.colcon_core.package_identification:_identify(.) by extensions ['cmake', 'python']
[0.143s] Level 1:colcon.colcon_core.package_identification:_identify(.) by extension 'cmake'
[0.143s] Level 1:colcon.colcon_core.package_identification:_identify(.) by extension 'python'
[0.143s] Level 1:colcon.colcon_core.package_identification:_identify(.) by extensions ['python_setup_py']
[0.143s] Level 1:colcon.colcon_core.package_identification:_identify(.) by extension 'python_setup_py'
[0.143s] Level 1:colcon.colcon_core.package_identification:_identify(build) by extensions ['ignore', 'ignore_ament_install']
[0.143s] Level 1:colcon.colcon_core.package_identification:_identify(build) by extension 'ignore'
[0.143s] Level 1:colcon.colcon_core.package_identification:_identify(build) ignored
[0.143s] Level 1:colcon.colcon_core.package_identification:_identify(install) by extensions ['ignore', 'ignore_ament_install']
[0.143s] Level 1:colcon.colcon_core.package_identification:_identify(install) by extension 'ignore'
[0.143s] Level 1:colcon.colcon_core.package_identification:_identify(install) ignored
[0.143s] Level 1:colcon.colcon_core.package_identification:_identify(log) by extensions ['ignore', 'ignore_ament_install']
[0.143s] Level 1:colcon.colcon_core.package_identification:_identify(log) by extension 'ignore'
[0.143s] Level 1:colcon.colcon_core.package_identification:_identify(log) ignored
[0.143s] Level 1:colcon.colcon_core.package_identification:_identify(src) by extensions ['ignore', 'ignore_ament_install']
[0.143s] Level 1:colcon.colcon_core.package_identification:_identify(src) by extension 'ignore'
[0.143s] Level 1:colcon.colcon_core.package_identification:_identify(src) by extension 'ignore_ament_install'
[0.143s] Level 1:colcon.colcon_core.package_identification:_identify(src) by extensions ['colcon_pkg']
[0.143s] Level 1:colcon.colcon_core.package_identification:_identify(src) by extension 'colcon_pkg'
[0.143s] Level 1:colcon.colcon_core.package_identification:_identify(src) by extensions ['colcon_meta']
[0.143s] Level 1:colcon.colcon_core.package_identification:_identify(src) by extension 'colcon_meta'
[0.143s] Level 1:colcon.colcon_core.package_identification:_identify(src) by extensions ['ros']
[0.143s] Level 1:colcon.colcon_core.package_identification:_identify(src) by extension 'ros'
[0.143s] Level 1:colcon.colcon_core.package_identification:_identify(src) by extensions ['cmake', 'python']
[0.143s] Level 1:colcon.colcon_core.package_identification:_identify(src) by extension 'cmake'
[0.143s] Level 1:colcon.colcon_core.package_identification:_identify(src) by extension 'python'
[0.144s] Level 1:colcon.colcon_core.package_identification:_identify(src) by extensions ['python_setup_py']
[0.144s] Level 1:colcon.colcon_core.package_identification:_identify(src) by extension 'python_setup_py'
[0.144s] Level 1:colcon.colcon_core.package_identification:_identify(src/dyno_control) by extensions ['ignore', 'ignore_ament_install']
[0.144s] Level 1:colcon.colcon_core.package_identification:_identify(src/dyno_control) by extension 'ignore'
[0.144s] Level 1:colcon.colcon_core.package_identification:_identify(src/dyno_control) by extension 'ignore_ament_install'
[0.144s] Level 1:colcon.colcon_core.package_identification:_identify(src/dyno_control) by extensions ['colcon_pkg']
[0.144s] Level 1:colcon.colcon_core.package_identification:_identify(src/dyno_control) by extension 'colcon_pkg'
[0.144s] Level 1:colcon.colcon_core.package_identification:_identify(src/dyno_control) by extensions ['colcon_meta']
[0.144s] Level 1:colcon.colcon_core.package_identification:_identify(src/dyno_control) by extension 'colcon_meta'
[0.144s] Level 1:colcon.colcon_core.package_identification:_identify(src/dyno_control) by extensions ['ros']
[0.144s] Level 1:colcon.colcon_core.package_identification:_identify(src/dyno_control) by extension 'ros'
[0.145s] DEBUG:colcon.colcon_core.package_identification:Package 'src/dyno_control' with type 'ros.ament_cmake' and name 'dyno_control'
[0.145s] Level 1:colcon.colcon_core.package_identification:_identify(src/my_interfaces) by extensions ['ignore', 'ignore_ament_install']
[0.145s] Level 1:colcon.colcon_core.package_identification:_identify(src/my_interfaces) by extension 'ignore'
[0.145s] Level 1:colcon.colcon_core.package_identification:_identify(src/my_interfaces) by extension 'ignore_ament_install'
[0.145s] Level 1:colcon.colcon_core.package_identification:_identify(src/my_interfaces) by extensions ['colcon_pkg']
[0.145s] Level 1:colcon.colcon_core.package_identification:_identify(src/my_interfaces) by extension 'colcon_pkg'
[0.145s] Level 1:colcon.colcon_core.package_identification:_identify(src/my_interfaces) by extensions ['colcon_meta']
[0.145s] Level 1:colcon.colcon_core.package_identification:_identify(src/my_interfaces) by extension 'colcon_meta'
[0.145s] Level 1:colcon.colcon_core.package_identification:_identify(src/my_interfaces) by extensions ['ros']
[0.145s] Level 1:colcon.colcon_core.package_identification:_identify(src/my_interfaces) by extension 'ros'
[0.146s] DEBUG:colcon.colcon_core.package_identification:Package 'src/my_interfaces' with type 'ros.ament_cmake' and name 'my_interfaces'
[0.146s] Level 1:colcon.colcon_core.package_identification:_identify(src/my_turtlebot3_bringup) by extensions ['ignore', 'ignore_ament_install']
[0.146s] Level 1:colcon.colcon_core.package_identification:_identify(src/my_turtlebot3_bringup) by extension 'ignore'
[0.146s] Level 1:colcon.colcon_core.package_identification:_identify(src/my_turtlebot3_bringup) by extension 'ignore_ament_install'
[0.146s] Level 1:colcon.colcon_core.package_identification:_identify(src/my_turtlebot3_bringup) by extensions ['colcon_pkg']
[0.146s] Level 1:colcon.colcon_core.package_identification:_identify(src/my_turtlebot3_bringup) by extension 'colcon_pkg'
[0.146s] Level 1:colcon.colcon_core.package_identification:_identify(src/my_turtlebot3_bringup) by extensions ['colcon_meta']
[0.146s] Level 1:colcon.colcon_core.package_identification:_identify(src/my_turtlebot3_bringup) by extension 'colcon_meta'
[0.146s] Level 1:colcon.colcon_core.package_identification:_identify(src/my_turtlebot3_bringup) by extensions ['ros']
[0.146s] Level 1:colcon.colcon_core.package_identification:_identify(src/my_turtlebot3_bringup) by extension 'ros'
[0.146s] DEBUG:colcon.colcon_core.package_identification:Package 'src/my_turtlebot3_bringup' with type 'ros.ament_cmake' and name 'my_turtlebot3_bringup'
[0.146s] Level 1:colcon.colcon_core.package_identification:_identify(src/my_turtlebot3_description) by extensions ['ignore', 'ignore_ament_install']
[0.146s] Level 1:colcon.colcon_core.package_identification:_identify(src/my_turtlebot3_description) by extension 'ignore'
[0.146s] Level 1:colcon.colcon_core.package_identification:_identify(src/my_turtlebot3_description) by extension 'ignore_ament_install'
[0.146s] Level 1:colcon.colcon_core.package_identification:_identify(src/my_turtlebot3_description) by extensions ['colcon_pkg']
[0.146s] Level 1:colcon.colcon_core.package_identification:_identify(src/my_turtlebot3_description) by extension 'colcon_pkg'
[0.146s] Level 1:colcon.colcon_core.package_identification:_identify(src/my_turtlebot3_description) by extensions ['colcon_meta']
[0.146s] Level 1:colcon.colcon_core.package_identification:_identify(src/my_turtlebot3_description) by extension 'colcon_meta'
[0.146s] Level 1:colcon.colcon_core.package_identification:_identify(src/my_turtlebot3_description) by extensions ['ros']
[0.146s] Level 1:colcon.colcon_core.package_identification:_identify(src/my_turtlebot3_description) by extension 'ros'
[0.147s] DEBUG:colcon.colcon_core.package_identification:Package 'src/my_turtlebot3_description' with type 'ros.ament_cmake' and name 'my_turtlebot3_description'
[0.147s] Level 1:colcon.colcon_core.package_discovery:discover_packages(recursive) using defaults
[0.147s] Level 1:colcon.colcon_core.package_discovery:discover_packages(ignore) discover
[0.147s] Level 1:colcon.colcon_core.package_discovery:discover_packages(ignore) using defaults
[0.147s] Level 1:colcon.colcon_core.package_discovery:discover_packages(path) discover
[0.147s] Level 1:colcon.colcon_core.package_discovery:discover_packages(path) using defaults
[0.162s] Level 1:colcon.colcon_core.package_discovery:discover_packages(prefix_path) check parameters
[0.162s] Level 1:colcon.colcon_core.package_discovery:discover_packages(prefix_path) discover
[0.163s] DEBUG:colcon.colcon_installed_package_information.package_discovery:Found 6 installed packages in /home/mikolaj@acfr.usyd.edu.au/ros2_ws/install
[0.164s] DEBUG:colcon.colcon_installed_package_information.package_discovery:Found 5 installed packages in /home/mikolaj@acfr.usyd.edu.au/tut_ros2_ws/install
[0.165s] DEBUG:colcon.colcon_installed_package_information.package_discovery:Found 418 installed packages in /opt/ros/humble
[0.166s] Level 1:colcon.colcon_core.package_discovery:discover_packages(prefix_path) using defaults
[0.190s] Level 5:colcon.colcon_core.verb:set package 'my_interfaces' build argument 'cmake_args' from command line to 'None'
[0.190s] Level 5:colcon.colcon_core.verb:set package 'my_interfaces' build argument 'cmake_target' from command line to 'None'
[0.190s] Level 5:colcon.colcon_core.verb:set package 'my_interfaces' build argument 'cmake_target_skip_unavailable' from command line to 'False'
[0.190s] Level 5:colcon.colcon_core.verb:set package 'my_interfaces' build argument 'cmake_clean_cache' from command line to 'False'
[0.190s] Level 5:colcon.colcon_core.verb:set package 'my_interfaces' build argument 'cmake_clean_first' from command line to 'False'
[0.190s] Level 5:colcon.colcon_core.verb:set package 'my_interfaces' build argument 'cmake_force_configure' from command line to 'False'
[0.190s] Level 5:colcon.colcon_core.verb:set package 'my_interfaces' build argument 'ament_cmake_args' from command line to 'None'
[0.190s] Level 5:colcon.colcon_core.verb:set package 'my_interfaces' build argument 'catkin_cmake_args' from command line to 'None'
[0.190s] Level 5:colcon.colcon_core.verb:set package 'my_interfaces' build argument 'catkin_skip_building_tests' from command line to 'False'
[0.190s] DEBUG:colcon.colcon_core.verb:Building package 'my_interfaces' with the following arguments: {'ament_cmake_args': None, 'build_base': '/home/mikolaj@acfr.usyd.edu.au/ros2_ws/build/my_interfaces', 'catkin_cmake_args': None, 'catkin_skip_building_tests': False, 'cmake_args': None, 'cmake_clean_cache': False, 'cmake_clean_first': False, 'cmake_force_configure': False, 'cmake_target': None, 'cmake_target_skip_unavailable': False, 'install_base': '/home/mikolaj@acfr.usyd.edu.au/ros2_ws/install/my_interfaces', 'merge_install': False, 'path': '/home/mikolaj@acfr.usyd.edu.au/ros2_ws/src/my_interfaces', 'symlink_install': False, 'test_result_base': None}
[0.190s] Level 5:colcon.colcon_core.verb:set package 'my_turtlebot3_description' build argument 'cmake_args' from command line to 'None'
[0.190s] Level 5:colcon.colcon_core.verb:set package 'my_turtlebot3_description' build argument 'cmake_target' from command line to 'None'
[0.190s] Level 5:colcon.colcon_core.verb:set package 'my_turtlebot3_description' build argument 'cmake_target_skip_unavailable' from command line to 'False'
[0.190s] Level 5:colcon.colcon_core.verb:set package 'my_turtlebot3_description' build argument 'cmake_clean_cache' from command line to 'False'
[0.190s] Level 5:colcon.colcon_core.verb:set package 'my_turtlebot3_description' build argument 'cmake_clean_first' from command line to 'False'
[0.190s] Level 5:colcon.colcon_core.verb:set package 'my_turtlebot3_description' build argument 'cmake_force_configure' from command line to 'False'
[0.190s] Level 5:colcon.colcon_core.verb:set package 'my_turtlebot3_description' build argument 'ament_cmake_args' from command line to 'None'
[0.190s] Level 5:colcon.colcon_core.verb:set package 'my_turtlebot3_description' build argument 'catkin_cmake_args' from command line to 'None'
[0.190s] Level 5:colcon.colcon_core.verb:set package 'my_turtlebot3_description' build argument 'catkin_skip_building_tests' from command line to 'False'
[0.190s] DEBUG:colcon.colcon_core.verb:Building package 'my_turtlebot3_description' with the following arguments: {'ament_cmake_args': None, 'build_base': '/home/mikolaj@acfr.usyd.edu.au/ros2_ws/build/my_turtlebot3_description', 'catkin_cmake_args': None, 'catkin_skip_building_tests': False, 'cmake_args': None, 'cmake_clean_cache': False, 'cmake_clean_first': False, 'cmake_force_configure': False, 'cmake_target': None, 'cmake_target_skip_unavailable': False, 'install_base': '/home/mikolaj@acfr.usyd.edu.au/ros2_ws/install/my_turtlebot3_description', 'merge_install': False, 'path': '/home/mikolaj@acfr.usyd.edu.au/ros2_ws/src/my_turtlebot3_description', 'symlink_install': False, 'test_result_base': None}
[0.190s] Level 5:colcon.colcon_core.verb:set package 'dyno_control' build argument 'cmake_args' from command line to 'None'
[0.190s] Level 5:colcon.colcon_core.verb:set package 'dyno_control' build argument 'cmake_target' from command line to 'None'
[0.190s] Level 5:colcon.colcon_core.verb:set package 'dyno_control' build argument 'cmake_target_skip_unavailable' from command line to 'False'
[0.190s] Level 5:colcon.colcon_core.verb:set package 'dyno_control' build argument 'cmake_clean_cache' from command line to 'False'
[0.190s] Level 5:colcon.colcon_core.verb:set package 'dyno_control' build argument 'cmake_clean_first' from command line to 'False'
[0.190s] Level 5:colcon.colcon_core.verb:set package 'dyno_control' build argument 'cmake_force_configure' from command line to 'False'
[0.190s] Level 5:colcon.colcon_core.verb:set package 'dyno_control' build argument 'ament_cmake_args' from command line to 'None'
[0.190s] Level 5:colcon.colcon_core.verb:set package 'dyno_control' build argument 'catkin_cmake_args' from command line to 'None'
[0.190s] Level 5:colcon.colcon_core.verb:set package 'dyno_control' build argument 'catkin_skip_building_tests' from command line to 'False'
[0.190s] DEBUG:colcon.colcon_core.verb:Building package 'dyno_control' with the following arguments: {'ament_cmake_args': None, 'build_base': '/home/mikolaj@acfr.usyd.edu.au/ros2_ws/build/dyno_control', 'catkin_cmake_args': None, 'catkin_skip_building_tests': False, 'cmake_args': None, 'cmake_clean_cache': False, 'cmake_clean_first': False, 'cmake_force_configure': False, 'cmake_target': None, 'cmake_target_skip_unavailable': False, 'install_base': '/home/mikolaj@acfr.usyd.edu.au/ros2_ws/install/dyno_control', 'merge_install': False, 'path': '/home/mikolaj@acfr.usyd.edu.au/ros2_ws/src/dyno_control', 'symlink_install': False, 'test_result_base': None}
[0.191s] Level 5:colcon.colcon_core.verb:set package 'my_turtlebot3_bringup' build argument 'cmake_args' from command line to 'None'
[0.191s] Level 5:colcon.colcon_core.verb:set package 'my_turtlebot3_bringup' build argument 'cmake_target' from command line to 'None'
[0.191s] Level 5:colcon.colcon_core.verb:set package 'my_turtlebot3_bringup' build argument 'cmake_target_skip_unavailable' from command line to 'False'
[0.191s] Level 5:colcon.colcon_core.verb:set package 'my_turtlebot3_bringup' build argument 'cmake_clean_cache' from command line to 'False'
[0.191s] Level 5:colcon.colcon_core.verb:set package 'my_turtlebot3_bringup' build argument 'cmake_clean_first' from command line to 'False'
[0.191s] Level 5:colcon.colcon_core.verb:set package 'my_turtlebot3_bringup' build argument 'cmake_force_configure' from command line to 'False'
[0.191s] Level 5:colcon.colcon_core.verb:set package 'my_turtlebot3_bringup' build argument 'ament_cmake_args' from command line to 'None'
[0.191s] Level 5:colcon.colcon_core.verb:set package 'my_turtlebot3_bringup' build argument 'catkin_cmake_args' from command line to 'None'
[0.191s] Level 5:colcon.colcon_core.verb:set package 'my_turtlebot3_bringup' build argument 'catkin_skip_building_tests' from command line to 'False'
[0.191s] DEBUG:colcon.colcon_core.verb:Building package 'my_turtlebot3_bringup' with the following arguments: {'ament_cmake_args': None, 'build_base': '/home/mikolaj@acfr.usyd.edu.au/ros2_ws/build/my_turtlebot3_bringup', 'catkin_cmake_args': None, 'catkin_skip_building_tests': False, 'cmake_args': None, 'cmake_clean_cache': False, 'cmake_clean_first': False, 'cmake_force_configure': False, 'cmake_target': None, 'cmake_target_skip_unavailable': False, 'install_base': '/home/mikolaj@acfr.usyd.edu.au/ros2_ws/install/my_turtlebot3_bringup', 'merge_install': False, 'path': '/home/mikolaj@acfr.usyd.edu.au/ros2_ws/src/my_turtlebot3_bringup', 'symlink_install': False, 'test_result_base': None}
[0.191s] INFO:colcon.colcon_core.executor:Executing jobs using 'parallel' executor
[0.191s] DEBUG:colcon.colcon_parallel_executor.executor.parallel:run_until_complete
[0.191s] INFO:colcon.colcon_ros.task.ament_cmake.build:Building ROS package in '/home/mikolaj@acfr.usyd.edu.au/ros2_ws/src/my_interfaces' with build type 'ament_cmake'
[0.191s] INFO:colcon.colcon_cmake.task.cmake.build:Building CMake package in '/home/mikolaj@acfr.usyd.edu.au/ros2_ws/src/my_interfaces'
[0.193s] INFO:colcon.colcon_core.plugin_system:Skipping extension 'colcon_core.shell.bat': Not used on non-Windows systems
[0.193s] INFO:colcon.colcon_core.shell:Skip shell extension 'powershell' for command environment: Not usable outside of PowerShell
[0.193s] DEBUG:colcon.colcon_core.shell:Skip shell extension 'dsv' for command environment
[0.195s] INFO:colcon.colcon_ros.task.ament_cmake.build:Building ROS package in '/home/mikolaj@acfr.usyd.edu.au/ros2_ws/src/my_turtlebot3_description' with build type 'ament_cmake'
[0.195s] INFO:colcon.colcon_cmake.task.cmake.build:Building CMake package in '/home/mikolaj@acfr.usyd.edu.au/ros2_ws/src/my_turtlebot3_description'
[0.196s] INFO:colcon.colcon_core.shell:Skip shell extension 'powershell' for command environment: Not usable outside of PowerShell
[0.196s] DEBUG:colcon.colcon_core.shell:Skip shell extension 'dsv' for command environment
[0.200s] DEBUG:colcon.colcon_core.event_handler.log_command:Invoking command in '/home/mikolaj@acfr.usyd.edu.au/ros2_ws/build/my_interfaces': CMAKE_PREFIX_PATH=/home/mikolaj@acfr.usyd.edu.au/ros2_ws/install/my_interfaces:/opt/ros/humble:/home/mikolaj@acfr.usyd.edu.au/ros2_ws/install/turtlebot3_description:/home/mikolaj@acfr.usyd.edu.au/ros2_ws/install/my_turtlebot3_bringup:/home/mikolaj@acfr.usyd.edu.au/ros2_ws/install/my_turtlebot3_description:/home/mikolaj@acfr.usyd.edu.au/ros2_ws/install/dyno_control:/home/mikolaj@acfr.usyd.edu.au/tut_ros2_ws/install/my_robot_bringup:/home/mikolaj@acfr.usyd.edu.au/tut_ros2_ws/install/my_py_pkg:/home/mikolaj@acfr.usyd.edu.au/tut_ros2_ws/install/my_robot_interfaces:/home/mikolaj@acfr.usyd.edu.au/tut_ros2_ws/install/my_robot_description:/home/mikolaj@acfr.usyd.edu.au/tut_ros2_ws/install/my_cpp_pkg /usr/bin/cmake --build /home/mikolaj@acfr.usyd.edu.au/ros2_ws/build/my_interfaces -- -j20 -l20
[0.202s] DEBUG:colcon.colcon_core.event_handler.log_command:Invoking command in '/home/mikolaj@acfr.usyd.edu.au/ros2_ws/build/my_turtlebot3_description': CMAKE_PREFIX_PATH=/home/mikolaj@acfr.usyd.edu.au/ros2_ws/install/my_interfaces:/opt/ros/humble:/home/mikolaj@acfr.usyd.edu.au/ros2_ws/install/turtlebot3_description:/home/mikolaj@acfr.usyd.edu.au/ros2_ws/install/my_turtlebot3_bringup:/home/mikolaj@acfr.usyd.edu.au/ros2_ws/install/my_turtlebot3_description:/home/mikolaj@acfr.usyd.edu.au/ros2_ws/install/dyno_control:/home/mikolaj@acfr.usyd.edu.au/tut_ros2_ws/install/my_robot_bringup:/home/mikolaj@acfr.usyd.edu.au/tut_ros2_ws/install/my_py_pkg:/home/mikolaj@acfr.usyd.edu.au/tut_ros2_ws/install/my_robot_interfaces:/home/mikolaj@acfr.usyd.edu.au/tut_ros2_ws/install/my_robot_description:/home/mikolaj@acfr.usyd.edu.au/tut_ros2_ws/install/my_cpp_pkg /usr/bin/cmake --build /home/mikolaj@acfr.usyd.edu.au/ros2_ws/build/my_turtlebot3_description -- -j20 -l20
[0.222s] DEBUG:colcon.colcon_core.event_handler.log_command:Invoked command in '/home/mikolaj@acfr.usyd.edu.au/ros2_ws/build/my_turtlebot3_description' returned '0': CMAKE_PREFIX_PATH=/home/mikolaj@acfr.usyd.edu.au/ros2_ws/install/my_interfaces:/opt/ros/humble:/home/mikolaj@acfr.usyd.edu.au/ros2_ws/install/turtlebot3_description:/home/mikolaj@acfr.usyd.edu.au/ros2_ws/install/my_turtlebot3_bringup:/home/mikolaj@acfr.usyd.edu.au/ros2_ws/install/my_turtlebot3_description:/home/mikolaj@acfr.usyd.edu.au/ros2_ws/install/dyno_control:/home/mikolaj@acfr.usyd.edu.au/tut_ros2_ws/install/my_robot_bringup:/home/mikolaj@acfr.usyd.edu.au/tut_ros2_ws/install/my_py_pkg:/home/mikolaj@acfr.usyd.edu.au/tut_ros2_ws/install/my_robot_interfaces:/home/mikolaj@acfr.usyd.edu.au/tut_ros2_ws/install/my_robot_description:/home/mikolaj@acfr.usyd.edu.au/tut_ros2_ws/install/my_cpp_pkg /usr/bin/cmake --build /home/mikolaj@acfr.usyd.edu.au/ros2_ws/build/my_turtlebot3_description -- -j20 -l20
[0.243s] DEBUG:colcon.colcon_core.event_handler.log_command:Invoking command in '/home/mikolaj@acfr.usyd.edu.au/ros2_ws/build/my_turtlebot3_description': CMAKE_PREFIX_PATH=/home/mikolaj@acfr.usyd.edu.au/ros2_ws/install/my_interfaces:/opt/ros/humble:/home/mikolaj@acfr.usyd.edu.au/ros2_ws/install/turtlebot3_description:/home/mikolaj@acfr.usyd.edu.au/ros2_ws/install/my_turtlebot3_bringup:/home/mikolaj@acfr.usyd.edu.au/ros2_ws/install/my_turtlebot3_description:/home/mikolaj@acfr.usyd.edu.au/ros2_ws/install/dyno_control:/home/mikolaj@acfr.usyd.edu.au/tut_ros2_ws/install/my_robot_bringup:/home/mikolaj@acfr.usyd.edu.au/tut_ros2_ws/install/my_py_pkg:/home/mikolaj@acfr.usyd.edu.au/tut_ros2_ws/install/my_robot_interfaces:/home/mikolaj@acfr.usyd.edu.au/tut_ros2_ws/install/my_robot_description:/home/mikolaj@acfr.usyd.edu.au/tut_ros2_ws/install/my_cpp_pkg /usr/bin/cmake --install /home/mikolaj@acfr.usyd.edu.au/ros2_ws/build/my_turtlebot3_description
[0.249s] Level 1:colcon.colcon_core.environment:create_environment_scripts_only(my_turtlebot3_description)
[0.249s] DEBUG:colcon.colcon_core.event_handler.log_command:Invoked command in '/home/mikolaj@acfr.usyd.edu.au/ros2_ws/build/my_turtlebot3_description' returned '0': CMAKE_PREFIX_PATH=/home/mikolaj@acfr.usyd.edu.au/ros2_ws/install/my_interfaces:/opt/ros/humble:/home/mikolaj@acfr.usyd.edu.au/ros2_ws/install/turtlebot3_description:/home/mikolaj@acfr.usyd.edu.au/ros2_ws/install/my_turtlebot3_bringup:/home/mikolaj@acfr.usyd.edu.au/ros2_ws/install/my_turtlebot3_description:/home/mikolaj@acfr.usyd.edu.au/ros2_ws/install/dyno_control:/home/mikolaj@acfr.usyd.edu.au/tut_ros2_ws/install/my_robot_bringup:/home/mikolaj@acfr.usyd.edu.au/tut_ros2_ws/install/my_py_pkg:/home/mikolaj@acfr.usyd.edu.au/tut_ros2_ws/install/my_robot_interfaces:/home/mikolaj@acfr.usyd.edu.au/tut_ros2_ws/install/my_robot_description:/home/mikolaj@acfr.usyd.edu.au/tut_ros2_ws/install/my_cpp_pkg /usr/bin/cmake --install /home/mikolaj@acfr.usyd.edu.au/ros2_ws/build/my_turtlebot3_description
[0.251s] Level 1:colcon.colcon_core.environment:checking '/home/mikolaj@acfr.usyd.edu.au/ros2_ws/install/my_turtlebot3_description' for CMake module files
[0.252s] Level 1:colcon.colcon_core.environment:checking '/home/mikolaj@acfr.usyd.edu.au/ros2_ws/install/my_turtlebot3_description' for CMake config files
[0.252s] Level 1:colcon.colcon_core.shell:create_environment_hook('my_turtlebot3_description', 'cmake_prefix_path')
[0.252s] INFO:colcon.colcon_core.shell:Creating environment hook '/home/mikolaj@acfr.usyd.edu.au/ros2_ws/install/my_turtlebot3_description/share/my_turtlebot3_description/hook/cmake_prefix_path.ps1'
[0.252s] INFO:colcon.colcon_core.shell:Creating environment descriptor '/home/mikolaj@acfr.usyd.edu.au/ros2_ws/install/my_turtlebot3_description/share/my_turtlebot3_description/hook/cmake_prefix_path.dsv'
[0.252s] INFO:colcon.colcon_core.shell:Creating environment hook '/home/mikolaj@acfr.usyd.edu.au/ros2_ws/install/my_turtlebot3_description/share/my_turtlebot3_description/hook/cmake_prefix_path.sh'
[0.253s] Level 1:colcon.colcon_core.environment:checking '/home/mikolaj@acfr.usyd.edu.au/ros2_ws/install/my_turtlebot3_description/bin'
[0.253s] Level 1:colcon.colcon_core.environment:checking '/home/mikolaj@acfr.usyd.edu.au/ros2_ws/install/my_turtlebot3_description/lib/pkgconfig/my_turtlebot3_description.pc'
[0.253s] Level 1:colcon.colcon_core.environment:checking '/home/mikolaj@acfr.usyd.edu.au/ros2_ws/install/my_turtlebot3_description/lib/python3.10/site-packages'
[0.253s] Level 1:colcon.colcon_core.environment:checking '/home/mikolaj@acfr.usyd.edu.au/ros2_ws/install/my_turtlebot3_description/bin'
[0.253s] INFO:colcon.colcon_core.shell:Creating package script '/home/mikolaj@acfr.usyd.edu.au/ros2_ws/install/my_turtlebot3_description/share/my_turtlebot3_description/package.ps1'
[0.254s] INFO:colcon.colcon_core.shell:Creating package descriptor '/home/mikolaj@acfr.usyd.edu.au/ros2_ws/install/my_turtlebot3_description/share/my_turtlebot3_description/package.dsv'
[0.254s] INFO:colcon.colcon_core.shell:Creating package script '/home/mikolaj@acfr.usyd.edu.au/ros2_ws/install/my_turtlebot3_description/share/my_turtlebot3_description/package.sh'
[0.254s] INFO:colcon.colcon_core.shell:Creating package script '/home/mikolaj@acfr.usyd.edu.au/ros2_ws/install/my_turtlebot3_description/share/my_turtlebot3_description/package.bash'
[0.255s] INFO:colcon.colcon_core.shell:Creating package script '/home/mikolaj@acfr.usyd.edu.au/ros2_ws/install/my_turtlebot3_description/share/my_turtlebot3_description/package.zsh'
[0.255s] Level 1:colcon.colcon_core.environment:create_file_with_runtime_dependencies(/home/mikolaj@acfr.usyd.edu.au/ros2_ws/install/my_turtlebot3_description/share/colcon-core/packages/my_turtlebot3_description)
[0.268s] Level 1:colcon.colcon_core.environment:create_environment_scripts_only(my_turtlebot3_description)
[0.268s] Level 1:colcon.colcon_core.environment:checking '/home/mikolaj@acfr.usyd.edu.au/ros2_ws/install/my_turtlebot3_description' for CMake module files
[0.269s] Level 1:colcon.colcon_core.environment:checking '/home/mikolaj@acfr.usyd.edu.au/ros2_ws/install/my_turtlebot3_description' for CMake config files
[0.269s] Level 1:colcon.colcon_core.shell:create_environment_hook('my_turtlebot3_description', 'cmake_prefix_path')
[0.269s] INFO:colcon.colcon_core.shell:Creating environment hook '/home/mikolaj@acfr.usyd.edu.au/ros2_ws/install/my_turtlebot3_description/share/my_turtlebot3_description/hook/cmake_prefix_path.ps1'
[0.270s] INFO:colcon.colcon_core.shell:Creating environment descriptor '/home/mikolaj@acfr.usyd.edu.au/ros2_ws/install/my_turtlebot3_description/share/my_turtlebot3_description/hook/cmake_prefix_path.dsv'
[0.270s] INFO:colcon.colcon_core.shell:Creating environment hook '/home/mikolaj@acfr.usyd.edu.au/ros2_ws/install/my_turtlebot3_description/share/my_turtlebot3_description/hook/cmake_prefix_path.sh'
[0.270s] Level 1:colcon.colcon_core.environment:checking '/home/mikolaj@acfr.usyd.edu.au/ros2_ws/install/my_turtlebot3_description/bin'
[0.270s] Level 1:colcon.colcon_core.environment:checking '/home/mikolaj@acfr.usyd.edu.au/ros2_ws/install/my_turtlebot3_description/lib/pkgconfig/my_turtlebot3_description.pc'
[0.271s] Level 1:colcon.colcon_core.environment:checking '/home/mikolaj@acfr.usyd.edu.au/ros2_ws/install/my_turtlebot3_description/lib/python3.10/site-packages'
[0.271s] Level 1:colcon.colcon_core.environment:checking '/home/mikolaj@acfr.usyd.edu.au/ros2_ws/install/my_turtlebot3_description/bin'
[0.271s] INFO:colcon.colcon_core.shell:Creating package script '/home/mikolaj@acfr.usyd.edu.au/ros2_ws/install/my_turtlebot3_description/share/my_turtlebot3_description/package.ps1'
[0.271s] INFO:colcon.colcon_core.shell:Creating package descriptor '/home/mikolaj@acfr.usyd.edu.au/ros2_ws/install/my_turtlebot3_description/share/my_turtlebot3_description/package.dsv'
[0.272s] INFO:colcon.colcon_core.shell:Creating package script '/home/mikolaj@acfr.usyd.edu.au/ros2_ws/install/my_turtlebot3_description/share/my_turtlebot3_description/package.sh'
[0.272s] INFO:colcon.colcon_core.shell:Creating package script '/home/mikolaj@acfr.usyd.edu.au/ros2_ws/install/my_turtlebot3_description/share/my_turtlebot3_description/package.bash'
[0.272s] INFO:colcon.colcon_core.shell:Creating package script '/home/mikolaj@acfr.usyd.edu.au/ros2_ws/install/my_turtlebot3_description/share/my_turtlebot3_description/package.zsh'
[0.272s] Level 1:colcon.colcon_core.environment:create_file_with_runtime_dependencies(/home/mikolaj@acfr.usyd.edu.au/ros2_ws/install/my_turtlebot3_description/share/colcon-core/packages/my_turtlebot3_description)
[0.272s] INFO:colcon.colcon_ros.task.ament_cmake.build:Building ROS package in '/home/mikolaj@acfr.usyd.edu.au/ros2_ws/src/my_turtlebot3_bringup' with build type 'ament_cmake'
[0.273s] INFO:colcon.colcon_cmake.task.cmake.build:Building CMake package in '/home/mikolaj@acfr.usyd.edu.au/ros2_ws/src/my_turtlebot3_bringup'
[0.273s] INFO:colcon.colcon_core.shell:Skip shell extension 'powershell' for command environment: Not usable outside of PowerShell
[0.273s] DEBUG:colcon.colcon_core.shell:Skip shell extension 'dsv' for command environment
[0.278s] DEBUG:colcon.colcon_core.event_handler.log_command:Invoking command in '/home/mikolaj@acfr.usyd.edu.au/ros2_ws/build/my_turtlebot3_bringup': CMAKE_PREFIX_PATH=/home/mikolaj@acfr.usyd.edu.au/ros2_ws/install/my_turtlebot3_description:/home/mikolaj@acfr.usyd.edu.au/ros2_ws/install/my_interfaces:/opt/ros/humble:/home/mikolaj@acfr.usyd.edu.au/ros2_ws/install/turtlebot3_description:/home/mikolaj@acfr.usyd.edu.au/ros2_ws/install/my_turtlebot3_bringup:/home/mikolaj@acfr.usyd.edu.au/ros2_ws/install/dyno_control:/home/mikolaj@acfr.usyd.edu.au/tut_ros2_ws/install/my_robot_bringup:/home/mikolaj@acfr.usyd.edu.au/tut_ros2_ws/install/my_py_pkg:/home/mikolaj@acfr.usyd.edu.au/tut_ros2_ws/install/my_robot_interfaces:/home/mikolaj@acfr.usyd.edu.au/tut_ros2_ws/install/my_robot_description:/home/mikolaj@acfr.usyd.edu.au/tut_ros2_ws/install/my_cpp_pkg /usr/bin/cmake --build /home/mikolaj@acfr.usyd.edu.au/ros2_ws/build/my_turtlebot3_bringup -- -j20 -l20
[0.299s] DEBUG:colcon.colcon_core.event_handler.log_command:Invoked command in '/home/mikolaj@acfr.usyd.edu.au/ros2_ws/build/my_turtlebot3_bringup' returned '0': CMAKE_PREFIX_PATH=/home/mikolaj@acfr.usyd.edu.au/ros2_ws/install/my_turtlebot3_description:/home/mikolaj@acfr.usyd.edu.au/ros2_ws/install/my_interfaces:/opt/ros/humble:/home/mikolaj@acfr.usyd.edu.au/ros2_ws/install/turtlebot3_description:/home/mikolaj@acfr.usyd.edu.au/ros2_ws/install/my_turtlebot3_bringup:/home/mikolaj@acfr.usyd.edu.au/ros2_ws/install/dyno_control:/home/mikolaj@acfr.usyd.edu.au/tut_ros2_ws/install/my_robot_bringup:/home/mikolaj@acfr.usyd.edu.au/tut_ros2_ws/install/my_py_pkg:/home/mikolaj@acfr.usyd.edu.au/tut_ros2_ws/install/my_robot_interfaces:/home/mikolaj@acfr.usyd.edu.au/tut_ros2_ws/install/my_robot_description:/home/mikolaj@acfr.usyd.edu.au/tut_ros2_ws/install/my_cpp_pkg /usr/bin/cmake --build /home/mikolaj@acfr.usyd.edu.au/ros2_ws/build/my_turtlebot3_bringup -- -j20 -l20
[0.311s] DEBUG:colcon.colcon_core.event_handler.log_command:Invoking command in '/home/mikolaj@acfr.usyd.edu.au/ros2_ws/build/my_turtlebot3_bringup': CMAKE_PREFIX_PATH=/home/mikolaj@acfr.usyd.edu.au/ros2_ws/install/my_turtlebot3_description:/home/mikolaj@acfr.usyd.edu.au/ros2_ws/install/my_interfaces:/opt/ros/humble:/home/mikolaj@acfr.usyd.edu.au/ros2_ws/install/turtlebot3_description:/home/mikolaj@acfr.usyd.edu.au/ros2_ws/install/my_turtlebot3_bringup:/home/mikolaj@acfr.usyd.edu.au/ros2_ws/install/dyno_control:/home/mikolaj@acfr.usyd.edu.au/tut_ros2_ws/install/my_robot_bringup:/home/mikolaj@acfr.usyd.edu.au/tut_ros2_ws/install/my_py_pkg:/home/mikolaj@acfr.usyd.edu.au/tut_ros2_ws/install/my_robot_interfaces:/home/mikolaj@acfr.usyd.edu.au/tut_ros2_ws/install/my_robot_description:/home/mikolaj@acfr.usyd.edu.au/tut_ros2_ws/install/my_cpp_pkg /usr/bin/cmake --install /home/mikolaj@acfr.usyd.edu.au/ros2_ws/build/my_turtlebot3_bringup
[0.316s] Level 1:colcon.colcon_core.environment:create_environment_scripts_only(my_turtlebot3_bringup)
[0.316s] Level 1:colcon.colcon_core.environment:checking '/home/mikolaj@acfr.usyd.edu.au/ros2_ws/install/my_turtlebot3_bringup' for CMake module files
[0.317s] DEBUG:colcon.colcon_core.event_handler.log_command:Invoked command in '/home/mikolaj@acfr.usyd.edu.au/ros2_ws/build/my_turtlebot3_bringup' returned '0': CMAKE_PREFIX_PATH=/home/mikolaj@acfr.usyd.edu.au/ros2_ws/install/my_turtlebot3_description:/home/mikolaj@acfr.usyd.edu.au/ros2_ws/install/my_interfaces:/opt/ros/humble:/home/mikolaj@acfr.usyd.edu.au/ros2_ws/install/turtlebot3_description:/home/mikolaj@acfr.usyd.edu.au/ros2_ws/install/my_turtlebot3_bringup:/home/mikolaj@acfr.usyd.edu.au/ros2_ws/install/dyno_control:/home/mikolaj@acfr.usyd.edu.au/tut_ros2_ws/install/my_robot_bringup:/home/mikolaj@acfr.usyd.edu.au/tut_ros2_ws/install/my_py_pkg:/home/mikolaj@acfr.usyd.edu.au/tut_ros2_ws/install/my_robot_interfaces:/home/mikolaj@acfr.usyd.edu.au/tut_ros2_ws/install/my_robot_description:/home/mikolaj@acfr.usyd.edu.au/tut_ros2_ws/install/my_cpp_pkg /usr/bin/cmake --install /home/mikolaj@acfr.usyd.edu.au/ros2_ws/build/my_turtlebot3_bringup
[0.317s] Level 1:colcon.colcon_core.environment:checking '/home/mikolaj@acfr.usyd.edu.au/ros2_ws/install/my_turtlebot3_bringup' for CMake config files
[0.317s] Level 1:colcon.colcon_core.shell:create_environment_hook('my_turtlebot3_bringup', 'cmake_prefix_path')
[0.317s] INFO:colcon.colcon_core.shell:Creating environment hook '/home/mikolaj@acfr.usyd.edu.au/ros2_ws/install/my_turtlebot3_bringup/share/my_turtlebot3_bringup/hook/cmake_prefix_path.ps1'
[0.317s] INFO:colcon.colcon_core.shell:Creating environment descriptor '/home/mikolaj@acfr.usyd.edu.au/ros2_ws/install/my_turtlebot3_bringup/share/my_turtlebot3_bringup/hook/cmake_prefix_path.dsv'
[0.317s] INFO:colcon.colcon_core.shell:Creating environment hook '/home/mikolaj@acfr.usyd.edu.au/ros2_ws/install/my_turtlebot3_bringup/share/my_turtlebot3_bringup/hook/cmake_prefix_path.sh'
[0.318s] Level 1:colcon.colcon_core.environment:checking '/home/mikolaj@acfr.usyd.edu.au/ros2_ws/install/my_turtlebot3_bringup/bin'
[0.318s] Level 1:colcon.colcon_core.environment:checking '/home/mikolaj@acfr.usyd.edu.au/ros2_ws/install/my_turtlebot3_bringup/lib/pkgconfig/my_turtlebot3_bringup.pc'
[0.318s] Level 1:colcon.colcon_core.environment:checking '/home/mikolaj@acfr.usyd.edu.au/ros2_ws/install/my_turtlebot3_bringup/lib/python3.10/site-packages'
[0.318s] Level 1:colcon.colcon_core.environment:checking '/home/mikolaj@acfr.usyd.edu.au/ros2_ws/install/my_turtlebot3_bringup/bin'
[0.318s] INFO:colcon.colcon_core.shell:Creating package script '/home/mikolaj@acfr.usyd.edu.au/ros2_ws/install/my_turtlebot3_bringup/share/my_turtlebot3_bringup/package.ps1'
[0.318s] INFO:colcon.colcon_core.shell:Creating package descriptor '/home/mikolaj@acfr.usyd.edu.au/ros2_ws/install/my_turtlebot3_bringup/share/my_turtlebot3_bringup/package.dsv'
[0.318s] INFO:colcon.colcon_core.shell:Creating package script '/home/mikolaj@acfr.usyd.edu.au/ros2_ws/install/my_turtlebot3_bringup/share/my_turtlebot3_bringup/package.sh'
[0.319s] INFO:colcon.colcon_core.shell:Creating package script '/home/mikolaj@acfr.usyd.edu.au/ros2_ws/install/my_turtlebot3_bringup/share/my_turtlebot3_bringup/package.bash'
[0.319s] INFO:colcon.colcon_core.shell:Creating package script '/home/mikolaj@acfr.usyd.edu.au/ros2_ws/install/my_turtlebot3_bringup/share/my_turtlebot3_bringup/package.zsh'
[0.319s] Level 1:colcon.colcon_core.environment:create_file_with_runtime_dependencies(/home/mikolaj@acfr.usyd.edu.au/ros2_ws/install/my_turtlebot3_bringup/share/colcon-core/packages/my_turtlebot3_bringup)
[0.331s] Level 1:colcon.colcon_core.environment:create_environment_scripts_only(my_turtlebot3_bringup)
[0.331s] Level 1:colcon.colcon_core.environment:checking '/home/mikolaj@acfr.usyd.edu.au/ros2_ws/install/my_turtlebot3_bringup' for CMake module files
[0.331s] Level 1:colcon.colcon_core.environment:checking '/home/mikolaj@acfr.usyd.edu.au/ros2_ws/install/my_turtlebot3_bringup' for CMake config files
[0.332s] Level 1:colcon.colcon_core.shell:create_environment_hook('my_turtlebot3_bringup', 'cmake_prefix_path')
[0.332s] INFO:colcon.colcon_core.shell:Creating environment hook '/home/mikolaj@acfr.usyd.edu.au/ros2_ws/install/my_turtlebot3_bringup/share/my_turtlebot3_bringup/hook/cmake_prefix_path.ps1'
[0.332s] INFO:colcon.colcon_core.shell:Creating environment descriptor '/home/mikolaj@acfr.usyd.edu.au/ros2_ws/install/my_turtlebot3_bringup/share/my_turtlebot3_bringup/hook/cmake_prefix_path.dsv'
[0.332s] INFO:colcon.colcon_core.shell:Creating environment hook '/home/mikolaj@acfr.usyd.edu.au/ros2_ws/install/my_turtlebot3_bringup/share/my_turtlebot3_bringup/hook/cmake_prefix_path.sh'
[0.332s] Level 1:colcon.colcon_core.environment:checking '/home/mikolaj@acfr.usyd.edu.au/ros2_ws/install/my_turtlebot3_bringup/bin'
[0.332s] Level 1:colcon.colcon_core.environment:checking '/home/mikolaj@acfr.usyd.edu.au/ros2_ws/install/my_turtlebot3_bringup/lib/pkgconfig/my_turtlebot3_bringup.pc'
[0.332s] Level 1:colcon.colcon_core.environment:checking '/home/mikolaj@acfr.usyd.edu.au/ros2_ws/install/my_turtlebot3_bringup/lib/python3.10/site-packages'
[0.333s] Level 1:colcon.colcon_core.environment:checking '/home/mikolaj@acfr.usyd.edu.au/ros2_ws/install/my_turtlebot3_bringup/bin'
[0.333s] INFO:colcon.colcon_core.shell:Creating package script '/home/mikolaj@acfr.usyd.edu.au/ros2_ws/install/my_turtlebot3_bringup/share/my_turtlebot3_bringup/package.ps1'
[0.333s] INFO:colcon.colcon_core.shell:Creating package descriptor '/home/mikolaj@acfr.usyd.edu.au/ros2_ws/install/my_turtlebot3_bringup/share/my_turtlebot3_bringup/package.dsv'
[0.333s] INFO:colcon.colcon_core.shell:Creating package script '/home/mikolaj@acfr.usyd.edu.au/ros2_ws/install/my_turtlebot3_bringup/share/my_turtlebot3_bringup/package.sh'
[0.333s] INFO:colcon.colcon_core.shell:Creating package script '/home/mikolaj@acfr.usyd.edu.au/ros2_ws/install/my_turtlebot3_bringup/share/my_turtlebot3_bringup/package.bash'
[0.334s] INFO:colcon.colcon_core.shell:Creating package script '/home/mikolaj@acfr.usyd.edu.au/ros2_ws/install/my_turtlebot3_bringup/share/my_turtlebot3_bringup/package.zsh'
[0.334s] Level 1:colcon.colcon_core.environment:create_file_with_runtime_dependencies(/home/mikolaj@acfr.usyd.edu.au/ros2_ws/install/my_turtlebot3_bringup/share/colcon-core/packages/my_turtlebot3_bringup)
[0.393s] DEBUG:colcon.colcon_core.event_handler.log_command:Invoked command in '/home/mikolaj@acfr.usyd.edu.au/ros2_ws/build/my_interfaces' returned '0': CMAKE_PREFIX_PATH=/home/mikolaj@acfr.usyd.edu.au/ros2_ws/install/my_interfaces:/opt/ros/humble:/home/mikolaj@acfr.usyd.edu.au/ros2_ws/install/turtlebot3_description:/home/mikolaj@acfr.usyd.edu.au/ros2_ws/install/my_turtlebot3_bringup:/home/mikolaj@acfr.usyd.edu.au/ros2_ws/install/my_turtlebot3_description:/home/mikolaj@acfr.usyd.edu.au/ros2_ws/install/dyno_control:/home/mikolaj@acfr.usyd.edu.au/tut_ros2_ws/install/my_robot_bringup:/home/mikolaj@acfr.usyd.edu.au/tut_ros2_ws/install/my_py_pkg:/home/mikolaj@acfr.usyd.edu.au/tut_ros2_ws/install/my_robot_interfaces:/home/mikolaj@acfr.usyd.edu.au/tut_ros2_ws/install/my_robot_description:/home/mikolaj@acfr.usyd.edu.au/tut_ros2_ws/install/my_cpp_pkg /usr/bin/cmake --build /home/mikolaj@acfr.usyd.edu.au/ros2_ws/build/my_interfaces -- -j20 -l20
[0.503s] DEBUG:colcon.colcon_core.event_handler.log_command:Invoking command in '/home/mikolaj@acfr.usyd.edu.au/ros2_ws/build/my_interfaces': CMAKE_PREFIX_PATH=/home/mikolaj@acfr.usyd.edu.au/ros2_ws/install/my_interfaces:/opt/ros/humble:/home/mikolaj@acfr.usyd.edu.au/ros2_ws/install/turtlebot3_description:/home/mikolaj@acfr.usyd.edu.au/ros2_ws/install/my_turtlebot3_bringup:/home/mikolaj@acfr.usyd.edu.au/ros2_ws/install/my_turtlebot3_description:/home/mikolaj@acfr.usyd.edu.au/ros2_ws/install/dyno_control:/home/mikolaj@acfr.usyd.edu.au/tut_ros2_ws/install/my_robot_bringup:/home/mikolaj@acfr.usyd.edu.au/tut_ros2_ws/install/my_py_pkg:/home/mikolaj@acfr.usyd.edu.au/tut_ros2_ws/install/my_robot_interfaces:/home/mikolaj@acfr.usyd.edu.au/tut_ros2_ws/install/my_robot_description:/home/mikolaj@acfr.usyd.edu.au/tut_ros2_ws/install/my_cpp_pkg /usr/bin/cmake --install /home/mikolaj@acfr.usyd.edu.au/ros2_ws/build/my_interfaces
[0.551s] Level 1:colcon.colcon_core.environment:create_environment_scripts_only(my_interfaces)
[0.551s] Level 1:colcon.colcon_core.environment:checking '/home/mikolaj@acfr.usyd.edu.au/ros2_ws/install/my_interfaces' for CMake module files
[0.552s] DEBUG:colcon.colcon_core.event_handler.log_command:Invoked command in '/home/mikolaj@acfr.usyd.edu.au/ros2_ws/build/my_interfaces' returned '0': CMAKE_PREFIX_PATH=/home/mikolaj@acfr.usyd.edu.au/ros2_ws/install/my_interfaces:/opt/ros/humble:/home/mikolaj@acfr.usyd.edu.au/ros2_ws/install/turtlebot3_description:/home/mikolaj@acfr.usyd.edu.au/ros2_ws/install/my_turtlebot3_bringup:/home/mikolaj@acfr.usyd.edu.au/ros2_ws/install/my_turtlebot3_description:/home/mikolaj@acfr.usyd.edu.au/ros2_ws/install/dyno_control:/home/mikolaj@acfr.usyd.edu.au/tut_ros2_ws/install/my_robot_bringup:/home/mikolaj@acfr.usyd.edu.au/tut_ros2_ws/install/my_py_pkg:/home/mikolaj@acfr.usyd.edu.au/tut_ros2_ws/install/my_robot_interfaces:/home/mikolaj@acfr.usyd.edu.au/tut_ros2_ws/install/my_robot_description:/home/mikolaj@acfr.usyd.edu.au/tut_ros2_ws/install/my_cpp_pkg /usr/bin/cmake --install /home/mikolaj@acfr.usyd.edu.au/ros2_ws/build/my_interfaces
[0.552s] Level 1:colcon.colcon_core.environment:checking '/home/mikolaj@acfr.usyd.edu.au/ros2_ws/install/my_interfaces' for CMake config files
[0.552s] Level 1:colcon.colcon_core.shell:create_environment_hook('my_interfaces', 'cmake_prefix_path')
[0.552s] INFO:colcon.colcon_core.shell:Creating environment hook '/home/mikolaj@acfr.usyd.edu.au/ros2_ws/install/my_interfaces/share/my_interfaces/hook/cmake_prefix_path.ps1'
[0.553s] INFO:colcon.colcon_core.shell:Creating environment descriptor '/home/mikolaj@acfr.usyd.edu.au/ros2_ws/install/my_interfaces/share/my_interfaces/hook/cmake_prefix_path.dsv'
[0.553s] INFO:colcon.colcon_core.shell:Creating environment hook '/home/mikolaj@acfr.usyd.edu.au/ros2_ws/install/my_interfaces/share/my_interfaces/hook/cmake_prefix_path.sh'
[0.553s] Level 1:colcon.colcon_core.environment:checking '/home/mikolaj@acfr.usyd.edu.au/ros2_ws/install/my_interfaces/lib'
[0.553s] Level 1:colcon.colcon_core.shell:create_environment_hook('my_interfaces', 'ld_library_path_lib')
[0.553s] INFO:colcon.colcon_core.shell:Creating environment hook '/home/mikolaj@acfr.usyd.edu.au/ros2_ws/install/my_interfaces/share/my_interfaces/hook/ld_library_path_lib.ps1'
[0.553s] INFO:colcon.colcon_core.shell:Creating environment descriptor '/home/mikolaj@acfr.usyd.edu.au/ros2_ws/install/my_interfaces/share/my_interfaces/hook/ld_library_path_lib.dsv'
[0.554s] INFO:colcon.colcon_core.shell:Creating environment hook '/home/mikolaj@acfr.usyd.edu.au/ros2_ws/install/my_interfaces/share/my_interfaces/hook/ld_library_path_lib.sh'
[0.554s] Level 1:colcon.colcon_core.environment:checking '/home/mikolaj@acfr.usyd.edu.au/ros2_ws/install/my_interfaces/bin'
[0.554s] Level 1:colcon.colcon_core.environment:checking '/home/mikolaj@acfr.usyd.edu.au/ros2_ws/install/my_interfaces/lib/pkgconfig/my_interfaces.pc'
[0.554s] Level 1:colcon.colcon_core.environment:checking '/home/mikolaj@acfr.usyd.edu.au/ros2_ws/install/my_interfaces/lib/python3.10/site-packages'
[0.554s] Level 1:colcon.colcon_core.environment:checking '/home/mikolaj@acfr.usyd.edu.au/ros2_ws/install/my_interfaces/bin'
[0.554s] INFO:colcon.colcon_core.shell:Creating package script '/home/mikolaj@acfr.usyd.edu.au/ros2_ws/install/my_interfaces/share/my_interfaces/package.ps1'
[0.554s] INFO:colcon.colcon_core.shell:Creating package descriptor '/home/mikolaj@acfr.usyd.edu.au/ros2_ws/install/my_interfaces/share/my_interfaces/package.dsv'
[0.555s] INFO:colcon.colcon_core.shell:Creating package script '/home/mikolaj@acfr.usyd.edu.au/ros2_ws/install/my_interfaces/share/my_interfaces/package.sh'
[0.555s] INFO:colcon.colcon_core.shell:Creating package script '/home/mikolaj@acfr.usyd.edu.au/ros2_ws/install/my_interfaces/share/my_interfaces/package.bash'
[0.555s] INFO:colcon.colcon_core.shell:Creating package script '/home/mikolaj@acfr.usyd.edu.au/ros2_ws/install/my_interfaces/share/my_interfaces/package.zsh'
[0.555s] Level 1:colcon.colcon_core.environment:create_file_with_runtime_dependencies(/home/mikolaj@acfr.usyd.edu.au/ros2_ws/install/my_interfaces/share/colcon-core/packages/my_interfaces)
[0.664s] Level 1:colcon.colcon_core.environment:create_environment_scripts_only(my_interfaces)
[0.664s] Level 1:colcon.colcon_core.environment:checking '/home/mikolaj@acfr.usyd.edu.au/ros2_ws/install/my_interfaces' for CMake module files
[0.664s] Level 1:colcon.colcon_core.environment:checking '/home/mikolaj@acfr.usyd.edu.au/ros2_ws/install/my_interfaces' for CMake config files
[0.665s] Level 1:colcon.colcon_core.shell:create_environment_hook('my_interfaces', 'cmake_prefix_path')
[0.665s] INFO:colcon.colcon_core.shell:Creating environment hook '/home/mikolaj@acfr.usyd.edu.au/ros2_ws/install/my_interfaces/share/my_interfaces/hook/cmake_prefix_path.ps1'
[0.665s] INFO:colcon.colcon_core.shell:Creating environment descriptor '/home/mikolaj@acfr.usyd.edu.au/ros2_ws/install/my_interfaces/share/my_interfaces/hook/cmake_prefix_path.dsv'
[0.665s] INFO:colcon.colcon_core.shell:Creating environment hook '/home/mikolaj@acfr.usyd.edu.au/ros2_ws/install/my_interfaces/share/my_interfaces/hook/cmake_prefix_path.sh'
[0.666s] Level 1:colcon.colcon_core.environment:checking '/home/mikolaj@acfr.usyd.edu.au/ros2_ws/install/my_interfaces/lib'
[0.666s] Level 1:colcon.colcon_core.shell:create_environment_hook('my_interfaces', 'ld_library_path_lib')
[0.666s] INFO:colcon.colcon_core.shell:Creating environment hook '/home/mikolaj@acfr.usyd.edu.au/ros2_ws/install/my_interfaces/share/my_interfaces/hook/ld_library_path_lib.ps1'
[0.666s] INFO:colcon.colcon_core.shell:Creating environment descriptor '/home/mikolaj@acfr.usyd.edu.au/ros2_ws/install/my_interfaces/share/my_interfaces/hook/ld_library_path_lib.dsv'
[0.666s] INFO:colcon.colcon_core.shell:Creating environment hook '/home/mikolaj@acfr.usyd.edu.au/ros2_ws/install/my_interfaces/share/my_interfaces/hook/ld_library_path_lib.sh'
[0.667s] Level 1:colcon.colcon_core.environment:checking '/home/mikolaj@acfr.usyd.edu.au/ros2_ws/install/my_interfaces/bin'
[0.667s] Level 1:colcon.colcon_core.environment:checking '/home/mikolaj@acfr.usyd.edu.au/ros2_ws/install/my_interfaces/lib/pkgconfig/my_interfaces.pc'
[0.667s] Level 1:colcon.colcon_core.environment:checking '/home/mikolaj@acfr.usyd.edu.au/ros2_ws/install/my_interfaces/lib/python3.10/site-packages'
[0.667s] Level 1:colcon.colcon_core.environment:checking '/home/mikolaj@acfr.usyd.edu.au/ros2_ws/install/my_interfaces/bin'
[0.667s] INFO:colcon.colcon_core.shell:Creating package script '/home/mikolaj@acfr.usyd.edu.au/ros2_ws/install/my_interfaces/share/my_interfaces/package.ps1'
[0.668s] INFO:colcon.colcon_core.shell:Creating package descriptor '/home/mikolaj@acfr.usyd.edu.au/ros2_ws/install/my_interfaces/share/my_interfaces/package.dsv'
[0.668s] INFO:colcon.colcon_core.shell:Creating package script '/home/mikolaj@acfr.usyd.edu.au/ros2_ws/install/my_interfaces/share/my_interfaces/package.sh'
[0.668s] INFO:colcon.colcon_core.shell:Creating package script '/home/mikolaj@acfr.usyd.edu.au/ros2_ws/install/my_interfaces/share/my_interfaces/package.bash'
[0.669s] INFO:colcon.colcon_core.shell:Creating package script '/home/mikolaj@acfr.usyd.edu.au/ros2_ws/install/my_interfaces/share/my_interfaces/package.zsh'
[0.669s] Level 1:colcon.colcon_core.environment:create_file_with_runtime_dependencies(/home/mikolaj@acfr.usyd.edu.au/ros2_ws/install/my_interfaces/share/colcon-core/packages/my_interfaces)
[0.669s] INFO:colcon.colcon_ros.task.ament_cmake.build:Building ROS package in '/home/mikolaj@acfr.usyd.edu.au/ros2_ws/src/dyno_control' with build type 'ament_cmake'
[0.669s] INFO:colcon.colcon_cmake.task.cmake.build:Building CMake package in '/home/mikolaj@acfr.usyd.edu.au/ros2_ws/src/dyno_control'
[0.669s] INFO:colcon.colcon_core.shell:Skip shell extension 'powershell' for command environment: Not usable outside of PowerShell
[0.669s] DEBUG:colcon.colcon_core.shell:Skip shell extension 'dsv' for command environment
[0.676s] DEBUG:colcon.colcon_core.event_handler.log_command:Invoking command in '/home/mikolaj@acfr.usyd.edu.au/ros2_ws/build/dyno_control': CMAKE_PREFIX_PATH=/home/mikolaj@acfr.usyd.edu.au/ros2_ws/install/my_interfaces:/opt/ros/humble:/home/mikolaj@acfr.usyd.edu.au/ros2_ws/install/turtlebot3_description:/home/mikolaj@acfr.usyd.edu.au/ros2_ws/install/my_turtlebot3_bringup:/home/mikolaj@acfr.usyd.edu.au/ros2_ws/install/my_turtlebot3_description:/home/mikolaj@acfr.usyd.edu.au/ros2_ws/install/dyno_control:/home/mikolaj@acfr.usyd.edu.au/tut_ros2_ws/install/my_robot_bringup:/home/mikolaj@acfr.usyd.edu.au/tut_ros2_ws/install/my_py_pkg:/home/mikolaj@acfr.usyd.edu.au/tut_ros2_ws/install/my_robot_interfaces:/home/mikolaj@acfr.usyd.edu.au/tut_ros2_ws/install/my_robot_description:/home/mikolaj@acfr.usyd.edu.au/tut_ros2_ws/install/my_cpp_pkg LD_LIBRARY_PATH=/home/mikolaj@acfr.usyd.edu.au/ros2_ws/install/my_interfaces/lib:/home/mikolaj@acfr.usyd.edu.au/tut_ros2_ws/install/my_robot_interfaces/lib:/usr/lib/x86_64-linux-gnu/gazebo-11/plugins:/opt/ros/humble/opt/rviz_ogre_vendor/lib:/opt/ros/humble/lib/x86_64-linux-gnu:/opt/ros/humble/lib:/usr/share/gazebo/../../lib/x86_64-linux-gnu/gazebo-11/plugins:/usr/share/gazebo/../../lib/x86_64-linux-gnu/gazebo-11/plugins:/usr/share/gazebo/../../lib/x86_64-linux-gnu/gazebo-11/plugins:/usr/share/gazebo/../../lib/x86_64-linux-gnu/gazebo-11/plugins:/usr/share/gazebo/../../lib/x86_64-linux-gnu/gazebo-11/plugins:/usr/share/gazebo/../../lib/x86_64-linux-gnu/gazebo-11/plugins:/usr/share/gazebo/../../lib/x86_64-linux-gnu/gazebo-11/plugins:/usr/share/gazebo/../../lib/x86_64-linux-gnu/gazebo-11/plugins:/usr/share/gazebo/../../lib/x86_64-linux-gnu/gazebo-11/plugins:/usr/share/gazebo/../../lib/x86_64-linux-gnu/gazebo-11/plugins:/usr/share/gazebo/../../lib/x86_64-linux-gnu/gazebo-11/plugins:/usr/share/gazebo/../../lib/x86_64-linux-gnu/gazebo-11/plugins:/usr/share/gazebo/../../lib/x86_64-linux-gnu/gazebo-11/plugins:/usr/share/gazebo/../../lib/x86_64-linux-gnu/gazebo-11/plugins:/usr/share/gazebo/../../lib/x86_64-linux-gnu/gazebo-11/plugins:/usr/share/gazebo/../../lib/x86_64-linux-gnu/gazebo-11/plugins:/usr/share/gazebo/../../lib/x86_64-linux-gnu/gazebo-11/plugins:/usr/share/gazebo/../../lib/x86_64-linux-gnu/gazebo-11/plugins:/usr/share/gazebo/../../lib/x86_64-linux-gnu/gazebo-11/plugins:/usr/share/gazebo/../../lib/x86_64-linux-gnu/gazebo-11/plugins:/usr/share/gazebo/../../lib/x86_64-linux-gnu/gazebo-11/plugins:/usr/share/gazebo/../../lib/x86_64-linux-gnu/gazebo-11/plugins:/usr/share/gazebo/../../lib/x86_64-linux-gnu/gazebo-11/plugins:/usr/share/gazebo/../../lib/x86_64-linux-gnu/gazebo-11/plugins:/usr/share/gazebo/../../lib/x86_64-linux-gnu/gazebo-11/plugins:/usr/share/gazebo/../../lib/x86_64-linux-gnu/gazebo-11/plugins:/usr/share/gazebo/../../lib/x86_64-linux-gnu/gazebo-11/plugins:/usr/share/gazebo/../../lib/x86_64-linux-gnu/gazebo-11/plugins /usr/bin/cmake --build /home/mikolaj@acfr.usyd.edu.au/ros2_ws/build/dyno_control -- -j20 -l20
[0.883s] DEBUG:colcon.colcon_core.event_handler.log_command:Invoked command in '/home/mikolaj@acfr.usyd.edu.au/ros2_ws/build/dyno_control' returned '0': CMAKE_PREFIX_PATH=/home/mikolaj@acfr.usyd.edu.au/ros2_ws/install/my_interfaces:/opt/ros/humble:/home/mikolaj@acfr.usyd.edu.au/ros2_ws/install/turtlebot3_description:/home/mikolaj@acfr.usyd.edu.au/ros2_ws/install/my_turtlebot3_bringup:/home/mikolaj@acfr.usyd.edu.au/ros2_ws/install/my_turtlebot3_description:/home/mikolaj@acfr.usyd.edu.au/ros2_ws/install/dyno_control:/home/mikolaj@acfr.usyd.edu.au/tut_ros2_ws/install/my_robot_bringup:/home/mikolaj@acfr.usyd.edu.au/tut_ros2_ws/install/my_py_pkg:/home/mikolaj@acfr.usyd.edu.au/tut_ros2_ws/install/my_robot_interfaces:/home/mikolaj@acfr.usyd.edu.au/tut_ros2_ws/install/my_robot_description:/home/mikolaj@acfr.usyd.edu.au/tut_ros2_ws/install/my_cpp_pkg LD_LIBRARY_PATH=/home/mikolaj@acfr.usyd.edu.au/ros2_ws/install/my_interfaces/lib:/home/mikolaj@acfr.usyd.edu.au/tut_ros2_ws/install/my_robot_interfaces/lib:/usr/lib/x86_64-linux-gnu/gazebo-11/plugins:/opt/ros/humble/opt/rviz_ogre_vendor/lib:/opt/ros/humble/lib/x86_64-linux-gnu:/opt/ros/humble/lib:/usr/share/gazebo/../../lib/x86_64-linux-gnu/gazebo-11/plugins:/usr/share/gazebo/../../lib/x86_64-linux-gnu/gazebo-11/plugins:/usr/share/gazebo/../../lib/x86_64-linux-gnu/gazebo-11/plugins:/usr/share/gazebo/../../lib/x86_64-linux-gnu/gazebo-11/plugins:/usr/share/gazebo/../../lib/x86_64-linux-gnu/gazebo-11/plugins:/usr/share/gazebo/../../lib/x86_64-linux-gnu/gazebo-11/plugins:/usr/share/gazebo/../../lib/x86_64-linux-gnu/gazebo-11/plugins:/usr/share/gazebo/../../lib/x86_64-linux-gnu/gazebo-11/plugins:/usr/share/gazebo/../../lib/x86_64-linux-gnu/gazebo-11/plugins:/usr/share/gazebo/../../lib/x86_64-linux-gnu/gazebo-11/plugins:/usr/share/gazebo/../../lib/x86_64-linux-gnu/gazebo-11/plugins:/usr/share/gazebo/../../lib/x86_64-linux-gnu/gazebo-11/plugins:/usr/share/gazebo/../../lib/x86_64-linux-gnu/gazebo-11/plugins:/usr/share/gazebo/../../lib/x86_64-linux-gnu/gazebo-11/plugins:/usr/share/gazebo/../../lib/x86_64-linux-gnu/gazebo-11/plugins:/usr/share/gazebo/../../lib/x86_64-linux-gnu/gazebo-11/plugins:/usr/share/gazebo/../../lib/x86_64-linux-gnu/gazebo-11/plugins:/usr/share/gazebo/../../lib/x86_64-linux-gnu/gazebo-11/plugins:/usr/share/gazebo/../../lib/x86_64-linux-gnu/gazebo-11/plugins:/usr/share/gazebo/../../lib/x86_64-linux-gnu/gazebo-11/plugins:/usr/share/gazebo/../../lib/x86_64-linux-gnu/gazebo-11/plugins:/usr/share/gazebo/../../lib/x86_64-linux-gnu/gazebo-11/plugins:/usr/share/gazebo/../../lib/x86_64-linux-gnu/gazebo-11/plugins:/usr/share/gazebo/../../lib/x86_64-linux-gnu/gazebo-11/plugins:/usr/share/gazebo/../../lib/x86_64-linux-gnu/gazebo-11/plugins:/usr/share/gazebo/../../lib/x86_64-linux-gnu/gazebo-11/plugins:/usr/share/gazebo/../../lib/x86_64-linux-gnu/gazebo-11/plugins:/usr/share/gazebo/../../lib/x86_64-linux-gnu/gazebo-11/plugins /usr/bin/cmake --build /home/mikolaj@acfr.usyd.edu.au/ros2_ws/build/dyno_control -- -j20 -l20
[0.895s] DEBUG:colcon.colcon_core.event_handler.log_command:Invoking command in '/home/mikolaj@acfr.usyd.edu.au/ros2_ws/build/dyno_control': CMAKE_PREFIX_PATH=/home/mikolaj@acfr.usyd.edu.au/ros2_ws/install/my_interfaces:/opt/ros/humble:/home/mikolaj@acfr.usyd.edu.au/ros2_ws/install/turtlebot3_description:/home/mikolaj@acfr.usyd.edu.au/ros2_ws/install/my_turtlebot3_bringup:/home/mikolaj@acfr.usyd.edu.au/ros2_ws/install/my_turtlebot3_description:/home/mikolaj@acfr.usyd.edu.au/ros2_ws/install/dyno_control:/home/mikolaj@acfr.usyd.edu.au/tut_ros2_ws/install/my_robot_bringup:/home/mikolaj@acfr.usyd.edu.au/tut_ros2_ws/install/my_py_pkg:/home/mikolaj@acfr.usyd.edu.au/tut_ros2_ws/install/my_robot_interfaces:/home/mikolaj@acfr.usyd.edu.au/tut_ros2_ws/install/my_robot_description:/home/mikolaj@acfr.usyd.edu.au/tut_ros2_ws/install/my_cpp_pkg LD_LIBRARY_PATH=/home/mikolaj@acfr.usyd.edu.au/ros2_ws/install/my_interfaces/lib:/home/mikolaj@acfr.usyd.edu.au/tut_ros2_ws/install/my_robot_interfaces/lib:/usr/lib/x86_64-linux-gnu/gazebo-11/plugins:/opt/ros/humble/opt/rviz_ogre_vendor/lib:/opt/ros/humble/lib/x86_64-linux-gnu:/opt/ros/humble/lib:/usr/share/gazebo/../../lib/x86_64-linux-gnu/gazebo-11/plugins:/usr/share/gazebo/../../lib/x86_64-linux-gnu/gazebo-11/plugins:/usr/share/gazebo/../../lib/x86_64-linux-gnu/gazebo-11/plugins:/usr/share/gazebo/../../lib/x86_64-linux-gnu/gazebo-11/plugins:/usr/share/gazebo/../../lib/x86_64-linux-gnu/gazebo-11/plugins:/usr/share/gazebo/../../lib/x86_64-linux-gnu/gazebo-11/plugins:/usr/share/gazebo/../../lib/x86_64-linux-gnu/gazebo-11/plugins:/usr/share/gazebo/../../lib/x86_64-linux-gnu/gazebo-11/plugins:/usr/share/gazebo/../../lib/x86_64-linux-gnu/gazebo-11/plugins:/usr/share/gazebo/../../lib/x86_64-linux-gnu/gazebo-11/plugins:/usr/share/gazebo/../../lib/x86_64-linux-gnu/gazebo-11/plugins:/usr/share/gazebo/../../lib/x86_64-linux-gnu/gazebo-11/plugins:/usr/share/gazebo/../../lib/x86_64-linux-gnu/gazebo-11/plugins:/usr/share/gazebo/../../lib/x86_64-linux-gnu/gazebo-11/plugins:/usr/share/gazebo/../../lib/x86_64-linux-gnu/gazebo-11/plugins:/usr/share/gazebo/../../lib/x86_64-linux-gnu/gazebo-11/plugins:/usr/share/gazebo/../../lib/x86_64-linux-gnu/gazebo-11/plugins:/usr/share/gazebo/../../lib/x86_64-linux-gnu/gazebo-11/plugins:/usr/share/gazebo/../../lib/x86_64-linux-gnu/gazebo-11/plugins:/usr/share/gazebo/../../lib/x86_64-linux-gnu/gazebo-11/plugins:/usr/share/gazebo/../../lib/x86_64-linux-gnu/gazebo-11/plugins:/usr/share/gazebo/../../lib/x86_64-linux-gnu/gazebo-11/plugins:/usr/share/gazebo/../../lib/x86_64-linux-gnu/gazebo-11/plugins:/usr/share/gazebo/../../lib/x86_64-linux-gnu/gazebo-11/plugins:/usr/share/gazebo/../../lib/x86_64-linux-gnu/gazebo-11/plugins:/usr/share/gazebo/../../lib/x86_64-linux-gnu/gazebo-11/plugins:/usr/share/gazebo/../../lib/x86_64-linux-gnu/gazebo-11/plugins:/usr/share/gazebo/../../lib/x86_64-linux-gnu/gazebo-11/plugins /usr/bin/cmake --install /home/mikolaj@acfr.usyd.edu.au/ros2_ws/build/dyno_control
[0.927s] Level 1:colcon.colcon_core.environment:create_environment_scripts_only(dyno_control)
[0.927s] Level 1:colcon.colcon_core.environment:checking '/home/mikolaj@acfr.usyd.edu.au/ros2_ws/install/dyno_control' for CMake module files
[0.928s] DEBUG:colcon.colcon_core.event_handler.log_command:Invoked command in '/home/mikolaj@acfr.usyd.edu.au/ros2_ws/build/dyno_control' returned '0': CMAKE_PREFIX_PATH=/home/mikolaj@acfr.usyd.edu.au/ros2_ws/install/my_interfaces:/opt/ros/humble:/home/mikolaj@acfr.usyd.edu.au/ros2_ws/install/turtlebot3_description:/home/mikolaj@acfr.usyd.edu.au/ros2_ws/install/my_turtlebot3_bringup:/home/mikolaj@acfr.usyd.edu.au/ros2_ws/install/my_turtlebot3_description:/home/mikolaj@acfr.usyd.edu.au/ros2_ws/install/dyno_control:/home/mikolaj@acfr.usyd.edu.au/tut_ros2_ws/install/my_robot_bringup:/home/mikolaj@acfr.usyd.edu.au/tut_ros2_ws/install/my_py_pkg:/home/mikolaj@acfr.usyd.edu.au/tut_ros2_ws/install/my_robot_interfaces:/home/mikolaj@acfr.usyd.edu.au/tut_ros2_ws/install/my_robot_description:/home/mikolaj@acfr.usyd.edu.au/tut_ros2_ws/install/my_cpp_pkg LD_LIBRARY_PATH=/home/mikolaj@acfr.usyd.edu.au/ros2_ws/install/my_interfaces/lib:/home/mikolaj@acfr.usyd.edu.au/tut_ros2_ws/install/my_robot_interfaces/lib:/usr/lib/x86_64-linux-gnu/gazebo-11/plugins:/opt/ros/humble/opt/rviz_ogre_vendor/lib:/opt/ros/humble/lib/x86_64-linux-gnu:/opt/ros/humble/lib:/usr/share/gazebo/../../lib/x86_64-linux-gnu/gazebo-11/plugins:/usr/share/gazebo/../../lib/x86_64-linux-gnu/gazebo-11/plugins:/usr/share/gazebo/../../lib/x86_64-linux-gnu/gazebo-11/plugins:/usr/share/gazebo/../../lib/x86_64-linux-gnu/gazebo-11/plugins:/usr/share/gazebo/../../lib/x86_64-linux-gnu/gazebo-11/plugins:/usr/share/gazebo/../../lib/x86_64-linux-gnu/gazebo-11/plugins:/usr/share/gazebo/../../lib/x86_64-linux-gnu/gazebo-11/plugins:/usr/share/gazebo/../../lib/x86_64-linux-gnu/gazebo-11/plugins:/usr/share/gazebo/../../lib/x86_64-linux-gnu/gazebo-11/plugins:/usr/share/gazebo/../../lib/x86_64-linux-gnu/gazebo-11/plugins:/usr/share/gazebo/../../lib/x86_64-linux-gnu/gazebo-11/plugins:/usr/share/gazebo/../../lib/x86_64-linux-gnu/gazebo-11/plugins:/usr/share/gazebo/../../lib/x86_64-linux-gnu/gazebo-11/plugins:/usr/share/gazebo/../../lib/x86_64-linux-gnu/gazebo-11/plugins:/usr/share/gazebo/../../lib/x86_64-linux-gnu/gazebo-11/plugins:/usr/share/gazebo/../../lib/x86_64-linux-gnu/gazebo-11/plugins:/usr/share/gazebo/../../lib/x86_64-linux-gnu/gazebo-11/plugins:/usr/share/gazebo/../../lib/x86_64-linux-gnu/gazebo-11/plugins:/usr/share/gazebo/../../lib/x86_64-linux-gnu/gazebo-11/plugins:/usr/share/gazebo/../../lib/x86_64-linux-gnu/gazebo-11/plugins:/usr/share/gazebo/../../lib/x86_64-linux-gnu/gazebo-11/plugins:/usr/share/gazebo/../../lib/x86_64-linux-gnu/gazebo-11/plugins:/usr/share/gazebo/../../lib/x86_64-linux-gnu/gazebo-11/plugins:/usr/share/gazebo/../../lib/x86_64-linux-gnu/gazebo-11/plugins:/usr/share/gazebo/../../lib/x86_64-linux-gnu/gazebo-11/plugins:/usr/share/gazebo/../../lib/x86_64-linux-gnu/gazebo-11/plugins:/usr/share/gazebo/../../lib/x86_64-linux-gnu/gazebo-11/plugins:/usr/share/gazebo/../../lib/x86_64-linux-gnu/gazebo-11/plugins /usr/bin/cmake --install /home/mikolaj@acfr.usyd.edu.au/ros2_ws/build/dyno_control
[0.928s] Level 1:colcon.colcon_core.environment:checking '/home/mikolaj@acfr.usyd.edu.au/ros2_ws/install/dyno_control' for CMake config files
[0.928s] Level 1:colcon.colcon_core.shell:create_environment_hook('dyno_control', 'cmake_prefix_path')
[0.928s] INFO:colcon.colcon_core.shell:Creating environment hook '/home/mikolaj@acfr.usyd.edu.au/ros2_ws/install/dyno_control/share/dyno_control/hook/cmake_prefix_path.ps1'
[0.928s] INFO:colcon.colcon_core.shell:Creating environment descriptor '/home/mikolaj@acfr.usyd.edu.au/ros2_ws/install/dyno_control/share/dyno_control/hook/cmake_prefix_path.dsv'
[0.928s] INFO:colcon.colcon_core.shell:Creating environment hook '/home/mikolaj@acfr.usyd.edu.au/ros2_ws/install/dyno_control/share/dyno_control/hook/cmake_prefix_path.sh'
[0.929s] Level 1:colcon.colcon_core.environment:checking '/home/mikolaj@acfr.usyd.edu.au/ros2_ws/install/dyno_control/lib'
[0.929s] Level 1:colcon.colcon_core.environment:checking '/home/mikolaj@acfr.usyd.edu.au/ros2_ws/install/dyno_control/bin'
[0.929s] Level 1:colcon.colcon_core.environment:checking '/home/mikolaj@acfr.usyd.edu.au/ros2_ws/install/dyno_control/lib/pkgconfig/dyno_control.pc'
[0.929s] Level 1:colcon.colcon_core.environment:checking '/home/mikolaj@acfr.usyd.edu.au/ros2_ws/install/dyno_control/lib/python3.10/site-packages'
[0.929s] Level 1:colcon.colcon_core.environment:checking '/home/mikolaj@acfr.usyd.edu.au/ros2_ws/install/dyno_control/bin'
[0.929s] INFO:colcon.colcon_core.shell:Creating package script '/home/mikolaj@acfr.usyd.edu.au/ros2_ws/install/dyno_control/share/dyno_control/package.ps1'
[0.929s] INFO:colcon.colcon_core.shell:Creating package descriptor '/home/mikolaj@acfr.usyd.edu.au/ros2_ws/install/dyno_control/share/dyno_control/package.dsv'
[0.929s] INFO:colcon.colcon_core.shell:Creating package script '/home/mikolaj@acfr.usyd.edu.au/ros2_ws/install/dyno_control/share/dyno_control/package.sh'
[0.930s] INFO:colcon.colcon_core.shell:Creating package script '/home/mikolaj@acfr.usyd.edu.au/ros2_ws/install/dyno_control/share/dyno_control/package.bash'
[0.930s] INFO:colcon.colcon_core.shell:Creating package script '/home/mikolaj@acfr.usyd.edu.au/ros2_ws/install/dyno_control/share/dyno_control/package.zsh'
[0.930s] Level 1:colcon.colcon_core.environment:create_file_with_runtime_dependencies(/home/mikolaj@acfr.usyd.edu.au/ros2_ws/install/dyno_control/share/colcon-core/packages/dyno_control)
[0.945s] Level 1:colcon.colcon_core.environment:create_environment_scripts_only(dyno_control)
[0.945s] Level 1:colcon.colcon_core.environment:checking '/home/mikolaj@acfr.usyd.edu.au/ros2_ws/install/dyno_control' for CMake module files
[0.945s] Level 1:colcon.colcon_core.environment:checking '/home/mikolaj@acfr.usyd.edu.au/ros2_ws/install/dyno_control' for CMake config files
[0.945s] Level 1:colcon.colcon_core.shell:create_environment_hook('dyno_control', 'cmake_prefix_path')
[0.945s] INFO:colcon.colcon_core.shell:Creating environment hook '/home/mikolaj@acfr.usyd.edu.au/ros2_ws/install/dyno_control/share/dyno_control/hook/cmake_prefix_path.ps1'
[0.946s] INFO:colcon.colcon_core.shell:Creating environment descriptor '/home/mikolaj@acfr.usyd.edu.au/ros2_ws/install/dyno_control/share/dyno_control/hook/cmake_prefix_path.dsv'
[0.946s] INFO:colcon.colcon_core.shell:Creating environment hook '/home/mikolaj@acfr.usyd.edu.au/ros2_ws/install/dyno_control/share/dyno_control/hook/cmake_prefix_path.sh'
[0.946s] Level 1:colcon.colcon_core.environment:checking '/home/mikolaj@acfr.usyd.edu.au/ros2_ws/install/dyno_control/lib'
[0.946s] Level 1:colcon.colcon_core.environment:checking '/home/mikolaj@acfr.usyd.edu.au/ros2_ws/install/dyno_control/bin'
[0.946s] Level 1:colcon.colcon_core.environment:checking '/home/mikolaj@acfr.usyd.edu.au/ros2_ws/install/dyno_control/lib/pkgconfig/dyno_control.pc'
[0.947s] Level 1:colcon.colcon_core.environment:checking '/home/mikolaj@acfr.usyd.edu.au/ros2_ws/install/dyno_control/lib/python3.10/site-packages'
[0.947s] Level 1:colcon.colcon_core.environment:checking '/home/mikolaj@acfr.usyd.edu.au/ros2_ws/install/dyno_control/bin'
[0.947s] INFO:colcon.colcon_core.shell:Creating package script '/home/mikolaj@acfr.usyd.edu.au/ros2_ws/install/dyno_control/share/dyno_control/package.ps1'
[0.947s] INFO:colcon.colcon_core.shell:Creating package descriptor '/home/mikolaj@acfr.usyd.edu.au/ros2_ws/install/dyno_control/share/dyno_control/package.dsv'
[0.948s] INFO:colcon.colcon_core.shell:Creating package script '/home/mikolaj@acfr.usyd.edu.au/ros2_ws/install/dyno_control/share/dyno_control/package.sh'
[0.948s] INFO:colcon.colcon_core.shell:Creating package script '/home/mikolaj@acfr.usyd.edu.au/ros2_ws/install/dyno_control/share/dyno_control/package.bash'
[0.948s] INFO:colcon.colcon_core.shell:Creating package script '/home/mikolaj@acfr.usyd.edu.au/ros2_ws/install/dyno_control/share/dyno_control/package.zsh'
[0.948s] Level 1:colcon.colcon_core.environment:create_file_with_runtime_dependencies(/home/mikolaj@acfr.usyd.edu.au/ros2_ws/install/dyno_control/share/colcon-core/packages/dyno_control)
[0.949s] DEBUG:colcon.colcon_parallel_executor.executor.parallel:closing loop
[0.949s] DEBUG:colcon.colcon_parallel_executor.executor.parallel:loop closed
[0.949s] DEBUG:colcon.colcon_parallel_executor.executor.parallel:run_until_complete finished with '0'
[0.949s] DEBUG:colcon.colcon_core.event_reactor:joining thread
[0.953s] INFO:colcon.colcon_core.plugin_system:Skipping extension 'colcon_notification.desktop_notification.terminal_notifier': Not used on non-Darwin systems
[0.954s] INFO:colcon.colcon_core.plugin_system:Skipping extension 'colcon_notification.desktop_notification.win32': Not used on non-Windows systems
[0.954s] INFO:colcon.colcon_notification.desktop_notification:Sending desktop notification using 'notify2'
[0.967s] DEBUG:colcon.colcon_core.event_reactor:joined thread
[0.967s] INFO:colcon.colcon_core.shell:Creating prefix script '/home/mikolaj@acfr.usyd.edu.au/ros2_ws/install/local_setup.ps1'
[0.969s] INFO:colcon.colcon_core.shell:Creating prefix util module '/home/mikolaj@acfr.usyd.edu.au/ros2_ws/install/_local_setup_util_ps1.py'
[0.971s] INFO:colcon.colcon_core.shell:Creating prefix chain script '/home/mikolaj@acfr.usyd.edu.au/ros2_ws/install/setup.ps1'
[0.973s] INFO:colcon.colcon_core.shell:Creating prefix script '/home/mikolaj@acfr.usyd.edu.au/ros2_ws/install/local_setup.sh'
[0.974s] INFO:colcon.colcon_core.shell:Creating prefix util module '/home/mikolaj@acfr.usyd.edu.au/ros2_ws/install/_local_setup_util_sh.py'
[0.975s] INFO:colcon.colcon_core.shell:Creating prefix chain script '/home/mikolaj@acfr.usyd.edu.au/ros2_ws/install/setup.sh'
[0.977s] INFO:colcon.colcon_core.shell:Creating prefix script '/home/mikolaj@acfr.usyd.edu.au/ros2_ws/install/local_setup.bash'
[0.977s] INFO:colcon.colcon_core.shell:Creating prefix chain script '/home/mikolaj@acfr.usyd.edu.au/ros2_ws/install/setup.bash'
[0.979s] INFO:colcon.colcon_core.shell:Creating prefix script '/home/mikolaj@acfr.usyd.edu.au/ros2_ws/install/local_setup.zsh'
[0.979s] INFO:colcon.colcon_core.shell:Creating prefix chain script '/home/mikolaj@acfr.usyd.edu.au/ros2_ws/install/setup.zsh'
