[0.009s] Invoking command in '/home/mikolaj@acfr.usyd.edu.au/ros2_ws/build/my_turtlebot3_description': CMAKE_PREFIX_PATH=/home/mikolaj@acfr.usyd.edu.au/ros2_ws/install/my_turtlebot3_bringup:/opt/ros/humble:/home/mikolaj@acfr.usyd.edu.au/ros2_ws/install/turtlebot3_description:/home/mikolaj@acfr.usyd.edu.au/ros2_ws/install/my_turtlebot3_description:/home/mikolaj@acfr.usyd.edu.au/ros2_ws/install/dyno_control:/home/mikolaj@acfr.usyd.edu.au/tut_ros2_ws/install/my_robot_description:/home/mikolaj@acfr.usyd.edu.au/tut_ros2_ws/install/my_robot_bringup:/home/mikolaj@acfr.usyd.edu.au/tut_ros2_ws/install/my_py_pkg:/home/mikolaj@acfr.usyd.edu.au/tut_ros2_ws/install/my_robot_interfaces:/home/mikolaj@acfr.usyd.edu.au/tut_ros2_ws/install/my_cpp_pkg /usr/bin/cmake --build /home/mikolaj@acfr.usyd.edu.au/ros2_ws/build/my_turtlebot3_description -- -j20 -l20
[0.031s] Invoked command in '/home/mikolaj@acfr.usyd.edu.au/ros2_ws/build/my_turtlebot3_description' returned '0': CMAKE_PREFIX_PATH=/home/mikolaj@acfr.usyd.edu.au/ros2_ws/install/my_turtlebot3_bringup:/opt/ros/humble:/home/mikolaj@acfr.usyd.edu.au/ros2_ws/install/turtlebot3_description:/home/mikolaj@acfr.usyd.edu.au/ros2_ws/install/my_turtlebot3_description:/home/mikolaj@acfr.usyd.edu.au/ros2_ws/install/dyno_control:/home/mikolaj@acfr.usyd.edu.au/tut_ros2_ws/install/my_robot_description:/home/mikolaj@acfr.usyd.edu.au/tut_ros2_ws/install/my_robot_bringup:/home/mikolaj@acfr.usyd.edu.au/tut_ros2_ws/install/my_py_pkg:/home/mikolaj@acfr.usyd.edu.au/tut_ros2_ws/install/my_robot_interfaces:/home/mikolaj@acfr.usyd.edu.au/tut_ros2_ws/install/my_cpp_pkg /usr/bin/cmake --build /home/mikolaj@acfr.usyd.edu.au/ros2_ws/build/my_turtlebot3_description -- -j20 -l20
[0.049s] Invoking command in '/home/mikolaj@acfr.usyd.edu.au/ros2_ws/build/my_turtlebot3_description': CMAKE_PREFIX_PATH=/home/mikolaj@acfr.usyd.edu.au/ros2_ws/install/my_turtlebot3_bringup:/opt/ros/humble:/home/mikolaj@acfr.usyd.edu.au/ros2_ws/install/turtlebot3_description:/home/mikolaj@acfr.usyd.edu.au/ros2_ws/install/my_turtlebot3_description:/home/mikolaj@acfr.usyd.edu.au/ros2_ws/install/dyno_control:/home/mikolaj@acfr.usyd.edu.au/tut_ros2_ws/install/my_robot_description:/home/mikolaj@acfr.usyd.edu.au/tut_ros2_ws/install/my_robot_bringup:/home/mikolaj@acfr.usyd.edu.au/tut_ros2_ws/install/my_py_pkg:/home/mikolaj@acfr.usyd.edu.au/tut_ros2_ws/install/my_robot_interfaces:/home/mikolaj@acfr.usyd.edu.au/tut_ros2_ws/install/my_cpp_pkg /usr/bin/cmake --install /home/mikolaj@acfr.usyd.edu.au/ros2_ws/build/my_turtlebot3_description
[0.053s] -- Install configuration: ""
[0.054s] -- Up-to-date: /home/mikolaj@acfr.usyd.edu.au/ros2_ws/install/my_turtlebot3_description/share/my_turtlebot3_description/meshes
[0.054s] -- Up-to-date: /home/mikolaj@acfr.usyd.edu.au/ros2_ws/install/my_turtlebot3_description/share/my_turtlebot3_description/meshes/wheels
[0.054s] -- Up-to-date: /home/mikolaj@acfr.usyd.edu.au/ros2_ws/install/my_turtlebot3_description/share/my_turtlebot3_description/meshes/wheels/right_tire.stl
[0.054s] -- Up-to-date: /home/mikolaj@acfr.usyd.edu.au/ros2_ws/install/my_turtlebot3_description/share/my_turtlebot3_description/meshes/wheels/left_tire.stl
[0.054s] -- Up-to-date: /home/mikolaj@acfr.usyd.edu.au/ros2_ws/install/my_turtlebot3_description/share/my_turtlebot3_description/meshes/bases
[0.054s] -- Up-to-date: /home/mikolaj@acfr.usyd.edu.au/ros2_ws/install/my_turtlebot3_description/share/my_turtlebot3_description/meshes/bases/burger_base.stl
[0.054s] -- Up-to-date: /home/mikolaj@acfr.usyd.edu.au/ros2_ws/install/my_turtlebot3_description/share/my_turtlebot3_description/rviz
[0.054s] -- Up-to-date: /home/mikolaj@acfr.usyd.edu.au/ros2_ws/install/my_turtlebot3_description/share/my_turtlebot3_description/rviz/burger.rviz
[0.054s] -- Up-to-date: /home/mikolaj@acfr.usyd.edu.au/ros2_ws/install/my_turtlebot3_description/share/my_turtlebot3_description/urdf
[0.054s] -- Up-to-date: /home/mikolaj@acfr.usyd.edu.au/ros2_ws/install/my_turtlebot3_description/share/my_turtlebot3_description/urdf/turtlebot3_burger.gazebo.xacro
[0.054s] -- Up-to-date: /home/mikolaj@acfr.usyd.edu.au/ros2_ws/install/my_turtlebot3_description/share/my_turtlebot3_description/urdf/common_properties.xacro
[0.054s] -- Up-to-date: /home/mikolaj@acfr.usyd.edu.au/ros2_ws/install/my_turtlebot3_description/share/my_turtlebot3_description/urdf/turtlebot3_burger.urdf.xacro
[0.054s] -- Up-to-date: /home/mikolaj@acfr.usyd.edu.au/ros2_ws/install/my_turtlebot3_description/share/my_turtlebot3_description/urdf/my_turtlebot3_burger.urdf.xacro
[0.054s] -- Up-to-date: /home/mikolaj@acfr.usyd.edu.au/ros2_ws/install/my_turtlebot3_description/share/ament_index/resource_index/package_run_dependencies/my_turtlebot3_description
[0.054s] -- Up-to-date: /home/mikolaj@acfr.usyd.edu.au/ros2_ws/install/my_turtlebot3_description/share/ament_index/resource_index/parent_prefix_path/my_turtlebot3_description
[0.054s] -- Up-to-date: /home/mikolaj@acfr.usyd.edu.au/ros2_ws/install/my_turtlebot3_description/share/my_turtlebot3_description/environment/ament_prefix_path.sh
[0.054s] -- Up-to-date: /home/mikolaj@acfr.usyd.edu.au/ros2_ws/install/my_turtlebot3_description/share/my_turtlebot3_description/environment/ament_prefix_path.dsv
[0.054s] -- Up-to-date: /home/mikolaj@acfr.usyd.edu.au/ros2_ws/install/my_turtlebot3_description/share/my_turtlebot3_description/environment/path.sh
[0.054s] -- Up-to-date: /home/mikolaj@acfr.usyd.edu.au/ros2_ws/install/my_turtlebot3_description/share/my_turtlebot3_description/environment/path.dsv
[0.054s] -- Up-to-date: /home/mikolaj@acfr.usyd.edu.au/ros2_ws/install/my_turtlebot3_description/share/my_turtlebot3_description/local_setup.bash
[0.054s] -- Up-to-date: /home/mikolaj@acfr.usyd.edu.au/ros2_ws/install/my_turtlebot3_description/share/my_turtlebot3_description/local_setup.sh
[0.054s] -- Up-to-date: /home/mikolaj@acfr.usyd.edu.au/ros2_ws/install/my_turtlebot3_description/share/my_turtlebot3_description/local_setup.zsh
[0.054s] -- Up-to-date: /home/mikolaj@acfr.usyd.edu.au/ros2_ws/install/my_turtlebot3_description/share/my_turtlebot3_description/local_setup.dsv
[0.054s] -- Installing: /home/mikolaj@acfr.usyd.edu.au/ros2_ws/install/my_turtlebot3_description/share/my_turtlebot3_description/package.dsv
[0.054s] -- Up-to-date: /home/mikolaj@acfr.usyd.edu.au/ros2_ws/install/my_turtlebot3_description/share/ament_index/resource_index/packages/my_turtlebot3_description
[0.054s] -- Up-to-date: /home/mikolaj@acfr.usyd.edu.au/ros2_ws/install/my_turtlebot3_description/share/my_turtlebot3_description/cmake/my_turtlebot3_descriptionConfig.cmake
[0.054s] -- Up-to-date: /home/mikolaj@acfr.usyd.edu.au/ros2_ws/install/my_turtlebot3_description/share/my_turtlebot3_description/cmake/my_turtlebot3_descriptionConfig-version.cmake
[0.055s] -- Up-to-date: /home/mikolaj@acfr.usyd.edu.au/ros2_ws/install/my_turtlebot3_description/share/my_turtlebot3_description/package.xml
[0.062s] Invoked command in '/home/mikolaj@acfr.usyd.edu.au/ros2_ws/build/my_turtlebot3_description' returned '0': CMAKE_PREFIX_PATH=/home/mikolaj@acfr.usyd.edu.au/ros2_ws/install/my_turtlebot3_bringup:/opt/ros/humble:/home/mikolaj@acfr.usyd.edu.au/ros2_ws/install/turtlebot3_description:/home/mikolaj@acfr.usyd.edu.au/ros2_ws/install/my_turtlebot3_description:/home/mikolaj@acfr.usyd.edu.au/ros2_ws/install/dyno_control:/home/mikolaj@acfr.usyd.edu.au/tut_ros2_ws/install/my_robot_description:/home/mikolaj@acfr.usyd.edu.au/tut_ros2_ws/install/my_robot_bringup:/home/mikolaj@acfr.usyd.edu.au/tut_ros2_ws/install/my_py_pkg:/home/mikolaj@acfr.usyd.edu.au/tut_ros2_ws/install/my_robot_interfaces:/home/mikolaj@acfr.usyd.edu.au/tut_ros2_ws/install/my_cpp_pkg /usr/bin/cmake --install /home/mikolaj@acfr.usyd.edu.au/ros2_ws/build/my_turtlebot3_description
