[0.008s] Invoking command in '/home/mikolaj@acfr.usyd.edu.au/ros2_ws/build/my_interfaces': CMAKE_PREFIX_PATH=/opt/ros/humble:${CMAKE_PREFIX_PATH} /usr/bin/cmake --build /home/mikolaj@acfr.usyd.edu.au/ros2_ws/build/my_interfaces -- -j20 -l20
[0.026s] -- Found ament_cmake: 1.3.9 (/opt/ros/humble/share/ament_cmake/cmake)
[0.115s] -- Found rosidl_default_generators: 1.2.0 (/opt/ros/humble/share/rosidl_default_generators/cmake)
[0.117s] -- Using all available rosidl_typesupport_c: rosidl_typesupport_fastrtps_c;rosidl_typesupport_introspection_c
[0.119s] -- Found rosidl_adapter: 3.1.5 (/opt/ros/humble/share/rosidl_adapter/cmake)
[0.142s] -- Using all available rosidl_typesupport_cpp: rosidl_typesupport_fastrtps_cpp;rosidl_typesupport_introspection_cpp
[0.259s] [31mCMake Error at /opt/ros/humble/share/rosidl_adapter/cmake/rosidl_adapt_interfaces.cmake:59 (message):
[0.259s]   execute_process(/usr/bin/python3 -m rosidl_adapter --package-name
[0.259s]   my_interfaces --arguments-file
[0.259s]   /home/mikolaj@acfr.usyd.edu.au/ros2_ws/build/my_interfaces/rosidl_adapter__arguments__my_interfaces.json
[0.259s]   --output-dir
[0.259s]   /home/mikolaj@acfr.usyd.edu.au/ros2_ws/build/my_interfaces/rosidl_adapter/my_interfaces
[0.259s]   --output-file
[0.259s]   /home/mikolaj@acfr.usyd.edu.au/ros2_ws/build/my_interfaces/rosidl_adapter/my_interfaces.idls)
[0.259s]   returned error code 1:
[0.259s] 
[0.259s]   Traceback (most recent call last):
[0.259s] 
[0.259s]     File "/usr/lib/python3.10/runpy.py", line 196, in _run_module_as_main
[0.259s]       return _run_code(code, main_globals, None,
[0.259s]     File "/usr/lib/python3.10/runpy.py", line 86, in _run_code
[0.259s]       exec(code, run_globals)
[0.259s]     File "/opt/ros/humble/local/lib/python3.10/dist-packages/rosidl_adapter/__main__.py", line 19, in <module>
[0.260s]       sys.exit(main())
[0.260s]     File "/opt/ros/humble/local/lib/python3.10/dist-packages/rosidl_adapter/main.py", line 53, in main
[0.260s]       abs_idl_file = convert_to_idl(
[0.260s]     File "/opt/ros/humble/local/lib/python3.10/dist-packages/rosidl_adapter/__init__.py", line 19, in convert_to_idl
[0.260s]       return convert_msg_to_idl(
[0.260s]     File "/opt/ros/humble/local/lib/python3.10/dist-packages/rosidl_adapter/msg/__init__.py", line 28, in convert_msg_to_idl
[0.260s]       msg = parse_message_string(package_name, input_file.stem, content)
[0.260s]     File "/opt/ros/humble/local/lib/python3.10/dist-packages/rosidl_adapter/parser.py", line 544, in parse_message_string
[0.260s]       msg = MessageSpecification(pkg_name, msg_name, fields, constants)
[0.260s]     File "/opt/ros/humble/local/lib/python3.10/dist-packages/rosidl_adapter/parser.py", line 388, in __init__
[0.260s]       self.base_type = BaseType(
[0.260s]     File "/opt/ros/humble/local/lib/python3.10/dist-packages/rosidl_adapter/parser.py", line 205, in __init__
[0.260s]       raise InvalidResourceName(
[0.260s] 
[0.260s]   rosidl_adapter.parser.InvalidResourceName: 'Ldr_LandmarkMsg2D' is an
[0.260s]   invalid message name.  It should have the pattern '^[A-Z][A-Za-z0-9]*$'
[0.260s] 
[0.260s] Call Stack (most recent call first):
[0.260s]   /opt/ros/humble/share/rosidl_cmake/cmake/rosidl_generate_interfaces.cmake:130 (rosidl_adapt_interfaces)
[0.260s]   CMakeLists.txt:12 (rosidl_generate_interfaces)
[0.260s] 
[0.260s] [0m
[0.260s] -- Configuring incomplete, errors occurred!
[0.260s] See also "/home/mikolaj@acfr.usyd.edu.au/ros2_ws/build/my_interfaces/CMakeFiles/CMakeOutput.log".
[0.262s] gmake: *** [Makefile:963: cmake_check_build_system] Error 1
[0.264s] Invoked command in '/home/mikolaj@acfr.usyd.edu.au/ros2_ws/build/my_interfaces' returned '2': CMAKE_PREFIX_PATH=/opt/ros/humble:${CMAKE_PREFIX_PATH} /usr/bin/cmake --build /home/mikolaj@acfr.usyd.edu.au/ros2_ws/build/my_interfaces -- -j20 -l20
