[0.006s] Invoking command in '/home/mikolaj@acfr.usyd.edu.au/ros2_ws/build/dyno_control': CMAKE_PREFIX_PATH=${CMAKE_PREFIX_PATH}:/opt/ros/humble /usr/bin/cmake --build /home/mikolaj@acfr.usyd.edu.au/ros2_ws/build/dyno_control -- -j20 -l20
[0.047s] Built target ament_cmake_python_copy_dyno_control
[0.193s] running egg_info
[0.193s] writing dyno_control.egg-info/PKG-INFO
[0.193s] writing dependency_links to dyno_control.egg-info/dependency_links.txt
[0.193s] writing top-level names to dyno_control.egg-info/top_level.txt
[0.195s] reading manifest file 'dyno_control.egg-info/SOURCES.txt'
[0.195s] writing manifest file 'dyno_control.egg-info/SOURCES.txt'
[0.209s] Built target ament_cmake_python_build_dyno_control_egg
[0.216s] Invoked command in '/home/mikolaj@acfr.usyd.edu.au/ros2_ws/build/dyno_control' returned '0': CMAKE_PREFIX_PATH=${CMAKE_PREFIX_PATH}:/opt/ros/humble /usr/bin/cmake --build /home/mikolaj@acfr.usyd.edu.au/ros2_ws/build/dyno_control -- -j20 -l20
[0.239s] Invoking command in '/home/mikolaj@acfr.usyd.edu.au/ros2_ws/build/dyno_control': CMAKE_PREFIX_PATH=${CMAKE_PREFIX_PATH}:/opt/ros/humble /usr/bin/cmake --install /home/mikolaj@acfr.usyd.edu.au/ros2_ws/build/dyno_control
[0.246s] -- Install configuration: ""
[0.246s] -- Up-to-date: /home/mikolaj@acfr.usyd.edu.au/ros2_ws/install/dyno_control/share/dyno_control/launch
[0.246s] -- Up-to-date: /home/mikolaj@acfr.usyd.edu.au/ros2_ws/install/dyno_control/share/dyno_control/scripts
[0.246s] -- Up-to-date: /home/mikolaj@acfr.usyd.edu.au/ros2_ws/install/dyno_control/share/dyno_control/scripts/pipeline_node.py
[0.246s] -- Up-to-date: /home/mikolaj@acfr.usyd.edu.au/ros2_ws/install/dyno_control/share/dyno_control/world
[0.246s] -- Up-to-date: /home/mikolaj@acfr.usyd.edu.au/ros2_ws/install/dyno_control/share/dyno_control/rviz
[0.246s] -- Up-to-date: /home/mikolaj@acfr.usyd.edu.au/ros2_ws/install/dyno_control/share/dyno_control/urdf
[0.246s] -- Up-to-date: /home/mikolaj@acfr.usyd.edu.au/ros2_ws/install/dyno_control/share/dyno_control/environment/pythonpath.sh
[0.246s] -- Up-to-date: /home/mikolaj@acfr.usyd.edu.au/ros2_ws/install/dyno_control/share/dyno_control/environment/pythonpath.dsv
[0.246s] -- Up-to-date: /home/mikolaj@acfr.usyd.edu.au/ros2_ws/install/dyno_control/local/lib/python3.10/dist-packages/dyno_control-0.0.1-py3.10.egg-info
[0.246s] -- Installing: /home/mikolaj@acfr.usyd.edu.au/ros2_ws/install/dyno_control/local/lib/python3.10/dist-packages/dyno_control-0.0.1-py3.10.egg-info/SOURCES.txt
[0.246s] -- Installing: /home/mikolaj@acfr.usyd.edu.au/ros2_ws/install/dyno_control/local/lib/python3.10/dist-packages/dyno_control-0.0.1-py3.10.egg-info/dependency_links.txt
[0.246s] -- Installing: /home/mikolaj@acfr.usyd.edu.au/ros2_ws/install/dyno_control/local/lib/python3.10/dist-packages/dyno_control-0.0.1-py3.10.egg-info/PKG-INFO
[0.246s] -- Installing: /home/mikolaj@acfr.usyd.edu.au/ros2_ws/install/dyno_control/local/lib/python3.10/dist-packages/dyno_control-0.0.1-py3.10.egg-info/top_level.txt
[0.246s] -- Up-to-date: /home/mikolaj@acfr.usyd.edu.au/ros2_ws/install/dyno_control/local/lib/python3.10/dist-packages/dyno_control
[0.246s] -- Installing: /home/mikolaj@acfr.usyd.edu.au/ros2_ws/install/dyno_control/local/lib/python3.10/dist-packages/dyno_control/pipeline.py
[0.246s] -- Up-to-date: /home/mikolaj@acfr.usyd.edu.au/ros2_ws/install/dyno_control/local/lib/python3.10/dist-packages/dyno_control/__init__.py
[0.273s] Listing '/home/mikolaj@acfr.usyd.edu.au/ros2_ws/install/dyno_control/local/lib/python3.10/dist-packages/dyno_control'...
[0.273s] Compiling '/home/mikolaj@acfr.usyd.edu.au/ros2_ws/install/dyno_control/local/lib/python3.10/dist-packages/dyno_control/pipeline.py'...
[0.275s] -- Up-to-date: /home/mikolaj@acfr.usyd.edu.au/ros2_ws/install/dyno_control/lib/dyno_control/pipeline_node.py
[0.275s] -- Up-to-date: /home/mikolaj@acfr.usyd.edu.au/ros2_ws/install/dyno_control/share/ament_index/resource_index/package_run_dependencies/dyno_control
[0.276s] -- Up-to-date: /home/mikolaj@acfr.usyd.edu.au/ros2_ws/install/dyno_control/share/ament_index/resource_index/parent_prefix_path/dyno_control
[0.276s] -- Up-to-date: /home/mikolaj@acfr.usyd.edu.au/ros2_ws/install/dyno_control/share/dyno_control/environment/ament_prefix_path.sh
[0.276s] -- Up-to-date: /home/mikolaj@acfr.usyd.edu.au/ros2_ws/install/dyno_control/share/dyno_control/environment/ament_prefix_path.dsv
[0.276s] -- Up-to-date: /home/mikolaj@acfr.usyd.edu.au/ros2_ws/install/dyno_control/share/dyno_control/environment/path.sh
[0.276s] -- Up-to-date: /home/mikolaj@acfr.usyd.edu.au/ros2_ws/install/dyno_control/share/dyno_control/environment/path.dsv
[0.276s] -- Up-to-date: /home/mikolaj@acfr.usyd.edu.au/ros2_ws/install/dyno_control/share/dyno_control/local_setup.bash
[0.276s] -- Up-to-date: /home/mikolaj@acfr.usyd.edu.au/ros2_ws/install/dyno_control/share/dyno_control/local_setup.sh
[0.276s] -- Up-to-date: /home/mikolaj@acfr.usyd.edu.au/ros2_ws/install/dyno_control/share/dyno_control/local_setup.zsh
[0.276s] -- Up-to-date: /home/mikolaj@acfr.usyd.edu.au/ros2_ws/install/dyno_control/share/dyno_control/local_setup.dsv
[0.276s] -- Up-to-date: /home/mikolaj@acfr.usyd.edu.au/ros2_ws/install/dyno_control/share/dyno_control/package.dsv
[0.276s] -- Up-to-date: /home/mikolaj@acfr.usyd.edu.au/ros2_ws/install/dyno_control/share/ament_index/resource_index/packages/dyno_control
[0.276s] -- Up-to-date: /home/mikolaj@acfr.usyd.edu.au/ros2_ws/install/dyno_control/share/dyno_control/cmake/dyno_controlConfig.cmake
[0.276s] -- Up-to-date: /home/mikolaj@acfr.usyd.edu.au/ros2_ws/install/dyno_control/share/dyno_control/cmake/dyno_controlConfig-version.cmake
[0.276s] -- Up-to-date: /home/mikolaj@acfr.usyd.edu.au/ros2_ws/install/dyno_control/share/dyno_control/package.xml
[0.277s] Invoked command in '/home/mikolaj@acfr.usyd.edu.au/ros2_ws/build/dyno_control' returned '0': CMAKE_PREFIX_PATH=${CMAKE_PREFIX_PATH}:/opt/ros/humble /usr/bin/cmake --install /home/mikolaj@acfr.usyd.edu.au/ros2_ws/build/dyno_control
