[0.008s] Invoking command in '/home/mikolaj@acfr.usyd.edu.au/ros2_ws/build/my_interfaces': CMAKE_PREFIX_PATH=/opt/ros/humble:${CMAKE_PREFIX_PATH} /usr/bin/cmake --build /home/mikolaj@acfr.usyd.edu.au/ros2_ws/build/my_interfaces -- -j20 -l20
[0.021s] -- Found ament_cmake: 1.3.9 (/opt/ros/humble/share/ament_cmake/cmake)
[0.094s] -- Found rosidl_default_generators: 1.2.0 (/opt/ros/humble/share/rosidl_default_generators/cmake)
[0.095s] -- Using all available rosidl_typesupport_c: rosidl_typesupport_fastrtps_c;rosidl_typesupport_introspection_c
[0.096s] -- Found rosidl_adapter: 3.1.5 (/opt/ros/humble/share/rosidl_adapter/cmake)
[0.114s] -- Using all available rosidl_typesupport_cpp: rosidl_typesupport_fastrtps_cpp;rosidl_typesupport_introspection_cpp
[0.235s] [31mCMake Error at /opt/ros/humble/share/rosidl_adapter/cmake/rosidl_adapt_interfaces.cmake:59 (message):
[0.235s]   execute_process(/usr/bin/python3 -m rosidl_adapter --package-name
[0.235s]   my_interfaces --arguments-file
[0.235s]   /home/mikolaj@acfr.usyd.edu.au/ros2_ws/build/my_interfaces/rosidl_adapter__arguments__my_interfaces.json
[0.235s]   --output-dir
[0.235s]   /home/mikolaj@acfr.usyd.edu.au/ros2_ws/build/my_interfaces/rosidl_adapter/my_interfaces
[0.236s]   --output-file
[0.236s]   /home/mikolaj@acfr.usyd.edu.au/ros2_ws/build/my_interfaces/rosidl_adapter/my_interfaces.idls)
[0.236s]   returned error code 1:
[0.236s] 
[0.236s]   Error processing 'LdrLandmarkMsg2D[] gtLandmarks2D' of
[0.236s]   'my_interfaces/LdrLandmarksMsg2D': ''gtLandmarks2D' is an invalid field
[0.236s]   name.  It should have the pattern '^(?!.*__)(?!.*_$)[a-z][a-z0-9_]*$''
[0.236s] 
[0.236s]   Traceback (most recent call last):
[0.236s] 
[0.236s]     File "/usr/lib/python3.10/runpy.py", line 196, in _run_module_as_main
[0.236s]       return _run_code(code, main_globals, None,
[0.236s]     File "/usr/lib/python3.10/runpy.py", line 86, in _run_code
[0.236s]       exec(code, run_globals)
[0.236s]     File "/opt/ros/humble/local/lib/python3.10/dist-packages/rosidl_adapter/__main__.py", line 19, in <module>
[0.236s]       sys.exit(main())
[0.236s]     File "/opt/ros/humble/local/lib/python3.10/dist-packages/rosidl_adapter/main.py", line 53, in main
[0.236s]       abs_idl_file = convert_to_idl(
[0.236s]     File "/opt/ros/humble/local/lib/python3.10/dist-packages/rosidl_adapter/__init__.py", line 19, in convert_to_idl
[0.236s]       return convert_msg_to_idl(
[0.236s]     File "/opt/ros/humble/local/lib/python3.10/dist-packages/rosidl_adapter/msg/__init__.py", line 28, in convert_msg_to_idl
[0.236s]       msg = parse_message_string(package_name, input_file.stem, content)
[0.236s]     File "/opt/ros/humble/local/lib/python3.10/dist-packages/rosidl_adapter/parser.py", line 519, in parse_message_string
[0.237s]       fields.append(Field(
[0.237s]     File "/opt/ros/humble/local/lib/python3.10/dist-packages/rosidl_adapter/parser.py", line 354, in __init__
[0.237s]       raise NameError(
[0.237s] 
[0.237s]   NameError: 'gtLandmarks2D' is an invalid field name.  It should have the
[0.237s]   pattern '^(?!.*__)(?!.*_$)[a-z][a-z0-9_]*$'
[0.237s] 
[0.237s] Call Stack (most recent call first):
[0.237s]   /opt/ros/humble/share/rosidl_cmake/cmake/rosidl_generate_interfaces.cmake:130 (rosidl_adapt_interfaces)
[0.237s]   CMakeLists.txt:12 (rosidl_generate_interfaces)
[0.237s] 
[0.237s] [0m
[0.237s] -- Configuring incomplete, errors occurred!
[0.237s] See also "/home/mikolaj@acfr.usyd.edu.au/ros2_ws/build/my_interfaces/CMakeFiles/CMakeOutput.log".
[0.238s] gmake: *** [Makefile:963: cmake_check_build_system] Error 1
[0.240s] Invoked command in '/home/mikolaj@acfr.usyd.edu.au/ros2_ws/build/my_interfaces' returned '2': CMAKE_PREFIX_PATH=/opt/ros/humble:${CMAKE_PREFIX_PATH} /usr/bin/cmake --build /home/mikolaj@acfr.usyd.edu.au/ros2_ws/build/my_interfaces -- -j20 -l20
