[0.007s] Invoking command in '/home/mikolaj@acfr.usyd.edu.au/ros2_ws/build/dyno_control': CMAKE_PREFIX_PATH=/opt/ros/humble:${CMAKE_PREFIX_PATH} /usr/bin/cmake --build /home/mikolaj@acfr.usyd.edu.au/ros2_ws/build/dyno_control -- -j20 -l20
[0.019s] -- Found ament_cmake: 1.3.9 (/opt/ros/humble/share/ament_cmake/cmake)
[0.097s] -- Found rclpy: 3.3.13 (/opt/ros/humble/share/rclpy/cmake)
[0.099s] -- Found std_msgs: 4.2.3 (/opt/ros/humble/share/std_msgs/cmake)
[0.123s] -- Found rosidl_generator_c: 3.1.5 (/opt/ros/humble/share/rosidl_generator_c/cmake)
[0.126s] -- Found rosidl_adapter: 3.1.5 (/opt/ros/humble/share/rosidl_adapter/cmake)
[0.131s] -- Found rosidl_generator_cpp: 3.1.5 (/opt/ros/humble/share/rosidl_generator_cpp/cmake)
[0.139s] -- Using all available rosidl_typesupport_c: rosidl_typesupport_fastrtps_c;rosidl_typesupport_introspection_c
[0.149s] -- Using all available rosidl_typesupport_cpp: rosidl_typesupport_fastrtps_cpp;rosidl_typesupport_introspection_cpp
[0.188s] -- Configuring incomplete, errors occurred!
[0.188s] See also "/home/mikolaj@acfr.usyd.edu.au/ros2_ws/build/dyno_control/CMakeFiles/CMakeOutput.log".
[0.188s] [31mCMake Error at CMakeLists.txt:19 (find_package):
[0.188s]   By not providing "Findmessage_generation.cmake" in CMAKE_MODULE_PATH this
[0.188s]   project has asked CMake to find a package configuration file provided by
[0.188s]   "message_generation", but CMake did not find one.
[0.189s] 
[0.189s]   Could not find a package configuration file provided by
[0.189s]   "message_generation" with any of the following names:
[0.189s] 
[0.189s]     message_generationConfig.cmake
[0.189s]     message_generation-config.cmake
[0.189s] 
[0.189s]   Add the installation prefix of "message_generation" to CMAKE_PREFIX_PATH or
[0.189s]   set "message_generation_DIR" to a directory containing one of the above
[0.189s]   files.  If "message_generation" provides a separate development package or
[0.189s]   SDK, be sure it has been installed.
[0.189s] 
[0.189s] [0m
[0.191s] gmake: *** [Makefile:254: cmake_check_build_system] Error 1
[0.193s] Invoked command in '/home/mikolaj@acfr.usyd.edu.au/ros2_ws/build/dyno_control' returned '2': CMAKE_PREFIX_PATH=/opt/ros/humble:${CMAKE_PREFIX_PATH} /usr/bin/cmake --build /home/mikolaj@acfr.usyd.edu.au/ros2_ws/build/dyno_control -- -j20 -l20
