[0.008s] Invoking command in '/home/mikolaj@acfr.usyd.edu.au/ros2_ws/build/landmarks_msg': /usr/bin/cmake /home/mikolaj@acfr.usyd.edu.au/ros2_ws/src/landmarks_msg -DCATKIN_INSTALL_INTO_PREFIX_ROOT=0 -DCMAKE_INSTALL_PREFIX=/home/mikolaj@acfr.usyd.edu.au/ros2_ws/install/landmarks_msg
[0.058s] -- The C compiler identification is GNU 11.4.0
[0.107s] -- The CXX compiler identification is GNU 11.4.0
[0.112s] -- Detecting C compiler ABI info
[0.152s] -- Detecting C compiler ABI info - done
[0.156s] -- Check for working C compiler: /usr/bin/cc - skipped
[0.157s] -- Detecting C compile features
[0.157s] -- Detecting C compile features - done
[0.159s] -- Detecting CXX compiler ABI info
[0.204s] -- Detecting CXX compiler ABI info - done
[0.208s] -- Check for working CXX compiler: /usr/bin/c++ - skipped
[0.208s] -- Detecting CXX compile features
[0.209s] -- Detecting CXX compile features - done
[0.215s] [31mCMake Error at CMakeLists.txt:4 (find_package):
[0.215s]   By not providing "Findcatkin.cmake" in CMAKE_MODULE_PATH this project has
[0.215s]   asked CMake to find a package configuration file provided by "catkin", but
[0.215s]   CMake did not find one.
[0.215s] 
[0.215s]   Could not find a package configuration file provided by "catkin" with any
[0.215s]   of the following names:
[0.215s] 
[0.215s]     catkinConfig.cmake
[0.215s]     catkin-config.cmake
[0.215s] 
[0.215s]   Add the installation prefix of "catkin" to CMAKE_PREFIX_PATH or set
[0.215s]   "catkin_DIR" to a directory containing one of the above files.  If "catkin"
[0.215s]   provides a separate development package or SDK, be sure it has been
[0.216s]   installed.
[0.216s] 
[0.216s] [0m
[0.216s] -- Configuring incomplete, errors occurred!
[0.216s] See also "/home/mikolaj@acfr.usyd.edu.au/ros2_ws/build/landmarks_msg/CMakeFiles/CMakeOutput.log".
