[0.010s] Invoking command in '/home/mikolaj@acfr.usyd.edu.au/ros2_ws/build/my_interfaces': CMAKE_PREFIX_PATH=/opt/ros/humble:${CMAKE_PREFIX_PATH} /usr/bin/cmake --build /home/mikolaj@acfr.usyd.edu.au/ros2_ws/build/my_interfaces -- -j20 -l20
[0.043s] [  2%] Built target my_interfaces__cpp
[0.044s] [ 12%] Built target my_interfaces__rosidl_generator_c
[0.053s] [ 12%] Built target ament_cmake_python_copy_my_interfaces
[0.065s] [ 23%] Built target my_interfaces__rosidl_typesupport_c
[0.065s] [ 33%] Built target my_interfaces__rosidl_typesupport_cpp
[0.065s] [ 43%] Built target my_interfaces__rosidl_typesupport_introspection_c
[0.066s] [ 53%] Built target my_interfaces__rosidl_typesupport_introspection_cpp
[0.066s] [ 64%] Built target my_interfaces__rosidl_typesupport_fastrtps_cpp
[0.068s] [ 74%] Built target my_interfaces__rosidl_typesupport_fastrtps_c
[0.080s] [ 74%] Built target my_interfaces
[0.091s] [ 76%] Built target my_interfaces__py
[0.105s] [ 84%] Built target my_interfaces__rosidl_generator_py
[0.117s] [100%] Built target my_interfaces__rosidl_typesupport_introspection_c__pyext
[0.117s] [100%] Built target my_interfaces__rosidl_typesupport_c__pyext
[0.117s] [100%] Built target my_interfaces__rosidl_typesupport_fastrtps_c__pyext
[0.197s] running egg_info
[0.197s] writing my_interfaces.egg-info/PKG-INFO
[0.197s] writing dependency_links to my_interfaces.egg-info/dependency_links.txt
[0.197s] writing top-level names to my_interfaces.egg-info/top_level.txt
[0.199s] reading manifest file 'my_interfaces.egg-info/SOURCES.txt'
[0.199s] writing manifest file 'my_interfaces.egg-info/SOURCES.txt'
[0.214s] [100%] Built target ament_cmake_python_build_my_interfaces_egg
[0.224s] Invoked command in '/home/mikolaj@acfr.usyd.edu.au/ros2_ws/build/my_interfaces' returned '0': CMAKE_PREFIX_PATH=/opt/ros/humble:${CMAKE_PREFIX_PATH} /usr/bin/cmake --build /home/mikolaj@acfr.usyd.edu.au/ros2_ws/build/my_interfaces -- -j20 -l20
[0.366s] Invoking command in '/home/mikolaj@acfr.usyd.edu.au/ros2_ws/build/my_interfaces': CMAKE_PREFIX_PATH=/opt/ros/humble:${CMAKE_PREFIX_PATH} /usr/bin/cmake --install /home/mikolaj@acfr.usyd.edu.au/ros2_ws/build/my_interfaces
[0.372s] -- Install configuration: ""
[0.373s] -- Up-to-date: /home/mikolaj@acfr.usyd.edu.au/ros2_ws/install/my_interfaces/share/ament_index/resource_index/rosidl_interfaces/my_interfaces
[0.373s] -- Up-to-date: /home/mikolaj@acfr.usyd.edu.au/ros2_ws/install/my_interfaces/include/my_interfaces/my_interfaces
[0.373s] -- Up-to-date: /home/mikolaj@acfr.usyd.edu.au/ros2_ws/install/my_interfaces/include/my_interfaces/my_interfaces/msg
[0.373s] -- Up-to-date: /home/mikolaj@acfr.usyd.edu.au/ros2_ws/install/my_interfaces/include/my_interfaces/my_interfaces/msg/rosidl_generator_c__visibility_control.h
[0.373s] -- Up-to-date: /home/mikolaj@acfr.usyd.edu.au/ros2_ws/install/my_interfaces/include/my_interfaces/my_interfaces/msg/landmark_msg.h
[0.373s] -- Up-to-date: /home/mikolaj@acfr.usyd.edu.au/ros2_ws/install/my_interfaces/include/my_interfaces/my_interfaces/msg/detail
[0.373s] -- Up-to-date: /home/mikolaj@acfr.usyd.edu.au/ros2_ws/install/my_interfaces/include/my_interfaces/my_interfaces/msg/detail/landmarks_msg__functions.h
[0.373s] -- Up-to-date: /home/mikolaj@acfr.usyd.edu.au/ros2_ws/install/my_interfaces/include/my_interfaces/my_interfaces/msg/detail/landmarks_msg__functions.c
[0.373s] -- Up-to-date: /home/mikolaj@acfr.usyd.edu.au/ros2_ws/install/my_interfaces/include/my_interfaces/my_interfaces/msg/detail/landmarks_msg__struct.h
[0.373s] -- Up-to-date: /home/mikolaj@acfr.usyd.edu.au/ros2_ws/install/my_interfaces/include/my_interfaces/my_interfaces/msg/detail/landmark_msg__functions.c
[0.373s] -- Up-to-date: /home/mikolaj@acfr.usyd.edu.au/ros2_ws/install/my_interfaces/include/my_interfaces/my_interfaces/msg/detail/landmark_msg__struct.h
[0.373s] -- Up-to-date: /home/mikolaj@acfr.usyd.edu.au/ros2_ws/install/my_interfaces/include/my_interfaces/my_interfaces/msg/detail/landmarks_msg__type_support.h
[0.373s] -- Up-to-date: /home/mikolaj@acfr.usyd.edu.au/ros2_ws/install/my_interfaces/include/my_interfaces/my_interfaces/msg/detail/landmark_msg__type_support.h
[0.374s] -- Up-to-date: /home/mikolaj@acfr.usyd.edu.au/ros2_ws/install/my_interfaces/include/my_interfaces/my_interfaces/msg/detail/landmark_msg__functions.h
[0.374s] -- Up-to-date: /home/mikolaj@acfr.usyd.edu.au/ros2_ws/install/my_interfaces/include/my_interfaces/my_interfaces/msg/landmarks_msg.h
[0.374s] -- Up-to-date: /home/mikolaj@acfr.usyd.edu.au/ros2_ws/install/my_interfaces/share/my_interfaces/environment/library_path.sh
[0.374s] -- Up-to-date: /home/mikolaj@acfr.usyd.edu.au/ros2_ws/install/my_interfaces/share/my_interfaces/environment/library_path.dsv
[0.374s] -- Up-to-date: /home/mikolaj@acfr.usyd.edu.au/ros2_ws/install/my_interfaces/lib/libmy_interfaces__rosidl_generator_c.so
[0.374s] -- Up-to-date: /home/mikolaj@acfr.usyd.edu.au/ros2_ws/install/my_interfaces/include/my_interfaces/my_interfaces
[0.374s] -- Up-to-date: /home/mikolaj@acfr.usyd.edu.au/ros2_ws/install/my_interfaces/include/my_interfaces/my_interfaces/msg
[0.374s] -- Up-to-date: /home/mikolaj@acfr.usyd.edu.au/ros2_ws/install/my_interfaces/include/my_interfaces/my_interfaces/msg/rosidl_typesupport_fastrtps_c__visibility_control.h
[0.374s] -- Up-to-date: /home/mikolaj@acfr.usyd.edu.au/ros2_ws/install/my_interfaces/include/my_interfaces/my_interfaces/msg/detail
[0.374s] -- Up-to-date: /home/mikolaj@acfr.usyd.edu.au/ros2_ws/install/my_interfaces/include/my_interfaces/my_interfaces/msg/detail/landmarks_msg__rosidl_typesupport_fastrtps_c.h
[0.374s] -- Up-to-date: /home/mikolaj@acfr.usyd.edu.au/ros2_ws/install/my_interfaces/include/my_interfaces/my_interfaces/msg/detail/landmark_msg__rosidl_typesupport_fastrtps_c.h
[0.374s] -- Up-to-date: /home/mikolaj@acfr.usyd.edu.au/ros2_ws/install/my_interfaces/lib/libmy_interfaces__rosidl_typesupport_fastrtps_c.so
[0.374s] -- Up-to-date: /home/mikolaj@acfr.usyd.edu.au/ros2_ws/install/my_interfaces/include/my_interfaces/my_interfaces
[0.375s] -- Up-to-date: /home/mikolaj@acfr.usyd.edu.au/ros2_ws/install/my_interfaces/include/my_interfaces/my_interfaces/msg
[0.375s] -- Up-to-date: /home/mikolaj@acfr.usyd.edu.au/ros2_ws/install/my_interfaces/include/my_interfaces/my_interfaces/msg/detail
[0.375s] -- Up-to-date: /home/mikolaj@acfr.usyd.edu.au/ros2_ws/install/my_interfaces/include/my_interfaces/my_interfaces/msg/detail/landmarks_msg__type_support.c
[0.375s] -- Up-to-date: /home/mikolaj@acfr.usyd.edu.au/ros2_ws/install/my_interfaces/include/my_interfaces/my_interfaces/msg/detail/landmark_msg__rosidl_typesupport_introspection_c.h
[0.375s] -- Up-to-date: /home/mikolaj@acfr.usyd.edu.au/ros2_ws/install/my_interfaces/include/my_interfaces/my_interfaces/msg/detail/landmark_msg__type_support.c
[0.375s] -- Up-to-date: /home/mikolaj@acfr.usyd.edu.au/ros2_ws/install/my_interfaces/include/my_interfaces/my_interfaces/msg/detail/landmarks_msg__rosidl_typesupport_introspection_c.h
[0.375s] -- Up-to-date: /home/mikolaj@acfr.usyd.edu.au/ros2_ws/install/my_interfaces/include/my_interfaces/my_interfaces/msg/rosidl_typesupport_introspection_c__visibility_control.h
[0.375s] -- Up-to-date: /home/mikolaj@acfr.usyd.edu.au/ros2_ws/install/my_interfaces/lib/libmy_interfaces__rosidl_typesupport_introspection_c.so
[0.375s] -- Up-to-date: /home/mikolaj@acfr.usyd.edu.au/ros2_ws/install/my_interfaces/lib/libmy_interfaces__rosidl_typesupport_c.so
[0.375s] -- Up-to-date: /home/mikolaj@acfr.usyd.edu.au/ros2_ws/install/my_interfaces/include/my_interfaces/my_interfaces
[0.375s] -- Up-to-date: /home/mikolaj@acfr.usyd.edu.au/ros2_ws/install/my_interfaces/include/my_interfaces/my_interfaces/msg
[0.375s] -- Up-to-date: /home/mikolaj@acfr.usyd.edu.au/ros2_ws/install/my_interfaces/include/my_interfaces/my_interfaces/msg/landmarks_msg.hpp
[0.375s] -- Up-to-date: /home/mikolaj@acfr.usyd.edu.au/ros2_ws/install/my_interfaces/include/my_interfaces/my_interfaces/msg/detail
[0.375s] -- Up-to-date: /home/mikolaj@acfr.usyd.edu.au/ros2_ws/install/my_interfaces/include/my_interfaces/my_interfaces/msg/detail/landmarks_msg__builder.hpp
[0.375s] -- Up-to-date: /home/mikolaj@acfr.usyd.edu.au/ros2_ws/install/my_interfaces/include/my_interfaces/my_interfaces/msg/detail/landmark_msg__builder.hpp
[0.375s] -- Up-to-date: /home/mikolaj@acfr.usyd.edu.au/ros2_ws/install/my_interfaces/include/my_interfaces/my_interfaces/msg/detail/landmarks_msg__traits.hpp
[0.376s] -- Up-to-date: /home/mikolaj@acfr.usyd.edu.au/ros2_ws/install/my_interfaces/include/my_interfaces/my_interfaces/msg/detail/landmark_msg__struct.hpp
[0.376s] -- Up-to-date: /home/mikolaj@acfr.usyd.edu.au/ros2_ws/install/my_interfaces/include/my_interfaces/my_interfaces/msg/detail/landmark_msg__traits.hpp
[0.376s] -- Up-to-date: /home/mikolaj@acfr.usyd.edu.au/ros2_ws/install/my_interfaces/include/my_interfaces/my_interfaces/msg/detail/landmarks_msg__struct.hpp
[0.376s] -- Up-to-date: /home/mikolaj@acfr.usyd.edu.au/ros2_ws/install/my_interfaces/include/my_interfaces/my_interfaces/msg/landmark_msg.hpp
[0.376s] -- Up-to-date: /home/mikolaj@acfr.usyd.edu.au/ros2_ws/install/my_interfaces/include/my_interfaces/my_interfaces
[0.376s] -- Up-to-date: /home/mikolaj@acfr.usyd.edu.au/ros2_ws/install/my_interfaces/include/my_interfaces/my_interfaces/msg
[0.376s] -- Up-to-date: /home/mikolaj@acfr.usyd.edu.au/ros2_ws/install/my_interfaces/include/my_interfaces/my_interfaces/msg/detail
[0.376s] -- Up-to-date: /home/mikolaj@acfr.usyd.edu.au/ros2_ws/install/my_interfaces/include/my_interfaces/my_interfaces/msg/detail/landmark_msg__rosidl_typesupport_fastrtps_cpp.hpp
[0.376s] -- Up-to-date: /home/mikolaj@acfr.usyd.edu.au/ros2_ws/install/my_interfaces/include/my_interfaces/my_interfaces/msg/detail/dds_fastrtps
[0.376s] -- Up-to-date: /home/mikolaj@acfr.usyd.edu.au/ros2_ws/install/my_interfaces/include/my_interfaces/my_interfaces/msg/detail/landmarks_msg__rosidl_typesupport_fastrtps_cpp.hpp
[0.376s] -- Up-to-date: /home/mikolaj@acfr.usyd.edu.au/ros2_ws/install/my_interfaces/include/my_interfaces/my_interfaces/msg/rosidl_typesupport_fastrtps_cpp__visibility_control.h
[0.376s] -- Up-to-date: /home/mikolaj@acfr.usyd.edu.au/ros2_ws/install/my_interfaces/lib/libmy_interfaces__rosidl_typesupport_fastrtps_cpp.so
[0.376s] -- Up-to-date: /home/mikolaj@acfr.usyd.edu.au/ros2_ws/install/my_interfaces/include/my_interfaces/my_interfaces
[0.376s] -- Up-to-date: /home/mikolaj@acfr.usyd.edu.au/ros2_ws/install/my_interfaces/include/my_interfaces/my_interfaces/msg
[0.376s] -- Up-to-date: /home/mikolaj@acfr.usyd.edu.au/ros2_ws/install/my_interfaces/include/my_interfaces/my_interfaces/msg/detail
[0.376s] -- Up-to-date: /home/mikolaj@acfr.usyd.edu.au/ros2_ws/install/my_interfaces/include/my_interfaces/my_interfaces/msg/detail/landmark_msg__rosidl_typesupport_introspection_cpp.hpp
[0.376s] -- Up-to-date: /home/mikolaj@acfr.usyd.edu.au/ros2_ws/install/my_interfaces/include/my_interfaces/my_interfaces/msg/detail/landmarks_msg__rosidl_typesupport_introspection_cpp.hpp
[0.376s] -- Up-to-date: /home/mikolaj@acfr.usyd.edu.au/ros2_ws/install/my_interfaces/include/my_interfaces/my_interfaces/msg/detail/landmarks_msg__type_support.cpp
[0.376s] -- Up-to-date: /home/mikolaj@acfr.usyd.edu.au/ros2_ws/install/my_interfaces/include/my_interfaces/my_interfaces/msg/detail/landmark_msg__type_support.cpp
[0.376s] -- Up-to-date: /home/mikolaj@acfr.usyd.edu.au/ros2_ws/install/my_interfaces/lib/libmy_interfaces__rosidl_typesupport_introspection_cpp.so
[0.376s] -- Up-to-date: /home/mikolaj@acfr.usyd.edu.au/ros2_ws/install/my_interfaces/lib/libmy_interfaces__rosidl_typesupport_cpp.so
[0.376s] -- Up-to-date: /home/mikolaj@acfr.usyd.edu.au/ros2_ws/install/my_interfaces/share/my_interfaces/environment/pythonpath.sh
[0.377s] -- Up-to-date: /home/mikolaj@acfr.usyd.edu.au/ros2_ws/install/my_interfaces/share/my_interfaces/environment/pythonpath.dsv
[0.377s] -- Up-to-date: /home/mikolaj@acfr.usyd.edu.au/ros2_ws/install/my_interfaces/local/lib/python3.10/dist-packages/my_interfaces-0.0.0-py3.10.egg-info
[0.377s] -- Installing: /home/mikolaj@acfr.usyd.edu.au/ros2_ws/install/my_interfaces/local/lib/python3.10/dist-packages/my_interfaces-0.0.0-py3.10.egg-info/SOURCES.txt
[0.377s] -- Installing: /home/mikolaj@acfr.usyd.edu.au/ros2_ws/install/my_interfaces/local/lib/python3.10/dist-packages/my_interfaces-0.0.0-py3.10.egg-info/dependency_links.txt
[0.377s] -- Installing: /home/mikolaj@acfr.usyd.edu.au/ros2_ws/install/my_interfaces/local/lib/python3.10/dist-packages/my_interfaces-0.0.0-py3.10.egg-info/PKG-INFO
[0.377s] -- Installing: /home/mikolaj@acfr.usyd.edu.au/ros2_ws/install/my_interfaces/local/lib/python3.10/dist-packages/my_interfaces-0.0.0-py3.10.egg-info/top_level.txt
[0.377s] -- Up-to-date: /home/mikolaj@acfr.usyd.edu.au/ros2_ws/install/my_interfaces/local/lib/python3.10/dist-packages/my_interfaces
[0.377s] -- Up-to-date: /home/mikolaj@acfr.usyd.edu.au/ros2_ws/install/my_interfaces/local/lib/python3.10/dist-packages/my_interfaces/my_interfaces_s__rosidl_typesupport_fastrtps_c.cpython-310-x86_64-linux-gnu.so
[0.377s] -- Up-to-date: /home/mikolaj@acfr.usyd.edu.au/ros2_ws/install/my_interfaces/local/lib/python3.10/dist-packages/my_interfaces/__init__.py
[0.377s] -- Up-to-date: /home/mikolaj@acfr.usyd.edu.au/ros2_ws/install/my_interfaces/local/lib/python3.10/dist-packages/my_interfaces/my_interfaces_s__rosidl_typesupport_introspection_c.cpython-310-x86_64-linux-gnu.so
[0.377s] -- Up-to-date: /home/mikolaj@acfr.usyd.edu.au/ros2_ws/install/my_interfaces/local/lib/python3.10/dist-packages/my_interfaces/_my_interfaces_s.ep.rosidl_typesupport_introspection_c.c
[0.377s] -- Up-to-date: /home/mikolaj@acfr.usyd.edu.au/ros2_ws/install/my_interfaces/local/lib/python3.10/dist-packages/my_interfaces/msg
[0.377s] -- Up-to-date: /home/mikolaj@acfr.usyd.edu.au/ros2_ws/install/my_interfaces/local/lib/python3.10/dist-packages/my_interfaces/msg/_landmarks_msg.py
[0.377s] -- Up-to-date: /home/mikolaj@acfr.usyd.edu.au/ros2_ws/install/my_interfaces/local/lib/python3.10/dist-packages/my_interfaces/msg/__init__.py
[0.377s] -- Up-to-date: /home/mikolaj@acfr.usyd.edu.au/ros2_ws/install/my_interfaces/local/lib/python3.10/dist-packages/my_interfaces/msg/_landmark_msg.py
[0.377s] -- Up-to-date: /home/mikolaj@acfr.usyd.edu.au/ros2_ws/install/my_interfaces/local/lib/python3.10/dist-packages/my_interfaces/msg/_landmarks_msg_s.c
[0.377s] -- Up-to-date: /home/mikolaj@acfr.usyd.edu.au/ros2_ws/install/my_interfaces/local/lib/python3.10/dist-packages/my_interfaces/msg/_landmark_msg_s.c
[0.377s] -- Up-to-date: /home/mikolaj@acfr.usyd.edu.au/ros2_ws/install/my_interfaces/local/lib/python3.10/dist-packages/my_interfaces/my_interfaces_s__rosidl_typesupport_c.cpython-310-x86_64-linux-gnu.so
[0.377s] -- Up-to-date: /home/mikolaj@acfr.usyd.edu.au/ros2_ws/install/my_interfaces/local/lib/python3.10/dist-packages/my_interfaces/_my_interfaces_s.ep.rosidl_typesupport_fastrtps_c.c
[0.377s] -- Up-to-date: /home/mikolaj@acfr.usyd.edu.au/ros2_ws/install/my_interfaces/local/lib/python3.10/dist-packages/my_interfaces/libmy_interfaces__rosidl_generator_py.so
[0.377s] -- Up-to-date: /home/mikolaj@acfr.usyd.edu.au/ros2_ws/install/my_interfaces/local/lib/python3.10/dist-packages/my_interfaces/_my_interfaces_s.ep.rosidl_typesupport_c.c
[0.399s] Listing '/home/mikolaj@acfr.usyd.edu.au/ros2_ws/install/my_interfaces/local/lib/python3.10/dist-packages/my_interfaces'...
[0.399s] Listing '/home/mikolaj@acfr.usyd.edu.au/ros2_ws/install/my_interfaces/local/lib/python3.10/dist-packages/my_interfaces/msg'...
[0.402s] -- Up-to-date: /home/mikolaj@acfr.usyd.edu.au/ros2_ws/install/my_interfaces/local/lib/python3.10/dist-packages/my_interfaces/my_interfaces_s__rosidl_typesupport_fastrtps_c.cpython-310-x86_64-linux-gnu.so
[0.402s] -- Up-to-date: /home/mikolaj@acfr.usyd.edu.au/ros2_ws/install/my_interfaces/local/lib/python3.10/dist-packages/my_interfaces/my_interfaces_s__rosidl_typesupport_introspection_c.cpython-310-x86_64-linux-gnu.so
[0.402s] -- Up-to-date: /home/mikolaj@acfr.usyd.edu.au/ros2_ws/install/my_interfaces/local/lib/python3.10/dist-packages/my_interfaces/my_interfaces_s__rosidl_typesupport_c.cpython-310-x86_64-linux-gnu.so
[0.402s] -- Up-to-date: /home/mikolaj@acfr.usyd.edu.au/ros2_ws/install/my_interfaces/lib/libmy_interfaces__rosidl_generator_py.so
[0.402s] -- Up-to-date: /home/mikolaj@acfr.usyd.edu.au/ros2_ws/install/my_interfaces/share/my_interfaces/msg/LandmarkMsg.idl
[0.402s] -- Up-to-date: /home/mikolaj@acfr.usyd.edu.au/ros2_ws/install/my_interfaces/share/my_interfaces/msg/LandmarksMsg.idl
[0.402s] -- Up-to-date: /home/mikolaj@acfr.usyd.edu.au/ros2_ws/install/my_interfaces/share/my_interfaces/msg/LandmarkMsg.msg
[0.402s] -- Up-to-date: /home/mikolaj@acfr.usyd.edu.au/ros2_ws/install/my_interfaces/share/my_interfaces/msg/LandmarksMsg.msg
[0.402s] -- Up-to-date: /home/mikolaj@acfr.usyd.edu.au/ros2_ws/install/my_interfaces/share/ament_index/resource_index/package_run_dependencies/my_interfaces
[0.402s] -- Up-to-date: /home/mikolaj@acfr.usyd.edu.au/ros2_ws/install/my_interfaces/share/ament_index/resource_index/parent_prefix_path/my_interfaces
[0.402s] -- Up-to-date: /home/mikolaj@acfr.usyd.edu.au/ros2_ws/install/my_interfaces/share/my_interfaces/environment/ament_prefix_path.sh
[0.402s] -- Up-to-date: /home/mikolaj@acfr.usyd.edu.au/ros2_ws/install/my_interfaces/share/my_interfaces/environment/ament_prefix_path.dsv
[0.402s] -- Up-to-date: /home/mikolaj@acfr.usyd.edu.au/ros2_ws/install/my_interfaces/share/my_interfaces/environment/path.sh
[0.402s] -- Up-to-date: /home/mikolaj@acfr.usyd.edu.au/ros2_ws/install/my_interfaces/share/my_interfaces/environment/path.dsv
[0.402s] -- Up-to-date: /home/mikolaj@acfr.usyd.edu.au/ros2_ws/install/my_interfaces/share/my_interfaces/local_setup.bash
[0.403s] -- Up-to-date: /home/mikolaj@acfr.usyd.edu.au/ros2_ws/install/my_interfaces/share/my_interfaces/local_setup.sh
[0.403s] -- Up-to-date: /home/mikolaj@acfr.usyd.edu.au/ros2_ws/install/my_interfaces/share/my_interfaces/local_setup.zsh
[0.403s] -- Up-to-date: /home/mikolaj@acfr.usyd.edu.au/ros2_ws/install/my_interfaces/share/my_interfaces/local_setup.dsv
[0.403s] -- Installing: /home/mikolaj@acfr.usyd.edu.au/ros2_ws/install/my_interfaces/share/my_interfaces/package.dsv
[0.403s] -- Up-to-date: /home/mikolaj@acfr.usyd.edu.au/ros2_ws/install/my_interfaces/share/ament_index/resource_index/packages/my_interfaces
[0.403s] -- Up-to-date: /home/mikolaj@acfr.usyd.edu.au/ros2_ws/install/my_interfaces/share/my_interfaces/cmake/export_my_interfaces__rosidl_generator_cExport.cmake
[0.403s] -- Up-to-date: /home/mikolaj@acfr.usyd.edu.au/ros2_ws/install/my_interfaces/share/my_interfaces/cmake/export_my_interfaces__rosidl_generator_cExport-noconfig.cmake
[0.403s] -- Up-to-date: /home/mikolaj@acfr.usyd.edu.au/ros2_ws/install/my_interfaces/share/my_interfaces/cmake/export_my_interfaces__rosidl_typesupport_fastrtps_cExport.cmake
[0.403s] -- Up-to-date: /home/mikolaj@acfr.usyd.edu.au/ros2_ws/install/my_interfaces/share/my_interfaces/cmake/export_my_interfaces__rosidl_typesupport_fastrtps_cExport-noconfig.cmake
[0.403s] -- Up-to-date: /home/mikolaj@acfr.usyd.edu.au/ros2_ws/install/my_interfaces/share/my_interfaces/cmake/my_interfaces__rosidl_typesupport_introspection_cExport.cmake
[0.403s] -- Up-to-date: /home/mikolaj@acfr.usyd.edu.au/ros2_ws/install/my_interfaces/share/my_interfaces/cmake/my_interfaces__rosidl_typesupport_introspection_cExport-noconfig.cmake
[0.403s] -- Up-to-date: /home/mikolaj@acfr.usyd.edu.au/ros2_ws/install/my_interfaces/share/my_interfaces/cmake/my_interfaces__rosidl_typesupport_cExport.cmake
[0.403s] -- Up-to-date: /home/mikolaj@acfr.usyd.edu.au/ros2_ws/install/my_interfaces/share/my_interfaces/cmake/my_interfaces__rosidl_typesupport_cExport-noconfig.cmake
[0.403s] -- Up-to-date: /home/mikolaj@acfr.usyd.edu.au/ros2_ws/install/my_interfaces/share/my_interfaces/cmake/export_my_interfaces__rosidl_generator_cppExport.cmake
[0.403s] -- Up-to-date: /home/mikolaj@acfr.usyd.edu.au/ros2_ws/install/my_interfaces/share/my_interfaces/cmake/export_my_interfaces__rosidl_typesupport_fastrtps_cppExport.cmake
[0.403s] -- Up-to-date: /home/mikolaj@acfr.usyd.edu.au/ros2_ws/install/my_interfaces/share/my_interfaces/cmake/export_my_interfaces__rosidl_typesupport_fastrtps_cppExport-noconfig.cmake
[0.404s] -- Up-to-date: /home/mikolaj@acfr.usyd.edu.au/ros2_ws/install/my_interfaces/share/my_interfaces/cmake/my_interfaces__rosidl_typesupport_introspection_cppExport.cmake
[0.404s] -- Up-to-date: /home/mikolaj@acfr.usyd.edu.au/ros2_ws/install/my_interfaces/share/my_interfaces/cmake/my_interfaces__rosidl_typesupport_introspection_cppExport-noconfig.cmake
[0.404s] -- Up-to-date: /home/mikolaj@acfr.usyd.edu.au/ros2_ws/install/my_interfaces/share/my_interfaces/cmake/my_interfaces__rosidl_typesupport_cppExport.cmake
[0.404s] -- Up-to-date: /home/mikolaj@acfr.usyd.edu.au/ros2_ws/install/my_interfaces/share/my_interfaces/cmake/my_interfaces__rosidl_typesupport_cppExport-noconfig.cmake
[0.404s] -- Up-to-date: /home/mikolaj@acfr.usyd.edu.au/ros2_ws/install/my_interfaces/share/my_interfaces/cmake/export_my_interfaces__rosidl_generator_pyExport.cmake
[0.404s] -- Up-to-date: /home/mikolaj@acfr.usyd.edu.au/ros2_ws/install/my_interfaces/share/my_interfaces/cmake/export_my_interfaces__rosidl_generator_pyExport-noconfig.cmake
[0.404s] -- Up-to-date: /home/mikolaj@acfr.usyd.edu.au/ros2_ws/install/my_interfaces/share/my_interfaces/cmake/rosidl_cmake-extras.cmake
[0.404s] -- Up-to-date: /home/mikolaj@acfr.usyd.edu.au/ros2_ws/install/my_interfaces/share/my_interfaces/cmake/ament_cmake_export_include_directories-extras.cmake
[0.404s] -- Up-to-date: /home/mikolaj@acfr.usyd.edu.au/ros2_ws/install/my_interfaces/share/my_interfaces/cmake/ament_cmake_export_libraries-extras.cmake
[0.404s] -- Up-to-date: /home/mikolaj@acfr.usyd.edu.au/ros2_ws/install/my_interfaces/share/my_interfaces/cmake/ament_cmake_export_targets-extras.cmake
[0.404s] -- Up-to-date: /home/mikolaj@acfr.usyd.edu.au/ros2_ws/install/my_interfaces/share/my_interfaces/cmake/rosidl_cmake_export_typesupport_targets-extras.cmake
[0.404s] -- Up-to-date: /home/mikolaj@acfr.usyd.edu.au/ros2_ws/install/my_interfaces/share/my_interfaces/cmake/ament_cmake_export_dependencies-extras.cmake
[0.404s] -- Up-to-date: /home/mikolaj@acfr.usyd.edu.au/ros2_ws/install/my_interfaces/share/my_interfaces/cmake/rosidl_cmake_export_typesupport_libraries-extras.cmake
[0.404s] -- Up-to-date: /home/mikolaj@acfr.usyd.edu.au/ros2_ws/install/my_interfaces/share/my_interfaces/cmake/my_interfacesConfig.cmake
[0.404s] -- Up-to-date: /home/mikolaj@acfr.usyd.edu.au/ros2_ws/install/my_interfaces/share/my_interfaces/cmake/my_interfacesConfig-version.cmake
[0.404s] -- Up-to-date: /home/mikolaj@acfr.usyd.edu.au/ros2_ws/install/my_interfaces/share/my_interfaces/package.xml
[0.406s] Invoked command in '/home/mikolaj@acfr.usyd.edu.au/ros2_ws/build/my_interfaces' returned '0': CMAKE_PREFIX_PATH=/opt/ros/humble:${CMAKE_PREFIX_PATH} /usr/bin/cmake --install /home/mikolaj@acfr.usyd.edu.au/ros2_ws/build/my_interfaces
