[0.006s] Invoking command in '/home/mikolaj@acfr.usyd.edu.au/ros2_ws/build/turtlebot3_description': /usr/bin/cmake /home/mikolaj@acfr.usyd.edu.au/ros2_ws/src/turtlebot3_description -DCATKIN_INSTALL_INTO_PREFIX_ROOT=0 -DCMAKE_INSTALL_PREFIX=/home/mikolaj@acfr.usyd.edu.au/ros2_ws/install/turtlebot3_description
[0.039s] -- The C compiler identification is GNU 11.4.0
[0.072s] -- The CXX compiler identification is GNU 11.4.0
[0.077s] -- Detecting C compiler ABI info
[0.118s] -- Detecting C compiler ABI info - done
[0.122s] -- Check for working C compiler: /usr/bin/cc - skipped
[0.122s] -- Detecting C compile features
[0.123s] -- Detecting C compile features - done
[0.125s] -- Detecting CXX compiler ABI info
[0.170s] -- Detecting CXX compiler ABI info - done
[0.174s] -- Check for working CXX compiler: /usr/bin/c++ - skipped
[0.175s] -- Detecting CXX compile features
[0.175s] -- Detecting CXX compile features - done
[0.181s] -- Configuring incomplete, errors occurred!
[0.181s] See also "/home/mikolaj@acfr.usyd.edu.au/ros2_ws/build/turtlebot3_description/CMakeFiles/CMakeOutput.log".
[0.181s] [31mCMake Error at CMakeLists.txt:10 (find_package):
[0.181s]   By not providing "Findcatkin.cmake" in CMAKE_MODULE_PATH this project has
[0.181s]   asked CMake to find a package configuration file provided by "catkin", but
[0.181s]   CMake did not find one.
[0.181s] 
[0.181s]   Could not find a package configuration file provided by "catkin" with any
[0.181s]   of the following names:
[0.181s] 
[0.181s]     catkinConfig.cmake
[0.181s]     catkin-config.cmake
[0.181s] 
[0.181s]   Add the installation prefix of "catkin" to CMAKE_PREFIX_PATH or set
[0.182s]   "catkin_DIR" to a directory containing one of the above files.  If "catkin"
[0.182s]   provides a separate development package or SDK, be sure it has been
[0.182s]   installed.
[0.182s] 
[0.182s] [0m
[0.184s] Invoked command in '/home/mikolaj@acfr.usyd.edu.au/ros2_ws/build/turtlebot3_description' returned '1': /usr/bin/cmake /home/mikolaj@acfr.usyd.edu.au/ros2_ws/src/turtlebot3_description -DCATKIN_INSTALL_INTO_PREFIX_ROOT=0 -DCMAKE_INSTALL_PREFIX=/home/mikolaj@acfr.usyd.edu.au/ros2_ws/install/turtlebot3_description
